[2025-01-10T02:19:48.796+0000] {processor.py:186} INFO - Started process (PID=108) to work on /home/airflow/.local/lib/python3.12/site-packages/airflow/example_dags/example_inlet_event_extra.py
[2025-01-10T02:19:48.798+0000] {processor.py:914} INFO - Processing file /home/airflow/.local/lib/python3.12/site-packages/airflow/example_dags/example_inlet_event_extra.py for tasks to queue
[2025-01-10T02:19:48.802+0000] {logging_mixin.py:190} INFO - [2025-01-10T02:19:48.802+0000] {dagbag.py:588} INFO - Filling up the DagBag from /home/airflow/.local/lib/python3.12/site-packages/airflow/example_dags/example_inlet_event_extra.py
[2025-01-10T02:19:53.071+0000] {processor.py:925} INFO - DAG(s) 'read_dataset_event_from_classic', 'read_dataset_event' retrieved from /home/airflow/.local/lib/python3.12/site-packages/airflow/example_dags/example_inlet_event_extra.py
[2025-01-10T02:19:53.097+0000] {logging_mixin.py:190} INFO - [2025-01-10T02:19:53.097+0000] {dag.py:3239} INFO - Sync 2 DAGs
[2025-01-10T02:19:53.131+0000] {logging_mixin.py:190} INFO - [2025-01-10T02:19:53.131+0000] {dag.py:4180} INFO - Setting next_dagrun for read_dataset_event to 2025-01-09 00:00:00+00:00, run_after=2025-01-10 00:00:00+00:00
[2025-01-10T02:19:53.139+0000] {logging_mixin.py:190} INFO - [2025-01-10T02:19:53.138+0000] {dag.py:4180} INFO - Setting next_dagrun for read_dataset_event_from_classic to 2025-01-09 00:00:00+00:00, run_after=2025-01-10 00:00:00+00:00
[2025-01-10T02:19:53.174+0000] {processor.py:208} INFO - Processing /home/airflow/.local/lib/python3.12/site-packages/airflow/example_dags/example_inlet_event_extra.py took 4.389 seconds
[2025-01-10T02:20:23.996+0000] {processor.py:186} INFO - Started process (PID=171) to work on /home/airflow/.local/lib/python3.12/site-packages/airflow/example_dags/example_inlet_event_extra.py
[2025-01-10T02:20:23.997+0000] {processor.py:914} INFO - Processing file /home/airflow/.local/lib/python3.12/site-packages/airflow/example_dags/example_inlet_event_extra.py for tasks to queue
[2025-01-10T02:20:23.999+0000] {logging_mixin.py:190} INFO - [2025-01-10T02:20:23.999+0000] {dagbag.py:588} INFO - Filling up the DagBag from /home/airflow/.local/lib/python3.12/site-packages/airflow/example_dags/example_inlet_event_extra.py
[2025-01-10T02:20:24.711+0000] {processor.py:925} INFO - DAG(s) 'read_dataset_event_from_classic', 'read_dataset_event' retrieved from /home/airflow/.local/lib/python3.12/site-packages/airflow/example_dags/example_inlet_event_extra.py
[2025-01-10T02:20:24.729+0000] {logging_mixin.py:190} INFO - [2025-01-10T02:20:24.729+0000] {dag.py:3239} INFO - Sync 2 DAGs
[2025-01-10T02:20:24.755+0000] {logging_mixin.py:190} INFO - [2025-01-10T02:20:24.755+0000] {dag.py:4180} INFO - Setting next_dagrun for read_dataset_event to 2025-01-09 00:00:00+00:00, run_after=2025-01-10 00:00:00+00:00
[2025-01-10T02:20:24.761+0000] {logging_mixin.py:190} INFO - [2025-01-10T02:20:24.761+0000] {dag.py:4180} INFO - Setting next_dagrun for read_dataset_event_from_classic to 2025-01-09 00:00:00+00:00, run_after=2025-01-10 00:00:00+00:00
[2025-01-10T02:20:24.783+0000] {processor.py:208} INFO - Processing /home/airflow/.local/lib/python3.12/site-packages/airflow/example_dags/example_inlet_event_extra.py took 0.792 seconds
[2025-01-10T02:20:54.990+0000] {processor.py:186} INFO - Started process (PID=234) to work on /home/airflow/.local/lib/python3.12/site-packages/airflow/example_dags/example_inlet_event_extra.py
[2025-01-10T02:20:54.991+0000] {processor.py:914} INFO - Processing file /home/airflow/.local/lib/python3.12/site-packages/airflow/example_dags/example_inlet_event_extra.py for tasks to queue
[2025-01-10T02:20:54.994+0000] {logging_mixin.py:190} INFO - [2025-01-10T02:20:54.993+0000] {dagbag.py:588} INFO - Filling up the DagBag from /home/airflow/.local/lib/python3.12/site-packages/airflow/example_dags/example_inlet_event_extra.py
[2025-01-10T02:20:55.693+0000] {processor.py:925} INFO - DAG(s) 'read_dataset_event_from_classic', 'read_dataset_event' retrieved from /home/airflow/.local/lib/python3.12/site-packages/airflow/example_dags/example_inlet_event_extra.py
[2025-01-10T02:20:55.721+0000] {logging_mixin.py:190} INFO - [2025-01-10T02:20:55.721+0000] {dag.py:3239} INFO - Sync 2 DAGs
[2025-01-10T02:20:55.761+0000] {logging_mixin.py:190} INFO - [2025-01-10T02:20:55.761+0000] {dag.py:4180} INFO - Setting next_dagrun for read_dataset_event to 2025-01-09 00:00:00+00:00, run_after=2025-01-10 00:00:00+00:00
[2025-01-10T02:20:55.767+0000] {logging_mixin.py:190} INFO - [2025-01-10T02:20:55.767+0000] {dag.py:4180} INFO - Setting next_dagrun for read_dataset_event_from_classic to 2025-01-09 00:00:00+00:00, run_after=2025-01-10 00:00:00+00:00
[2025-01-10T02:20:55.792+0000] {processor.py:208} INFO - Processing /home/airflow/.local/lib/python3.12/site-packages/airflow/example_dags/example_inlet_event_extra.py took 0.807 seconds
