[2025-01-10T02:19:45.738+0000] {processor.py:186} INFO - Started process (PID=99) to work on /home/airflow/.local/lib/python3.12/site-packages/airflow/example_dags/example_skip_dag.py
[2025-01-10T02:19:45.740+0000] {processor.py:914} INFO - Processing file /home/airflow/.local/lib/python3.12/site-packages/airflow/example_dags/example_skip_dag.py for tasks to queue
[2025-01-10T02:19:45.745+0000] {logging_mixin.py:190} INFO - [2025-01-10T02:19:45.745+0000] {dagbag.py:588} INFO - Filling up the DagBag from /home/airflow/.local/lib/python3.12/site-packages/airflow/example_dags/example_skip_dag.py
[2025-01-10T02:19:45.767+0000] {processor.py:925} INFO - DAG(s) 'example_skip_dag' retrieved from /home/airflow/.local/lib/python3.12/site-packages/airflow/example_dags/example_skip_dag.py
[2025-01-10T02:19:45.840+0000] {logging_mixin.py:190} INFO - [2025-01-10T02:19:45.840+0000] {dag.py:3239} INFO - Sync 1 DAGs
[2025-01-10T02:19:45.897+0000] {logging_mixin.py:190} INFO - [2025-01-10T02:19:45.897+0000] {dag.py:4180} INFO - Setting next_dagrun for example_skip_dag to 2025-01-09 00:00:00+00:00, run_after=2025-01-10 00:00:00+00:00
[2025-01-10T02:19:45.958+0000] {processor.py:208} INFO - Processing /home/airflow/.local/lib/python3.12/site-packages/airflow/example_dags/example_skip_dag.py took 0.234 seconds
[2025-01-10T02:20:16.389+0000] {processor.py:186} INFO - Started process (PID=162) to work on /home/airflow/.local/lib/python3.12/site-packages/airflow/example_dags/example_skip_dag.py
[2025-01-10T02:20:16.390+0000] {processor.py:914} INFO - Processing file /home/airflow/.local/lib/python3.12/site-packages/airflow/example_dags/example_skip_dag.py for tasks to queue
[2025-01-10T02:20:16.392+0000] {logging_mixin.py:190} INFO - [2025-01-10T02:20:16.392+0000] {dagbag.py:588} INFO - Filling up the DagBag from /home/airflow/.local/lib/python3.12/site-packages/airflow/example_dags/example_skip_dag.py
[2025-01-10T02:20:16.400+0000] {processor.py:925} INFO - DAG(s) 'example_skip_dag' retrieved from /home/airflow/.local/lib/python3.12/site-packages/airflow/example_dags/example_skip_dag.py
[2025-01-10T02:20:16.422+0000] {logging_mixin.py:190} INFO - [2025-01-10T02:20:16.422+0000] {dag.py:3239} INFO - Sync 1 DAGs
[2025-01-10T02:20:16.446+0000] {logging_mixin.py:190} INFO - [2025-01-10T02:20:16.445+0000] {dag.py:4180} INFO - Setting next_dagrun for example_skip_dag to 2025-01-09 00:00:00+00:00, run_after=2025-01-10 00:00:00+00:00
[2025-01-10T02:20:16.469+0000] {processor.py:208} INFO - Processing /home/airflow/.local/lib/python3.12/site-packages/airflow/example_dags/example_skip_dag.py took 0.086 seconds
[2025-01-10T02:20:48.146+0000] {processor.py:186} INFO - Started process (PID=225) to work on /home/airflow/.local/lib/python3.12/site-packages/airflow/example_dags/example_skip_dag.py
[2025-01-10T02:20:48.148+0000] {processor.py:914} INFO - Processing file /home/airflow/.local/lib/python3.12/site-packages/airflow/example_dags/example_skip_dag.py for tasks to queue
[2025-01-10T02:20:48.151+0000] {logging_mixin.py:190} INFO - [2025-01-10T02:20:48.151+0000] {dagbag.py:588} INFO - Filling up the DagBag from /home/airflow/.local/lib/python3.12/site-packages/airflow/example_dags/example_skip_dag.py
[2025-01-10T02:20:48.165+0000] {processor.py:925} INFO - DAG(s) 'example_skip_dag' retrieved from /home/airflow/.local/lib/python3.12/site-packages/airflow/example_dags/example_skip_dag.py
[2025-01-10T02:20:48.197+0000] {logging_mixin.py:190} INFO - [2025-01-10T02:20:48.197+0000] {dag.py:3239} INFO - Sync 1 DAGs
[2025-01-10T02:20:48.238+0000] {logging_mixin.py:190} INFO - [2025-01-10T02:20:48.237+0000] {dag.py:4180} INFO - Setting next_dagrun for example_skip_dag to 2025-01-09 00:00:00+00:00, run_after=2025-01-10 00:00:00+00:00
[2025-01-10T02:20:48.263+0000] {processor.py:208} INFO - Processing /home/airflow/.local/lib/python3.12/site-packages/airflow/example_dags/example_skip_dag.py took 0.126 seconds
[2025-01-10T02:21:19.516+0000] {processor.py:186} INFO - Started process (PID=288) to work on /home/airflow/.local/lib/python3.12/site-packages/airflow/example_dags/example_skip_dag.py
[2025-01-10T02:21:19.518+0000] {processor.py:914} INFO - Processing file /home/airflow/.local/lib/python3.12/site-packages/airflow/example_dags/example_skip_dag.py for tasks to queue
[2025-01-10T02:21:19.520+0000] {logging_mixin.py:190} INFO - [2025-01-10T02:21:19.520+0000] {dagbag.py:588} INFO - Filling up the DagBag from /home/airflow/.local/lib/python3.12/site-packages/airflow/example_dags/example_skip_dag.py
[2025-01-10T02:21:19.528+0000] {processor.py:925} INFO - DAG(s) 'example_skip_dag' retrieved from /home/airflow/.local/lib/python3.12/site-packages/airflow/example_dags/example_skip_dag.py
[2025-01-10T02:21:19.551+0000] {logging_mixin.py:190} INFO - [2025-01-10T02:21:19.550+0000] {dag.py:3239} INFO - Sync 1 DAGs
[2025-01-10T02:21:19.575+0000] {logging_mixin.py:190} INFO - [2025-01-10T02:21:19.575+0000] {dag.py:4180} INFO - Setting next_dagrun for example_skip_dag to 2025-01-09 00:00:00+00:00, run_after=2025-01-10 00:00:00+00:00
[2025-01-10T02:21:19.602+0000] {processor.py:208} INFO - Processing /home/airflow/.local/lib/python3.12/site-packages/airflow/example_dags/example_skip_dag.py took 0.093 seconds
