[2025-01-10T02:19:45.986+0000] {processor.py:186} INFO - Started process (PID=100) to work on /home/airflow/.local/lib/python3.12/site-packages/airflow/example_dags/example_dataset_alias.py
[2025-01-10T02:19:45.989+0000] {processor.py:914} INFO - Processing file /home/airflow/.local/lib/python3.12/site-packages/airflow/example_dags/example_dataset_alias.py for tasks to queue
[2025-01-10T02:19:45.995+0000] {logging_mixin.py:190} INFO - [2025-01-10T02:19:45.994+0000] {dagbag.py:588} INFO - Filling up the DagBag from /home/airflow/.local/lib/python3.12/site-packages/airflow/example_dags/example_dataset_alias.py
[2025-01-10T02:19:53.090+0000] {processor.py:925} INFO - DAG(s) 'dataset_alias_example_alias_producer', 'dataset_s3_bucket_consumer', 'dataset_s3_bucket_producer', 'dataset_alias_example_alias_consumer' retrieved from /home/airflow/.local/lib/python3.12/site-packages/airflow/example_dags/example_dataset_alias.py
[2025-01-10T02:19:53.127+0000] {logging_mixin.py:190} INFO - [2025-01-10T02:19:53.126+0000] {dag.py:3239} INFO - Sync 4 DAGs
[2025-01-10T02:19:53.167+0000] {logging_mixin.py:190} INFO - [2025-01-10T02:19:53.167+0000] {dag.py:4180} INFO - Setting next_dagrun for dataset_alias_example_alias_consumer to None, run_after=None
[2025-01-10T02:19:53.171+0000] {logging_mixin.py:190} INFO - [2025-01-10T02:19:53.170+0000] {dag.py:4180} INFO - Setting next_dagrun for dataset_alias_example_alias_producer to None, run_after=None
[2025-01-10T02:19:53.173+0000] {logging_mixin.py:190} INFO - [2025-01-10T02:19:53.173+0000] {dag.py:4180} INFO - Setting next_dagrun for dataset_s3_bucket_consumer to None, run_after=None
[2025-01-10T02:19:53.175+0000] {logging_mixin.py:190} INFO - [2025-01-10T02:19:53.175+0000] {dag.py:4180} INFO - Setting next_dagrun for dataset_s3_bucket_producer to None, run_after=None
[2025-01-10T02:19:53.222+0000] {processor.py:208} INFO - Processing /home/airflow/.local/lib/python3.12/site-packages/airflow/example_dags/example_dataset_alias.py took 7.252 seconds
[2025-01-10T02:20:23.996+0000] {processor.py:186} INFO - Started process (PID=170) to work on /home/airflow/.local/lib/python3.12/site-packages/airflow/example_dags/example_dataset_alias.py
[2025-01-10T02:20:23.997+0000] {processor.py:914} INFO - Processing file /home/airflow/.local/lib/python3.12/site-packages/airflow/example_dags/example_dataset_alias.py for tasks to queue
[2025-01-10T02:20:23.999+0000] {logging_mixin.py:190} INFO - [2025-01-10T02:20:23.999+0000] {dagbag.py:588} INFO - Filling up the DagBag from /home/airflow/.local/lib/python3.12/site-packages/airflow/example_dags/example_dataset_alias.py
[2025-01-10T02:20:24.714+0000] {processor.py:925} INFO - DAG(s) 'dataset_s3_bucket_producer', 'dataset_s3_bucket_consumer', 'dataset_alias_example_alias_consumer', 'dataset_alias_example_alias_producer' retrieved from /home/airflow/.local/lib/python3.12/site-packages/airflow/example_dags/example_dataset_alias.py
[2025-01-10T02:20:24.734+0000] {logging_mixin.py:190} INFO - [2025-01-10T02:20:24.733+0000] {dag.py:3239} INFO - Sync 4 DAGs
[2025-01-10T02:20:24.760+0000] {logging_mixin.py:190} INFO - [2025-01-10T02:20:24.759+0000] {dag.py:4180} INFO - Setting next_dagrun for dataset_alias_example_alias_consumer to None, run_after=None
[2025-01-10T02:20:24.763+0000] {logging_mixin.py:190} INFO - [2025-01-10T02:20:24.762+0000] {dag.py:4180} INFO - Setting next_dagrun for dataset_alias_example_alias_producer to None, run_after=None
[2025-01-10T02:20:24.764+0000] {logging_mixin.py:190} INFO - [2025-01-10T02:20:24.764+0000] {dag.py:4180} INFO - Setting next_dagrun for dataset_s3_bucket_consumer to None, run_after=None
[2025-01-10T02:20:24.766+0000] {logging_mixin.py:190} INFO - [2025-01-10T02:20:24.766+0000] {dag.py:4180} INFO - Setting next_dagrun for dataset_s3_bucket_producer to None, run_after=None
[2025-01-10T02:20:24.791+0000] {processor.py:208} INFO - Processing /home/airflow/.local/lib/python3.12/site-packages/airflow/example_dags/example_dataset_alias.py took 0.801 seconds
[2025-01-10T02:20:54.990+0000] {processor.py:186} INFO - Started process (PID=233) to work on /home/airflow/.local/lib/python3.12/site-packages/airflow/example_dags/example_dataset_alias.py
[2025-01-10T02:20:54.991+0000] {processor.py:914} INFO - Processing file /home/airflow/.local/lib/python3.12/site-packages/airflow/example_dags/example_dataset_alias.py for tasks to queue
[2025-01-10T02:20:54.994+0000] {logging_mixin.py:190} INFO - [2025-01-10T02:20:54.993+0000] {dagbag.py:588} INFO - Filling up the DagBag from /home/airflow/.local/lib/python3.12/site-packages/airflow/example_dags/example_dataset_alias.py
[2025-01-10T02:20:55.710+0000] {processor.py:925} INFO - DAG(s) 'dataset_alias_example_alias_consumer', 'dataset_s3_bucket_producer', 'dataset_alias_example_alias_producer', 'dataset_s3_bucket_consumer' retrieved from /home/airflow/.local/lib/python3.12/site-packages/airflow/example_dags/example_dataset_alias.py
[2025-01-10T02:20:55.747+0000] {logging_mixin.py:190} INFO - [2025-01-10T02:20:55.746+0000] {dag.py:3239} INFO - Sync 4 DAGs
[2025-01-10T02:20:55.775+0000] {logging_mixin.py:190} INFO - [2025-01-10T02:20:55.775+0000] {dag.py:4180} INFO - Setting next_dagrun for dataset_alias_example_alias_consumer to None, run_after=None
[2025-01-10T02:20:55.778+0000] {logging_mixin.py:190} INFO - [2025-01-10T02:20:55.778+0000] {dag.py:4180} INFO - Setting next_dagrun for dataset_alias_example_alias_producer to None, run_after=None
[2025-01-10T02:20:55.780+0000] {logging_mixin.py:190} INFO - [2025-01-10T02:20:55.780+0000] {dag.py:4180} INFO - Setting next_dagrun for dataset_s3_bucket_consumer to None, run_after=None
[2025-01-10T02:20:55.781+0000] {logging_mixin.py:190} INFO - [2025-01-10T02:20:55.781+0000] {dag.py:4180} INFO - Setting next_dagrun for dataset_s3_bucket_producer to None, run_after=None
[2025-01-10T02:20:55.812+0000] {processor.py:208} INFO - Processing /home/airflow/.local/lib/python3.12/site-packages/airflow/example_dags/example_dataset_alias.py took 0.827 seconds
