[2025-01-10T02:19:43.627+0000] {processor.py:186} INFO - Started process (PID=87) to work on /home/airflow/.local/lib/python3.12/site-packages/airflow/example_dags/example_params_ui_tutorial.py
[2025-01-10T02:19:43.629+0000] {processor.py:914} INFO - Processing file /home/airflow/.local/lib/python3.12/site-packages/airflow/example_dags/example_params_ui_tutorial.py for tasks to queue
[2025-01-10T02:19:43.633+0000] {logging_mixin.py:190} INFO - [2025-01-10T02:19:43.632+0000] {dagbag.py:588} INFO - Filling up the DagBag from /home/airflow/.local/lib/python3.12/site-packages/airflow/example_dags/example_params_ui_tutorial.py
[2025-01-10T02:19:43.664+0000] {processor.py:925} INFO - DAG(s) 'example_params_ui_tutorial' retrieved from /home/airflow/.local/lib/python3.12/site-packages/airflow/example_dags/example_params_ui_tutorial.py
[2025-01-10T02:19:43.996+0000] {logging_mixin.py:190} INFO - [2025-01-10T02:19:43.995+0000] {dag.py:3239} INFO - Sync 1 DAGs
[2025-01-10T02:19:44.026+0000] {logging_mixin.py:190} INFO - [2025-01-10T02:19:44.025+0000] {dag.py:4180} INFO - Setting next_dagrun for example_params_ui_tutorial to None, run_after=None
[2025-01-10T02:19:44.075+0000] {processor.py:208} INFO - Processing /home/airflow/.local/lib/python3.12/site-packages/airflow/example_dags/example_params_ui_tutorial.py took 0.465 seconds
[2025-01-10T02:20:15.422+0000] {processor.py:186} INFO - Started process (PID=150) to work on /home/airflow/.local/lib/python3.12/site-packages/airflow/example_dags/example_params_ui_tutorial.py
[2025-01-10T02:20:15.423+0000] {processor.py:914} INFO - Processing file /home/airflow/.local/lib/python3.12/site-packages/airflow/example_dags/example_params_ui_tutorial.py for tasks to queue
[2025-01-10T02:20:15.426+0000] {logging_mixin.py:190} INFO - [2025-01-10T02:20:15.426+0000] {dagbag.py:588} INFO - Filling up the DagBag from /home/airflow/.local/lib/python3.12/site-packages/airflow/example_dags/example_params_ui_tutorial.py
[2025-01-10T02:20:15.436+0000] {processor.py:925} INFO - DAG(s) 'example_params_ui_tutorial' retrieved from /home/airflow/.local/lib/python3.12/site-packages/airflow/example_dags/example_params_ui_tutorial.py
[2025-01-10T02:20:15.481+0000] {logging_mixin.py:190} INFO - [2025-01-10T02:20:15.481+0000] {dag.py:3239} INFO - Sync 1 DAGs
[2025-01-10T02:20:15.497+0000] {logging_mixin.py:190} INFO - [2025-01-10T02:20:15.496+0000] {dag.py:4180} INFO - Setting next_dagrun for example_params_ui_tutorial to None, run_after=None
[2025-01-10T02:20:15.518+0000] {processor.py:208} INFO - Processing /home/airflow/.local/lib/python3.12/site-packages/airflow/example_dags/example_params_ui_tutorial.py took 0.102 seconds
[2025-01-10T02:20:47.006+0000] {processor.py:186} INFO - Started process (PID=213) to work on /home/airflow/.local/lib/python3.12/site-packages/airflow/example_dags/example_params_ui_tutorial.py
[2025-01-10T02:20:47.007+0000] {processor.py:914} INFO - Processing file /home/airflow/.local/lib/python3.12/site-packages/airflow/example_dags/example_params_ui_tutorial.py for tasks to queue
[2025-01-10T02:20:47.010+0000] {logging_mixin.py:190} INFO - [2025-01-10T02:20:47.009+0000] {dagbag.py:588} INFO - Filling up the DagBag from /home/airflow/.local/lib/python3.12/site-packages/airflow/example_dags/example_params_ui_tutorial.py
[2025-01-10T02:20:47.020+0000] {processor.py:925} INFO - DAG(s) 'example_params_ui_tutorial' retrieved from /home/airflow/.local/lib/python3.12/site-packages/airflow/example_dags/example_params_ui_tutorial.py
[2025-01-10T02:20:47.076+0000] {logging_mixin.py:190} INFO - [2025-01-10T02:20:47.075+0000] {dag.py:3239} INFO - Sync 1 DAGs
[2025-01-10T02:20:47.095+0000] {logging_mixin.py:190} INFO - [2025-01-10T02:20:47.094+0000] {dag.py:4180} INFO - Setting next_dagrun for example_params_ui_tutorial to None, run_after=None
[2025-01-10T02:20:47.119+0000] {processor.py:208} INFO - Processing /home/airflow/.local/lib/python3.12/site-packages/airflow/example_dags/example_params_ui_tutorial.py took 0.119 seconds
[2025-01-10T02:21:18.753+0000] {processor.py:186} INFO - Started process (PID=276) to work on /home/airflow/.local/lib/python3.12/site-packages/airflow/example_dags/example_params_ui_tutorial.py
[2025-01-10T02:21:18.754+0000] {processor.py:914} INFO - Processing file /home/airflow/.local/lib/python3.12/site-packages/airflow/example_dags/example_params_ui_tutorial.py for tasks to queue
[2025-01-10T02:21:18.756+0000] {logging_mixin.py:190} INFO - [2025-01-10T02:21:18.756+0000] {dagbag.py:588} INFO - Filling up the DagBag from /home/airflow/.local/lib/python3.12/site-packages/airflow/example_dags/example_params_ui_tutorial.py
[2025-01-10T02:21:18.769+0000] {processor.py:925} INFO - DAG(s) 'example_params_ui_tutorial' retrieved from /home/airflow/.local/lib/python3.12/site-packages/airflow/example_dags/example_params_ui_tutorial.py
[2025-01-10T02:21:18.821+0000] {logging_mixin.py:190} INFO - [2025-01-10T02:21:18.821+0000] {dag.py:3239} INFO - Sync 1 DAGs
[2025-01-10T02:21:18.841+0000] {logging_mixin.py:190} INFO - [2025-01-10T02:21:18.841+0000] {dag.py:4180} INFO - Setting next_dagrun for example_params_ui_tutorial to None, run_after=None
[2025-01-10T02:21:18.864+0000] {processor.py:208} INFO - Processing /home/airflow/.local/lib/python3.12/site-packages/airflow/example_dags/example_params_ui_tutorial.py took 0.119 seconds
