[2025-01-10T02:19:54.417+0000] {processor.py:186} INFO - Started process (PID=120) to work on /home/airflow/.local/lib/python3.12/site-packages/airflow/example_dags/example_latest_only.py
[2025-01-10T02:19:54.418+0000] {processor.py:914} INFO - Processing file /home/airflow/.local/lib/python3.12/site-packages/airflow/example_dags/example_latest_only.py for tasks to queue
[2025-01-10T02:19:54.422+0000] {logging_mixin.py:190} INFO - [2025-01-10T02:19:54.422+0000] {dagbag.py:588} INFO - Filling up the DagBag from /home/airflow/.local/lib/python3.12/site-packages/airflow/example_dags/example_latest_only.py
[2025-01-10T02:19:54.435+0000] {processor.py:925} INFO - DAG(s) 'latest_only' retrieved from /home/airflow/.local/lib/python3.12/site-packages/airflow/example_dags/example_latest_only.py
[2025-01-10T02:19:54.464+0000] {logging_mixin.py:190} INFO - [2025-01-10T02:19:54.463+0000] {dag.py:3239} INFO - Sync 1 DAGs
[2025-01-10T02:19:54.497+0000] {logging_mixin.py:190} INFO - [2025-01-10T02:19:54.497+0000] {dag.py:4180} INFO - Setting next_dagrun for latest_only to 2025-01-09 20:00:00+00:00, run_after=2025-01-10 00:00:00+00:00
[2025-01-10T02:19:54.524+0000] {processor.py:208} INFO - Processing /home/airflow/.local/lib/python3.12/site-packages/airflow/example_dags/example_latest_only.py took 0.115 seconds
[2025-01-10T02:20:25.802+0000] {processor.py:186} INFO - Started process (PID=183) to work on /home/airflow/.local/lib/python3.12/site-packages/airflow/example_dags/example_latest_only.py
[2025-01-10T02:20:25.803+0000] {processor.py:914} INFO - Processing file /home/airflow/.local/lib/python3.12/site-packages/airflow/example_dags/example_latest_only.py for tasks to queue
[2025-01-10T02:20:25.806+0000] {logging_mixin.py:190} INFO - [2025-01-10T02:20:25.805+0000] {dagbag.py:588} INFO - Filling up the DagBag from /home/airflow/.local/lib/python3.12/site-packages/airflow/example_dags/example_latest_only.py
[2025-01-10T02:20:25.813+0000] {processor.py:925} INFO - DAG(s) 'latest_only' retrieved from /home/airflow/.local/lib/python3.12/site-packages/airflow/example_dags/example_latest_only.py
[2025-01-10T02:20:25.834+0000] {logging_mixin.py:190} INFO - [2025-01-10T02:20:25.833+0000] {dag.py:3239} INFO - Sync 1 DAGs
[2025-01-10T02:20:25.868+0000] {logging_mixin.py:190} INFO - [2025-01-10T02:20:25.868+0000] {dag.py:4180} INFO - Setting next_dagrun for latest_only to 2025-01-09 20:00:00+00:00, run_after=2025-01-10 00:00:00+00:00
[2025-01-10T02:20:25.892+0000] {processor.py:208} INFO - Processing /home/airflow/.local/lib/python3.12/site-packages/airflow/example_dags/example_latest_only.py took 0.095 seconds
[2025-01-10T02:20:56.592+0000] {processor.py:186} INFO - Started process (PID=246) to work on /home/airflow/.local/lib/python3.12/site-packages/airflow/example_dags/example_latest_only.py
[2025-01-10T02:20:56.594+0000] {processor.py:914} INFO - Processing file /home/airflow/.local/lib/python3.12/site-packages/airflow/example_dags/example_latest_only.py for tasks to queue
[2025-01-10T02:20:56.596+0000] {logging_mixin.py:190} INFO - [2025-01-10T02:20:56.596+0000] {dagbag.py:588} INFO - Filling up the DagBag from /home/airflow/.local/lib/python3.12/site-packages/airflow/example_dags/example_latest_only.py
[2025-01-10T02:20:56.604+0000] {processor.py:925} INFO - DAG(s) 'latest_only' retrieved from /home/airflow/.local/lib/python3.12/site-packages/airflow/example_dags/example_latest_only.py
[2025-01-10T02:20:56.624+0000] {logging_mixin.py:190} INFO - [2025-01-10T02:20:56.624+0000] {dag.py:3239} INFO - Sync 1 DAGs
[2025-01-10T02:20:56.647+0000] {logging_mixin.py:190} INFO - [2025-01-10T02:20:56.647+0000] {dag.py:4180} INFO - Setting next_dagrun for latest_only to 2025-01-09 20:00:00+00:00, run_after=2025-01-10 00:00:00+00:00
[2025-01-10T02:20:56.672+0000] {processor.py:208} INFO - Processing /home/airflow/.local/lib/python3.12/site-packages/airflow/example_dags/example_latest_only.py took 0.085 seconds
