[2025-01-10T02:19:39.374+0000] {processor.py:186} INFO - Started process (PID=79) to work on /home/airflow/.local/lib/python3.12/site-packages/airflow/example_dags/example_datasets.py
[2025-01-10T02:19:39.375+0000] {processor.py:914} INFO - Processing file /home/airflow/.local/lib/python3.12/site-packages/airflow/example_dags/example_datasets.py for tasks to queue
[2025-01-10T02:19:39.379+0000] {logging_mixin.py:190} INFO - [2025-01-10T02:19:39.378+0000] {dagbag.py:588} INFO - Filling up the DagBag from /home/airflow/.local/lib/python3.12/site-packages/airflow/example_dags/example_datasets.py
[2025-01-10T02:19:42.519+0000] {processor.py:925} INFO - DAG(s) 'dataset_consumes_1_and_2', 'dataset_produces_2', 'consume_1_or_2_with_dataset_expressions', 'consume_1_or_both_2_and_3_with_dataset_expressions', 'dataset_consumes_unknown_never_scheduled', 'dataset_consumes_1_never_scheduled', 'dataset_consumes_1', 'consume_1_and_2_with_dataset_expressions', 'dataset_produces_1', 'conditional_dataset_and_time_based_timetable' retrieved from /home/airflow/.local/lib/python3.12/site-packages/airflow/example_dags/example_datasets.py
[2025-01-10T02:19:42.742+0000] {logging_mixin.py:190} INFO - [2025-01-10T02:19:42.741+0000] {dag.py:3239} INFO - Sync 10 DAGs
[2025-01-10T02:19:42.787+0000] {logging_mixin.py:190} INFO - [2025-01-10T02:19:42.787+0000] {dag.py:4180} INFO - Setting next_dagrun for conditional_dataset_and_time_based_timetable to 2025-01-08 01:00:00+00:00, run_after=2025-01-08 01:00:00+00:00
[2025-01-10T02:19:42.793+0000] {logging_mixin.py:190} INFO - [2025-01-10T02:19:42.793+0000] {dag.py:4180} INFO - Setting next_dagrun for consume_1_and_2_with_dataset_expressions to None, run_after=None
[2025-01-10T02:19:42.797+0000] {logging_mixin.py:190} INFO - [2025-01-10T02:19:42.797+0000] {dag.py:4180} INFO - Setting next_dagrun for consume_1_or_2_with_dataset_expressions to None, run_after=None
[2025-01-10T02:19:42.800+0000] {logging_mixin.py:190} INFO - [2025-01-10T02:19:42.800+0000] {dag.py:4180} INFO - Setting next_dagrun for consume_1_or_both_2_and_3_with_dataset_expressions to None, run_after=None
[2025-01-10T02:19:42.803+0000] {logging_mixin.py:190} INFO - [2025-01-10T02:19:42.803+0000] {dag.py:4180} INFO - Setting next_dagrun for dataset_consumes_1 to None, run_after=None
[2025-01-10T02:19:42.806+0000] {logging_mixin.py:190} INFO - [2025-01-10T02:19:42.805+0000] {dag.py:4180} INFO - Setting next_dagrun for dataset_consumes_1_and_2 to None, run_after=None
[2025-01-10T02:19:42.809+0000] {logging_mixin.py:190} INFO - [2025-01-10T02:19:42.808+0000] {dag.py:4180} INFO - Setting next_dagrun for dataset_consumes_1_never_scheduled to None, run_after=None
[2025-01-10T02:19:42.811+0000] {logging_mixin.py:190} INFO - [2025-01-10T02:19:42.811+0000] {dag.py:4180} INFO - Setting next_dagrun for dataset_consumes_unknown_never_scheduled to None, run_after=None
[2025-01-10T02:19:42.816+0000] {logging_mixin.py:190} INFO - [2025-01-10T02:19:42.816+0000] {dag.py:4180} INFO - Setting next_dagrun for dataset_produces_1 to 2025-01-09 00:00:00+00:00, run_after=2025-01-10 00:00:00+00:00
[2025-01-10T02:19:42.819+0000] {logging_mixin.py:190} INFO - [2025-01-10T02:19:42.819+0000] {dag.py:4180} INFO - Setting next_dagrun for dataset_produces_2 to None, run_after=None
[2025-01-10T02:19:42.915+0000] {processor.py:208} INFO - Processing /home/airflow/.local/lib/python3.12/site-packages/airflow/example_dags/example_datasets.py took 3.553 seconds
[2025-01-10T02:20:13.463+0000] {processor.py:186} INFO - Started process (PID=144) to work on /home/airflow/.local/lib/python3.12/site-packages/airflow/example_dags/example_datasets.py
[2025-01-10T02:20:13.464+0000] {processor.py:914} INFO - Processing file /home/airflow/.local/lib/python3.12/site-packages/airflow/example_dags/example_datasets.py for tasks to queue
[2025-01-10T02:20:13.467+0000] {logging_mixin.py:190} INFO - [2025-01-10T02:20:13.467+0000] {dagbag.py:588} INFO - Filling up the DagBag from /home/airflow/.local/lib/python3.12/site-packages/airflow/example_dags/example_datasets.py
[2025-01-10T02:20:14.869+0000] {processor.py:925} INFO - DAG(s) 'dataset_consumes_1_never_scheduled', 'conditional_dataset_and_time_based_timetable', 'dataset_consumes_unknown_never_scheduled', 'dataset_produces_1', 'dataset_produces_2', 'consume_1_or_2_with_dataset_expressions', 'consume_1_and_2_with_dataset_expressions', 'dataset_consumes_1', 'dataset_consumes_1_and_2', 'consume_1_or_both_2_and_3_with_dataset_expressions' retrieved from /home/airflow/.local/lib/python3.12/site-packages/airflow/example_dags/example_datasets.py
[2025-01-10T02:20:14.911+0000] {logging_mixin.py:190} INFO - [2025-01-10T02:20:14.911+0000] {dag.py:3239} INFO - Sync 10 DAGs
[2025-01-10T02:20:14.942+0000] {logging_mixin.py:190} INFO - [2025-01-10T02:20:14.941+0000] {dag.py:4180} INFO - Setting next_dagrun for conditional_dataset_and_time_based_timetable to 2025-01-08 01:00:00+00:00, run_after=2025-01-08 01:00:00+00:00
[2025-01-10T02:20:14.946+0000] {logging_mixin.py:190} INFO - [2025-01-10T02:20:14.946+0000] {dag.py:4180} INFO - Setting next_dagrun for consume_1_and_2_with_dataset_expressions to None, run_after=None
[2025-01-10T02:20:14.948+0000] {logging_mixin.py:190} INFO - [2025-01-10T02:20:14.948+0000] {dag.py:4180} INFO - Setting next_dagrun for consume_1_or_2_with_dataset_expressions to None, run_after=None
[2025-01-10T02:20:14.949+0000] {logging_mixin.py:190} INFO - [2025-01-10T02:20:14.949+0000] {dag.py:4180} INFO - Setting next_dagrun for consume_1_or_both_2_and_3_with_dataset_expressions to None, run_after=None
[2025-01-10T02:20:14.951+0000] {logging_mixin.py:190} INFO - [2025-01-10T02:20:14.951+0000] {dag.py:4180} INFO - Setting next_dagrun for dataset_consumes_1 to None, run_after=None
[2025-01-10T02:20:14.953+0000] {logging_mixin.py:190} INFO - [2025-01-10T02:20:14.953+0000] {dag.py:4180} INFO - Setting next_dagrun for dataset_consumes_1_and_2 to None, run_after=None
[2025-01-10T02:20:14.954+0000] {logging_mixin.py:190} INFO - [2025-01-10T02:20:14.954+0000] {dag.py:4180} INFO - Setting next_dagrun for dataset_consumes_1_never_scheduled to None, run_after=None
[2025-01-10T02:20:14.956+0000] {logging_mixin.py:190} INFO - [2025-01-10T02:20:14.956+0000] {dag.py:4180} INFO - Setting next_dagrun for dataset_consumes_unknown_never_scheduled to None, run_after=None
[2025-01-10T02:20:14.959+0000] {logging_mixin.py:190} INFO - [2025-01-10T02:20:14.959+0000] {dag.py:4180} INFO - Setting next_dagrun for dataset_produces_1 to 2025-01-09 00:00:00+00:00, run_after=2025-01-10 00:00:00+00:00
[2025-01-10T02:20:14.961+0000] {logging_mixin.py:190} INFO - [2025-01-10T02:20:14.961+0000] {dag.py:4180} INFO - Setting next_dagrun for dataset_produces_2 to None, run_after=None
[2025-01-10T02:20:14.998+0000] {processor.py:208} INFO - Processing /home/airflow/.local/lib/python3.12/site-packages/airflow/example_dags/example_datasets.py took 1.540 seconds
[2025-01-10T02:20:45.722+0000] {processor.py:186} INFO - Started process (PID=207) to work on /home/airflow/.local/lib/python3.12/site-packages/airflow/example_dags/example_datasets.py
[2025-01-10T02:20:45.723+0000] {processor.py:914} INFO - Processing file /home/airflow/.local/lib/python3.12/site-packages/airflow/example_dags/example_datasets.py for tasks to queue
[2025-01-10T02:20:45.726+0000] {logging_mixin.py:190} INFO - [2025-01-10T02:20:45.725+0000] {dagbag.py:588} INFO - Filling up the DagBag from /home/airflow/.local/lib/python3.12/site-packages/airflow/example_dags/example_datasets.py
[2025-01-10T02:20:46.513+0000] {processor.py:925} INFO - DAG(s) 'dataset_consumes_1_and_2', 'consume_1_or_2_with_dataset_expressions', 'consume_1_and_2_with_dataset_expressions', 'dataset_consumes_1_never_scheduled', 'conditional_dataset_and_time_based_timetable', 'dataset_produces_1', 'dataset_consumes_1', 'dataset_produces_2', 'consume_1_or_both_2_and_3_with_dataset_expressions', 'dataset_consumes_unknown_never_scheduled' retrieved from /home/airflow/.local/lib/python3.12/site-packages/airflow/example_dags/example_datasets.py
[2025-01-10T02:20:46.588+0000] {logging_mixin.py:190} INFO - [2025-01-10T02:20:46.588+0000] {dag.py:3239} INFO - Sync 10 DAGs
[2025-01-10T02:20:46.627+0000] {logging_mixin.py:190} INFO - [2025-01-10T02:20:46.627+0000] {dag.py:4180} INFO - Setting next_dagrun for conditional_dataset_and_time_based_timetable to 2025-01-08 01:00:00+00:00, run_after=2025-01-08 01:00:00+00:00
[2025-01-10T02:20:46.632+0000] {logging_mixin.py:190} INFO - [2025-01-10T02:20:46.632+0000] {dag.py:4180} INFO - Setting next_dagrun for consume_1_and_2_with_dataset_expressions to None, run_after=None
[2025-01-10T02:20:46.634+0000] {logging_mixin.py:190} INFO - [2025-01-10T02:20:46.634+0000] {dag.py:4180} INFO - Setting next_dagrun for consume_1_or_2_with_dataset_expressions to None, run_after=None
[2025-01-10T02:20:46.635+0000] {logging_mixin.py:190} INFO - [2025-01-10T02:20:46.635+0000] {dag.py:4180} INFO - Setting next_dagrun for consume_1_or_both_2_and_3_with_dataset_expressions to None, run_after=None
[2025-01-10T02:20:46.637+0000] {logging_mixin.py:190} INFO - [2025-01-10T02:20:46.637+0000] {dag.py:4180} INFO - Setting next_dagrun for dataset_consumes_1 to None, run_after=None
[2025-01-10T02:20:46.638+0000] {logging_mixin.py:190} INFO - [2025-01-10T02:20:46.638+0000] {dag.py:4180} INFO - Setting next_dagrun for dataset_consumes_1_and_2 to None, run_after=None
[2025-01-10T02:20:46.641+0000] {logging_mixin.py:190} INFO - [2025-01-10T02:20:46.640+0000] {dag.py:4180} INFO - Setting next_dagrun for dataset_consumes_1_never_scheduled to None, run_after=None
[2025-01-10T02:20:46.642+0000] {logging_mixin.py:190} INFO - [2025-01-10T02:20:46.642+0000] {dag.py:4180} INFO - Setting next_dagrun for dataset_consumes_unknown_never_scheduled to None, run_after=None
[2025-01-10T02:20:46.645+0000] {logging_mixin.py:190} INFO - [2025-01-10T02:20:46.645+0000] {dag.py:4180} INFO - Setting next_dagrun for dataset_produces_1 to 2025-01-09 00:00:00+00:00, run_after=2025-01-10 00:00:00+00:00
[2025-01-10T02:20:46.647+0000] {logging_mixin.py:190} INFO - [2025-01-10T02:20:46.647+0000] {dag.py:4180} INFO - Setting next_dagrun for dataset_produces_2 to None, run_after=None
[2025-01-10T02:20:46.690+0000] {processor.py:208} INFO - Processing /home/airflow/.local/lib/python3.12/site-packages/airflow/example_dags/example_datasets.py took 0.974 seconds
[2025-01-10T02:21:17.511+0000] {processor.py:186} INFO - Started process (PID=270) to work on /home/airflow/.local/lib/python3.12/site-packages/airflow/example_dags/example_datasets.py
[2025-01-10T02:21:17.512+0000] {processor.py:914} INFO - Processing file /home/airflow/.local/lib/python3.12/site-packages/airflow/example_dags/example_datasets.py for tasks to queue
[2025-01-10T02:21:17.515+0000] {logging_mixin.py:190} INFO - [2025-01-10T02:21:17.515+0000] {dagbag.py:588} INFO - Filling up the DagBag from /home/airflow/.local/lib/python3.12/site-packages/airflow/example_dags/example_datasets.py
[2025-01-10T02:21:18.246+0000] {processor.py:925} INFO - DAG(s) 'dataset_produces_1', 'dataset_consumes_1_and_2', 'dataset_consumes_1_never_scheduled', 'dataset_produces_2', 'conditional_dataset_and_time_based_timetable', 'dataset_consumes_1', 'consume_1_or_both_2_and_3_with_dataset_expressions', 'consume_1_and_2_with_dataset_expressions', 'dataset_consumes_unknown_never_scheduled', 'consume_1_or_2_with_dataset_expressions' retrieved from /home/airflow/.local/lib/python3.12/site-packages/airflow/example_dags/example_datasets.py
[2025-01-10T02:21:18.345+0000] {logging_mixin.py:190} INFO - [2025-01-10T02:21:18.345+0000] {dag.py:3239} INFO - Sync 10 DAGs
[2025-01-10T02:21:18.392+0000] {logging_mixin.py:190} INFO - [2025-01-10T02:21:18.392+0000] {dag.py:4180} INFO - Setting next_dagrun for conditional_dataset_and_time_based_timetable to 2025-01-08 01:00:00+00:00, run_after=2025-01-08 01:00:00+00:00
[2025-01-10T02:21:18.398+0000] {logging_mixin.py:190} INFO - [2025-01-10T02:21:18.398+0000] {dag.py:4180} INFO - Setting next_dagrun for consume_1_and_2_with_dataset_expressions to None, run_after=None
[2025-01-10T02:21:18.401+0000] {logging_mixin.py:190} INFO - [2025-01-10T02:21:18.401+0000] {dag.py:4180} INFO - Setting next_dagrun for consume_1_or_2_with_dataset_expressions to None, run_after=None
[2025-01-10T02:21:18.404+0000] {logging_mixin.py:190} INFO - [2025-01-10T02:21:18.404+0000] {dag.py:4180} INFO - Setting next_dagrun for consume_1_or_both_2_and_3_with_dataset_expressions to None, run_after=None
[2025-01-10T02:21:18.409+0000] {logging_mixin.py:190} INFO - [2025-01-10T02:21:18.408+0000] {dag.py:4180} INFO - Setting next_dagrun for dataset_consumes_1 to None, run_after=None
[2025-01-10T02:21:18.412+0000] {logging_mixin.py:190} INFO - [2025-01-10T02:21:18.412+0000] {dag.py:4180} INFO - Setting next_dagrun for dataset_consumes_1_and_2 to None, run_after=None
[2025-01-10T02:21:18.415+0000] {logging_mixin.py:190} INFO - [2025-01-10T02:21:18.415+0000] {dag.py:4180} INFO - Setting next_dagrun for dataset_consumes_1_never_scheduled to None, run_after=None
[2025-01-10T02:21:18.418+0000] {logging_mixin.py:190} INFO - [2025-01-10T02:21:18.417+0000] {dag.py:4180} INFO - Setting next_dagrun for dataset_consumes_unknown_never_scheduled to None, run_after=None
[2025-01-10T02:21:18.424+0000] {logging_mixin.py:190} INFO - [2025-01-10T02:21:18.424+0000] {dag.py:4180} INFO - Setting next_dagrun for dataset_produces_1 to 2025-01-09 00:00:00+00:00, run_after=2025-01-10 00:00:00+00:00
[2025-01-10T02:21:18.427+0000] {logging_mixin.py:190} INFO - [2025-01-10T02:21:18.427+0000] {dag.py:4180} INFO - Setting next_dagrun for dataset_produces_2 to None, run_after=None
[2025-01-10T02:21:18.492+0000] {processor.py:208} INFO - Processing /home/airflow/.local/lib/python3.12/site-packages/airflow/example_dags/example_datasets.py took 0.988 seconds
