[2025-01-10T02:19:45.474+0000] {processor.py:186} INFO - Started process (PID=97) to work on /home/airflow/.local/lib/python3.12/site-packages/airflow/example_dags/example_branch_python_dop_operator_3.py
[2025-01-10T02:19:45.476+0000] {processor.py:914} INFO - Processing file /home/airflow/.local/lib/python3.12/site-packages/airflow/example_dags/example_branch_python_dop_operator_3.py for tasks to queue
[2025-01-10T02:19:45.480+0000] {logging_mixin.py:190} INFO - [2025-01-10T02:19:45.480+0000] {dagbag.py:588} INFO - Filling up the DagBag from /home/airflow/.local/lib/python3.12/site-packages/airflow/example_dags/example_branch_python_dop_operator_3.py
[2025-01-10T02:19:45.502+0000] {processor.py:925} INFO - DAG(s) 'example_branch_dop_operator_v3' retrieved from /home/airflow/.local/lib/python3.12/site-packages/airflow/example_dags/example_branch_python_dop_operator_3.py
[2025-01-10T02:19:45.555+0000] {logging_mixin.py:190} INFO - [2025-01-10T02:19:45.555+0000] {dag.py:3239} INFO - Sync 1 DAGs
[2025-01-10T02:19:45.618+0000] {logging_mixin.py:190} INFO - [2025-01-10T02:19:45.618+0000] {dag.py:4180} INFO - Setting next_dagrun for example_branch_dop_operator_v3 to 2025-01-10 02:18:00+00:00, run_after=2025-01-10 02:19:00+00:00
[2025-01-10T02:19:45.665+0000] {processor.py:208} INFO - Processing /home/airflow/.local/lib/python3.12/site-packages/airflow/example_dags/example_branch_python_dop_operator_3.py took 0.203 seconds
[2025-01-10T02:20:16.270+0000] {processor.py:186} INFO - Started process (PID=160) to work on /home/airflow/.local/lib/python3.12/site-packages/airflow/example_dags/example_branch_python_dop_operator_3.py
[2025-01-10T02:20:16.271+0000] {processor.py:914} INFO - Processing file /home/airflow/.local/lib/python3.12/site-packages/airflow/example_dags/example_branch_python_dop_operator_3.py for tasks to queue
[2025-01-10T02:20:16.273+0000] {logging_mixin.py:190} INFO - [2025-01-10T02:20:16.273+0000] {dagbag.py:588} INFO - Filling up the DagBag from /home/airflow/.local/lib/python3.12/site-packages/airflow/example_dags/example_branch_python_dop_operator_3.py
[2025-01-10T02:20:16.285+0000] {processor.py:925} INFO - DAG(s) 'example_branch_dop_operator_v3' retrieved from /home/airflow/.local/lib/python3.12/site-packages/airflow/example_dags/example_branch_python_dop_operator_3.py
[2025-01-10T02:20:16.305+0000] {logging_mixin.py:190} INFO - [2025-01-10T02:20:16.305+0000] {dag.py:3239} INFO - Sync 1 DAGs
[2025-01-10T02:20:16.332+0000] {logging_mixin.py:190} INFO - [2025-01-10T02:20:16.331+0000] {dag.py:4180} INFO - Setting next_dagrun for example_branch_dop_operator_v3 to 2025-01-10 02:19:00+00:00, run_after=2025-01-10 02:20:00+00:00
[2025-01-10T02:20:16.354+0000] {processor.py:208} INFO - Processing /home/airflow/.local/lib/python3.12/site-packages/airflow/example_dags/example_branch_python_dop_operator_3.py took 0.091 seconds
[2025-01-10T02:20:47.953+0000] {processor.py:186} INFO - Started process (PID=223) to work on /home/airflow/.local/lib/python3.12/site-packages/airflow/example_dags/example_branch_python_dop_operator_3.py
[2025-01-10T02:20:47.954+0000] {processor.py:914} INFO - Processing file /home/airflow/.local/lib/python3.12/site-packages/airflow/example_dags/example_branch_python_dop_operator_3.py for tasks to queue
[2025-01-10T02:20:47.959+0000] {logging_mixin.py:190} INFO - [2025-01-10T02:20:47.958+0000] {dagbag.py:588} INFO - Filling up the DagBag from /home/airflow/.local/lib/python3.12/site-packages/airflow/example_dags/example_branch_python_dop_operator_3.py
[2025-01-10T02:20:47.982+0000] {processor.py:925} INFO - DAG(s) 'example_branch_dop_operator_v3' retrieved from /home/airflow/.local/lib/python3.12/site-packages/airflow/example_dags/example_branch_python_dop_operator_3.py
[2025-01-10T02:20:48.017+0000] {logging_mixin.py:190} INFO - [2025-01-10T02:20:48.016+0000] {dag.py:3239} INFO - Sync 1 DAGs
[2025-01-10T02:20:48.062+0000] {logging_mixin.py:190} INFO - [2025-01-10T02:20:48.061+0000] {dag.py:4180} INFO - Setting next_dagrun for example_branch_dop_operator_v3 to 2025-01-10 02:19:00+00:00, run_after=2025-01-10 02:20:00+00:00
[2025-01-10T02:20:48.099+0000] {processor.py:208} INFO - Processing /home/airflow/.local/lib/python3.12/site-packages/airflow/example_dags/example_branch_python_dop_operator_3.py took 0.155 seconds
[2025-01-10T02:21:19.387+0000] {processor.py:186} INFO - Started process (PID=286) to work on /home/airflow/.local/lib/python3.12/site-packages/airflow/example_dags/example_branch_python_dop_operator_3.py
[2025-01-10T02:21:19.388+0000] {processor.py:914} INFO - Processing file /home/airflow/.local/lib/python3.12/site-packages/airflow/example_dags/example_branch_python_dop_operator_3.py for tasks to queue
[2025-01-10T02:21:19.391+0000] {logging_mixin.py:190} INFO - [2025-01-10T02:21:19.391+0000] {dagbag.py:588} INFO - Filling up the DagBag from /home/airflow/.local/lib/python3.12/site-packages/airflow/example_dags/example_branch_python_dop_operator_3.py
[2025-01-10T02:21:19.403+0000] {processor.py:925} INFO - DAG(s) 'example_branch_dop_operator_v3' retrieved from /home/airflow/.local/lib/python3.12/site-packages/airflow/example_dags/example_branch_python_dop_operator_3.py
[2025-01-10T02:21:19.427+0000] {logging_mixin.py:190} INFO - [2025-01-10T02:21:19.427+0000] {dag.py:3239} INFO - Sync 1 DAGs
[2025-01-10T02:21:19.456+0000] {logging_mixin.py:190} INFO - [2025-01-10T02:21:19.456+0000] {dag.py:4180} INFO - Setting next_dagrun for example_branch_dop_operator_v3 to 2025-01-10 02:20:00+00:00, run_after=2025-01-10 02:21:00+00:00
[2025-01-10T02:21:19.479+0000] {processor.py:208} INFO - Processing /home/airflow/.local/lib/python3.12/site-packages/airflow/example_dags/example_branch_python_dop_operator_3.py took 0.098 seconds
