[2025-01-10T02:19:42.993+0000] {processor.py:186} INFO - Started process (PID=84) to work on /home/airflow/.local/lib/python3.12/site-packages/airflow/example_dags/example_display_name.py
[2025-01-10T02:19:42.995+0000] {processor.py:914} INFO - Processing file /home/airflow/.local/lib/python3.12/site-packages/airflow/example_dags/example_display_name.py for tasks to queue
[2025-01-10T02:19:42.998+0000] {logging_mixin.py:190} INFO - [2025-01-10T02:19:42.998+0000] {dagbag.py:588} INFO - Filling up the DagBag from /home/airflow/.local/lib/python3.12/site-packages/airflow/example_dags/example_display_name.py
[2025-01-10T02:19:43.015+0000] {processor.py:925} INFO - DAG(s) 'example_display_name' retrieved from /home/airflow/.local/lib/python3.12/site-packages/airflow/example_dags/example_display_name.py
[2025-01-10T02:19:43.141+0000] {logging_mixin.py:190} INFO - [2025-01-10T02:19:43.141+0000] {dag.py:3239} INFO - Sync 1 DAGs
[2025-01-10T02:19:43.187+0000] {logging_mixin.py:190} INFO - [2025-01-10T02:19:43.187+0000] {dag.py:4180} INFO - Setting next_dagrun for example_display_name to None, run_after=None
[2025-01-10T02:19:43.236+0000] {processor.py:208} INFO - Processing /home/airflow/.local/lib/python3.12/site-packages/airflow/example_dags/example_display_name.py took 0.253 seconds
[2025-01-10T02:20:15.178+0000] {processor.py:186} INFO - Started process (PID=147) to work on /home/airflow/.local/lib/python3.12/site-packages/airflow/example_dags/example_display_name.py
[2025-01-10T02:20:15.179+0000] {processor.py:914} INFO - Processing file /home/airflow/.local/lib/python3.12/site-packages/airflow/example_dags/example_display_name.py for tasks to queue
[2025-01-10T02:20:15.181+0000] {logging_mixin.py:190} INFO - [2025-01-10T02:20:15.181+0000] {dagbag.py:588} INFO - Filling up the DagBag from /home/airflow/.local/lib/python3.12/site-packages/airflow/example_dags/example_display_name.py
[2025-01-10T02:20:15.189+0000] {processor.py:925} INFO - DAG(s) 'example_display_name' retrieved from /home/airflow/.local/lib/python3.12/site-packages/airflow/example_dags/example_display_name.py
[2025-01-10T02:20:15.208+0000] {logging_mixin.py:190} INFO - [2025-01-10T02:20:15.208+0000] {dag.py:3239} INFO - Sync 1 DAGs
[2025-01-10T02:20:15.223+0000] {logging_mixin.py:190} INFO - [2025-01-10T02:20:15.223+0000] {dag.py:4180} INFO - Setting next_dagrun for example_display_name to None, run_after=None
[2025-01-10T02:20:15.248+0000] {processor.py:208} INFO - Processing /home/airflow/.local/lib/python3.12/site-packages/airflow/example_dags/example_display_name.py took 0.076 seconds
[2025-01-10T02:20:46.735+0000] {processor.py:186} INFO - Started process (PID=210) to work on /home/airflow/.local/lib/python3.12/site-packages/airflow/example_dags/example_display_name.py
[2025-01-10T02:20:46.736+0000] {processor.py:914} INFO - Processing file /home/airflow/.local/lib/python3.12/site-packages/airflow/example_dags/example_display_name.py for tasks to queue
[2025-01-10T02:20:46.739+0000] {logging_mixin.py:190} INFO - [2025-01-10T02:20:46.739+0000] {dagbag.py:588} INFO - Filling up the DagBag from /home/airflow/.local/lib/python3.12/site-packages/airflow/example_dags/example_display_name.py
[2025-01-10T02:20:46.748+0000] {processor.py:925} INFO - DAG(s) 'example_display_name' retrieved from /home/airflow/.local/lib/python3.12/site-packages/airflow/example_dags/example_display_name.py
[2025-01-10T02:20:46.770+0000] {logging_mixin.py:190} INFO - [2025-01-10T02:20:46.770+0000] {dag.py:3239} INFO - Sync 1 DAGs
[2025-01-10T02:20:46.788+0000] {logging_mixin.py:190} INFO - [2025-01-10T02:20:46.788+0000] {dag.py:4180} INFO - Setting next_dagrun for example_display_name to None, run_after=None
[2025-01-10T02:20:46.826+0000] {processor.py:208} INFO - Processing /home/airflow/.local/lib/python3.12/site-packages/airflow/example_dags/example_display_name.py took 0.100 seconds
[2025-01-10T02:21:18.547+0000] {processor.py:186} INFO - Started process (PID=273) to work on /home/airflow/.local/lib/python3.12/site-packages/airflow/example_dags/example_display_name.py
[2025-01-10T02:21:18.548+0000] {processor.py:914} INFO - Processing file /home/airflow/.local/lib/python3.12/site-packages/airflow/example_dags/example_display_name.py for tasks to queue
[2025-01-10T02:21:18.551+0000] {logging_mixin.py:190} INFO - [2025-01-10T02:21:18.550+0000] {dagbag.py:588} INFO - Filling up the DagBag from /home/airflow/.local/lib/python3.12/site-packages/airflow/example_dags/example_display_name.py
[2025-01-10T02:21:18.560+0000] {processor.py:925} INFO - DAG(s) 'example_display_name' retrieved from /home/airflow/.local/lib/python3.12/site-packages/airflow/example_dags/example_display_name.py
[2025-01-10T02:21:18.583+0000] {logging_mixin.py:190} INFO - [2025-01-10T02:21:18.583+0000] {dag.py:3239} INFO - Sync 1 DAGs
[2025-01-10T02:21:18.604+0000] {logging_mixin.py:190} INFO - [2025-01-10T02:21:18.604+0000] {dag.py:4180} INFO - Setting next_dagrun for example_display_name to None, run_after=None
[2025-01-10T02:21:18.637+0000] {processor.py:208} INFO - Processing /home/airflow/.local/lib/python3.12/site-packages/airflow/example_dags/example_display_name.py took 0.098 seconds
