[2025-01-10T02:19:54.067+0000] {processor.py:186} INFO - Started process (PID=117) to work on /home/airflow/.local/lib/python3.12/site-packages/airflow/example_dags/example_subdag_operator.py
[2025-01-10T02:19:54.070+0000] {processor.py:914} INFO - Processing file /home/airflow/.local/lib/python3.12/site-packages/airflow/example_dags/example_subdag_operator.py for tasks to queue
[2025-01-10T02:19:54.074+0000] {logging_mixin.py:190} INFO - [2025-01-10T02:19:54.073+0000] {dagbag.py:588} INFO - Filling up the DagBag from /home/airflow/.local/lib/python3.12/site-packages/airflow/example_dags/example_subdag_operator.py
[2025-01-10T02:19:54.127+0000] {processor.py:925} INFO - DAG(s) 'example_subdag_operator.section-1', 'example_subdag_operator.section-2', 'example_subdag_operator' retrieved from /home/airflow/.local/lib/python3.12/site-packages/airflow/example_dags/example_subdag_operator.py
[2025-01-10T02:19:54.161+0000] {logging_mixin.py:190} INFO - [2025-01-10T02:19:54.160+0000] {dag.py:3239} INFO - Sync 3 DAGs
[2025-01-10T02:19:54.208+0000] {logging_mixin.py:190} INFO - [2025-01-10T02:19:54.207+0000] {dag.py:4180} INFO - Setting next_dagrun for example_subdag_operator to 2022-01-01 00:00:00+00:00, run_after=2022-01-01 00:00:00+00:00
[2025-01-10T02:19:54.215+0000] {logging_mixin.py:190} INFO - [2025-01-10T02:19:54.214+0000] {dag.py:4180} INFO - Setting next_dagrun for example_subdag_operator.section-1 to None, run_after=None
[2025-01-10T02:19:54.218+0000] {logging_mixin.py:190} INFO - [2025-01-10T02:19:54.217+0000] {dag.py:4180} INFO - Setting next_dagrun for example_subdag_operator.section-2 to None, run_after=None
[2025-01-10T02:19:54.231+0000] {logging_mixin.py:190} INFO - [2025-01-10T02:19:54.230+0000] {dag.py:3239} INFO - Sync 2 DAGs
[2025-01-10T02:19:54.241+0000] {logging_mixin.py:190} INFO - [2025-01-10T02:19:54.240+0000] {dag.py:4180} INFO - Setting next_dagrun for example_subdag_operator.section-1 to None, run_after=None
[2025-01-10T02:19:54.242+0000] {logging_mixin.py:190} INFO - [2025-01-10T02:19:54.241+0000] {dag.py:4180} INFO - Setting next_dagrun for example_subdag_operator.section-2 to None, run_after=None
[2025-01-10T02:19:54.266+0000] {processor.py:208} INFO - Processing /home/airflow/.local/lib/python3.12/site-packages/airflow/example_dags/example_subdag_operator.py took 0.207 seconds
[2025-01-10T02:20:25.532+0000] {processor.py:186} INFO - Started process (PID=180) to work on /home/airflow/.local/lib/python3.12/site-packages/airflow/example_dags/example_subdag_operator.py
[2025-01-10T02:20:25.533+0000] {processor.py:914} INFO - Processing file /home/airflow/.local/lib/python3.12/site-packages/airflow/example_dags/example_subdag_operator.py for tasks to queue
[2025-01-10T02:20:25.536+0000] {logging_mixin.py:190} INFO - [2025-01-10T02:20:25.536+0000] {dagbag.py:588} INFO - Filling up the DagBag from /home/airflow/.local/lib/python3.12/site-packages/airflow/example_dags/example_subdag_operator.py
[2025-01-10T02:20:25.564+0000] {processor.py:925} INFO - DAG(s) 'example_subdag_operator.section-1', 'example_subdag_operator.section-2', 'example_subdag_operator' retrieved from /home/airflow/.local/lib/python3.12/site-packages/airflow/example_dags/example_subdag_operator.py
[2025-01-10T02:20:25.580+0000] {logging_mixin.py:190} INFO - [2025-01-10T02:20:25.580+0000] {dag.py:3239} INFO - Sync 3 DAGs
[2025-01-10T02:20:25.606+0000] {logging_mixin.py:190} INFO - [2025-01-10T02:20:25.606+0000] {dag.py:4180} INFO - Setting next_dagrun for example_subdag_operator to 2022-01-01 00:00:00+00:00, run_after=2022-01-01 00:00:00+00:00
[2025-01-10T02:20:25.610+0000] {logging_mixin.py:190} INFO - [2025-01-10T02:20:25.610+0000] {dag.py:4180} INFO - Setting next_dagrun for example_subdag_operator.section-1 to None, run_after=None
[2025-01-10T02:20:25.612+0000] {logging_mixin.py:190} INFO - [2025-01-10T02:20:25.612+0000] {dag.py:4180} INFO - Setting next_dagrun for example_subdag_operator.section-2 to None, run_after=None
[2025-01-10T02:20:25.619+0000] {logging_mixin.py:190} INFO - [2025-01-10T02:20:25.619+0000] {dag.py:3239} INFO - Sync 2 DAGs
[2025-01-10T02:20:25.625+0000] {logging_mixin.py:190} INFO - [2025-01-10T02:20:25.625+0000] {dag.py:4180} INFO - Setting next_dagrun for example_subdag_operator.section-1 to None, run_after=None
[2025-01-10T02:20:25.626+0000] {logging_mixin.py:190} INFO - [2025-01-10T02:20:25.626+0000] {dag.py:4180} INFO - Setting next_dagrun for example_subdag_operator.section-2 to None, run_after=None
[2025-01-10T02:20:25.645+0000] {processor.py:208} INFO - Processing /home/airflow/.local/lib/python3.12/site-packages/airflow/example_dags/example_subdag_operator.py took 0.121 seconds
[2025-01-10T02:20:56.364+0000] {processor.py:186} INFO - Started process (PID=243) to work on /home/airflow/.local/lib/python3.12/site-packages/airflow/example_dags/example_subdag_operator.py
[2025-01-10T02:20:56.365+0000] {processor.py:914} INFO - Processing file /home/airflow/.local/lib/python3.12/site-packages/airflow/example_dags/example_subdag_operator.py for tasks to queue
[2025-01-10T02:20:56.367+0000] {logging_mixin.py:190} INFO - [2025-01-10T02:20:56.367+0000] {dagbag.py:588} INFO - Filling up the DagBag from /home/airflow/.local/lib/python3.12/site-packages/airflow/example_dags/example_subdag_operator.py
[2025-01-10T02:20:56.394+0000] {processor.py:925} INFO - DAG(s) 'example_subdag_operator.section-1', 'example_subdag_operator.section-2', 'example_subdag_operator' retrieved from /home/airflow/.local/lib/python3.12/site-packages/airflow/example_dags/example_subdag_operator.py
[2025-01-10T02:20:56.410+0000] {logging_mixin.py:190} INFO - [2025-01-10T02:20:56.410+0000] {dag.py:3239} INFO - Sync 3 DAGs
[2025-01-10T02:20:56.432+0000] {logging_mixin.py:190} INFO - [2025-01-10T02:20:56.432+0000] {dag.py:4180} INFO - Setting next_dagrun for example_subdag_operator to 2022-01-01 00:00:00+00:00, run_after=2022-01-01 00:00:00+00:00
[2025-01-10T02:20:56.436+0000] {logging_mixin.py:190} INFO - [2025-01-10T02:20:56.436+0000] {dag.py:4180} INFO - Setting next_dagrun for example_subdag_operator.section-1 to None, run_after=None
[2025-01-10T02:20:56.438+0000] {logging_mixin.py:190} INFO - [2025-01-10T02:20:56.438+0000] {dag.py:4180} INFO - Setting next_dagrun for example_subdag_operator.section-2 to None, run_after=None
[2025-01-10T02:20:56.445+0000] {logging_mixin.py:190} INFO - [2025-01-10T02:20:56.445+0000] {dag.py:3239} INFO - Sync 2 DAGs
[2025-01-10T02:20:56.451+0000] {logging_mixin.py:190} INFO - [2025-01-10T02:20:56.451+0000] {dag.py:4180} INFO - Setting next_dagrun for example_subdag_operator.section-1 to None, run_after=None
[2025-01-10T02:20:56.452+0000] {logging_mixin.py:190} INFO - [2025-01-10T02:20:56.452+0000] {dag.py:4180} INFO - Setting next_dagrun for example_subdag_operator.section-2 to None, run_after=None
[2025-01-10T02:20:56.471+0000] {processor.py:208} INFO - Processing /home/airflow/.local/lib/python3.12/site-packages/airflow/example_dags/example_subdag_operator.py took 0.114 seconds
