[2025-01-10T02:19:54.565+0000] {processor.py:186} INFO - Started process (PID=122) to work on /home/airflow/.local/lib/python3.12/site-packages/airflow/example_dags/example_external_task_marker_dag.py
[2025-01-10T02:19:54.567+0000] {processor.py:914} INFO - Processing file /home/airflow/.local/lib/python3.12/site-packages/airflow/example_dags/example_external_task_marker_dag.py for tasks to queue
[2025-01-10T02:19:54.573+0000] {logging_mixin.py:190} INFO - [2025-01-10T02:19:54.572+0000] {dagbag.py:588} INFO - Filling up the DagBag from /home/airflow/.local/lib/python3.12/site-packages/airflow/example_dags/example_external_task_marker_dag.py
[2025-01-10T02:19:54.588+0000] {processor.py:925} INFO - DAG(s) 'example_external_task_marker_child', 'example_external_task_marker_parent' retrieved from /home/airflow/.local/lib/python3.12/site-packages/airflow/example_dags/example_external_task_marker_dag.py
[2025-01-10T02:19:54.619+0000] {logging_mixin.py:190} INFO - [2025-01-10T02:19:54.619+0000] {dag.py:3239} INFO - Sync 2 DAGs
[2025-01-10T02:19:54.638+0000] {logging_mixin.py:190} INFO - [2025-01-10T02:19:54.638+0000] {dag.py:4180} INFO - Setting next_dagrun for example_external_task_marker_child to None, run_after=None
[2025-01-10T02:19:54.643+0000] {logging_mixin.py:190} INFO - [2025-01-10T02:19:54.642+0000] {dag.py:4180} INFO - Setting next_dagrun for example_external_task_marker_parent to None, run_after=None
[2025-01-10T02:19:54.662+0000] {processor.py:208} INFO - Processing /home/airflow/.local/lib/python3.12/site-packages/airflow/example_dags/example_external_task_marker_dag.py took 0.104 seconds
[2025-01-10T02:20:25.942+0000] {processor.py:186} INFO - Started process (PID=185) to work on /home/airflow/.local/lib/python3.12/site-packages/airflow/example_dags/example_external_task_marker_dag.py
[2025-01-10T02:20:25.943+0000] {processor.py:914} INFO - Processing file /home/airflow/.local/lib/python3.12/site-packages/airflow/example_dags/example_external_task_marker_dag.py for tasks to queue
[2025-01-10T02:20:25.945+0000] {logging_mixin.py:190} INFO - [2025-01-10T02:20:25.945+0000] {dagbag.py:588} INFO - Filling up the DagBag from /home/airflow/.local/lib/python3.12/site-packages/airflow/example_dags/example_external_task_marker_dag.py
[2025-01-10T02:20:25.955+0000] {processor.py:925} INFO - DAG(s) 'example_external_task_marker_parent', 'example_external_task_marker_child' retrieved from /home/airflow/.local/lib/python3.12/site-packages/airflow/example_dags/example_external_task_marker_dag.py
[2025-01-10T02:20:25.981+0000] {logging_mixin.py:190} INFO - [2025-01-10T02:20:25.981+0000] {dag.py:3239} INFO - Sync 2 DAGs
[2025-01-10T02:20:25.997+0000] {logging_mixin.py:190} INFO - [2025-01-10T02:20:25.997+0000] {dag.py:4180} INFO - Setting next_dagrun for example_external_task_marker_child to None, run_after=None
[2025-01-10T02:20:26.003+0000] {logging_mixin.py:190} INFO - [2025-01-10T02:20:26.002+0000] {dag.py:4180} INFO - Setting next_dagrun for example_external_task_marker_parent to None, run_after=None
[2025-01-10T02:20:26.027+0000] {processor.py:208} INFO - Processing /home/airflow/.local/lib/python3.12/site-packages/airflow/example_dags/example_external_task_marker_dag.py took 0.091 seconds
[2025-01-10T02:20:56.708+0000] {processor.py:186} INFO - Started process (PID=248) to work on /home/airflow/.local/lib/python3.12/site-packages/airflow/example_dags/example_external_task_marker_dag.py
[2025-01-10T02:20:56.709+0000] {processor.py:914} INFO - Processing file /home/airflow/.local/lib/python3.12/site-packages/airflow/example_dags/example_external_task_marker_dag.py for tasks to queue
[2025-01-10T02:20:56.711+0000] {logging_mixin.py:190} INFO - [2025-01-10T02:20:56.711+0000] {dagbag.py:588} INFO - Filling up the DagBag from /home/airflow/.local/lib/python3.12/site-packages/airflow/example_dags/example_external_task_marker_dag.py
[2025-01-10T02:20:56.719+0000] {processor.py:925} INFO - DAG(s) 'example_external_task_marker_parent', 'example_external_task_marker_child' retrieved from /home/airflow/.local/lib/python3.12/site-packages/airflow/example_dags/example_external_task_marker_dag.py
[2025-01-10T02:20:56.748+0000] {logging_mixin.py:190} INFO - [2025-01-10T02:20:56.748+0000] {dag.py:3239} INFO - Sync 2 DAGs
[2025-01-10T02:20:56.764+0000] {logging_mixin.py:190} INFO - [2025-01-10T02:20:56.764+0000] {dag.py:4180} INFO - Setting next_dagrun for example_external_task_marker_child to None, run_after=None
[2025-01-10T02:20:56.768+0000] {logging_mixin.py:190} INFO - [2025-01-10T02:20:56.768+0000] {dag.py:4180} INFO - Setting next_dagrun for example_external_task_marker_parent to None, run_after=None
[2025-01-10T02:20:56.791+0000] {processor.py:208} INFO - Processing /home/airflow/.local/lib/python3.12/site-packages/airflow/example_dags/example_external_task_marker_dag.py took 0.090 seconds
