[2025-01-10T02:19:53.545+0000] {processor.py:186} INFO - Started process (PID=111) to work on /home/airflow/.local/lib/python3.12/site-packages/airflow/example_dags/example_sla_dag.py
[2025-01-10T02:19:53.547+0000] {processor.py:914} INFO - Processing file /home/airflow/.local/lib/python3.12/site-packages/airflow/example_dags/example_sla_dag.py for tasks to queue
[2025-01-10T02:19:53.549+0000] {logging_mixin.py:190} INFO - [2025-01-10T02:19:53.549+0000] {dagbag.py:588} INFO - Filling up the DagBag from /home/airflow/.local/lib/python3.12/site-packages/airflow/example_dags/example_sla_dag.py
[2025-01-10T02:19:53.572+0000] {processor.py:925} INFO - DAG(s) 'example_sla_dag' retrieved from /home/airflow/.local/lib/python3.12/site-packages/airflow/example_dags/example_sla_dag.py
[2025-01-10T02:19:53.601+0000] {logging_mixin.py:190} INFO - [2025-01-10T02:19:53.601+0000] {dag.py:3239} INFO - Sync 1 DAGs
[2025-01-10T02:19:53.644+0000] {logging_mixin.py:190} INFO - [2025-01-10T02:19:53.644+0000] {dag.py:4180} INFO - Setting next_dagrun for example_sla_dag to 2025-01-10 02:16:00+00:00, run_after=2025-01-10 02:18:00+00:00
[2025-01-10T02:19:53.676+0000] {processor.py:208} INFO - Processing /home/airflow/.local/lib/python3.12/site-packages/airflow/example_dags/example_sla_dag.py took 0.139 seconds
[2025-01-10T02:20:24.983+0000] {processor.py:186} INFO - Started process (PID=174) to work on /home/airflow/.local/lib/python3.12/site-packages/airflow/example_dags/example_sla_dag.py
[2025-01-10T02:20:24.984+0000] {processor.py:914} INFO - Processing file /home/airflow/.local/lib/python3.12/site-packages/airflow/example_dags/example_sla_dag.py for tasks to queue
[2025-01-10T02:20:24.986+0000] {logging_mixin.py:190} INFO - [2025-01-10T02:20:24.986+0000] {dagbag.py:588} INFO - Filling up the DagBag from /home/airflow/.local/lib/python3.12/site-packages/airflow/example_dags/example_sla_dag.py
[2025-01-10T02:20:24.997+0000] {processor.py:925} INFO - DAG(s) 'example_sla_dag' retrieved from /home/airflow/.local/lib/python3.12/site-packages/airflow/example_dags/example_sla_dag.py
[2025-01-10T02:20:25.017+0000] {logging_mixin.py:190} INFO - [2025-01-10T02:20:25.017+0000] {dag.py:3239} INFO - Sync 1 DAGs
[2025-01-10T02:20:25.043+0000] {logging_mixin.py:190} INFO - [2025-01-10T02:20:25.043+0000] {dag.py:4180} INFO - Setting next_dagrun for example_sla_dag to 2025-01-10 02:18:00+00:00, run_after=2025-01-10 02:20:00+00:00
[2025-01-10T02:20:25.072+0000] {processor.py:208} INFO - Processing /home/airflow/.local/lib/python3.12/site-packages/airflow/example_dags/example_sla_dag.py took 0.095 seconds
[2025-01-10T02:20:55.984+0000] {processor.py:186} INFO - Started process (PID=237) to work on /home/airflow/.local/lib/python3.12/site-packages/airflow/example_dags/example_sla_dag.py
[2025-01-10T02:20:55.985+0000] {processor.py:914} INFO - Processing file /home/airflow/.local/lib/python3.12/site-packages/airflow/example_dags/example_sla_dag.py for tasks to queue
[2025-01-10T02:20:55.987+0000] {logging_mixin.py:190} INFO - [2025-01-10T02:20:55.987+0000] {dagbag.py:588} INFO - Filling up the DagBag from /home/airflow/.local/lib/python3.12/site-packages/airflow/example_dags/example_sla_dag.py
[2025-01-10T02:20:55.997+0000] {processor.py:925} INFO - DAG(s) 'example_sla_dag' retrieved from /home/airflow/.local/lib/python3.12/site-packages/airflow/example_dags/example_sla_dag.py
[2025-01-10T02:20:56.015+0000] {logging_mixin.py:190} INFO - [2025-01-10T02:20:56.015+0000] {dag.py:3239} INFO - Sync 1 DAGs
[2025-01-10T02:20:56.041+0000] {logging_mixin.py:190} INFO - [2025-01-10T02:20:56.040+0000] {dag.py:4180} INFO - Setting next_dagrun for example_sla_dag to 2025-01-10 02:18:00+00:00, run_after=2025-01-10 02:20:00+00:00
[2025-01-10T02:20:56.065+0000] {processor.py:208} INFO - Processing /home/airflow/.local/lib/python3.12/site-packages/airflow/example_dags/example_sla_dag.py took 0.087 seconds
