[2025-01-10T02:19:39.344+0000] {processor.py:186} INFO - Started process (PID=78) to work on /home/airflow/.local/lib/python3.12/site-packages/airflow/example_dags/example_xcomargs.py
[2025-01-10T02:19:39.345+0000] {processor.py:914} INFO - Processing file /home/airflow/.local/lib/python3.12/site-packages/airflow/example_dags/example_xcomargs.py for tasks to queue
[2025-01-10T02:19:39.349+0000] {logging_mixin.py:190} INFO - [2025-01-10T02:19:39.348+0000] {dagbag.py:588} INFO - Filling up the DagBag from /home/airflow/.local/lib/python3.12/site-packages/airflow/example_dags/example_xcomargs.py
[2025-01-10T02:19:39.371+0000] {processor.py:925} INFO - DAG(s) 'example_xcom_args_with_operators', 'example_xcom_args' retrieved from /home/airflow/.local/lib/python3.12/site-packages/airflow/example_dags/example_xcomargs.py
[2025-01-10T02:19:39.412+0000] {logging_mixin.py:190} INFO - [2025-01-10T02:19:39.411+0000] {dag.py:3239} INFO - Sync 2 DAGs
[2025-01-10T02:19:39.438+0000] {logging_mixin.py:190} INFO - [2025-01-10T02:19:39.437+0000] {dag.py:4180} INFO - Setting next_dagrun for example_xcom_args to None, run_after=None
[2025-01-10T02:19:39.445+0000] {logging_mixin.py:190} INFO - [2025-01-10T02:19:39.444+0000] {dag.py:4180} INFO - Setting next_dagrun for example_xcom_args_with_operators to None, run_after=None
[2025-01-10T02:19:39.479+0000] {processor.py:208} INFO - Processing /home/airflow/.local/lib/python3.12/site-packages/airflow/example_dags/example_xcomargs.py took 0.144 seconds
[2025-01-10T02:20:10.170+0000] {processor.py:186} INFO - Started process (PID=141) to work on /home/airflow/.local/lib/python3.12/site-packages/airflow/example_dags/example_xcomargs.py
[2025-01-10T02:20:10.171+0000] {processor.py:914} INFO - Processing file /home/airflow/.local/lib/python3.12/site-packages/airflow/example_dags/example_xcomargs.py for tasks to queue
[2025-01-10T02:20:10.174+0000] {logging_mixin.py:190} INFO - [2025-01-10T02:20:10.173+0000] {dagbag.py:588} INFO - Filling up the DagBag from /home/airflow/.local/lib/python3.12/site-packages/airflow/example_dags/example_xcomargs.py
[2025-01-10T02:20:10.186+0000] {processor.py:925} INFO - DAG(s) 'example_xcom_args_with_operators', 'example_xcom_args' retrieved from /home/airflow/.local/lib/python3.12/site-packages/airflow/example_dags/example_xcomargs.py
[2025-01-10T02:20:10.220+0000] {logging_mixin.py:190} INFO - [2025-01-10T02:20:10.220+0000] {dag.py:3239} INFO - Sync 2 DAGs
[2025-01-10T02:20:10.235+0000] {logging_mixin.py:190} INFO - [2025-01-10T02:20:10.235+0000] {dag.py:4180} INFO - Setting next_dagrun for example_xcom_args to None, run_after=None
[2025-01-10T02:20:10.239+0000] {logging_mixin.py:190} INFO - [2025-01-10T02:20:10.239+0000] {dag.py:4180} INFO - Setting next_dagrun for example_xcom_args_with_operators to None, run_after=None
[2025-01-10T02:20:10.263+0000] {processor.py:208} INFO - Processing /home/airflow/.local/lib/python3.12/site-packages/airflow/example_dags/example_xcomargs.py took 0.099 seconds
[2025-01-10T02:20:40.533+0000] {processor.py:186} INFO - Started process (PID=204) to work on /home/airflow/.local/lib/python3.12/site-packages/airflow/example_dags/example_xcomargs.py
[2025-01-10T02:20:40.534+0000] {processor.py:914} INFO - Processing file /home/airflow/.local/lib/python3.12/site-packages/airflow/example_dags/example_xcomargs.py for tasks to queue
[2025-01-10T02:20:40.537+0000] {logging_mixin.py:190} INFO - [2025-01-10T02:20:40.537+0000] {dagbag.py:588} INFO - Filling up the DagBag from /home/airflow/.local/lib/python3.12/site-packages/airflow/example_dags/example_xcomargs.py
[2025-01-10T02:20:40.548+0000] {processor.py:925} INFO - DAG(s) 'example_xcom_args_with_operators', 'example_xcom_args' retrieved from /home/airflow/.local/lib/python3.12/site-packages/airflow/example_dags/example_xcomargs.py
[2025-01-10T02:20:40.568+0000] {logging_mixin.py:190} INFO - [2025-01-10T02:20:40.567+0000] {dag.py:3239} INFO - Sync 2 DAGs
[2025-01-10T02:20:40.582+0000] {logging_mixin.py:190} INFO - [2025-01-10T02:20:40.582+0000] {dag.py:4180} INFO - Setting next_dagrun for example_xcom_args to None, run_after=None
[2025-01-10T02:20:40.586+0000] {logging_mixin.py:190} INFO - [2025-01-10T02:20:40.586+0000] {dag.py:4180} INFO - Setting next_dagrun for example_xcom_args_with_operators to None, run_after=None
[2025-01-10T02:20:40.607+0000] {processor.py:208} INFO - Processing /home/airflow/.local/lib/python3.12/site-packages/airflow/example_dags/example_xcomargs.py took 0.083 seconds
[2025-01-10T02:21:11.304+0000] {processor.py:186} INFO - Started process (PID=267) to work on /home/airflow/.local/lib/python3.12/site-packages/airflow/example_dags/example_xcomargs.py
[2025-01-10T02:21:11.306+0000] {processor.py:914} INFO - Processing file /home/airflow/.local/lib/python3.12/site-packages/airflow/example_dags/example_xcomargs.py for tasks to queue
[2025-01-10T02:21:11.308+0000] {logging_mixin.py:190} INFO - [2025-01-10T02:21:11.308+0000] {dagbag.py:588} INFO - Filling up the DagBag from /home/airflow/.local/lib/python3.12/site-packages/airflow/example_dags/example_xcomargs.py
[2025-01-10T02:21:11.318+0000] {processor.py:925} INFO - DAG(s) 'example_xcom_args', 'example_xcom_args_with_operators' retrieved from /home/airflow/.local/lib/python3.12/site-packages/airflow/example_dags/example_xcomargs.py
[2025-01-10T02:21:11.343+0000] {logging_mixin.py:190} INFO - [2025-01-10T02:21:11.342+0000] {dag.py:3239} INFO - Sync 2 DAGs
[2025-01-10T02:21:11.359+0000] {logging_mixin.py:190} INFO - [2025-01-10T02:21:11.359+0000] {dag.py:4180} INFO - Setting next_dagrun for example_xcom_args to None, run_after=None
[2025-01-10T02:21:11.363+0000] {logging_mixin.py:190} INFO - [2025-01-10T02:21:11.362+0000] {dag.py:4180} INFO - Setting next_dagrun for example_xcom_args_with_operators to None, run_after=None
[2025-01-10T02:21:11.388+0000] {processor.py:208} INFO - Processing /home/airflow/.local/lib/python3.12/site-packages/airflow/example_dags/example_xcomargs.py took 0.091 seconds
