[2025-01-10T02:19:54.234+0000] {processor.py:186} INFO - Started process (PID=118) to work on /home/airflow/.local/lib/python3.12/site-packages/airflow/example_dags/example_sensors.py
[2025-01-10T02:19:54.235+0000] {processor.py:914} INFO - Processing file /home/airflow/.local/lib/python3.12/site-packages/airflow/example_dags/example_sensors.py for tasks to queue
[2025-01-10T02:19:54.239+0000] {logging_mixin.py:190} INFO - [2025-01-10T02:19:54.238+0000] {dagbag.py:588} INFO - Filling up the DagBag from /home/airflow/.local/lib/python3.12/site-packages/airflow/example_dags/example_sensors.py
[2025-01-10T02:19:54.260+0000] {processor.py:925} INFO - DAG(s) 'example_sensors' retrieved from /home/airflow/.local/lib/python3.12/site-packages/airflow/example_dags/example_sensors.py
[2025-01-10T02:19:54.309+0000] {logging_mixin.py:190} INFO - [2025-01-10T02:19:54.308+0000] {dag.py:3239} INFO - Sync 1 DAGs
[2025-01-10T02:19:54.336+0000] {logging_mixin.py:190} INFO - [2025-01-10T02:19:54.336+0000] {dag.py:4180} INFO - Setting next_dagrun for example_sensors to None, run_after=None
[2025-01-10T02:19:54.374+0000] {processor.py:208} INFO - Processing /home/airflow/.local/lib/python3.12/site-packages/airflow/example_dags/example_sensors.py took 0.150 seconds
[2025-01-10T02:20:25.686+0000] {processor.py:186} INFO - Started process (PID=181) to work on /home/airflow/.local/lib/python3.12/site-packages/airflow/example_dags/example_sensors.py
[2025-01-10T02:20:25.687+0000] {processor.py:914} INFO - Processing file /home/airflow/.local/lib/python3.12/site-packages/airflow/example_dags/example_sensors.py for tasks to queue
[2025-01-10T02:20:25.690+0000] {logging_mixin.py:190} INFO - [2025-01-10T02:20:25.690+0000] {dagbag.py:588} INFO - Filling up the DagBag from /home/airflow/.local/lib/python3.12/site-packages/airflow/example_dags/example_sensors.py
[2025-01-10T02:20:25.702+0000] {processor.py:925} INFO - DAG(s) 'example_sensors' retrieved from /home/airflow/.local/lib/python3.12/site-packages/airflow/example_dags/example_sensors.py
[2025-01-10T02:20:25.732+0000] {logging_mixin.py:190} INFO - [2025-01-10T02:20:25.731+0000] {dag.py:3239} INFO - Sync 1 DAGs
[2025-01-10T02:20:25.746+0000] {logging_mixin.py:190} INFO - [2025-01-10T02:20:25.746+0000] {dag.py:4180} INFO - Setting next_dagrun for example_sensors to None, run_after=None
[2025-01-10T02:20:25.767+0000] {processor.py:208} INFO - Processing /home/airflow/.local/lib/python3.12/site-packages/airflow/example_dags/example_sensors.py took 0.087 seconds
[2025-01-10T02:20:56.461+0000] {processor.py:186} INFO - Started process (PID=244) to work on /home/airflow/.local/lib/python3.12/site-packages/airflow/example_dags/example_sensors.py
[2025-01-10T02:20:56.462+0000] {processor.py:914} INFO - Processing file /home/airflow/.local/lib/python3.12/site-packages/airflow/example_dags/example_sensors.py for tasks to queue
[2025-01-10T02:20:56.465+0000] {logging_mixin.py:190} INFO - [2025-01-10T02:20:56.464+0000] {dagbag.py:588} INFO - Filling up the DagBag from /home/airflow/.local/lib/python3.12/site-packages/airflow/example_dags/example_sensors.py
[2025-01-10T02:20:56.476+0000] {processor.py:925} INFO - DAG(s) 'example_sensors' retrieved from /home/airflow/.local/lib/python3.12/site-packages/airflow/example_dags/example_sensors.py
[2025-01-10T02:20:56.514+0000] {logging_mixin.py:190} INFO - [2025-01-10T02:20:56.514+0000] {dag.py:3239} INFO - Sync 1 DAGs
[2025-01-10T02:20:56.536+0000] {logging_mixin.py:190} INFO - [2025-01-10T02:20:56.536+0000] {dag.py:4180} INFO - Setting next_dagrun for example_sensors to None, run_after=None
[2025-01-10T02:20:56.556+0000] {processor.py:208} INFO - Processing /home/airflow/.local/lib/python3.12/site-packages/airflow/example_dags/example_sensors.py took 0.101 seconds
