[2025-01-10T02:19:47.376+0000] {processor.py:186} INFO - Started process (PID=104) to work on /home/airflow/.local/lib/python3.12/site-packages/airflow/example_dags/example_nested_branch_dag.py
[2025-01-10T02:19:47.377+0000] {processor.py:914} INFO - Processing file /home/airflow/.local/lib/python3.12/site-packages/airflow/example_dags/example_nested_branch_dag.py for tasks to queue
[2025-01-10T02:19:47.381+0000] {logging_mixin.py:190} INFO - [2025-01-10T02:19:47.380+0000] {dagbag.py:588} INFO - Filling up the DagBag from /home/airflow/.local/lib/python3.12/site-packages/airflow/example_dags/example_nested_branch_dag.py
[2025-01-10T02:19:47.403+0000] {processor.py:925} INFO - DAG(s) 'example_nested_branch_dag' retrieved from /home/airflow/.local/lib/python3.12/site-packages/airflow/example_dags/example_nested_branch_dag.py
[2025-01-10T02:19:47.450+0000] {logging_mixin.py:190} INFO - [2025-01-10T02:19:47.449+0000] {dag.py:3239} INFO - Sync 1 DAGs
[2025-01-10T02:19:47.497+0000] {logging_mixin.py:190} INFO - [2025-01-10T02:19:47.497+0000] {dag.py:4180} INFO - Setting next_dagrun for example_nested_branch_dag to 2025-01-09 00:00:00+00:00, run_after=2025-01-10 00:00:00+00:00
[2025-01-10T02:19:47.547+0000] {processor.py:208} INFO - Processing /home/airflow/.local/lib/python3.12/site-packages/airflow/example_dags/example_nested_branch_dag.py took 0.182 seconds
[2025-01-10T02:20:17.634+0000] {processor.py:186} INFO - Started process (PID=166) to work on /home/airflow/.local/lib/python3.12/site-packages/airflow/example_dags/example_nested_branch_dag.py
[2025-01-10T02:20:17.635+0000] {processor.py:914} INFO - Processing file /home/airflow/.local/lib/python3.12/site-packages/airflow/example_dags/example_nested_branch_dag.py for tasks to queue
[2025-01-10T02:20:17.638+0000] {logging_mixin.py:190} INFO - [2025-01-10T02:20:17.637+0000] {dagbag.py:588} INFO - Filling up the DagBag from /home/airflow/.local/lib/python3.12/site-packages/airflow/example_dags/example_nested_branch_dag.py
[2025-01-10T02:20:17.651+0000] {processor.py:925} INFO - DAG(s) 'example_nested_branch_dag' retrieved from /home/airflow/.local/lib/python3.12/site-packages/airflow/example_dags/example_nested_branch_dag.py
[2025-01-10T02:20:17.675+0000] {logging_mixin.py:190} INFO - [2025-01-10T02:20:17.674+0000] {dag.py:3239} INFO - Sync 1 DAGs
[2025-01-10T02:20:17.700+0000] {logging_mixin.py:190} INFO - [2025-01-10T02:20:17.699+0000] {dag.py:4180} INFO - Setting next_dagrun for example_nested_branch_dag to 2025-01-09 00:00:00+00:00, run_after=2025-01-10 00:00:00+00:00
[2025-01-10T02:20:17.725+0000] {processor.py:208} INFO - Processing /home/airflow/.local/lib/python3.12/site-packages/airflow/example_dags/example_nested_branch_dag.py took 0.098 seconds
[2025-01-10T02:20:48.493+0000] {processor.py:186} INFO - Started process (PID=229) to work on /home/airflow/.local/lib/python3.12/site-packages/airflow/example_dags/example_nested_branch_dag.py
[2025-01-10T02:20:48.494+0000] {processor.py:914} INFO - Processing file /home/airflow/.local/lib/python3.12/site-packages/airflow/example_dags/example_nested_branch_dag.py for tasks to queue
[2025-01-10T02:20:48.496+0000] {logging_mixin.py:190} INFO - [2025-01-10T02:20:48.496+0000] {dagbag.py:588} INFO - Filling up the DagBag from /home/airflow/.local/lib/python3.12/site-packages/airflow/example_dags/example_nested_branch_dag.py
[2025-01-10T02:20:48.513+0000] {processor.py:925} INFO - DAG(s) 'example_nested_branch_dag' retrieved from /home/airflow/.local/lib/python3.12/site-packages/airflow/example_dags/example_nested_branch_dag.py
[2025-01-10T02:20:48.544+0000] {logging_mixin.py:190} INFO - [2025-01-10T02:20:48.544+0000] {dag.py:3239} INFO - Sync 1 DAGs
[2025-01-10T02:20:48.593+0000] {logging_mixin.py:190} INFO - [2025-01-10T02:20:48.592+0000] {dag.py:4180} INFO - Setting next_dagrun for example_nested_branch_dag to 2025-01-09 00:00:00+00:00, run_after=2025-01-10 00:00:00+00:00
[2025-01-10T02:20:48.630+0000] {processor.py:208} INFO - Processing /home/airflow/.local/lib/python3.12/site-packages/airflow/example_dags/example_nested_branch_dag.py took 0.145 seconds
[2025-01-10T02:21:19.765+0000] {processor.py:186} INFO - Started process (PID=292) to work on /home/airflow/.local/lib/python3.12/site-packages/airflow/example_dags/example_nested_branch_dag.py
[2025-01-10T02:21:19.767+0000] {processor.py:914} INFO - Processing file /home/airflow/.local/lib/python3.12/site-packages/airflow/example_dags/example_nested_branch_dag.py for tasks to queue
[2025-01-10T02:21:19.770+0000] {logging_mixin.py:190} INFO - [2025-01-10T02:21:19.770+0000] {dagbag.py:588} INFO - Filling up the DagBag from /home/airflow/.local/lib/python3.12/site-packages/airflow/example_dags/example_nested_branch_dag.py
[2025-01-10T02:21:19.788+0000] {processor.py:925} INFO - DAG(s) 'example_nested_branch_dag' retrieved from /home/airflow/.local/lib/python3.12/site-packages/airflow/example_dags/example_nested_branch_dag.py
[2025-01-10T02:21:19.815+0000] {logging_mixin.py:190} INFO - [2025-01-10T02:21:19.815+0000] {dag.py:3239} INFO - Sync 1 DAGs
[2025-01-10T02:21:19.858+0000] {logging_mixin.py:190} INFO - [2025-01-10T02:21:19.858+0000] {dag.py:4180} INFO - Setting next_dagrun for example_nested_branch_dag to 2025-01-09 00:00:00+00:00, run_after=2025-01-10 00:00:00+00:00
[2025-01-10T02:21:19.891+0000] {processor.py:208} INFO - Processing /home/airflow/.local/lib/python3.12/site-packages/airflow/example_dags/example_nested_branch_dag.py took 0.135 seconds
