[2025-01-10T02:19:45.123+0000] {processor.py:186} INFO - Started process (PID=95) to work on /home/airflow/.local/lib/python3.12/site-packages/airflow/example_dags/example_task_group.py
[2025-01-10T02:19:45.125+0000] {processor.py:914} INFO - Processing file /home/airflow/.local/lib/python3.12/site-packages/airflow/example_dags/example_task_group.py for tasks to queue
[2025-01-10T02:19:45.128+0000] {logging_mixin.py:190} INFO - [2025-01-10T02:19:45.128+0000] {dagbag.py:588} INFO - Filling up the DagBag from /home/airflow/.local/lib/python3.12/site-packages/airflow/example_dags/example_task_group.py
[2025-01-10T02:19:45.150+0000] {processor.py:925} INFO - DAG(s) 'example_task_group' retrieved from /home/airflow/.local/lib/python3.12/site-packages/airflow/example_dags/example_task_group.py
[2025-01-10T02:19:45.202+0000] {logging_mixin.py:190} INFO - [2025-01-10T02:19:45.201+0000] {dag.py:3239} INFO - Sync 1 DAGs
[2025-01-10T02:19:45.228+0000] {logging_mixin.py:190} INFO - [2025-01-10T02:19:45.228+0000] {dag.py:4180} INFO - Setting next_dagrun for example_task_group to None, run_after=None
[2025-01-10T02:19:45.284+0000] {processor.py:208} INFO - Processing /home/airflow/.local/lib/python3.12/site-packages/airflow/example_dags/example_task_group.py took 0.171 seconds
[2025-01-10T02:20:16.121+0000] {processor.py:186} INFO - Started process (PID=158) to work on /home/airflow/.local/lib/python3.12/site-packages/airflow/example_dags/example_task_group.py
[2025-01-10T02:20:16.122+0000] {processor.py:914} INFO - Processing file /home/airflow/.local/lib/python3.12/site-packages/airflow/example_dags/example_task_group.py for tasks to queue
[2025-01-10T02:20:16.124+0000] {logging_mixin.py:190} INFO - [2025-01-10T02:20:16.124+0000] {dagbag.py:588} INFO - Filling up the DagBag from /home/airflow/.local/lib/python3.12/site-packages/airflow/example_dags/example_task_group.py
[2025-01-10T02:20:16.135+0000] {processor.py:925} INFO - DAG(s) 'example_task_group' retrieved from /home/airflow/.local/lib/python3.12/site-packages/airflow/example_dags/example_task_group.py
[2025-01-10T02:20:16.159+0000] {logging_mixin.py:190} INFO - [2025-01-10T02:20:16.159+0000] {dag.py:3239} INFO - Sync 1 DAGs
[2025-01-10T02:20:16.174+0000] {logging_mixin.py:190} INFO - [2025-01-10T02:20:16.173+0000] {dag.py:4180} INFO - Setting next_dagrun for example_task_group to None, run_after=None
[2025-01-10T02:20:16.198+0000] {processor.py:208} INFO - Processing /home/airflow/.local/lib/python3.12/site-packages/airflow/example_dags/example_task_group.py took 0.083 seconds
[2025-01-10T02:20:47.756+0000] {processor.py:186} INFO - Started process (PID=221) to work on /home/airflow/.local/lib/python3.12/site-packages/airflow/example_dags/example_task_group.py
[2025-01-10T02:20:47.758+0000] {processor.py:914} INFO - Processing file /home/airflow/.local/lib/python3.12/site-packages/airflow/example_dags/example_task_group.py for tasks to queue
[2025-01-10T02:20:47.763+0000] {logging_mixin.py:190} INFO - [2025-01-10T02:20:47.762+0000] {dagbag.py:588} INFO - Filling up the DagBag from /home/airflow/.local/lib/python3.12/site-packages/airflow/example_dags/example_task_group.py
[2025-01-10T02:20:47.783+0000] {processor.py:925} INFO - DAG(s) 'example_task_group' retrieved from /home/airflow/.local/lib/python3.12/site-packages/airflow/example_dags/example_task_group.py
[2025-01-10T02:20:47.826+0000] {logging_mixin.py:190} INFO - [2025-01-10T02:20:47.825+0000] {dag.py:3239} INFO - Sync 1 DAGs
[2025-01-10T02:20:47.855+0000] {logging_mixin.py:190} INFO - [2025-01-10T02:20:47.854+0000] {dag.py:4180} INFO - Setting next_dagrun for example_task_group to None, run_after=None
[2025-01-10T02:20:47.891+0000] {processor.py:208} INFO - Processing /home/airflow/.local/lib/python3.12/site-packages/airflow/example_dags/example_task_group.py took 0.147 seconds
[2025-01-10T02:21:19.274+0000] {processor.py:186} INFO - Started process (PID=284) to work on /home/airflow/.local/lib/python3.12/site-packages/airflow/example_dags/example_task_group.py
[2025-01-10T02:21:19.275+0000] {processor.py:914} INFO - Processing file /home/airflow/.local/lib/python3.12/site-packages/airflow/example_dags/example_task_group.py for tasks to queue
[2025-01-10T02:21:19.278+0000] {logging_mixin.py:190} INFO - [2025-01-10T02:21:19.277+0000] {dagbag.py:588} INFO - Filling up the DagBag from /home/airflow/.local/lib/python3.12/site-packages/airflow/example_dags/example_task_group.py
[2025-01-10T02:21:19.288+0000] {processor.py:925} INFO - DAG(s) 'example_task_group' retrieved from /home/airflow/.local/lib/python3.12/site-packages/airflow/example_dags/example_task_group.py
[2025-01-10T02:21:19.312+0000] {logging_mixin.py:190} INFO - [2025-01-10T02:21:19.312+0000] {dag.py:3239} INFO - Sync 1 DAGs
[2025-01-10T02:21:19.330+0000] {logging_mixin.py:190} INFO - [2025-01-10T02:21:19.329+0000] {dag.py:4180} INFO - Setting next_dagrun for example_task_group to None, run_after=None
[2025-01-10T02:21:19.353+0000] {processor.py:208} INFO - Processing /home/airflow/.local/lib/python3.12/site-packages/airflow/example_dags/example_task_group.py took 0.085 seconds
