[2025-01-10T02:19:53.275+0000] {processor.py:186} INFO - Started process (PID=109) to work on /home/airflow/.local/lib/python3.12/site-packages/airflow/example_dags/example_branch_operator.py
[2025-01-10T02:19:53.277+0000] {processor.py:914} INFO - Processing file /home/airflow/.local/lib/python3.12/site-packages/airflow/example_dags/example_branch_operator.py for tasks to queue
[2025-01-10T02:19:53.293+0000] {logging_mixin.py:190} INFO - [2025-01-10T02:19:53.288+0000] {dagbag.py:588} INFO - Filling up the DagBag from /home/airflow/.local/lib/python3.12/site-packages/airflow/example_dags/example_branch_operator.py
[2025-01-10T02:19:53.371+0000] {processor.py:925} INFO - DAG(s) 'example_branch_operator' retrieved from /home/airflow/.local/lib/python3.12/site-packages/airflow/example_dags/example_branch_operator.py
[2025-01-10T02:19:53.675+0000] {logging_mixin.py:190} INFO - [2025-01-10T02:19:53.674+0000] {dag.py:3239} INFO - Sync 1 DAGs
[2025-01-10T02:19:53.709+0000] {logging_mixin.py:190} INFO - [2025-01-10T02:19:53.709+0000] {dag.py:4180} INFO - Setting next_dagrun for example_branch_operator to 2025-01-09 00:00:00+00:00, run_after=2025-01-10 00:00:00+00:00
[2025-01-10T02:19:53.748+0000] {processor.py:208} INFO - Processing /home/airflow/.local/lib/python3.12/site-packages/airflow/example_dags/example_branch_operator.py took 0.497 seconds
[2025-01-10T02:20:24.836+0000] {processor.py:186} INFO - Started process (PID=172) to work on /home/airflow/.local/lib/python3.12/site-packages/airflow/example_dags/example_branch_operator.py
[2025-01-10T02:20:24.837+0000] {processor.py:914} INFO - Processing file /home/airflow/.local/lib/python3.12/site-packages/airflow/example_dags/example_branch_operator.py for tasks to queue
[2025-01-10T02:20:24.839+0000] {logging_mixin.py:190} INFO - [2025-01-10T02:20:24.839+0000] {dagbag.py:588} INFO - Filling up the DagBag from /home/airflow/.local/lib/python3.12/site-packages/airflow/example_dags/example_branch_operator.py
[2025-01-10T02:20:24.857+0000] {processor.py:925} INFO - DAG(s) 'example_branch_operator' retrieved from /home/airflow/.local/lib/python3.12/site-packages/airflow/example_dags/example_branch_operator.py
[2025-01-10T02:20:24.889+0000] {logging_mixin.py:190} INFO - [2025-01-10T02:20:24.889+0000] {dag.py:3239} INFO - Sync 1 DAGs
[2025-01-10T02:20:24.915+0000] {logging_mixin.py:190} INFO - [2025-01-10T02:20:24.915+0000] {dag.py:4180} INFO - Setting next_dagrun for example_branch_operator to 2025-01-09 00:00:00+00:00, run_after=2025-01-10 00:00:00+00:00
[2025-01-10T02:20:24.940+0000] {processor.py:208} INFO - Processing /home/airflow/.local/lib/python3.12/site-packages/airflow/example_dags/example_branch_operator.py took 0.110 seconds
[2025-01-10T02:20:55.842+0000] {processor.py:186} INFO - Started process (PID=235) to work on /home/airflow/.local/lib/python3.12/site-packages/airflow/example_dags/example_branch_operator.py
[2025-01-10T02:20:55.843+0000] {processor.py:914} INFO - Processing file /home/airflow/.local/lib/python3.12/site-packages/airflow/example_dags/example_branch_operator.py for tasks to queue
[2025-01-10T02:20:55.846+0000] {logging_mixin.py:190} INFO - [2025-01-10T02:20:55.846+0000] {dagbag.py:588} INFO - Filling up the DagBag from /home/airflow/.local/lib/python3.12/site-packages/airflow/example_dags/example_branch_operator.py
[2025-01-10T02:20:55.873+0000] {processor.py:925} INFO - DAG(s) 'example_branch_operator' retrieved from /home/airflow/.local/lib/python3.12/site-packages/airflow/example_dags/example_branch_operator.py
[2025-01-10T02:20:55.907+0000] {logging_mixin.py:190} INFO - [2025-01-10T02:20:55.907+0000] {dag.py:3239} INFO - Sync 1 DAGs
[2025-01-10T02:20:55.932+0000] {logging_mixin.py:190} INFO - [2025-01-10T02:20:55.932+0000] {dag.py:4180} INFO - Setting next_dagrun for example_branch_operator to 2025-01-09 00:00:00+00:00, run_after=2025-01-10 00:00:00+00:00
[2025-01-10T02:20:55.953+0000] {processor.py:208} INFO - Processing /home/airflow/.local/lib/python3.12/site-packages/airflow/example_dags/example_branch_operator.py took 0.119 seconds
