[2025-01-10T02:19:38.883+0000] {processor.py:186} INFO - Started process (PID=74) to work on /home/airflow/.local/lib/python3.12/site-packages/airflow/example_dags/example_complex.py
[2025-01-10T02:19:38.885+0000] {processor.py:914} INFO - Processing file /home/airflow/.local/lib/python3.12/site-packages/airflow/example_dags/example_complex.py for tasks to queue
[2025-01-10T02:19:38.890+0000] {logging_mixin.py:190} INFO - [2025-01-10T02:19:38.890+0000] {dagbag.py:588} INFO - Filling up the DagBag from /home/airflow/.local/lib/python3.12/site-packages/airflow/example_dags/example_complex.py
[2025-01-10T02:19:38.925+0000] {processor.py:925} INFO - DAG(s) 'example_complex' retrieved from /home/airflow/.local/lib/python3.12/site-packages/airflow/example_dags/example_complex.py
[2025-01-10T02:19:39.004+0000] {logging_mixin.py:190} INFO - [2025-01-10T02:19:39.003+0000] {dag.py:3239} INFO - Sync 1 DAGs
[2025-01-10T02:19:39.043+0000] {logging_mixin.py:190} INFO - [2025-01-10T02:19:39.042+0000] {dag.py:4180} INFO - Setting next_dagrun for example_complex to None, run_after=None
[2025-01-10T02:19:39.091+0000] {processor.py:208} INFO - Processing /home/airflow/.local/lib/python3.12/site-packages/airflow/example_dags/example_complex.py took 0.218 seconds
[2025-01-10T02:20:09.651+0000] {processor.py:186} INFO - Started process (PID=137) to work on /home/airflow/.local/lib/python3.12/site-packages/airflow/example_dags/example_complex.py
[2025-01-10T02:20:09.653+0000] {processor.py:914} INFO - Processing file /home/airflow/.local/lib/python3.12/site-packages/airflow/example_dags/example_complex.py for tasks to queue
[2025-01-10T02:20:09.666+0000] {logging_mixin.py:190} INFO - [2025-01-10T02:20:09.663+0000] {dagbag.py:588} INFO - Filling up the DagBag from /home/airflow/.local/lib/python3.12/site-packages/airflow/example_dags/example_complex.py
[2025-01-10T02:20:09.696+0000] {processor.py:925} INFO - DAG(s) 'example_complex' retrieved from /home/airflow/.local/lib/python3.12/site-packages/airflow/example_dags/example_complex.py
[2025-01-10T02:20:09.806+0000] {logging_mixin.py:190} INFO - [2025-01-10T02:20:09.805+0000] {dag.py:3239} INFO - Sync 1 DAGs
[2025-01-10T02:20:09.865+0000] {logging_mixin.py:190} INFO - [2025-01-10T02:20:09.865+0000] {dag.py:4180} INFO - Setting next_dagrun for example_complex to None, run_after=None
[2025-01-10T02:20:09.903+0000] {processor.py:208} INFO - Processing /home/airflow/.local/lib/python3.12/site-packages/airflow/example_dags/example_complex.py took 0.355 seconds
[2025-01-10T02:20:40.289+0000] {processor.py:186} INFO - Started process (PID=200) to work on /home/airflow/.local/lib/python3.12/site-packages/airflow/example_dags/example_complex.py
[2025-01-10T02:20:40.290+0000] {processor.py:914} INFO - Processing file /home/airflow/.local/lib/python3.12/site-packages/airflow/example_dags/example_complex.py for tasks to queue
[2025-01-10T02:20:40.293+0000] {logging_mixin.py:190} INFO - [2025-01-10T02:20:40.292+0000] {dagbag.py:588} INFO - Filling up the DagBag from /home/airflow/.local/lib/python3.12/site-packages/airflow/example_dags/example_complex.py
[2025-01-10T02:20:40.315+0000] {processor.py:925} INFO - DAG(s) 'example_complex' retrieved from /home/airflow/.local/lib/python3.12/site-packages/airflow/example_dags/example_complex.py
[2025-01-10T02:20:40.349+0000] {logging_mixin.py:190} INFO - [2025-01-10T02:20:40.349+0000] {dag.py:3239} INFO - Sync 1 DAGs
[2025-01-10T02:20:40.366+0000] {logging_mixin.py:190} INFO - [2025-01-10T02:20:40.365+0000] {dag.py:4180} INFO - Setting next_dagrun for example_complex to None, run_after=None
[2025-01-10T02:20:40.394+0000] {processor.py:208} INFO - Processing /home/airflow/.local/lib/python3.12/site-packages/airflow/example_dags/example_complex.py took 0.112 seconds
[2025-01-10T02:21:11.080+0000] {processor.py:186} INFO - Started process (PID=263) to work on /home/airflow/.local/lib/python3.12/site-packages/airflow/example_dags/example_complex.py
[2025-01-10T02:21:11.081+0000] {processor.py:914} INFO - Processing file /home/airflow/.local/lib/python3.12/site-packages/airflow/example_dags/example_complex.py for tasks to queue
[2025-01-10T02:21:11.084+0000] {logging_mixin.py:190} INFO - [2025-01-10T02:21:11.084+0000] {dagbag.py:588} INFO - Filling up the DagBag from /home/airflow/.local/lib/python3.12/site-packages/airflow/example_dags/example_complex.py
[2025-01-10T02:21:11.099+0000] {processor.py:925} INFO - DAG(s) 'example_complex' retrieved from /home/airflow/.local/lib/python3.12/site-packages/airflow/example_dags/example_complex.py
[2025-01-10T02:21:11.136+0000] {logging_mixin.py:190} INFO - [2025-01-10T02:21:11.136+0000] {dag.py:3239} INFO - Sync 1 DAGs
[2025-01-10T02:21:11.152+0000] {logging_mixin.py:190} INFO - [2025-01-10T02:21:11.152+0000] {dag.py:4180} INFO - Setting next_dagrun for example_complex to None, run_after=None
[2025-01-10T02:21:11.176+0000] {processor.py:208} INFO - Processing /home/airflow/.local/lib/python3.12/site-packages/airflow/example_dags/example_complex.py took 0.102 seconds
