[2025-01-10T02:19:53.932+0000] {processor.py:186} INFO - Started process (PID=115) to work on /home/airflow/.local/lib/python3.12/site-packages/airflow/example_dags/example_latest_only_with_trigger.py
[2025-01-10T02:19:53.933+0000] {processor.py:914} INFO - Processing file /home/airflow/.local/lib/python3.12/site-packages/airflow/example_dags/example_latest_only_with_trigger.py for tasks to queue
[2025-01-10T02:19:53.937+0000] {logging_mixin.py:190} INFO - [2025-01-10T02:19:53.936+0000] {dagbag.py:588} INFO - Filling up the DagBag from /home/airflow/.local/lib/python3.12/site-packages/airflow/example_dags/example_latest_only_with_trigger.py
[2025-01-10T02:19:53.945+0000] {processor.py:925} INFO - DAG(s) 'latest_only_with_trigger' retrieved from /home/airflow/.local/lib/python3.12/site-packages/airflow/example_dags/example_latest_only_with_trigger.py
[2025-01-10T02:19:53.969+0000] {logging_mixin.py:190} INFO - [2025-01-10T02:19:53.968+0000] {dag.py:3239} INFO - Sync 1 DAGs
[2025-01-10T02:19:53.996+0000] {logging_mixin.py:190} INFO - [2025-01-10T02:19:53.996+0000] {dag.py:4180} INFO - Setting next_dagrun for latest_only_with_trigger to 2025-01-09 20:00:00+00:00, run_after=2025-01-10 00:00:00+00:00
[2025-01-10T02:19:54.020+0000] {processor.py:208} INFO - Processing /home/airflow/.local/lib/python3.12/site-packages/airflow/example_dags/example_latest_only_with_trigger.py took 0.094 seconds
[2025-01-10T02:20:25.380+0000] {processor.py:186} INFO - Started process (PID=178) to work on /home/airflow/.local/lib/python3.12/site-packages/airflow/example_dags/example_latest_only_with_trigger.py
[2025-01-10T02:20:25.382+0000] {processor.py:914} INFO - Processing file /home/airflow/.local/lib/python3.12/site-packages/airflow/example_dags/example_latest_only_with_trigger.py for tasks to queue
[2025-01-10T02:20:25.385+0000] {logging_mixin.py:190} INFO - [2025-01-10T02:20:25.384+0000] {dagbag.py:588} INFO - Filling up the DagBag from /home/airflow/.local/lib/python3.12/site-packages/airflow/example_dags/example_latest_only_with_trigger.py
[2025-01-10T02:20:25.398+0000] {processor.py:925} INFO - DAG(s) 'latest_only_with_trigger' retrieved from /home/airflow/.local/lib/python3.12/site-packages/airflow/example_dags/example_latest_only_with_trigger.py
[2025-01-10T02:20:25.426+0000] {logging_mixin.py:190} INFO - [2025-01-10T02:20:25.426+0000] {dag.py:3239} INFO - Sync 1 DAGs
[2025-01-10T02:20:25.458+0000] {logging_mixin.py:190} INFO - [2025-01-10T02:20:25.458+0000] {dag.py:4180} INFO - Setting next_dagrun for latest_only_with_trigger to 2025-01-09 20:00:00+00:00, run_after=2025-01-10 00:00:00+00:00
[2025-01-10T02:20:25.492+0000] {processor.py:208} INFO - Processing /home/airflow/.local/lib/python3.12/site-packages/airflow/example_dags/example_latest_only_with_trigger.py took 0.121 seconds
[2025-01-10T02:20:56.242+0000] {processor.py:186} INFO - Started process (PID=241) to work on /home/airflow/.local/lib/python3.12/site-packages/airflow/example_dags/example_latest_only_with_trigger.py
[2025-01-10T02:20:56.244+0000] {processor.py:914} INFO - Processing file /home/airflow/.local/lib/python3.12/site-packages/airflow/example_dags/example_latest_only_with_trigger.py for tasks to queue
[2025-01-10T02:20:56.246+0000] {logging_mixin.py:190} INFO - [2025-01-10T02:20:56.246+0000] {dagbag.py:588} INFO - Filling up the DagBag from /home/airflow/.local/lib/python3.12/site-packages/airflow/example_dags/example_latest_only_with_trigger.py
[2025-01-10T02:20:56.254+0000] {processor.py:925} INFO - DAG(s) 'latest_only_with_trigger' retrieved from /home/airflow/.local/lib/python3.12/site-packages/airflow/example_dags/example_latest_only_with_trigger.py
[2025-01-10T02:20:56.275+0000] {logging_mixin.py:190} INFO - [2025-01-10T02:20:56.274+0000] {dag.py:3239} INFO - Sync 1 DAGs
[2025-01-10T02:20:56.299+0000] {logging_mixin.py:190} INFO - [2025-01-10T02:20:56.299+0000] {dag.py:4180} INFO - Setting next_dagrun for latest_only_with_trigger to 2025-01-09 20:00:00+00:00, run_after=2025-01-10 00:00:00+00:00
[2025-01-10T02:20:56.324+0000] {processor.py:208} INFO - Processing /home/airflow/.local/lib/python3.12/site-packages/airflow/example_dags/example_latest_only_with_trigger.py took 0.088 seconds
