[2025-01-10T02:19:54.463+0000] {processor.py:186} INFO - Started process (PID=121) to work on /home/airflow/.local/lib/python3.12/site-packages/airflow/example_dags/tutorial_taskflow_templates.py
[2025-01-10T02:19:54.464+0000] {processor.py:914} INFO - Processing file /home/airflow/.local/lib/python3.12/site-packages/airflow/example_dags/tutorial_taskflow_templates.py for tasks to queue
[2025-01-10T02:19:54.468+0000] {logging_mixin.py:190} INFO - [2025-01-10T02:19:54.468+0000] {dagbag.py:588} INFO - Filling up the DagBag from /home/airflow/.local/lib/python3.12/site-packages/airflow/example_dags/tutorial_taskflow_templates.py
[2025-01-10T02:19:54.489+0000] {processor.py:925} INFO - DAG(s) 'tutorial_taskflow_templates' retrieved from /home/airflow/.local/lib/python3.12/site-packages/airflow/example_dags/tutorial_taskflow_templates.py
[2025-01-10T02:19:54.514+0000] {logging_mixin.py:190} INFO - [2025-01-10T02:19:54.514+0000] {dag.py:3239} INFO - Sync 1 DAGs
[2025-01-10T02:19:54.547+0000] {logging_mixin.py:190} INFO - [2025-01-10T02:19:54.546+0000] {dag.py:4180} INFO - Setting next_dagrun for tutorial_taskflow_templates to 2025-01-09 00:00:00+00:00, run_after=2025-01-10 00:00:00+00:00
[2025-01-10T02:19:54.579+0000] {processor.py:208} INFO - Processing /home/airflow/.local/lib/python3.12/site-packages/airflow/example_dags/tutorial_taskflow_templates.py took 0.124 seconds
[2025-01-10T02:20:25.941+0000] {processor.py:186} INFO - Started process (PID=184) to work on /home/airflow/.local/lib/python3.12/site-packages/airflow/example_dags/tutorial_taskflow_templates.py
[2025-01-10T02:20:25.942+0000] {processor.py:914} INFO - Processing file /home/airflow/.local/lib/python3.12/site-packages/airflow/example_dags/tutorial_taskflow_templates.py for tasks to queue
[2025-01-10T02:20:25.944+0000] {logging_mixin.py:190} INFO - [2025-01-10T02:20:25.944+0000] {dagbag.py:588} INFO - Filling up the DagBag from /home/airflow/.local/lib/python3.12/site-packages/airflow/example_dags/tutorial_taskflow_templates.py
[2025-01-10T02:20:25.960+0000] {processor.py:925} INFO - DAG(s) 'tutorial_taskflow_templates' retrieved from /home/airflow/.local/lib/python3.12/site-packages/airflow/example_dags/tutorial_taskflow_templates.py
[2025-01-10T02:20:25.983+0000] {logging_mixin.py:190} INFO - [2025-01-10T02:20:25.983+0000] {dag.py:3239} INFO - Sync 1 DAGs
[2025-01-10T02:20:26.012+0000] {logging_mixin.py:190} INFO - [2025-01-10T02:20:26.012+0000] {dag.py:4180} INFO - Setting next_dagrun for tutorial_taskflow_templates to 2025-01-09 00:00:00+00:00, run_after=2025-01-10 00:00:00+00:00
[2025-01-10T02:20:26.040+0000] {processor.py:208} INFO - Processing /home/airflow/.local/lib/python3.12/site-packages/airflow/example_dags/tutorial_taskflow_templates.py took 0.106 seconds
[2025-01-10T02:20:56.625+0000] {processor.py:186} INFO - Started process (PID=247) to work on /home/airflow/.local/lib/python3.12/site-packages/airflow/example_dags/tutorial_taskflow_templates.py
[2025-01-10T02:20:56.626+0000] {processor.py:914} INFO - Processing file /home/airflow/.local/lib/python3.12/site-packages/airflow/example_dags/tutorial_taskflow_templates.py for tasks to queue
[2025-01-10T02:20:56.628+0000] {logging_mixin.py:190} INFO - [2025-01-10T02:20:56.628+0000] {dagbag.py:588} INFO - Filling up the DagBag from /home/airflow/.local/lib/python3.12/site-packages/airflow/example_dags/tutorial_taskflow_templates.py
[2025-01-10T02:20:56.642+0000] {processor.py:925} INFO - DAG(s) 'tutorial_taskflow_templates' retrieved from /home/airflow/.local/lib/python3.12/site-packages/airflow/example_dags/tutorial_taskflow_templates.py
[2025-01-10T02:20:56.662+0000] {logging_mixin.py:190} INFO - [2025-01-10T02:20:56.662+0000] {dag.py:3239} INFO - Sync 1 DAGs
[2025-01-10T02:20:56.688+0000] {logging_mixin.py:190} INFO - [2025-01-10T02:20:56.687+0000] {dag.py:4180} INFO - Setting next_dagrun for tutorial_taskflow_templates to 2025-01-09 00:00:00+00:00, run_after=2025-01-10 00:00:00+00:00
[2025-01-10T02:20:56.715+0000] {processor.py:208} INFO - Processing /home/airflow/.local/lib/python3.12/site-packages/airflow/example_dags/tutorial_taskflow_templates.py took 0.096 seconds
