[2024-12-09T01:33:26.530+0000] {processor.py:186} INFO - Started process (PID=101) to work on /home/airflow/.local/lib/python3.12/site-packages/airflow/example_dags/example_kubernetes_executor.py
[2024-12-09T01:33:26.531+0000] {processor.py:914} INFO - Processing file /home/airflow/.local/lib/python3.12/site-packages/airflow/example_dags/example_kubernetes_executor.py for tasks to queue
[2024-12-09T01:33:26.534+0000] {logging_mixin.py:190} INFO - [2024-12-09T01:33:26.534+0000] {dagbag.py:588} INFO - Filling up the DagBag from /home/airflow/.local/lib/python3.12/site-packages/airflow/example_dags/example_kubernetes_executor.py
[2024-12-09T01:33:26.560+0000] {processor.py:925} INFO - DAG(s) 'example_kubernetes_executor' retrieved from /home/airflow/.local/lib/python3.12/site-packages/airflow/example_dags/example_kubernetes_executor.py
[2024-12-09T01:33:26.789+0000] {logging_mixin.py:190} INFO - [2024-12-09T01:33:26.788+0000] {override.py:1911} INFO - Created Permission View: can edit on DAG:example_kubernetes_executor
[2024-12-09T01:33:26.805+0000] {logging_mixin.py:190} INFO - [2024-12-09T01:33:26.804+0000] {override.py:1911} INFO - Created Permission View: can delete on DAG:example_kubernetes_executor
[2024-12-09T01:33:26.814+0000] {logging_mixin.py:190} INFO - [2024-12-09T01:33:26.813+0000] {override.py:1911} INFO - Created Permission View: can read on DAG:example_kubernetes_executor
[2024-12-09T01:33:26.823+0000] {logging_mixin.py:190} INFO - [2024-12-09T01:33:26.822+0000] {override.py:1911} INFO - Created Permission View: can delete on DAG Run:example_kubernetes_executor
[2024-12-09T01:33:26.831+0000] {logging_mixin.py:190} INFO - [2024-12-09T01:33:26.831+0000] {override.py:1911} INFO - Created Permission View: menu access on DAG Run:example_kubernetes_executor
[2024-12-09T01:33:26.839+0000] {logging_mixin.py:190} INFO - [2024-12-09T01:33:26.839+0000] {override.py:1911} INFO - Created Permission View: can create on DAG Run:example_kubernetes_executor
[2024-12-09T01:33:26.848+0000] {logging_mixin.py:190} INFO - [2024-12-09T01:33:26.847+0000] {override.py:1911} INFO - Created Permission View: can read on DAG Run:example_kubernetes_executor
[2024-12-09T01:33:26.848+0000] {logging_mixin.py:190} INFO - [2024-12-09T01:33:26.848+0000] {dag.py:3239} INFO - Sync 1 DAGs
[2024-12-09T01:33:26.865+0000] {logging_mixin.py:190} INFO - [2024-12-09T01:33:26.865+0000] {dag.py:3262} INFO - Creating ORM DAG for example_kubernetes_executor
[2024-12-09T01:33:26.866+0000] {logging_mixin.py:190} INFO - [2024-12-09T01:33:26.866+0000] {dag.py:4180} INFO - Setting next_dagrun for example_kubernetes_executor to None, run_after=None
[2024-12-09T01:33:26.891+0000] {processor.py:208} INFO - Processing /home/airflow/.local/lib/python3.12/site-packages/airflow/example_dags/example_kubernetes_executor.py took 0.370 seconds
[2024-12-09T01:33:57.202+0000] {processor.py:186} INFO - Started process (PID=163) to work on /home/airflow/.local/lib/python3.12/site-packages/airflow/example_dags/example_kubernetes_executor.py
[2024-12-09T01:33:57.203+0000] {processor.py:914} INFO - Processing file /home/airflow/.local/lib/python3.12/site-packages/airflow/example_dags/example_kubernetes_executor.py for tasks to queue
[2024-12-09T01:33:57.205+0000] {logging_mixin.py:190} INFO - [2024-12-09T01:33:57.205+0000] {dagbag.py:588} INFO - Filling up the DagBag from /home/airflow/.local/lib/python3.12/site-packages/airflow/example_dags/example_kubernetes_executor.py
[2024-12-09T01:33:57.220+0000] {processor.py:925} INFO - DAG(s) 'example_kubernetes_executor' retrieved from /home/airflow/.local/lib/python3.12/site-packages/airflow/example_dags/example_kubernetes_executor.py
[2024-12-09T01:33:57.257+0000] {logging_mixin.py:190} INFO - [2024-12-09T01:33:57.257+0000] {dag.py:3239} INFO - Sync 1 DAGs
[2024-12-09T01:33:57.273+0000] {logging_mixin.py:190} INFO - [2024-12-09T01:33:57.273+0000] {dag.py:4180} INFO - Setting next_dagrun for example_kubernetes_executor to None, run_after=None
[2024-12-09T01:33:57.301+0000] {processor.py:208} INFO - Processing /home/airflow/.local/lib/python3.12/site-packages/airflow/example_dags/example_kubernetes_executor.py took 0.106 seconds
[2024-12-09T01:34:27.395+0000] {processor.py:186} INFO - Started process (PID=226) to work on /home/airflow/.local/lib/python3.12/site-packages/airflow/example_dags/example_kubernetes_executor.py
[2024-12-09T01:34:27.396+0000] {processor.py:914} INFO - Processing file /home/airflow/.local/lib/python3.12/site-packages/airflow/example_dags/example_kubernetes_executor.py for tasks to queue
[2024-12-09T01:34:27.400+0000] {logging_mixin.py:190} INFO - [2024-12-09T01:34:27.399+0000] {dagbag.py:588} INFO - Filling up the DagBag from /home/airflow/.local/lib/python3.12/site-packages/airflow/example_dags/example_kubernetes_executor.py
[2024-12-09T01:34:27.420+0000] {processor.py:925} INFO - DAG(s) 'example_kubernetes_executor' retrieved from /home/airflow/.local/lib/python3.12/site-packages/airflow/example_dags/example_kubernetes_executor.py
[2024-12-09T01:34:27.463+0000] {logging_mixin.py:190} INFO - [2024-12-09T01:34:27.462+0000] {dag.py:3239} INFO - Sync 1 DAGs
[2024-12-09T01:34:27.478+0000] {logging_mixin.py:190} INFO - [2024-12-09T01:34:27.478+0000] {dag.py:4180} INFO - Setting next_dagrun for example_kubernetes_executor to None, run_after=None
[2024-12-09T01:34:27.504+0000] {processor.py:208} INFO - Processing /home/airflow/.local/lib/python3.12/site-packages/airflow/example_dags/example_kubernetes_executor.py took 0.116 seconds
