[2024-12-09T01:33:26.935+0000] {processor.py:186} INFO - Started process (PID=102) to work on /home/airflow/.local/lib/python3.12/site-packages/airflow/example_dags/example_python_operator.py
[2024-12-09T01:33:26.937+0000] {processor.py:914} INFO - Processing file /home/airflow/.local/lib/python3.12/site-packages/airflow/example_dags/example_python_operator.py for tasks to queue
[2024-12-09T01:33:26.941+0000] {logging_mixin.py:190} INFO - [2024-12-09T01:33:26.941+0000] {dagbag.py:588} INFO - Filling up the DagBag from /home/airflow/.local/lib/python3.12/site-packages/airflow/example_dags/example_python_operator.py
[2024-12-09T01:33:26.970+0000] {processor.py:925} INFO - DAG(s) 'example_python_operator' retrieved from /home/airflow/.local/lib/python3.12/site-packages/airflow/example_dags/example_python_operator.py
[2024-12-09T01:33:27.190+0000] {logging_mixin.py:190} INFO - [2024-12-09T01:33:27.189+0000] {override.py:1911} INFO - Created Permission View: can edit on DAG:example_python_operator
[2024-12-09T01:33:27.203+0000] {logging_mixin.py:190} INFO - [2024-12-09T01:33:27.203+0000] {override.py:1911} INFO - Created Permission View: can delete on DAG:example_python_operator
[2024-12-09T01:33:27.212+0000] {logging_mixin.py:190} INFO - [2024-12-09T01:33:27.211+0000] {override.py:1911} INFO - Created Permission View: can read on DAG:example_python_operator
[2024-12-09T01:33:27.221+0000] {logging_mixin.py:190} INFO - [2024-12-09T01:33:27.221+0000] {override.py:1911} INFO - Created Permission View: can delete on DAG Run:example_python_operator
[2024-12-09T01:33:27.230+0000] {logging_mixin.py:190} INFO - [2024-12-09T01:33:27.229+0000] {override.py:1911} INFO - Created Permission View: menu access on DAG Run:example_python_operator
[2024-12-09T01:33:27.237+0000] {logging_mixin.py:190} INFO - [2024-12-09T01:33:27.237+0000] {override.py:1911} INFO - Created Permission View: can create on DAG Run:example_python_operator
[2024-12-09T01:33:27.245+0000] {logging_mixin.py:190} INFO - [2024-12-09T01:33:27.245+0000] {override.py:1911} INFO - Created Permission View: can read on DAG Run:example_python_operator
[2024-12-09T01:33:27.246+0000] {logging_mixin.py:190} INFO - [2024-12-09T01:33:27.246+0000] {dag.py:3239} INFO - Sync 1 DAGs
[2024-12-09T01:33:27.265+0000] {logging_mixin.py:190} INFO - [2024-12-09T01:33:27.264+0000] {dag.py:3262} INFO - Creating ORM DAG for example_python_operator
[2024-12-09T01:33:27.266+0000] {logging_mixin.py:190} INFO - [2024-12-09T01:33:27.266+0000] {dag.py:4180} INFO - Setting next_dagrun for example_python_operator to None, run_after=None
[2024-12-09T01:33:27.287+0000] {processor.py:208} INFO - Processing /home/airflow/.local/lib/python3.12/site-packages/airflow/example_dags/example_python_operator.py took 0.362 seconds
[2024-12-09T01:33:57.360+0000] {processor.py:186} INFO - Started process (PID=164) to work on /home/airflow/.local/lib/python3.12/site-packages/airflow/example_dags/example_python_operator.py
[2024-12-09T01:33:57.361+0000] {processor.py:914} INFO - Processing file /home/airflow/.local/lib/python3.12/site-packages/airflow/example_dags/example_python_operator.py for tasks to queue
[2024-12-09T01:33:57.365+0000] {logging_mixin.py:190} INFO - [2024-12-09T01:33:57.365+0000] {dagbag.py:588} INFO - Filling up the DagBag from /home/airflow/.local/lib/python3.12/site-packages/airflow/example_dags/example_python_operator.py
[2024-12-09T01:33:57.386+0000] {processor.py:925} INFO - DAG(s) 'example_python_operator' retrieved from /home/airflow/.local/lib/python3.12/site-packages/airflow/example_dags/example_python_operator.py
[2024-12-09T01:33:57.414+0000] {logging_mixin.py:190} INFO - [2024-12-09T01:33:57.413+0000] {dag.py:3239} INFO - Sync 1 DAGs
[2024-12-09T01:33:57.441+0000] {logging_mixin.py:190} INFO - [2024-12-09T01:33:57.441+0000] {dag.py:4180} INFO - Setting next_dagrun for example_python_operator to None, run_after=None
[2024-12-09T01:33:57.470+0000] {processor.py:208} INFO - Processing /home/airflow/.local/lib/python3.12/site-packages/airflow/example_dags/example_python_operator.py took 0.120 seconds
[2024-12-09T01:34:27.554+0000] {processor.py:186} INFO - Started process (PID=227) to work on /home/airflow/.local/lib/python3.12/site-packages/airflow/example_dags/example_python_operator.py
[2024-12-09T01:34:27.564+0000] {processor.py:914} INFO - Processing file /home/airflow/.local/lib/python3.12/site-packages/airflow/example_dags/example_python_operator.py for tasks to queue
[2024-12-09T01:34:27.567+0000] {logging_mixin.py:190} INFO - [2024-12-09T01:34:27.567+0000] {dagbag.py:588} INFO - Filling up the DagBag from /home/airflow/.local/lib/python3.12/site-packages/airflow/example_dags/example_python_operator.py
[2024-12-09T01:34:27.582+0000] {processor.py:925} INFO - DAG(s) 'example_python_operator' retrieved from /home/airflow/.local/lib/python3.12/site-packages/airflow/example_dags/example_python_operator.py
[2024-12-09T01:34:27.607+0000] {logging_mixin.py:190} INFO - [2024-12-09T01:34:27.606+0000] {dag.py:3239} INFO - Sync 1 DAGs
[2024-12-09T01:34:27.625+0000] {logging_mixin.py:190} INFO - [2024-12-09T01:34:27.625+0000] {dag.py:4180} INFO - Setting next_dagrun for example_python_operator to None, run_after=None
[2024-12-09T01:34:27.653+0000] {processor.py:208} INFO - Processing /home/airflow/.local/lib/python3.12/site-packages/airflow/example_dags/example_python_operator.py took 0.106 seconds
