[2024-12-09T01:33:24.971+0000] {processor.py:186} INFO - Started process (PID=91) to work on /home/airflow/.local/lib/python3.12/site-packages/airflow/example_dags/example_sensor_decorator.py
[2024-12-09T01:33:24.972+0000] {processor.py:914} INFO - Processing file /home/airflow/.local/lib/python3.12/site-packages/airflow/example_dags/example_sensor_decorator.py for tasks to queue
[2024-12-09T01:33:24.974+0000] {logging_mixin.py:190} INFO - [2024-12-09T01:33:24.974+0000] {dagbag.py:588} INFO - Filling up the DagBag from /home/airflow/.local/lib/python3.12/site-packages/airflow/example_dags/example_sensor_decorator.py
[2024-12-09T01:33:24.987+0000] {processor.py:925} INFO - DAG(s) 'example_sensor_decorator' retrieved from /home/airflow/.local/lib/python3.12/site-packages/airflow/example_dags/example_sensor_decorator.py
[2024-12-09T01:33:25.132+0000] {logging_mixin.py:190} INFO - [2024-12-09T01:33:25.131+0000] {override.py:1911} INFO - Created Permission View: can edit on DAG:example_sensor_decorator
[2024-12-09T01:33:25.143+0000] {logging_mixin.py:190} INFO - [2024-12-09T01:33:25.143+0000] {override.py:1911} INFO - Created Permission View: can delete on DAG:example_sensor_decorator
[2024-12-09T01:33:25.152+0000] {logging_mixin.py:190} INFO - [2024-12-09T01:33:25.151+0000] {override.py:1911} INFO - Created Permission View: can read on DAG:example_sensor_decorator
[2024-12-09T01:33:25.161+0000] {logging_mixin.py:190} INFO - [2024-12-09T01:33:25.160+0000] {override.py:1911} INFO - Created Permission View: can delete on DAG Run:example_sensor_decorator
[2024-12-09T01:33:25.168+0000] {logging_mixin.py:190} INFO - [2024-12-09T01:33:25.168+0000] {override.py:1911} INFO - Created Permission View: menu access on DAG Run:example_sensor_decorator
[2024-12-09T01:33:25.175+0000] {logging_mixin.py:190} INFO - [2024-12-09T01:33:25.175+0000] {override.py:1911} INFO - Created Permission View: can create on DAG Run:example_sensor_decorator
[2024-12-09T01:33:25.182+0000] {logging_mixin.py:190} INFO - [2024-12-09T01:33:25.182+0000] {override.py:1911} INFO - Created Permission View: can read on DAG Run:example_sensor_decorator
[2024-12-09T01:33:25.183+0000] {logging_mixin.py:190} INFO - [2024-12-09T01:33:25.183+0000] {dag.py:3239} INFO - Sync 1 DAGs
[2024-12-09T01:33:25.196+0000] {logging_mixin.py:190} INFO - [2024-12-09T01:33:25.196+0000] {dag.py:3262} INFO - Creating ORM DAG for example_sensor_decorator
[2024-12-09T01:33:25.197+0000] {logging_mixin.py:190} INFO - [2024-12-09T01:33:25.197+0000] {dag.py:4180} INFO - Setting next_dagrun for example_sensor_decorator to None, run_after=None
[2024-12-09T01:33:25.216+0000] {processor.py:208} INFO - Processing /home/airflow/.local/lib/python3.12/site-packages/airflow/example_dags/example_sensor_decorator.py took 0.252 seconds
[2024-12-09T01:33:56.448+0000] {processor.py:186} INFO - Started process (PID=154) to work on /home/airflow/.local/lib/python3.12/site-packages/airflow/example_dags/example_sensor_decorator.py
[2024-12-09T01:33:56.449+0000] {processor.py:914} INFO - Processing file /home/airflow/.local/lib/python3.12/site-packages/airflow/example_dags/example_sensor_decorator.py for tasks to queue
[2024-12-09T01:33:56.451+0000] {logging_mixin.py:190} INFO - [2024-12-09T01:33:56.451+0000] {dagbag.py:588} INFO - Filling up the DagBag from /home/airflow/.local/lib/python3.12/site-packages/airflow/example_dags/example_sensor_decorator.py
[2024-12-09T01:33:56.460+0000] {processor.py:925} INFO - DAG(s) 'example_sensor_decorator' retrieved from /home/airflow/.local/lib/python3.12/site-packages/airflow/example_dags/example_sensor_decorator.py
[2024-12-09T01:33:56.480+0000] {logging_mixin.py:190} INFO - [2024-12-09T01:33:56.480+0000] {dag.py:3239} INFO - Sync 1 DAGs
[2024-12-09T01:33:56.494+0000] {logging_mixin.py:190} INFO - [2024-12-09T01:33:56.494+0000] {dag.py:4180} INFO - Setting next_dagrun for example_sensor_decorator to None, run_after=None
[2024-12-09T01:33:56.516+0000] {processor.py:208} INFO - Processing /home/airflow/.local/lib/python3.12/site-packages/airflow/example_dags/example_sensor_decorator.py took 0.074 seconds
[2024-12-09T01:34:26.566+0000] {processor.py:186} INFO - Started process (PID=217) to work on /home/airflow/.local/lib/python3.12/site-packages/airflow/example_dags/example_sensor_decorator.py
[2024-12-09T01:34:26.568+0000] {processor.py:914} INFO - Processing file /home/airflow/.local/lib/python3.12/site-packages/airflow/example_dags/example_sensor_decorator.py for tasks to queue
[2024-12-09T01:34:26.570+0000] {logging_mixin.py:190} INFO - [2024-12-09T01:34:26.570+0000] {dagbag.py:588} INFO - Filling up the DagBag from /home/airflow/.local/lib/python3.12/site-packages/airflow/example_dags/example_sensor_decorator.py
[2024-12-09T01:34:26.579+0000] {processor.py:925} INFO - DAG(s) 'example_sensor_decorator' retrieved from /home/airflow/.local/lib/python3.12/site-packages/airflow/example_dags/example_sensor_decorator.py
[2024-12-09T01:34:26.599+0000] {logging_mixin.py:190} INFO - [2024-12-09T01:34:26.599+0000] {dag.py:3239} INFO - Sync 1 DAGs
[2024-12-09T01:34:26.615+0000] {logging_mixin.py:190} INFO - [2024-12-09T01:34:26.614+0000] {dag.py:4180} INFO - Setting next_dagrun for example_sensor_decorator to None, run_after=None
[2024-12-09T01:34:26.642+0000] {processor.py:208} INFO - Processing /home/airflow/.local/lib/python3.12/site-packages/airflow/example_dags/example_sensor_decorator.py took 0.083 seconds
