[2024-12-09T01:33:31.064+0000] {processor.py:186} INFO - Started process (PID=117) to work on /home/airflow/.local/lib/python3.12/site-packages/airflow/example_dags/example_subdag_operator.py
[2024-12-09T01:33:31.065+0000] {processor.py:914} INFO - Processing file /home/airflow/.local/lib/python3.12/site-packages/airflow/example_dags/example_subdag_operator.py for tasks to queue
[2024-12-09T01:33:31.070+0000] {logging_mixin.py:190} INFO - [2024-12-09T01:33:31.070+0000] {dagbag.py:588} INFO - Filling up the DagBag from /home/airflow/.local/lib/python3.12/site-packages/airflow/example_dags/example_subdag_operator.py
[2024-12-09T01:33:31.115+0000] {processor.py:925} INFO - DAG(s) 'example_subdag_operator.section-1', 'example_subdag_operator.section-2', 'example_subdag_operator' retrieved from /home/airflow/.local/lib/python3.12/site-packages/airflow/example_dags/example_subdag_operator.py
[2024-12-09T01:33:31.235+0000] {logging_mixin.py:190} INFO - [2024-12-09T01:33:31.234+0000] {override.py:1911} INFO - Created Permission View: can edit on DAG:example_subdag_operator
[2024-12-09T01:33:31.248+0000] {logging_mixin.py:190} INFO - [2024-12-09T01:33:31.248+0000] {override.py:1911} INFO - Created Permission View: can delete on DAG:example_subdag_operator
[2024-12-09T01:33:31.257+0000] {logging_mixin.py:190} INFO - [2024-12-09T01:33:31.257+0000] {override.py:1911} INFO - Created Permission View: can read on DAG:example_subdag_operator
[2024-12-09T01:33:31.266+0000] {logging_mixin.py:190} INFO - [2024-12-09T01:33:31.265+0000] {override.py:1911} INFO - Created Permission View: can delete on DAG Run:example_subdag_operator
[2024-12-09T01:33:31.273+0000] {logging_mixin.py:190} INFO - [2024-12-09T01:33:31.273+0000] {override.py:1911} INFO - Created Permission View: menu access on DAG Run:example_subdag_operator
[2024-12-09T01:33:31.280+0000] {logging_mixin.py:190} INFO - [2024-12-09T01:33:31.280+0000] {override.py:1911} INFO - Created Permission View: can create on DAG Run:example_subdag_operator
[2024-12-09T01:33:31.288+0000] {logging_mixin.py:190} INFO - [2024-12-09T01:33:31.287+0000] {override.py:1911} INFO - Created Permission View: can read on DAG Run:example_subdag_operator
[2024-12-09T01:33:31.288+0000] {logging_mixin.py:190} INFO - [2024-12-09T01:33:31.288+0000] {dag.py:3239} INFO - Sync 3 DAGs
[2024-12-09T01:33:31.306+0000] {logging_mixin.py:190} INFO - [2024-12-09T01:33:31.306+0000] {dag.py:3262} INFO - Creating ORM DAG for example_subdag_operator.section-2
[2024-12-09T01:33:31.308+0000] {logging_mixin.py:190} INFO - [2024-12-09T01:33:31.307+0000] {dag.py:3262} INFO - Creating ORM DAG for example_subdag_operator
[2024-12-09T01:33:31.309+0000] {logging_mixin.py:190} INFO - [2024-12-09T01:33:31.308+0000] {dag.py:3262} INFO - Creating ORM DAG for example_subdag_operator.section-1
[2024-12-09T01:33:31.319+0000] {logging_mixin.py:190} INFO - [2024-12-09T01:33:31.319+0000] {dag.py:4180} INFO - Setting next_dagrun for example_subdag_operator to 2022-01-01 00:00:00+00:00, run_after=2022-01-01 00:00:00+00:00
[2024-12-09T01:33:31.321+0000] {logging_mixin.py:190} INFO - [2024-12-09T01:33:31.320+0000] {dag.py:4180} INFO - Setting next_dagrun for example_subdag_operator.section-1 to None, run_after=None
[2024-12-09T01:33:31.321+0000] {logging_mixin.py:190} INFO - [2024-12-09T01:33:31.321+0000] {dag.py:4180} INFO - Setting next_dagrun for example_subdag_operator.section-2 to None, run_after=None
[2024-12-09T01:33:31.332+0000] {logging_mixin.py:190} INFO - [2024-12-09T01:33:31.331+0000] {dag.py:3239} INFO - Sync 2 DAGs
[2024-12-09T01:33:31.339+0000] {logging_mixin.py:190} INFO - [2024-12-09T01:33:31.338+0000] {dag.py:4180} INFO - Setting next_dagrun for example_subdag_operator.section-1 to None, run_after=None
[2024-12-09T01:33:31.343+0000] {logging_mixin.py:190} INFO - [2024-12-09T01:33:31.343+0000] {dag.py:4180} INFO - Setting next_dagrun for example_subdag_operator.section-2 to None, run_after=None
[2024-12-09T01:33:31.360+0000] {processor.py:208} INFO - Processing /home/airflow/.local/lib/python3.12/site-packages/airflow/example_dags/example_subdag_operator.py took 0.307 seconds
[2024-12-09T01:34:01.416+0000] {processor.py:186} INFO - Started process (PID=180) to work on /home/airflow/.local/lib/python3.12/site-packages/airflow/example_dags/example_subdag_operator.py
[2024-12-09T01:34:01.418+0000] {processor.py:914} INFO - Processing file /home/airflow/.local/lib/python3.12/site-packages/airflow/example_dags/example_subdag_operator.py for tasks to queue
[2024-12-09T01:34:01.423+0000] {logging_mixin.py:190} INFO - [2024-12-09T01:34:01.423+0000] {dagbag.py:588} INFO - Filling up the DagBag from /home/airflow/.local/lib/python3.12/site-packages/airflow/example_dags/example_subdag_operator.py
[2024-12-09T01:34:01.461+0000] {processor.py:925} INFO - DAG(s) 'example_subdag_operator.section-1', 'example_subdag_operator.section-2', 'example_subdag_operator' retrieved from /home/airflow/.local/lib/python3.12/site-packages/airflow/example_dags/example_subdag_operator.py
[2024-12-09T01:34:01.489+0000] {logging_mixin.py:190} INFO - [2024-12-09T01:34:01.489+0000] {dag.py:3239} INFO - Sync 3 DAGs
[2024-12-09T01:34:01.520+0000] {logging_mixin.py:190} INFO - [2024-12-09T01:34:01.519+0000] {dag.py:4180} INFO - Setting next_dagrun for example_subdag_operator to 2022-01-01 00:00:00+00:00, run_after=2022-01-01 00:00:00+00:00
[2024-12-09T01:34:01.523+0000] {logging_mixin.py:190} INFO - [2024-12-09T01:34:01.523+0000] {dag.py:4180} INFO - Setting next_dagrun for example_subdag_operator.section-1 to None, run_after=None
[2024-12-09T01:34:01.525+0000] {logging_mixin.py:190} INFO - [2024-12-09T01:34:01.525+0000] {dag.py:4180} INFO - Setting next_dagrun for example_subdag_operator.section-2 to None, run_after=None
[2024-12-09T01:34:01.533+0000] {logging_mixin.py:190} INFO - [2024-12-09T01:34:01.533+0000] {dag.py:3239} INFO - Sync 2 DAGs
[2024-12-09T01:34:01.540+0000] {logging_mixin.py:190} INFO - [2024-12-09T01:34:01.540+0000] {dag.py:4180} INFO - Setting next_dagrun for example_subdag_operator.section-1 to None, run_after=None
[2024-12-09T01:34:01.541+0000] {logging_mixin.py:190} INFO - [2024-12-09T01:34:01.541+0000] {dag.py:4180} INFO - Setting next_dagrun for example_subdag_operator.section-2 to None, run_after=None
[2024-12-09T01:34:01.561+0000] {processor.py:208} INFO - Processing /home/airflow/.local/lib/python3.12/site-packages/airflow/example_dags/example_subdag_operator.py took 0.153 seconds
[2024-12-09T01:34:32.145+0000] {processor.py:186} INFO - Started process (PID=243) to work on /home/airflow/.local/lib/python3.12/site-packages/airflow/example_dags/example_subdag_operator.py
[2024-12-09T01:34:32.146+0000] {processor.py:914} INFO - Processing file /home/airflow/.local/lib/python3.12/site-packages/airflow/example_dags/example_subdag_operator.py for tasks to queue
[2024-12-09T01:34:32.149+0000] {logging_mixin.py:190} INFO - [2024-12-09T01:34:32.148+0000] {dagbag.py:588} INFO - Filling up the DagBag from /home/airflow/.local/lib/python3.12/site-packages/airflow/example_dags/example_subdag_operator.py
[2024-12-09T01:34:32.178+0000] {processor.py:925} INFO - DAG(s) 'example_subdag_operator.section-1', 'example_subdag_operator.section-2', 'example_subdag_operator' retrieved from /home/airflow/.local/lib/python3.12/site-packages/airflow/example_dags/example_subdag_operator.py
[2024-12-09T01:34:32.193+0000] {logging_mixin.py:190} INFO - [2024-12-09T01:34:32.193+0000] {dag.py:3239} INFO - Sync 3 DAGs
[2024-12-09T01:34:32.217+0000] {logging_mixin.py:190} INFO - [2024-12-09T01:34:32.217+0000] {dag.py:4180} INFO - Setting next_dagrun for example_subdag_operator to 2022-01-01 00:00:00+00:00, run_after=2022-01-01 00:00:00+00:00
[2024-12-09T01:34:32.222+0000] {logging_mixin.py:190} INFO - [2024-12-09T01:34:32.222+0000] {dag.py:4180} INFO - Setting next_dagrun for example_subdag_operator.section-1 to None, run_after=None
[2024-12-09T01:34:32.223+0000] {logging_mixin.py:190} INFO - [2024-12-09T01:34:32.223+0000] {dag.py:4180} INFO - Setting next_dagrun for example_subdag_operator.section-2 to None, run_after=None
[2024-12-09T01:34:32.230+0000] {logging_mixin.py:190} INFO - [2024-12-09T01:34:32.230+0000] {dag.py:3239} INFO - Sync 2 DAGs
[2024-12-09T01:34:32.237+0000] {logging_mixin.py:190} INFO - [2024-12-09T01:34:32.237+0000] {dag.py:4180} INFO - Setting next_dagrun for example_subdag_operator.section-1 to None, run_after=None
[2024-12-09T01:34:32.238+0000] {logging_mixin.py:190} INFO - [2024-12-09T01:34:32.237+0000] {dag.py:4180} INFO - Setting next_dagrun for example_subdag_operator.section-2 to None, run_after=None
[2024-12-09T01:34:32.251+0000] {processor.py:208} INFO - Processing /home/airflow/.local/lib/python3.12/site-packages/airflow/example_dags/example_subdag_operator.py took 0.112 seconds
