[2024-12-09T01:33:25.273+0000] {processor.py:186} INFO - Started process (PID=94) to work on /home/airflow/.local/lib/python3.12/site-packages/airflow/example_dags/example_branch_operator_decorator.py
[2024-12-09T01:33:25.274+0000] {processor.py:914} INFO - Processing file /home/airflow/.local/lib/python3.12/site-packages/airflow/example_dags/example_branch_operator_decorator.py for tasks to queue
[2024-12-09T01:33:25.277+0000] {logging_mixin.py:190} INFO - [2024-12-09T01:33:25.276+0000] {dagbag.py:588} INFO - Filling up the DagBag from /home/airflow/.local/lib/python3.12/site-packages/airflow/example_dags/example_branch_operator_decorator.py
[2024-12-09T01:33:25.302+0000] {processor.py:925} INFO - DAG(s) 'example_branch_python_operator_decorator' retrieved from /home/airflow/.local/lib/python3.12/site-packages/airflow/example_dags/example_branch_operator_decorator.py
[2024-12-09T01:33:25.451+0000] {logging_mixin.py:190} INFO - [2024-12-09T01:33:25.451+0000] {override.py:1911} INFO - Created Permission View: can edit on DAG:example_branch_python_operator_decorator
[2024-12-09T01:33:25.463+0000] {logging_mixin.py:190} INFO - [2024-12-09T01:33:25.462+0000] {override.py:1911} INFO - Created Permission View: can delete on DAG:example_branch_python_operator_decorator
[2024-12-09T01:33:25.471+0000] {logging_mixin.py:190} INFO - [2024-12-09T01:33:25.470+0000] {override.py:1911} INFO - Created Permission View: can read on DAG:example_branch_python_operator_decorator
[2024-12-09T01:33:25.480+0000] {logging_mixin.py:190} INFO - [2024-12-09T01:33:25.480+0000] {override.py:1911} INFO - Created Permission View: can delete on DAG Run:example_branch_python_operator_decorator
[2024-12-09T01:33:25.487+0000] {logging_mixin.py:190} INFO - [2024-12-09T01:33:25.487+0000] {override.py:1911} INFO - Created Permission View: menu access on DAG Run:example_branch_python_operator_decorator
[2024-12-09T01:33:25.495+0000] {logging_mixin.py:190} INFO - [2024-12-09T01:33:25.495+0000] {override.py:1911} INFO - Created Permission View: can create on DAG Run:example_branch_python_operator_decorator
[2024-12-09T01:33:25.503+0000] {logging_mixin.py:190} INFO - [2024-12-09T01:33:25.503+0000] {override.py:1911} INFO - Created Permission View: can read on DAG Run:example_branch_python_operator_decorator
[2024-12-09T01:33:25.504+0000] {logging_mixin.py:190} INFO - [2024-12-09T01:33:25.504+0000] {dag.py:3239} INFO - Sync 1 DAGs
[2024-12-09T01:33:25.518+0000] {logging_mixin.py:190} INFO - [2024-12-09T01:33:25.518+0000] {dag.py:3262} INFO - Creating ORM DAG for example_branch_python_operator_decorator
[2024-12-09T01:33:25.532+0000] {logging_mixin.py:190} INFO - [2024-12-09T01:33:25.532+0000] {dag.py:4180} INFO - Setting next_dagrun for example_branch_python_operator_decorator to 2024-12-08 00:00:00+00:00, run_after=2024-12-09 00:00:00+00:00
[2024-12-09T01:33:25.553+0000] {processor.py:208} INFO - Processing /home/airflow/.local/lib/python3.12/site-packages/airflow/example_dags/example_branch_operator_decorator.py took 0.286 seconds
[2024-12-09T01:33:56.681+0000] {processor.py:186} INFO - Started process (PID=157) to work on /home/airflow/.local/lib/python3.12/site-packages/airflow/example_dags/example_branch_operator_decorator.py
[2024-12-09T01:33:56.682+0000] {processor.py:914} INFO - Processing file /home/airflow/.local/lib/python3.12/site-packages/airflow/example_dags/example_branch_operator_decorator.py for tasks to queue
[2024-12-09T01:33:56.685+0000] {logging_mixin.py:190} INFO - [2024-12-09T01:33:56.684+0000] {dagbag.py:588} INFO - Filling up the DagBag from /home/airflow/.local/lib/python3.12/site-packages/airflow/example_dags/example_branch_operator_decorator.py
[2024-12-09T01:33:56.710+0000] {processor.py:925} INFO - DAG(s) 'example_branch_python_operator_decorator' retrieved from /home/airflow/.local/lib/python3.12/site-packages/airflow/example_dags/example_branch_operator_decorator.py
[2024-12-09T01:33:56.743+0000] {logging_mixin.py:190} INFO - [2024-12-09T01:33:56.742+0000] {dag.py:3239} INFO - Sync 1 DAGs
[2024-12-09T01:33:56.768+0000] {logging_mixin.py:190} INFO - [2024-12-09T01:33:56.768+0000] {dag.py:4180} INFO - Setting next_dagrun for example_branch_python_operator_decorator to 2024-12-08 00:00:00+00:00, run_after=2024-12-09 00:00:00+00:00
[2024-12-09T01:33:56.792+0000] {processor.py:208} INFO - Processing /home/airflow/.local/lib/python3.12/site-packages/airflow/example_dags/example_branch_operator_decorator.py took 0.118 seconds
[2024-12-09T01:34:27.007+0000] {processor.py:186} INFO - Started process (PID=220) to work on /home/airflow/.local/lib/python3.12/site-packages/airflow/example_dags/example_branch_operator_decorator.py
[2024-12-09T01:34:27.009+0000] {processor.py:914} INFO - Processing file /home/airflow/.local/lib/python3.12/site-packages/airflow/example_dags/example_branch_operator_decorator.py for tasks to queue
[2024-12-09T01:34:27.011+0000] {logging_mixin.py:190} INFO - [2024-12-09T01:34:27.011+0000] {dagbag.py:588} INFO - Filling up the DagBag from /home/airflow/.local/lib/python3.12/site-packages/airflow/example_dags/example_branch_operator_decorator.py
[2024-12-09T01:34:27.036+0000] {processor.py:925} INFO - DAG(s) 'example_branch_python_operator_decorator' retrieved from /home/airflow/.local/lib/python3.12/site-packages/airflow/example_dags/example_branch_operator_decorator.py
[2024-12-09T01:34:27.069+0000] {logging_mixin.py:190} INFO - [2024-12-09T01:34:27.069+0000] {dag.py:3239} INFO - Sync 1 DAGs
[2024-12-09T01:34:27.093+0000] {logging_mixin.py:190} INFO - [2024-12-09T01:34:27.093+0000] {dag.py:4180} INFO - Setting next_dagrun for example_branch_python_operator_decorator to 2024-12-08 00:00:00+00:00, run_after=2024-12-09 00:00:00+00:00
[2024-12-09T01:34:27.116+0000] {processor.py:208} INFO - Processing /home/airflow/.local/lib/python3.12/site-packages/airflow/example_dags/example_branch_operator_decorator.py took 0.116 seconds
