[2024-12-09T01:33:30.220+0000] {processor.py:186} INFO - Started process (PID=113) to work on /home/airflow/.local/lib/python3.12/site-packages/airflow/example_dags/example_local_kubernetes_executor.py
[2024-12-09T01:33:30.222+0000] {processor.py:914} INFO - Processing file /home/airflow/.local/lib/python3.12/site-packages/airflow/example_dags/example_local_kubernetes_executor.py for tasks to queue
[2024-12-09T01:33:30.226+0000] {logging_mixin.py:190} INFO - [2024-12-09T01:33:30.225+0000] {dagbag.py:588} INFO - Filling up the DagBag from /home/airflow/.local/lib/python3.12/site-packages/airflow/example_dags/example_local_kubernetes_executor.py
[2024-12-09T01:33:30.238+0000] {processor.py:925} INFO - DAG(s) 'example_local_kubernetes_executor' retrieved from /home/airflow/.local/lib/python3.12/site-packages/airflow/example_dags/example_local_kubernetes_executor.py
[2024-12-09T01:33:30.404+0000] {logging_mixin.py:190} INFO - [2024-12-09T01:33:30.403+0000] {override.py:1911} INFO - Created Permission View: can edit on DAG:example_local_kubernetes_executor
[2024-12-09T01:33:30.421+0000] {logging_mixin.py:190} INFO - [2024-12-09T01:33:30.421+0000] {override.py:1911} INFO - Created Permission View: can delete on DAG:example_local_kubernetes_executor
[2024-12-09T01:33:30.430+0000] {logging_mixin.py:190} INFO - [2024-12-09T01:33:30.430+0000] {override.py:1911} INFO - Created Permission View: can read on DAG:example_local_kubernetes_executor
[2024-12-09T01:33:30.445+0000] {logging_mixin.py:190} INFO - [2024-12-09T01:33:30.445+0000] {override.py:1911} INFO - Created Permission View: can delete on DAG Run:example_local_kubernetes_executor
[2024-12-09T01:33:30.460+0000] {logging_mixin.py:190} INFO - [2024-12-09T01:33:30.459+0000] {override.py:1911} INFO - Created Permission View: menu access on DAG Run:example_local_kubernetes_executor
[2024-12-09T01:33:30.471+0000] {logging_mixin.py:190} INFO - [2024-12-09T01:33:30.471+0000] {override.py:1911} INFO - Created Permission View: can create on DAG Run:example_local_kubernetes_executor
[2024-12-09T01:33:30.484+0000] {logging_mixin.py:190} INFO - [2024-12-09T01:33:30.484+0000] {override.py:1911} INFO - Created Permission View: can read on DAG Run:example_local_kubernetes_executor
[2024-12-09T01:33:30.485+0000] {logging_mixin.py:190} INFO - [2024-12-09T01:33:30.485+0000] {dag.py:3239} INFO - Sync 1 DAGs
[2024-12-09T01:33:30.503+0000] {logging_mixin.py:190} INFO - [2024-12-09T01:33:30.503+0000] {dag.py:3262} INFO - Creating ORM DAG for example_local_kubernetes_executor
[2024-12-09T01:33:30.504+0000] {logging_mixin.py:190} INFO - [2024-12-09T01:33:30.504+0000] {dag.py:4180} INFO - Setting next_dagrun for example_local_kubernetes_executor to None, run_after=None
[2024-12-09T01:33:30.521+0000] {processor.py:208} INFO - Processing /home/airflow/.local/lib/python3.12/site-packages/airflow/example_dags/example_local_kubernetes_executor.py took 0.309 seconds
[2024-12-09T01:34:00.733+0000] {processor.py:186} INFO - Started process (PID=176) to work on /home/airflow/.local/lib/python3.12/site-packages/airflow/example_dags/example_local_kubernetes_executor.py
[2024-12-09T01:34:00.734+0000] {processor.py:914} INFO - Processing file /home/airflow/.local/lib/python3.12/site-packages/airflow/example_dags/example_local_kubernetes_executor.py for tasks to queue
[2024-12-09T01:34:00.737+0000] {logging_mixin.py:190} INFO - [2024-12-09T01:34:00.737+0000] {dagbag.py:588} INFO - Filling up the DagBag from /home/airflow/.local/lib/python3.12/site-packages/airflow/example_dags/example_local_kubernetes_executor.py
[2024-12-09T01:34:00.749+0000] {processor.py:925} INFO - DAG(s) 'example_local_kubernetes_executor' retrieved from /home/airflow/.local/lib/python3.12/site-packages/airflow/example_dags/example_local_kubernetes_executor.py
[2024-12-09T01:34:00.783+0000] {logging_mixin.py:190} INFO - [2024-12-09T01:34:00.783+0000] {dag.py:3239} INFO - Sync 1 DAGs
[2024-12-09T01:34:00.797+0000] {logging_mixin.py:190} INFO - [2024-12-09T01:34:00.797+0000] {dag.py:4180} INFO - Setting next_dagrun for example_local_kubernetes_executor to None, run_after=None
[2024-12-09T01:34:00.821+0000] {processor.py:208} INFO - Processing /home/airflow/.local/lib/python3.12/site-packages/airflow/example_dags/example_local_kubernetes_executor.py took 0.095 seconds
[2024-12-09T01:34:31.781+0000] {processor.py:186} INFO - Started process (PID=239) to work on /home/airflow/.local/lib/python3.12/site-packages/airflow/example_dags/example_local_kubernetes_executor.py
[2024-12-09T01:34:31.781+0000] {processor.py:914} INFO - Processing file /home/airflow/.local/lib/python3.12/site-packages/airflow/example_dags/example_local_kubernetes_executor.py for tasks to queue
[2024-12-09T01:34:31.784+0000] {logging_mixin.py:190} INFO - [2024-12-09T01:34:31.784+0000] {dagbag.py:588} INFO - Filling up the DagBag from /home/airflow/.local/lib/python3.12/site-packages/airflow/example_dags/example_local_kubernetes_executor.py
[2024-12-09T01:34:31.794+0000] {processor.py:925} INFO - DAG(s) 'example_local_kubernetes_executor' retrieved from /home/airflow/.local/lib/python3.12/site-packages/airflow/example_dags/example_local_kubernetes_executor.py
[2024-12-09T01:34:31.835+0000] {logging_mixin.py:190} INFO - [2024-12-09T01:34:31.834+0000] {dag.py:3239} INFO - Sync 1 DAGs
[2024-12-09T01:34:31.849+0000] {logging_mixin.py:190} INFO - [2024-12-09T01:34:31.848+0000] {dag.py:4180} INFO - Setting next_dagrun for example_local_kubernetes_executor to None, run_after=None
[2024-12-09T01:34:31.869+0000] {processor.py:208} INFO - Processing /home/airflow/.local/lib/python3.12/site-packages/airflow/example_dags/example_local_kubernetes_executor.py took 0.094 seconds
