[2024-12-09T01:33:31.275+0000] {processor.py:186} INFO - Started process (PID=118) to work on /home/airflow/.local/lib/python3.12/site-packages/airflow/example_dags/example_sensors.py
[2024-12-09T01:33:31.276+0000] {processor.py:914} INFO - Processing file /home/airflow/.local/lib/python3.12/site-packages/airflow/example_dags/example_sensors.py for tasks to queue
[2024-12-09T01:33:31.279+0000] {logging_mixin.py:190} INFO - [2024-12-09T01:33:31.279+0000] {dagbag.py:588} INFO - Filling up the DagBag from /home/airflow/.local/lib/python3.12/site-packages/airflow/example_dags/example_sensors.py
[2024-12-09T01:33:31.297+0000] {processor.py:925} INFO - DAG(s) 'example_sensors' retrieved from /home/airflow/.local/lib/python3.12/site-packages/airflow/example_dags/example_sensors.py
[2024-12-09T01:33:31.432+0000] {logging_mixin.py:190} INFO - [2024-12-09T01:33:31.432+0000] {override.py:1911} INFO - Created Permission View: can edit on DAG:example_sensors
[2024-12-09T01:33:31.446+0000] {logging_mixin.py:190} INFO - [2024-12-09T01:33:31.445+0000] {override.py:1911} INFO - Created Permission View: can delete on DAG:example_sensors
[2024-12-09T01:33:31.455+0000] {logging_mixin.py:190} INFO - [2024-12-09T01:33:31.455+0000] {override.py:1911} INFO - Created Permission View: can read on DAG:example_sensors
[2024-12-09T01:33:31.470+0000] {logging_mixin.py:190} INFO - [2024-12-09T01:33:31.468+0000] {override.py:1911} INFO - Created Permission View: can delete on DAG Run:example_sensors
[2024-12-09T01:33:31.485+0000] {logging_mixin.py:190} INFO - [2024-12-09T01:33:31.484+0000] {override.py:1911} INFO - Created Permission View: menu access on DAG Run:example_sensors
[2024-12-09T01:33:31.496+0000] {logging_mixin.py:190} INFO - [2024-12-09T01:33:31.495+0000] {override.py:1911} INFO - Created Permission View: can create on DAG Run:example_sensors
[2024-12-09T01:33:31.504+0000] {logging_mixin.py:190} INFO - [2024-12-09T01:33:31.503+0000] {override.py:1911} INFO - Created Permission View: can read on DAG Run:example_sensors
[2024-12-09T01:33:31.504+0000] {logging_mixin.py:190} INFO - [2024-12-09T01:33:31.504+0000] {dag.py:3239} INFO - Sync 1 DAGs
[2024-12-09T01:33:31.520+0000] {logging_mixin.py:190} INFO - [2024-12-09T01:33:31.520+0000] {dag.py:3262} INFO - Creating ORM DAG for example_sensors
[2024-12-09T01:33:31.521+0000] {logging_mixin.py:190} INFO - [2024-12-09T01:33:31.521+0000] {dag.py:4180} INFO - Setting next_dagrun for example_sensors to None, run_after=None
[2024-12-09T01:33:31.539+0000] {processor.py:208} INFO - Processing /home/airflow/.local/lib/python3.12/site-packages/airflow/example_dags/example_sensors.py took 0.272 seconds
[2024-12-09T01:34:01.601+0000] {processor.py:186} INFO - Started process (PID=181) to work on /home/airflow/.local/lib/python3.12/site-packages/airflow/example_dags/example_sensors.py
[2024-12-09T01:34:01.603+0000] {processor.py:914} INFO - Processing file /home/airflow/.local/lib/python3.12/site-packages/airflow/example_dags/example_sensors.py for tasks to queue
[2024-12-09T01:34:01.605+0000] {logging_mixin.py:190} INFO - [2024-12-09T01:34:01.605+0000] {dagbag.py:588} INFO - Filling up the DagBag from /home/airflow/.local/lib/python3.12/site-packages/airflow/example_dags/example_sensors.py
[2024-12-09T01:34:01.617+0000] {processor.py:925} INFO - DAG(s) 'example_sensors' retrieved from /home/airflow/.local/lib/python3.12/site-packages/airflow/example_dags/example_sensors.py
[2024-12-09T01:34:01.644+0000] {logging_mixin.py:190} INFO - [2024-12-09T01:34:01.644+0000] {dag.py:3239} INFO - Sync 1 DAGs
[2024-12-09T01:34:01.659+0000] {logging_mixin.py:190} INFO - [2024-12-09T01:34:01.659+0000] {dag.py:4180} INFO - Setting next_dagrun for example_sensors to None, run_after=None
[2024-12-09T01:34:01.684+0000] {processor.py:208} INFO - Processing /home/airflow/.local/lib/python3.12/site-packages/airflow/example_dags/example_sensors.py took 0.089 seconds
[2024-12-09T01:34:32.262+0000] {processor.py:186} INFO - Started process (PID=244) to work on /home/airflow/.local/lib/python3.12/site-packages/airflow/example_dags/example_sensors.py
[2024-12-09T01:34:32.263+0000] {processor.py:914} INFO - Processing file /home/airflow/.local/lib/python3.12/site-packages/airflow/example_dags/example_sensors.py for tasks to queue
[2024-12-09T01:34:32.265+0000] {logging_mixin.py:190} INFO - [2024-12-09T01:34:32.265+0000] {dagbag.py:588} INFO - Filling up the DagBag from /home/airflow/.local/lib/python3.12/site-packages/airflow/example_dags/example_sensors.py
[2024-12-09T01:34:32.279+0000] {processor.py:925} INFO - DAG(s) 'example_sensors' retrieved from /home/airflow/.local/lib/python3.12/site-packages/airflow/example_dags/example_sensors.py
[2024-12-09T01:34:32.318+0000] {logging_mixin.py:190} INFO - [2024-12-09T01:34:32.318+0000] {dag.py:3239} INFO - Sync 1 DAGs
[2024-12-09T01:34:32.338+0000] {logging_mixin.py:190} INFO - [2024-12-09T01:34:32.338+0000] {dag.py:4180} INFO - Setting next_dagrun for example_sensors to None, run_after=None
[2024-12-09T01:34:32.369+0000] {processor.py:208} INFO - Processing /home/airflow/.local/lib/python3.12/site-packages/airflow/example_dags/example_sensors.py took 0.114 seconds
