[2024-12-09T01:33:23.244+0000] {processor.py:186} INFO - Started process (PID=86) to work on /home/airflow/.local/lib/python3.12/site-packages/airflow/example_dags/example_task_group_decorator.py
[2024-12-09T01:33:23.245+0000] {processor.py:914} INFO - Processing file /home/airflow/.local/lib/python3.12/site-packages/airflow/example_dags/example_task_group_decorator.py for tasks to queue
[2024-12-09T01:33:23.248+0000] {logging_mixin.py:190} INFO - [2024-12-09T01:33:23.247+0000] {dagbag.py:588} INFO - Filling up the DagBag from /home/airflow/.local/lib/python3.12/site-packages/airflow/example_dags/example_task_group_decorator.py
[2024-12-09T01:33:23.269+0000] {processor.py:925} INFO - DAG(s) 'example_task_group_decorator' retrieved from /home/airflow/.local/lib/python3.12/site-packages/airflow/example_dags/example_task_group_decorator.py
[2024-12-09T01:33:23.401+0000] {logging_mixin.py:190} INFO - [2024-12-09T01:33:23.400+0000] {override.py:1911} INFO - Created Permission View: can edit on DAG:example_task_group_decorator
[2024-12-09T01:33:23.411+0000] {logging_mixin.py:190} INFO - [2024-12-09T01:33:23.411+0000] {override.py:1911} INFO - Created Permission View: can delete on DAG:example_task_group_decorator
[2024-12-09T01:33:23.418+0000] {logging_mixin.py:190} INFO - [2024-12-09T01:33:23.418+0000] {override.py:1911} INFO - Created Permission View: can read on DAG:example_task_group_decorator
[2024-12-09T01:33:23.432+0000] {logging_mixin.py:190} INFO - [2024-12-09T01:33:23.432+0000] {override.py:1911} INFO - Created Permission View: can delete on DAG Run:example_task_group_decorator
[2024-12-09T01:33:23.442+0000] {logging_mixin.py:190} INFO - [2024-12-09T01:33:23.442+0000] {override.py:1911} INFO - Created Permission View: menu access on DAG Run:example_task_group_decorator
[2024-12-09T01:33:23.453+0000] {logging_mixin.py:190} INFO - [2024-12-09T01:33:23.453+0000] {override.py:1911} INFO - Created Permission View: can create on DAG Run:example_task_group_decorator
[2024-12-09T01:33:23.466+0000] {logging_mixin.py:190} INFO - [2024-12-09T01:33:23.466+0000] {override.py:1911} INFO - Created Permission View: can read on DAG Run:example_task_group_decorator
[2024-12-09T01:33:23.467+0000] {logging_mixin.py:190} INFO - [2024-12-09T01:33:23.467+0000] {dag.py:3239} INFO - Sync 1 DAGs
[2024-12-09T01:33:23.481+0000] {logging_mixin.py:190} INFO - [2024-12-09T01:33:23.481+0000] {dag.py:3262} INFO - Creating ORM DAG for example_task_group_decorator
[2024-12-09T01:33:23.482+0000] {logging_mixin.py:190} INFO - [2024-12-09T01:33:23.482+0000] {dag.py:4180} INFO - Setting next_dagrun for example_task_group_decorator to None, run_after=None
[2024-12-09T01:33:23.499+0000] {processor.py:208} INFO - Processing /home/airflow/.local/lib/python3.12/site-packages/airflow/example_dags/example_task_group_decorator.py took 0.262 seconds
[2024-12-09T01:33:53.895+0000] {processor.py:186} INFO - Started process (PID=149) to work on /home/airflow/.local/lib/python3.12/site-packages/airflow/example_dags/example_task_group_decorator.py
[2024-12-09T01:33:53.897+0000] {processor.py:914} INFO - Processing file /home/airflow/.local/lib/python3.12/site-packages/airflow/example_dags/example_task_group_decorator.py for tasks to queue
[2024-12-09T01:33:53.900+0000] {logging_mixin.py:190} INFO - [2024-12-09T01:33:53.899+0000] {dagbag.py:588} INFO - Filling up the DagBag from /home/airflow/.local/lib/python3.12/site-packages/airflow/example_dags/example_task_group_decorator.py
[2024-12-09T01:33:53.918+0000] {processor.py:925} INFO - DAG(s) 'example_task_group_decorator' retrieved from /home/airflow/.local/lib/python3.12/site-packages/airflow/example_dags/example_task_group_decorator.py
[2024-12-09T01:33:53.949+0000] {logging_mixin.py:190} INFO - [2024-12-09T01:33:53.948+0000] {dag.py:3239} INFO - Sync 1 DAGs
[2024-12-09T01:33:53.963+0000] {logging_mixin.py:190} INFO - [2024-12-09T01:33:53.963+0000] {dag.py:4180} INFO - Setting next_dagrun for example_task_group_decorator to None, run_after=None
[2024-12-09T01:33:53.988+0000] {processor.py:208} INFO - Processing /home/airflow/.local/lib/python3.12/site-packages/airflow/example_dags/example_task_group_decorator.py took 0.103 seconds
[2024-12-09T01:34:24.306+0000] {processor.py:186} INFO - Started process (PID=211) to work on /home/airflow/.local/lib/python3.12/site-packages/airflow/example_dags/example_task_group_decorator.py
[2024-12-09T01:34:24.308+0000] {processor.py:914} INFO - Processing file /home/airflow/.local/lib/python3.12/site-packages/airflow/example_dags/example_task_group_decorator.py for tasks to queue
[2024-12-09T01:34:24.310+0000] {logging_mixin.py:190} INFO - [2024-12-09T01:34:24.310+0000] {dagbag.py:588} INFO - Filling up the DagBag from /home/airflow/.local/lib/python3.12/site-packages/airflow/example_dags/example_task_group_decorator.py
[2024-12-09T01:34:24.325+0000] {processor.py:925} INFO - DAG(s) 'example_task_group_decorator' retrieved from /home/airflow/.local/lib/python3.12/site-packages/airflow/example_dags/example_task_group_decorator.py
[2024-12-09T01:34:24.351+0000] {logging_mixin.py:190} INFO - [2024-12-09T01:34:24.351+0000] {dag.py:3239} INFO - Sync 1 DAGs
[2024-12-09T01:34:24.364+0000] {logging_mixin.py:190} INFO - [2024-12-09T01:34:24.364+0000] {dag.py:4180} INFO - Setting next_dagrun for example_task_group_decorator to None, run_after=None
[2024-12-09T01:34:24.389+0000] {processor.py:208} INFO - Processing /home/airflow/.local/lib/python3.12/site-packages/airflow/example_dags/example_task_group_decorator.py took 0.088 seconds
[2024-12-09T01:34:54.637+0000] {processor.py:186} INFO - Started process (PID=273) to work on /home/airflow/.local/lib/python3.12/site-packages/airflow/example_dags/example_task_group_decorator.py
[2024-12-09T01:34:54.639+0000] {processor.py:914} INFO - Processing file /home/airflow/.local/lib/python3.12/site-packages/airflow/example_dags/example_task_group_decorator.py for tasks to queue
[2024-12-09T01:34:54.642+0000] {logging_mixin.py:190} INFO - [2024-12-09T01:34:54.642+0000] {dagbag.py:588} INFO - Filling up the DagBag from /home/airflow/.local/lib/python3.12/site-packages/airflow/example_dags/example_task_group_decorator.py
[2024-12-09T01:34:54.669+0000] {processor.py:925} INFO - DAG(s) 'example_task_group_decorator' retrieved from /home/airflow/.local/lib/python3.12/site-packages/airflow/example_dags/example_task_group_decorator.py
[2024-12-09T01:34:54.702+0000] {logging_mixin.py:190} INFO - [2024-12-09T01:34:54.702+0000] {dag.py:3239} INFO - Sync 1 DAGs
[2024-12-09T01:34:54.728+0000] {logging_mixin.py:190} INFO - [2024-12-09T01:34:54.727+0000] {dag.py:4180} INFO - Setting next_dagrun for example_task_group_decorator to None, run_after=None
[2024-12-09T01:34:54.759+0000] {processor.py:208} INFO - Processing /home/airflow/.local/lib/python3.12/site-packages/airflow/example_dags/example_task_group_decorator.py took 0.131 seconds
