[2024-12-09T01:33:20.096+0000] {processor.py:186} INFO - Started process (PID=79) to work on /home/airflow/.local/lib/python3.12/site-packages/airflow/example_dags/example_datasets.py
[2024-12-09T01:33:20.098+0000] {processor.py:914} INFO - Processing file /home/airflow/.local/lib/python3.12/site-packages/airflow/example_dags/example_datasets.py for tasks to queue
[2024-12-09T01:33:20.103+0000] {logging_mixin.py:190} INFO - [2024-12-09T01:33:20.102+0000] {dagbag.py:588} INFO - Filling up the DagBag from /home/airflow/.local/lib/python3.12/site-packages/airflow/example_dags/example_datasets.py
[2024-12-09T01:33:22.193+0000] {processor.py:925} INFO - DAG(s) 'dataset_consumes_1', 'conditional_dataset_and_time_based_timetable', 'dataset_produces_1', 'dataset_consumes_1_never_scheduled', 'dataset_produces_2', 'consume_1_and_2_with_dataset_expressions', 'consume_1_or_both_2_and_3_with_dataset_expressions', 'dataset_consumes_unknown_never_scheduled', 'dataset_consumes_1_and_2', 'consume_1_or_2_with_dataset_expressions' retrieved from /home/airflow/.local/lib/python3.12/site-packages/airflow/example_dags/example_datasets.py
[2024-12-09T01:33:22.307+0000] {logging_mixin.py:190} INFO - [2024-12-09T01:33:22.306+0000] {override.py:1911} INFO - Created Permission View: can edit on DAG:dataset_consumes_1
[2024-12-09T01:33:22.319+0000] {logging_mixin.py:190} INFO - [2024-12-09T01:33:22.318+0000] {override.py:1911} INFO - Created Permission View: can delete on DAG:dataset_consumes_1
[2024-12-09T01:33:22.328+0000] {logging_mixin.py:190} INFO - [2024-12-09T01:33:22.328+0000] {override.py:1911} INFO - Created Permission View: can read on DAG:dataset_consumes_1
[2024-12-09T01:33:22.338+0000] {logging_mixin.py:190} INFO - [2024-12-09T01:33:22.338+0000] {override.py:1911} INFO - Created Permission View: can delete on DAG Run:dataset_consumes_1
[2024-12-09T01:33:22.347+0000] {logging_mixin.py:190} INFO - [2024-12-09T01:33:22.346+0000] {override.py:1911} INFO - Created Permission View: menu access on DAG Run:dataset_consumes_1
[2024-12-09T01:33:22.355+0000] {logging_mixin.py:190} INFO - [2024-12-09T01:33:22.355+0000] {override.py:1911} INFO - Created Permission View: can create on DAG Run:dataset_consumes_1
[2024-12-09T01:33:22.364+0000] {logging_mixin.py:190} INFO - [2024-12-09T01:33:22.364+0000] {override.py:1911} INFO - Created Permission View: can read on DAG Run:dataset_consumes_1
[2024-12-09T01:33:22.382+0000] {logging_mixin.py:190} INFO - [2024-12-09T01:33:22.381+0000] {override.py:1911} INFO - Created Permission View: can edit on DAG:conditional_dataset_and_time_based_timetable
[2024-12-09T01:33:22.391+0000] {logging_mixin.py:190} INFO - [2024-12-09T01:33:22.391+0000] {override.py:1911} INFO - Created Permission View: can delete on DAG:conditional_dataset_and_time_based_timetable
[2024-12-09T01:33:22.400+0000] {logging_mixin.py:190} INFO - [2024-12-09T01:33:22.400+0000] {override.py:1911} INFO - Created Permission View: can read on DAG:conditional_dataset_and_time_based_timetable
[2024-12-09T01:33:22.413+0000] {logging_mixin.py:190} INFO - [2024-12-09T01:33:22.413+0000] {override.py:1911} INFO - Created Permission View: can delete on DAG Run:conditional_dataset_and_time_based_timetable
[2024-12-09T01:33:22.423+0000] {logging_mixin.py:190} INFO - [2024-12-09T01:33:22.423+0000] {override.py:1911} INFO - Created Permission View: menu access on DAG Run:conditional_dataset_and_time_based_timetable
[2024-12-09T01:33:22.434+0000] {logging_mixin.py:190} INFO - [2024-12-09T01:33:22.433+0000] {override.py:1911} INFO - Created Permission View: can create on DAG Run:conditional_dataset_and_time_based_timetable
[2024-12-09T01:33:22.443+0000] {logging_mixin.py:190} INFO - [2024-12-09T01:33:22.443+0000] {override.py:1911} INFO - Created Permission View: can read on DAG Run:conditional_dataset_and_time_based_timetable
[2024-12-09T01:33:22.460+0000] {logging_mixin.py:190} INFO - [2024-12-09T01:33:22.460+0000] {override.py:1911} INFO - Created Permission View: can edit on DAG:dataset_produces_1
[2024-12-09T01:33:22.470+0000] {logging_mixin.py:190} INFO - [2024-12-09T01:33:22.470+0000] {override.py:1911} INFO - Created Permission View: can delete on DAG:dataset_produces_1
[2024-12-09T01:33:22.486+0000] {logging_mixin.py:190} INFO - [2024-12-09T01:33:22.486+0000] {override.py:1911} INFO - Created Permission View: can read on DAG:dataset_produces_1
[2024-12-09T01:33:22.498+0000] {logging_mixin.py:190} INFO - [2024-12-09T01:33:22.498+0000] {override.py:1911} INFO - Created Permission View: can delete on DAG Run:dataset_produces_1
[2024-12-09T01:33:22.506+0000] {logging_mixin.py:190} INFO - [2024-12-09T01:33:22.506+0000] {override.py:1911} INFO - Created Permission View: menu access on DAG Run:dataset_produces_1
[2024-12-09T01:33:22.515+0000] {logging_mixin.py:190} INFO - [2024-12-09T01:33:22.514+0000] {override.py:1911} INFO - Created Permission View: can create on DAG Run:dataset_produces_1
[2024-12-09T01:33:22.522+0000] {logging_mixin.py:190} INFO - [2024-12-09T01:33:22.522+0000] {override.py:1911} INFO - Created Permission View: can read on DAG Run:dataset_produces_1
[2024-12-09T01:33:22.541+0000] {logging_mixin.py:190} INFO - [2024-12-09T01:33:22.541+0000] {override.py:1911} INFO - Created Permission View: can edit on DAG:dataset_consumes_1_never_scheduled
[2024-12-09T01:33:22.550+0000] {logging_mixin.py:190} INFO - [2024-12-09T01:33:22.550+0000] {override.py:1911} INFO - Created Permission View: can delete on DAG:dataset_consumes_1_never_scheduled
[2024-12-09T01:33:22.559+0000] {logging_mixin.py:190} INFO - [2024-12-09T01:33:22.559+0000] {override.py:1911} INFO - Created Permission View: can read on DAG:dataset_consumes_1_never_scheduled
[2024-12-09T01:33:22.573+0000] {logging_mixin.py:190} INFO - [2024-12-09T01:33:22.573+0000] {override.py:1911} INFO - Created Permission View: can delete on DAG Run:dataset_consumes_1_never_scheduled
[2024-12-09T01:33:22.584+0000] {logging_mixin.py:190} INFO - [2024-12-09T01:33:22.583+0000] {override.py:1911} INFO - Created Permission View: menu access on DAG Run:dataset_consumes_1_never_scheduled
[2024-12-09T01:33:22.594+0000] {logging_mixin.py:190} INFO - [2024-12-09T01:33:22.594+0000] {override.py:1911} INFO - Created Permission View: can create on DAG Run:dataset_consumes_1_never_scheduled
[2024-12-09T01:33:22.605+0000] {logging_mixin.py:190} INFO - [2024-12-09T01:33:22.605+0000] {override.py:1911} INFO - Created Permission View: can read on DAG Run:dataset_consumes_1_never_scheduled
[2024-12-09T01:33:22.626+0000] {logging_mixin.py:190} INFO - [2024-12-09T01:33:22.625+0000] {override.py:1911} INFO - Created Permission View: can edit on DAG:dataset_produces_2
[2024-12-09T01:33:22.637+0000] {logging_mixin.py:190} INFO - [2024-12-09T01:33:22.636+0000] {override.py:1911} INFO - Created Permission View: can delete on DAG:dataset_produces_2
[2024-12-09T01:33:22.647+0000] {logging_mixin.py:190} INFO - [2024-12-09T01:33:22.647+0000] {override.py:1911} INFO - Created Permission View: can read on DAG:dataset_produces_2
[2024-12-09T01:33:22.658+0000] {logging_mixin.py:190} INFO - [2024-12-09T01:33:22.657+0000] {override.py:1911} INFO - Created Permission View: can delete on DAG Run:dataset_produces_2
[2024-12-09T01:33:22.669+0000] {logging_mixin.py:190} INFO - [2024-12-09T01:33:22.669+0000] {override.py:1911} INFO - Created Permission View: menu access on DAG Run:dataset_produces_2
[2024-12-09T01:33:22.679+0000] {logging_mixin.py:190} INFO - [2024-12-09T01:33:22.679+0000] {override.py:1911} INFO - Created Permission View: can create on DAG Run:dataset_produces_2
[2024-12-09T01:33:22.690+0000] {logging_mixin.py:190} INFO - [2024-12-09T01:33:22.689+0000] {override.py:1911} INFO - Created Permission View: can read on DAG Run:dataset_produces_2
[2024-12-09T01:33:22.710+0000] {logging_mixin.py:190} INFO - [2024-12-09T01:33:22.710+0000] {override.py:1911} INFO - Created Permission View: can edit on DAG:consume_1_and_2_with_dataset_expressions
[2024-12-09T01:33:22.717+0000] {logging_mixin.py:190} INFO - [2024-12-09T01:33:22.717+0000] {override.py:1911} INFO - Created Permission View: can delete on DAG:consume_1_and_2_with_dataset_expressions
[2024-12-09T01:33:22.724+0000] {logging_mixin.py:190} INFO - [2024-12-09T01:33:22.724+0000] {override.py:1911} INFO - Created Permission View: can read on DAG:consume_1_and_2_with_dataset_expressions
[2024-12-09T01:33:22.732+0000] {logging_mixin.py:190} INFO - [2024-12-09T01:33:22.732+0000] {override.py:1911} INFO - Created Permission View: can delete on DAG Run:consume_1_and_2_with_dataset_expressions
[2024-12-09T01:33:22.739+0000] {logging_mixin.py:190} INFO - [2024-12-09T01:33:22.738+0000] {override.py:1911} INFO - Created Permission View: menu access on DAG Run:consume_1_and_2_with_dataset_expressions
[2024-12-09T01:33:22.745+0000] {logging_mixin.py:190} INFO - [2024-12-09T01:33:22.745+0000] {override.py:1911} INFO - Created Permission View: can create on DAG Run:consume_1_and_2_with_dataset_expressions
[2024-12-09T01:33:22.751+0000] {logging_mixin.py:190} INFO - [2024-12-09T01:33:22.751+0000] {override.py:1911} INFO - Created Permission View: can read on DAG Run:consume_1_and_2_with_dataset_expressions
[2024-12-09T01:33:22.764+0000] {logging_mixin.py:190} INFO - [2024-12-09T01:33:22.764+0000] {override.py:1911} INFO - Created Permission View: can edit on DAG:consume_1_or_both_2_and_3_with_dataset_expressions
[2024-12-09T01:33:22.771+0000] {logging_mixin.py:190} INFO - [2024-12-09T01:33:22.771+0000] {override.py:1911} INFO - Created Permission View: can delete on DAG:consume_1_or_both_2_and_3_with_dataset_expressions
[2024-12-09T01:33:22.779+0000] {logging_mixin.py:190} INFO - [2024-12-09T01:33:22.779+0000] {override.py:1911} INFO - Created Permission View: can read on DAG:consume_1_or_both_2_and_3_with_dataset_expressions
[2024-12-09T01:33:22.789+0000] {logging_mixin.py:190} INFO - [2024-12-09T01:33:22.789+0000] {override.py:1911} INFO - Created Permission View: can delete on DAG Run:consume_1_or_both_2_and_3_with_dataset_expressions
[2024-12-09T01:33:22.797+0000] {logging_mixin.py:190} INFO - [2024-12-09T01:33:22.797+0000] {override.py:1911} INFO - Created Permission View: menu access on DAG Run:consume_1_or_both_2_and_3_with_dataset_expressions
[2024-12-09T01:33:22.807+0000] {logging_mixin.py:190} INFO - [2024-12-09T01:33:22.807+0000] {override.py:1911} INFO - Created Permission View: can create on DAG Run:consume_1_or_both_2_and_3_with_dataset_expressions
[2024-12-09T01:33:22.816+0000] {logging_mixin.py:190} INFO - [2024-12-09T01:33:22.815+0000] {override.py:1911} INFO - Created Permission View: can read on DAG Run:consume_1_or_both_2_and_3_with_dataset_expressions
[2024-12-09T01:33:22.832+0000] {logging_mixin.py:190} INFO - [2024-12-09T01:33:22.831+0000] {override.py:1911} INFO - Created Permission View: can edit on DAG:dataset_consumes_unknown_never_scheduled
[2024-12-09T01:33:22.840+0000] {logging_mixin.py:190} INFO - [2024-12-09T01:33:22.840+0000] {override.py:1911} INFO - Created Permission View: can delete on DAG:dataset_consumes_unknown_never_scheduled
[2024-12-09T01:33:22.849+0000] {logging_mixin.py:190} INFO - [2024-12-09T01:33:22.849+0000] {override.py:1911} INFO - Created Permission View: can read on DAG:dataset_consumes_unknown_never_scheduled
[2024-12-09T01:33:22.859+0000] {logging_mixin.py:190} INFO - [2024-12-09T01:33:22.858+0000] {override.py:1911} INFO - Created Permission View: can delete on DAG Run:dataset_consumes_unknown_never_scheduled
[2024-12-09T01:33:22.866+0000] {logging_mixin.py:190} INFO - [2024-12-09T01:33:22.866+0000] {override.py:1911} INFO - Created Permission View: menu access on DAG Run:dataset_consumes_unknown_never_scheduled
[2024-12-09T01:33:22.874+0000] {logging_mixin.py:190} INFO - [2024-12-09T01:33:22.873+0000] {override.py:1911} INFO - Created Permission View: can create on DAG Run:dataset_consumes_unknown_never_scheduled
[2024-12-09T01:33:22.881+0000] {logging_mixin.py:190} INFO - [2024-12-09T01:33:22.881+0000] {override.py:1911} INFO - Created Permission View: can read on DAG Run:dataset_consumes_unknown_never_scheduled
[2024-12-09T01:33:22.897+0000] {logging_mixin.py:190} INFO - [2024-12-09T01:33:22.897+0000] {override.py:1911} INFO - Created Permission View: can edit on DAG:dataset_consumes_1_and_2
[2024-12-09T01:33:22.904+0000] {logging_mixin.py:190} INFO - [2024-12-09T01:33:22.904+0000] {override.py:1911} INFO - Created Permission View: can delete on DAG:dataset_consumes_1_and_2
[2024-12-09T01:33:22.912+0000] {logging_mixin.py:190} INFO - [2024-12-09T01:33:22.912+0000] {override.py:1911} INFO - Created Permission View: can read on DAG:dataset_consumes_1_and_2
[2024-12-09T01:33:22.921+0000] {logging_mixin.py:190} INFO - [2024-12-09T01:33:22.921+0000] {override.py:1911} INFO - Created Permission View: can delete on DAG Run:dataset_consumes_1_and_2
[2024-12-09T01:33:22.930+0000] {logging_mixin.py:190} INFO - [2024-12-09T01:33:22.930+0000] {override.py:1911} INFO - Created Permission View: menu access on DAG Run:dataset_consumes_1_and_2
[2024-12-09T01:33:22.939+0000] {logging_mixin.py:190} INFO - [2024-12-09T01:33:22.938+0000] {override.py:1911} INFO - Created Permission View: can create on DAG Run:dataset_consumes_1_and_2
[2024-12-09T01:33:22.947+0000] {logging_mixin.py:190} INFO - [2024-12-09T01:33:22.946+0000] {override.py:1911} INFO - Created Permission View: can read on DAG Run:dataset_consumes_1_and_2
[2024-12-09T01:33:22.962+0000] {logging_mixin.py:190} INFO - [2024-12-09T01:33:22.962+0000] {override.py:1911} INFO - Created Permission View: can edit on DAG:consume_1_or_2_with_dataset_expressions
[2024-12-09T01:33:22.971+0000] {logging_mixin.py:190} INFO - [2024-12-09T01:33:22.970+0000] {override.py:1911} INFO - Created Permission View: can delete on DAG:consume_1_or_2_with_dataset_expressions
[2024-12-09T01:33:22.979+0000] {logging_mixin.py:190} INFO - [2024-12-09T01:33:22.979+0000] {override.py:1911} INFO - Created Permission View: can read on DAG:consume_1_or_2_with_dataset_expressions
[2024-12-09T01:33:22.990+0000] {logging_mixin.py:190} INFO - [2024-12-09T01:33:22.990+0000] {override.py:1911} INFO - Created Permission View: can delete on DAG Run:consume_1_or_2_with_dataset_expressions
[2024-12-09T01:33:23.000+0000] {logging_mixin.py:190} INFO - [2024-12-09T01:33:22.999+0000] {override.py:1911} INFO - Created Permission View: menu access on DAG Run:consume_1_or_2_with_dataset_expressions
[2024-12-09T01:33:23.008+0000] {logging_mixin.py:190} INFO - [2024-12-09T01:33:23.008+0000] {override.py:1911} INFO - Created Permission View: can create on DAG Run:consume_1_or_2_with_dataset_expressions
[2024-12-09T01:33:23.017+0000] {logging_mixin.py:190} INFO - [2024-12-09T01:33:23.016+0000] {override.py:1911} INFO - Created Permission View: can read on DAG Run:consume_1_or_2_with_dataset_expressions
[2024-12-09T01:33:23.018+0000] {logging_mixin.py:190} INFO - [2024-12-09T01:33:23.017+0000] {dag.py:3239} INFO - Sync 10 DAGs
[2024-12-09T01:33:23.034+0000] {logging_mixin.py:190} INFO - [2024-12-09T01:33:23.033+0000] {dag.py:3262} INFO - Creating ORM DAG for dataset_consumes_1_never_scheduled
[2024-12-09T01:33:23.035+0000] {logging_mixin.py:190} INFO - [2024-12-09T01:33:23.035+0000] {dag.py:3262} INFO - Creating ORM DAG for dataset_consumes_1_and_2
[2024-12-09T01:33:23.036+0000] {logging_mixin.py:190} INFO - [2024-12-09T01:33:23.036+0000] {dag.py:3262} INFO - Creating ORM DAG for dataset_produces_2
[2024-12-09T01:33:23.037+0000] {logging_mixin.py:190} INFO - [2024-12-09T01:33:23.037+0000] {dag.py:3262} INFO - Creating ORM DAG for conditional_dataset_and_time_based_timetable
[2024-12-09T01:33:23.038+0000] {logging_mixin.py:190} INFO - [2024-12-09T01:33:23.038+0000] {dag.py:3262} INFO - Creating ORM DAG for dataset_produces_1
[2024-12-09T01:33:23.039+0000] {logging_mixin.py:190} INFO - [2024-12-09T01:33:23.039+0000] {dag.py:3262} INFO - Creating ORM DAG for consume_1_or_both_2_and_3_with_dataset_expressions
[2024-12-09T01:33:23.040+0000] {logging_mixin.py:190} INFO - [2024-12-09T01:33:23.040+0000] {dag.py:3262} INFO - Creating ORM DAG for consume_1_and_2_with_dataset_expressions
[2024-12-09T01:33:23.041+0000] {logging_mixin.py:190} INFO - [2024-12-09T01:33:23.041+0000] {dag.py:3262} INFO - Creating ORM DAG for consume_1_or_2_with_dataset_expressions
[2024-12-09T01:33:23.042+0000] {logging_mixin.py:190} INFO - [2024-12-09T01:33:23.042+0000] {dag.py:3262} INFO - Creating ORM DAG for dataset_consumes_1
[2024-12-09T01:33:23.043+0000] {logging_mixin.py:190} INFO - [2024-12-09T01:33:23.043+0000] {dag.py:3262} INFO - Creating ORM DAG for dataset_consumes_unknown_never_scheduled
[2024-12-09T01:33:23.054+0000] {logging_mixin.py:190} INFO - [2024-12-09T01:33:23.054+0000] {dag.py:4180} INFO - Setting next_dagrun for conditional_dataset_and_time_based_timetable to 2024-12-04 01:00:00+00:00, run_after=2024-12-04 01:00:00+00:00
[2024-12-09T01:33:23.055+0000] {logging_mixin.py:190} INFO - [2024-12-09T01:33:23.055+0000] {dag.py:4180} INFO - Setting next_dagrun for consume_1_and_2_with_dataset_expressions to None, run_after=None
[2024-12-09T01:33:23.056+0000] {logging_mixin.py:190} INFO - [2024-12-09T01:33:23.056+0000] {dag.py:4180} INFO - Setting next_dagrun for consume_1_or_2_with_dataset_expressions to None, run_after=None
[2024-12-09T01:33:23.057+0000] {logging_mixin.py:190} INFO - [2024-12-09T01:33:23.056+0000] {dag.py:4180} INFO - Setting next_dagrun for consume_1_or_both_2_and_3_with_dataset_expressions to None, run_after=None
[2024-12-09T01:33:23.057+0000] {logging_mixin.py:190} INFO - [2024-12-09T01:33:23.057+0000] {dag.py:4180} INFO - Setting next_dagrun for dataset_consumes_1 to None, run_after=None
[2024-12-09T01:33:23.058+0000] {logging_mixin.py:190} INFO - [2024-12-09T01:33:23.058+0000] {dag.py:4180} INFO - Setting next_dagrun for dataset_consumes_1_and_2 to None, run_after=None
[2024-12-09T01:33:23.059+0000] {logging_mixin.py:190} INFO - [2024-12-09T01:33:23.059+0000] {dag.py:4180} INFO - Setting next_dagrun for dataset_consumes_1_never_scheduled to None, run_after=None
[2024-12-09T01:33:23.060+0000] {logging_mixin.py:190} INFO - [2024-12-09T01:33:23.060+0000] {dag.py:4180} INFO - Setting next_dagrun for dataset_consumes_unknown_never_scheduled to None, run_after=None
[2024-12-09T01:33:23.062+0000] {logging_mixin.py:190} INFO - [2024-12-09T01:33:23.062+0000] {dag.py:4180} INFO - Setting next_dagrun for dataset_produces_1 to 2024-12-08 00:00:00+00:00, run_after=2024-12-09 00:00:00+00:00
[2024-12-09T01:33:23.064+0000] {logging_mixin.py:190} INFO - [2024-12-09T01:33:23.063+0000] {dag.py:4180} INFO - Setting next_dagrun for dataset_produces_2 to None, run_after=None
[2024-12-09T01:33:23.127+0000] {processor.py:208} INFO - Processing /home/airflow/.local/lib/python3.12/site-packages/airflow/example_dags/example_datasets.py took 3.043 seconds
[2024-12-09T01:33:53.539+0000] {processor.py:186} INFO - Started process (PID=145) to work on /home/airflow/.local/lib/python3.12/site-packages/airflow/example_dags/example_datasets.py
[2024-12-09T01:33:53.540+0000] {processor.py:914} INFO - Processing file /home/airflow/.local/lib/python3.12/site-packages/airflow/example_dags/example_datasets.py for tasks to queue
[2024-12-09T01:33:53.543+0000] {logging_mixin.py:190} INFO - [2024-12-09T01:33:53.543+0000] {dagbag.py:588} INFO - Filling up the DagBag from /home/airflow/.local/lib/python3.12/site-packages/airflow/example_dags/example_datasets.py
[2024-12-09T01:33:54.148+0000] {processor.py:925} INFO - DAG(s) 'dataset_consumes_1', 'consume_1_and_2_with_dataset_expressions', 'consume_1_or_2_with_dataset_expressions', 'dataset_produces_2', 'dataset_consumes_unknown_never_scheduled', 'dataset_consumes_1_never_scheduled', 'consume_1_or_both_2_and_3_with_dataset_expressions', 'dataset_consumes_1_and_2', 'dataset_produces_1', 'conditional_dataset_and_time_based_timetable' retrieved from /home/airflow/.local/lib/python3.12/site-packages/airflow/example_dags/example_datasets.py
[2024-12-09T01:33:54.207+0000] {logging_mixin.py:190} INFO - [2024-12-09T01:33:54.207+0000] {dag.py:3239} INFO - Sync 10 DAGs
[2024-12-09T01:33:54.246+0000] {logging_mixin.py:190} INFO - [2024-12-09T01:33:54.246+0000] {dag.py:4180} INFO - Setting next_dagrun for conditional_dataset_and_time_based_timetable to 2024-12-04 01:00:00+00:00, run_after=2024-12-04 01:00:00+00:00
[2024-12-09T01:33:54.252+0000] {logging_mixin.py:190} INFO - [2024-12-09T01:33:54.252+0000] {dag.py:4180} INFO - Setting next_dagrun for consume_1_and_2_with_dataset_expressions to None, run_after=None
[2024-12-09T01:33:54.267+0000] {logging_mixin.py:190} INFO - [2024-12-09T01:33:54.267+0000] {dag.py:4180} INFO - Setting next_dagrun for consume_1_or_2_with_dataset_expressions to None, run_after=None
[2024-12-09T01:33:54.269+0000] {logging_mixin.py:190} INFO - [2024-12-09T01:33:54.269+0000] {dag.py:4180} INFO - Setting next_dagrun for consume_1_or_both_2_and_3_with_dataset_expressions to None, run_after=None
[2024-12-09T01:33:54.271+0000] {logging_mixin.py:190} INFO - [2024-12-09T01:33:54.271+0000] {dag.py:4180} INFO - Setting next_dagrun for dataset_consumes_1 to None, run_after=None
[2024-12-09T01:33:54.273+0000] {logging_mixin.py:190} INFO - [2024-12-09T01:33:54.273+0000] {dag.py:4180} INFO - Setting next_dagrun for dataset_consumes_1_and_2 to None, run_after=None
[2024-12-09T01:33:54.275+0000] {logging_mixin.py:190} INFO - [2024-12-09T01:33:54.275+0000] {dag.py:4180} INFO - Setting next_dagrun for dataset_consumes_1_never_scheduled to None, run_after=None
[2024-12-09T01:33:54.278+0000] {logging_mixin.py:190} INFO - [2024-12-09T01:33:54.277+0000] {dag.py:4180} INFO - Setting next_dagrun for dataset_consumes_unknown_never_scheduled to None, run_after=None
[2024-12-09T01:33:54.281+0000] {logging_mixin.py:190} INFO - [2024-12-09T01:33:54.281+0000] {dag.py:4180} INFO - Setting next_dagrun for dataset_produces_1 to 2024-12-08 00:00:00+00:00, run_after=2024-12-09 00:00:00+00:00
[2024-12-09T01:33:54.284+0000] {logging_mixin.py:190} INFO - [2024-12-09T01:33:54.283+0000] {dag.py:4180} INFO - Setting next_dagrun for dataset_produces_2 to None, run_after=None
[2024-12-09T01:33:54.331+0000] {processor.py:208} INFO - Processing /home/airflow/.local/lib/python3.12/site-packages/airflow/example_dags/example_datasets.py took 0.798 seconds
[2024-12-09T01:34:24.427+0000] {processor.py:186} INFO - Started process (PID=212) to work on /home/airflow/.local/lib/python3.12/site-packages/airflow/example_dags/example_datasets.py
[2024-12-09T01:34:24.434+0000] {processor.py:914} INFO - Processing file /home/airflow/.local/lib/python3.12/site-packages/airflow/example_dags/example_datasets.py for tasks to queue
[2024-12-09T01:34:24.436+0000] {logging_mixin.py:190} INFO - [2024-12-09T01:34:24.436+0000] {dagbag.py:588} INFO - Filling up the DagBag from /home/airflow/.local/lib/python3.12/site-packages/airflow/example_dags/example_datasets.py
[2024-12-09T01:34:25.400+0000] {processor.py:925} INFO - DAG(s) 'consume_1_and_2_with_dataset_expressions', 'dataset_consumes_1_never_scheduled', 'dataset_produces_2', 'dataset_consumes_1', 'consume_1_or_both_2_and_3_with_dataset_expressions', 'dataset_produces_1', 'consume_1_or_2_with_dataset_expressions', 'dataset_consumes_1_and_2', 'dataset_consumes_unknown_never_scheduled', 'conditional_dataset_and_time_based_timetable' retrieved from /home/airflow/.local/lib/python3.12/site-packages/airflow/example_dags/example_datasets.py
[2024-12-09T01:34:25.806+0000] {logging_mixin.py:190} INFO - [2024-12-09T01:34:25.806+0000] {dag.py:3239} INFO - Sync 10 DAGs
[2024-12-09T01:34:26.306+0000] {logging_mixin.py:190} INFO - [2024-12-09T01:34:25.852+0000] {dag.py:4180} INFO - Setting next_dagrun for conditional_dataset_and_time_based_timetable to 2024-12-04 01:00:00+00:00, run_after=2024-12-04 01:00:00+00:00
[2024-12-09T01:34:26.313+0000] {logging_mixin.py:190} INFO - [2024-12-09T01:34:26.313+0000] {dag.py:4180} INFO - Setting next_dagrun for consume_1_and_2_with_dataset_expressions to None, run_after=None
[2024-12-09T01:34:26.315+0000] {logging_mixin.py:190} INFO - [2024-12-09T01:34:26.315+0000] {dag.py:4180} INFO - Setting next_dagrun for consume_1_or_2_with_dataset_expressions to None, run_after=None
[2024-12-09T01:34:26.317+0000] {logging_mixin.py:190} INFO - [2024-12-09T01:34:26.317+0000] {dag.py:4180} INFO - Setting next_dagrun for consume_1_or_both_2_and_3_with_dataset_expressions to None, run_after=None
[2024-12-09T01:34:26.319+0000] {logging_mixin.py:190} INFO - [2024-12-09T01:34:26.319+0000] {dag.py:4180} INFO - Setting next_dagrun for dataset_consumes_1 to None, run_after=None
[2024-12-09T01:34:26.322+0000] {logging_mixin.py:190} INFO - [2024-12-09T01:34:26.321+0000] {dag.py:4180} INFO - Setting next_dagrun for dataset_consumes_1_and_2 to None, run_after=None
[2024-12-09T01:34:26.324+0000] {logging_mixin.py:190} INFO - [2024-12-09T01:34:26.324+0000] {dag.py:4180} INFO - Setting next_dagrun for dataset_consumes_1_never_scheduled to None, run_after=None
[2024-12-09T01:34:26.327+0000] {logging_mixin.py:190} INFO - [2024-12-09T01:34:26.326+0000] {dag.py:4180} INFO - Setting next_dagrun for dataset_consumes_unknown_never_scheduled to None, run_after=None
[2024-12-09T01:34:26.331+0000] {logging_mixin.py:190} INFO - [2024-12-09T01:34:26.331+0000] {dag.py:4180} INFO - Setting next_dagrun for dataset_produces_1 to 2024-12-08 00:00:00+00:00, run_after=2024-12-09 00:00:00+00:00
[2024-12-09T01:34:26.333+0000] {logging_mixin.py:190} INFO - [2024-12-09T01:34:26.333+0000] {dag.py:4180} INFO - Setting next_dagrun for dataset_produces_2 to None, run_after=None
[2024-12-09T01:34:26.399+0000] {processor.py:208} INFO - Processing /home/airflow/.local/lib/python3.12/site-packages/airflow/example_dags/example_datasets.py took 1.169 seconds
[2024-12-09T01:34:57.700+0000] {processor.py:186} INFO - Started process (PID=275) to work on /home/airflow/.local/lib/python3.12/site-packages/airflow/example_dags/example_datasets.py
[2024-12-09T01:34:57.706+0000] {processor.py:914} INFO - Processing file /home/airflow/.local/lib/python3.12/site-packages/airflow/example_dags/example_datasets.py for tasks to queue
[2024-12-09T01:34:57.725+0000] {logging_mixin.py:190} INFO - [2024-12-09T01:34:57.716+0000] {dagbag.py:588} INFO - Filling up the DagBag from /home/airflow/.local/lib/python3.12/site-packages/airflow/example_dags/example_datasets.py
[2024-12-09T01:35:53.717+0000] {logging_mixin.py:190} INFO - [2024-12-09T01:35:53.405+0000] {timeout.py:68} ERROR - Process timed out, PID: 275
[2024-12-09T01:35:56.116+0000] {logging_mixin.py:190} INFO - [2024-12-09T01:35:54.445+0000] {dagbag.py:387} ERROR - Failed to import: /home/airflow/.local/lib/python3.12/site-packages/airflow/example_dags/example_datasets.py
Traceback (most recent call last):
  File "/home/airflow/.local/lib/python3.12/site-packages/airflow/models/dagbag.py", line 383, in parse
    loader.exec_module(new_module)
  File "<frozen importlib._bootstrap_external>", line 995, in exec_module
  File "<frozen importlib._bootstrap>", line 488, in _call_with_frames_removed
  File "/home/airflow/.local/lib/python3.12/site-packages/airflow/example_dags/example_datasets.py", line 64, in <module>
    dag1_dataset = Dataset("s3://dag1/output_1.txt", extra={"hi": "bye"})
                   ^^^^^^^^^^^^^^^^^^^^^^^^^^^^^^^^^^^^^^^^^^^^^^^^^^^^^^
  File "<attrs generated init airflow.datasets.Dataset>", line 3, in __init__
    _setattr('uri', __attr_converter_uri(uri))
                    ^^^^^^^^^^^^^^^^^^^^^^^^^
  File "/home/airflow/.local/lib/python3.12/site-packages/airflow/datasets/__init__.py", line 108, in _sanitize_uri
    if (normalizer := _get_uri_normalizer(normalized_scheme)) is not None:
                      ^^^^^^^^^^^^^^^^^^^^^^^^^^^^^^^^^^^^^^
  File "/home/airflow/.local/lib/python3.12/site-packages/airflow/datasets/__init__.py", line 58, in _get_uri_normalizer
    return ProvidersManager().dataset_uri_handlers.get(scheme)
           ^^^^^^^^^^^^^^^^^^^^^^^^^^^^^^^^^^^^^^^
  File "/home/airflow/.local/lib/python3.12/site-packages/airflow/providers_manager.py", line 1334, in dataset_uri_handlers
    self.initialize_providers_dataset_uri_resources()
  File "/home/airflow/.local/lib/python3.12/site-packages/airflow/providers_manager.py", line 384, in wrapped_function
    func(*args, **kwargs)
  File "/home/airflow/.local/lib/python3.12/site-packages/airflow/providers_manager.py", line 532, in initialize_providers_dataset_uri_resources
    self._discover_dataset_uri_resources()
  File "/home/airflow/.local/lib/python3.12/site-packages/airflow/providers_manager.py", line 915, in _discover_dataset_uri_resources
    _safe_register_resource(
  File "/home/airflow/.local/lib/python3.12/site-packages/airflow/providers_manager.py", line 903, in _safe_register_resource
    _correctness_check(provider_package_name, resource_path, provider)
  File "/home/airflow/.local/lib/python3.12/site-packages/airflow/providers_manager.py", line 327, in _correctness_check
    imported_class = import_string(class_name)
                     ^^^^^^^^^^^^^^^^^^^^^^^^^
  File "/home/airflow/.local/lib/python3.12/site-packages/airflow/utils/module_loading.py", line 39, in import_string
    module = import_module(module_path)
             ^^^^^^^^^^^^^^^^^^^^^^^^^^
  File "/usr/local/lib/python3.12/importlib/__init__.py", line 90, in import_module
    return _bootstrap._gcd_import(name[level:], package, level)
           ^^^^^^^^^^^^^^^^^^^^^^^^^^^^^^^^^^^^^^^^^^^^^^^^^^^^
  File "<frozen importlib._bootstrap>", line 1387, in _gcd_import
  File "<frozen importlib._bootstrap>", line 1360, in _find_and_load
  File "<frozen importlib._bootstrap>", line 1331, in _find_and_load_unlocked
  File "<frozen importlib._bootstrap>", line 935, in _load_unlocked
  File "<frozen importlib._bootstrap_external>", line 995, in exec_module
  File "<frozen importlib._bootstrap>", line 488, in _call_with_frames_removed
  File "/home/airflow/.local/lib/python3.12/site-packages/airflow/providers/google/assets/gcs.py", line 22, in <module>
    from airflow.providers.google.cloud.hooks.gcs import _parse_gcs_url
  File "/home/airflow/.local/lib/python3.12/site-packages/airflow/providers/google/cloud/hooks/gcs.py", line 37, in <module>
    from google.api_core.exceptions import GoogleAPICallError, NotFound
  File "/home/airflow/.local/lib/python3.12/site-packages/google/api_core/exceptions.py", line 40, in <module>
    import grpc
  File "/home/airflow/.local/lib/python3.12/site-packages/grpc/__init__.py", line 22, in <module>
    from grpc import _compression
  File "/home/airflow/.local/lib/python3.12/site-packages/grpc/_compression.py", line 20, in <module>
    from grpc._cython import cygrpc
  File "<frozen importlib._bootstrap>", line 645, in parent
  File "/home/airflow/.local/lib/python3.12/site-packages/airflow/utils/timeout.py", line 69, in handle_timeout
    raise AirflowTaskTimeout(self.error_message)
airflow.exceptions.AirflowTaskTimeout: DagBag import timeout for /home/airflow/.local/lib/python3.12/site-packages/airflow/example_dags/example_datasets.py after 30.0s.
Please take a look at these docs to improve your DAG import time:
* https://airflow.apache.org/docs/apache-airflow/2.10.3/best-practices.html#top-level-python-code
* https://airflow.apache.org/docs/apache-airflow/2.10.3/best-practices.html#reducing-dag-complexity, PID: 275
[2024-12-09T01:35:56.474+0000] {processor.py:927} WARNING - No viable dags retrieved from /home/airflow/.local/lib/python3.12/site-packages/airflow/example_dags/example_datasets.py
