[2024-12-09T01:33:27.629+0000] {processor.py:186} INFO - Started process (PID=104) to work on /home/airflow/.local/lib/python3.12/site-packages/airflow/example_dags/example_nested_branch_dag.py
[2024-12-09T01:33:27.630+0000] {processor.py:914} INFO - Processing file /home/airflow/.local/lib/python3.12/site-packages/airflow/example_dags/example_nested_branch_dag.py for tasks to queue
[2024-12-09T01:33:27.633+0000] {logging_mixin.py:190} INFO - [2024-12-09T01:33:27.633+0000] {dagbag.py:588} INFO - Filling up the DagBag from /home/airflow/.local/lib/python3.12/site-packages/airflow/example_dags/example_nested_branch_dag.py
[2024-12-09T01:33:27.648+0000] {processor.py:925} INFO - DAG(s) 'example_nested_branch_dag' retrieved from /home/airflow/.local/lib/python3.12/site-packages/airflow/example_dags/example_nested_branch_dag.py
[2024-12-09T01:33:27.795+0000] {logging_mixin.py:190} INFO - [2024-12-09T01:33:27.794+0000] {override.py:1911} INFO - Created Permission View: can edit on DAG:example_nested_branch_dag
[2024-12-09T01:33:27.807+0000] {logging_mixin.py:190} INFO - [2024-12-09T01:33:27.807+0000] {override.py:1911} INFO - Created Permission View: can delete on DAG:example_nested_branch_dag
[2024-12-09T01:33:27.816+0000] {logging_mixin.py:190} INFO - [2024-12-09T01:33:27.815+0000] {override.py:1911} INFO - Created Permission View: can read on DAG:example_nested_branch_dag
[2024-12-09T01:33:27.825+0000] {logging_mixin.py:190} INFO - [2024-12-09T01:33:27.825+0000] {override.py:1911} INFO - Created Permission View: can delete on DAG Run:example_nested_branch_dag
[2024-12-09T01:33:27.834+0000] {logging_mixin.py:190} INFO - [2024-12-09T01:33:27.834+0000] {override.py:1911} INFO - Created Permission View: menu access on DAG Run:example_nested_branch_dag
[2024-12-09T01:33:27.843+0000] {logging_mixin.py:190} INFO - [2024-12-09T01:33:27.843+0000] {override.py:1911} INFO - Created Permission View: can create on DAG Run:example_nested_branch_dag
[2024-12-09T01:33:27.852+0000] {logging_mixin.py:190} INFO - [2024-12-09T01:33:27.851+0000] {override.py:1911} INFO - Created Permission View: can read on DAG Run:example_nested_branch_dag
[2024-12-09T01:33:27.853+0000] {logging_mixin.py:190} INFO - [2024-12-09T01:33:27.852+0000] {dag.py:3239} INFO - Sync 1 DAGs
[2024-12-09T01:33:27.867+0000] {logging_mixin.py:190} INFO - [2024-12-09T01:33:27.867+0000] {dag.py:3262} INFO - Creating ORM DAG for example_nested_branch_dag
[2024-12-09T01:33:27.882+0000] {logging_mixin.py:190} INFO - [2024-12-09T01:33:27.882+0000] {dag.py:4180} INFO - Setting next_dagrun for example_nested_branch_dag to 2024-12-08 00:00:00+00:00, run_after=2024-12-09 00:00:00+00:00
[2024-12-09T01:33:27.900+0000] {processor.py:208} INFO - Processing /home/airflow/.local/lib/python3.12/site-packages/airflow/example_dags/example_nested_branch_dag.py took 0.279 seconds
[2024-12-09T01:33:58.616+0000] {processor.py:186} INFO - Started process (PID=167) to work on /home/airflow/.local/lib/python3.12/site-packages/airflow/example_dags/example_nested_branch_dag.py
[2024-12-09T01:33:58.617+0000] {processor.py:914} INFO - Processing file /home/airflow/.local/lib/python3.12/site-packages/airflow/example_dags/example_nested_branch_dag.py for tasks to queue
[2024-12-09T01:33:58.621+0000] {logging_mixin.py:190} INFO - [2024-12-09T01:33:58.620+0000] {dagbag.py:588} INFO - Filling up the DagBag from /home/airflow/.local/lib/python3.12/site-packages/airflow/example_dags/example_nested_branch_dag.py
[2024-12-09T01:33:58.638+0000] {processor.py:925} INFO - DAG(s) 'example_nested_branch_dag' retrieved from /home/airflow/.local/lib/python3.12/site-packages/airflow/example_dags/example_nested_branch_dag.py
[2024-12-09T01:33:58.660+0000] {logging_mixin.py:190} INFO - [2024-12-09T01:33:58.660+0000] {dag.py:3239} INFO - Sync 1 DAGs
[2024-12-09T01:33:58.685+0000] {logging_mixin.py:190} INFO - [2024-12-09T01:33:58.685+0000] {dag.py:4180} INFO - Setting next_dagrun for example_nested_branch_dag to 2024-12-08 00:00:00+00:00, run_after=2024-12-09 00:00:00+00:00
[2024-12-09T01:33:58.710+0000] {processor.py:208} INFO - Processing /home/airflow/.local/lib/python3.12/site-packages/airflow/example_dags/example_nested_branch_dag.py took 0.102 seconds
[2024-12-09T01:34:29.012+0000] {processor.py:186} INFO - Started process (PID=229) to work on /home/airflow/.local/lib/python3.12/site-packages/airflow/example_dags/example_nested_branch_dag.py
[2024-12-09T01:34:29.102+0000] {processor.py:914} INFO - Processing file /home/airflow/.local/lib/python3.12/site-packages/airflow/example_dags/example_nested_branch_dag.py for tasks to queue
[2024-12-09T01:34:29.105+0000] {logging_mixin.py:190} INFO - [2024-12-09T01:34:29.105+0000] {dagbag.py:588} INFO - Filling up the DagBag from /home/airflow/.local/lib/python3.12/site-packages/airflow/example_dags/example_nested_branch_dag.py
[2024-12-09T01:34:29.118+0000] {processor.py:925} INFO - DAG(s) 'example_nested_branch_dag' retrieved from /home/airflow/.local/lib/python3.12/site-packages/airflow/example_dags/example_nested_branch_dag.py
[2024-12-09T01:34:29.140+0000] {logging_mixin.py:190} INFO - [2024-12-09T01:34:29.140+0000] {dag.py:3239} INFO - Sync 1 DAGs
[2024-12-09T01:34:29.164+0000] {logging_mixin.py:190} INFO - [2024-12-09T01:34:29.164+0000] {dag.py:4180} INFO - Setting next_dagrun for example_nested_branch_dag to 2024-12-08 00:00:00+00:00, run_after=2024-12-09 00:00:00+00:00
[2024-12-09T01:34:29.183+0000] {processor.py:208} INFO - Processing /home/airflow/.local/lib/python3.12/site-packages/airflow/example_dags/example_nested_branch_dag.py took 0.178 seconds
