[2024-12-09T01:33:31.873+0000] {processor.py:186} INFO - Started process (PID=122) to work on /home/airflow/.local/lib/python3.12/site-packages/airflow/example_dags/example_external_task_marker_dag.py
[2024-12-09T01:33:31.874+0000] {processor.py:914} INFO - Processing file /home/airflow/.local/lib/python3.12/site-packages/airflow/example_dags/example_external_task_marker_dag.py for tasks to queue
[2024-12-09T01:33:31.877+0000] {logging_mixin.py:190} INFO - [2024-12-09T01:33:31.877+0000] {dagbag.py:588} INFO - Filling up the DagBag from /home/airflow/.local/lib/python3.12/site-packages/airflow/example_dags/example_external_task_marker_dag.py
[2024-12-09T01:33:31.888+0000] {processor.py:925} INFO - DAG(s) 'example_external_task_marker_parent', 'example_external_task_marker_child' retrieved from /home/airflow/.local/lib/python3.12/site-packages/airflow/example_dags/example_external_task_marker_dag.py
[2024-12-09T01:33:32.099+0000] {logging_mixin.py:190} INFO - [2024-12-09T01:33:32.097+0000] {override.py:1911} INFO - Created Permission View: can edit on DAG:example_external_task_marker_parent
[2024-12-09T01:33:32.126+0000] {logging_mixin.py:190} INFO - [2024-12-09T01:33:32.125+0000] {override.py:1911} INFO - Created Permission View: can delete on DAG:example_external_task_marker_parent
[2024-12-09T01:33:32.144+0000] {logging_mixin.py:190} INFO - [2024-12-09T01:33:32.142+0000] {override.py:1911} INFO - Created Permission View: can read on DAG:example_external_task_marker_parent
[2024-12-09T01:33:32.169+0000] {logging_mixin.py:190} INFO - [2024-12-09T01:33:32.168+0000] {override.py:1911} INFO - Created Permission View: can delete on DAG Run:example_external_task_marker_parent
[2024-12-09T01:33:32.186+0000] {logging_mixin.py:190} INFO - [2024-12-09T01:33:32.185+0000] {override.py:1911} INFO - Created Permission View: menu access on DAG Run:example_external_task_marker_parent
[2024-12-09T01:33:32.203+0000] {logging_mixin.py:190} INFO - [2024-12-09T01:33:32.202+0000] {override.py:1911} INFO - Created Permission View: can create on DAG Run:example_external_task_marker_parent
[2024-12-09T01:33:32.216+0000] {logging_mixin.py:190} INFO - [2024-12-09T01:33:32.215+0000] {override.py:1911} INFO - Created Permission View: can read on DAG Run:example_external_task_marker_parent
[2024-12-09T01:33:32.249+0000] {logging_mixin.py:190} INFO - [2024-12-09T01:33:32.248+0000] {override.py:1911} INFO - Created Permission View: can edit on DAG:example_external_task_marker_child
[2024-12-09T01:33:32.260+0000] {logging_mixin.py:190} INFO - [2024-12-09T01:33:32.260+0000] {override.py:1911} INFO - Created Permission View: can delete on DAG:example_external_task_marker_child
[2024-12-09T01:33:32.273+0000] {logging_mixin.py:190} INFO - [2024-12-09T01:33:32.273+0000] {override.py:1911} INFO - Created Permission View: can read on DAG:example_external_task_marker_child
[2024-12-09T01:33:32.291+0000] {logging_mixin.py:190} INFO - [2024-12-09T01:33:32.290+0000] {override.py:1911} INFO - Created Permission View: can delete on DAG Run:example_external_task_marker_child
[2024-12-09T01:33:32.304+0000] {logging_mixin.py:190} INFO - [2024-12-09T01:33:32.304+0000] {override.py:1911} INFO - Created Permission View: menu access on DAG Run:example_external_task_marker_child
[2024-12-09T01:33:32.316+0000] {logging_mixin.py:190} INFO - [2024-12-09T01:33:32.316+0000] {override.py:1911} INFO - Created Permission View: can create on DAG Run:example_external_task_marker_child
[2024-12-09T01:33:32.331+0000] {logging_mixin.py:190} INFO - [2024-12-09T01:33:32.330+0000] {override.py:1911} INFO - Created Permission View: can read on DAG Run:example_external_task_marker_child
[2024-12-09T01:33:32.331+0000] {logging_mixin.py:190} INFO - [2024-12-09T01:33:32.331+0000] {dag.py:3239} INFO - Sync 2 DAGs
[2024-12-09T01:33:32.349+0000] {logging_mixin.py:190} INFO - [2024-12-09T01:33:32.349+0000] {dag.py:3262} INFO - Creating ORM DAG for example_external_task_marker_child
[2024-12-09T01:33:32.351+0000] {logging_mixin.py:190} INFO - [2024-12-09T01:33:32.351+0000] {dag.py:3262} INFO - Creating ORM DAG for example_external_task_marker_parent
[2024-12-09T01:33:32.352+0000] {logging_mixin.py:190} INFO - [2024-12-09T01:33:32.352+0000] {dag.py:4180} INFO - Setting next_dagrun for example_external_task_marker_child to None, run_after=None
[2024-12-09T01:33:32.354+0000] {logging_mixin.py:190} INFO - [2024-12-09T01:33:32.354+0000] {dag.py:4180} INFO - Setting next_dagrun for example_external_task_marker_parent to None, run_after=None
[2024-12-09T01:33:32.390+0000] {processor.py:208} INFO - Processing /home/airflow/.local/lib/python3.12/site-packages/airflow/example_dags/example_external_task_marker_dag.py took 0.524 seconds
[2024-12-09T01:34:02.931+0000] {processor.py:186} INFO - Started process (PID=185) to work on /home/airflow/.local/lib/python3.12/site-packages/airflow/example_dags/example_external_task_marker_dag.py
[2024-12-09T01:34:03.017+0000] {processor.py:914} INFO - Processing file /home/airflow/.local/lib/python3.12/site-packages/airflow/example_dags/example_external_task_marker_dag.py for tasks to queue
[2024-12-09T01:34:03.019+0000] {logging_mixin.py:190} INFO - [2024-12-09T01:34:03.019+0000] {dagbag.py:588} INFO - Filling up the DagBag from /home/airflow/.local/lib/python3.12/site-packages/airflow/example_dags/example_external_task_marker_dag.py
[2024-12-09T01:34:03.030+0000] {processor.py:925} INFO - DAG(s) 'example_external_task_marker_parent', 'example_external_task_marker_child' retrieved from /home/airflow/.local/lib/python3.12/site-packages/airflow/example_dags/example_external_task_marker_dag.py
[2024-12-09T01:34:03.060+0000] {logging_mixin.py:190} INFO - [2024-12-09T01:34:03.060+0000] {dag.py:3239} INFO - Sync 2 DAGs
[2024-12-09T01:34:03.077+0000] {logging_mixin.py:190} INFO - [2024-12-09T01:34:03.076+0000] {dag.py:4180} INFO - Setting next_dagrun for example_external_task_marker_child to None, run_after=None
[2024-12-09T01:34:03.081+0000] {logging_mixin.py:190} INFO - [2024-12-09T01:34:03.081+0000] {dag.py:4180} INFO - Setting next_dagrun for example_external_task_marker_parent to None, run_after=None
[2024-12-09T01:34:03.109+0000] {processor.py:208} INFO - Processing /home/airflow/.local/lib/python3.12/site-packages/airflow/example_dags/example_external_task_marker_dag.py took 0.185 seconds
[2024-12-09T01:34:33.577+0000] {processor.py:186} INFO - Started process (PID=248) to work on /home/airflow/.local/lib/python3.12/site-packages/airflow/example_dags/example_external_task_marker_dag.py
[2024-12-09T01:34:33.579+0000] {processor.py:914} INFO - Processing file /home/airflow/.local/lib/python3.12/site-packages/airflow/example_dags/example_external_task_marker_dag.py for tasks to queue
[2024-12-09T01:34:33.582+0000] {logging_mixin.py:190} INFO - [2024-12-09T01:34:33.582+0000] {dagbag.py:588} INFO - Filling up the DagBag from /home/airflow/.local/lib/python3.12/site-packages/airflow/example_dags/example_external_task_marker_dag.py
[2024-12-09T01:34:33.595+0000] {processor.py:925} INFO - DAG(s) 'example_external_task_marker_parent', 'example_external_task_marker_child' retrieved from /home/airflow/.local/lib/python3.12/site-packages/airflow/example_dags/example_external_task_marker_dag.py
[2024-12-09T01:34:33.635+0000] {logging_mixin.py:190} INFO - [2024-12-09T01:34:33.634+0000] {dag.py:3239} INFO - Sync 2 DAGs
[2024-12-09T01:34:33.675+0000] {logging_mixin.py:190} INFO - [2024-12-09T01:34:33.674+0000] {dag.py:4180} INFO - Setting next_dagrun for example_external_task_marker_child to None, run_after=None
[2024-12-09T01:34:33.682+0000] {logging_mixin.py:190} INFO - [2024-12-09T01:34:33.681+0000] {dag.py:4180} INFO - Setting next_dagrun for example_external_task_marker_parent to None, run_after=None
[2024-12-09T01:34:33.728+0000] {processor.py:208} INFO - Processing /home/airflow/.local/lib/python3.12/site-packages/airflow/example_dags/example_external_task_marker_dag.py took 0.162 seconds
