[2024-12-09T01:33:30.562+0000] {processor.py:186} INFO - Started process (PID=115) to work on /home/airflow/.local/lib/python3.12/site-packages/airflow/example_dags/example_latest_only_with_trigger.py
[2024-12-09T01:33:30.563+0000] {processor.py:914} INFO - Processing file /home/airflow/.local/lib/python3.12/site-packages/airflow/example_dags/example_latest_only_with_trigger.py for tasks to queue
[2024-12-09T01:33:30.566+0000] {logging_mixin.py:190} INFO - [2024-12-09T01:33:30.566+0000] {dagbag.py:588} INFO - Filling up the DagBag from /home/airflow/.local/lib/python3.12/site-packages/airflow/example_dags/example_latest_only_with_trigger.py
[2024-12-09T01:33:30.580+0000] {processor.py:925} INFO - DAG(s) 'latest_only_with_trigger' retrieved from /home/airflow/.local/lib/python3.12/site-packages/airflow/example_dags/example_latest_only_with_trigger.py
[2024-12-09T01:33:30.823+0000] {logging_mixin.py:190} INFO - [2024-12-09T01:33:30.822+0000] {override.py:1911} INFO - Created Permission View: can edit on DAG:latest_only_with_trigger
[2024-12-09T01:33:30.842+0000] {logging_mixin.py:190} INFO - [2024-12-09T01:33:30.841+0000] {override.py:1911} INFO - Created Permission View: can delete on DAG:latest_only_with_trigger
[2024-12-09T01:33:30.867+0000] {logging_mixin.py:190} INFO - [2024-12-09T01:33:30.867+0000] {override.py:1911} INFO - Created Permission View: can read on DAG:latest_only_with_trigger
[2024-12-09T01:33:30.886+0000] {logging_mixin.py:190} INFO - [2024-12-09T01:33:30.885+0000] {override.py:1911} INFO - Created Permission View: can delete on DAG Run:latest_only_with_trigger
[2024-12-09T01:33:30.907+0000] {logging_mixin.py:190} INFO - [2024-12-09T01:33:30.906+0000] {override.py:1911} INFO - Created Permission View: menu access on DAG Run:latest_only_with_trigger
[2024-12-09T01:33:30.924+0000] {logging_mixin.py:190} INFO - [2024-12-09T01:33:30.923+0000] {override.py:1911} INFO - Created Permission View: can create on DAG Run:latest_only_with_trigger
[2024-12-09T01:33:30.938+0000] {logging_mixin.py:190} INFO - [2024-12-09T01:33:30.938+0000] {override.py:1911} INFO - Created Permission View: can read on DAG Run:latest_only_with_trigger
[2024-12-09T01:33:30.939+0000] {logging_mixin.py:190} INFO - [2024-12-09T01:33:30.939+0000] {dag.py:3239} INFO - Sync 1 DAGs
[2024-12-09T01:33:30.969+0000] {logging_mixin.py:190} INFO - [2024-12-09T01:33:30.969+0000] {dag.py:3262} INFO - Creating ORM DAG for latest_only_with_trigger
[2024-12-09T01:33:30.987+0000] {logging_mixin.py:190} INFO - [2024-12-09T01:33:30.986+0000] {dag.py:4180} INFO - Setting next_dagrun for latest_only_with_trigger to 2024-12-08 20:00:00+00:00, run_after=2024-12-09 00:00:00+00:00
[2024-12-09T01:33:31.013+0000] {processor.py:208} INFO - Processing /home/airflow/.local/lib/python3.12/site-packages/airflow/example_dags/example_latest_only_with_trigger.py took 0.460 seconds
[2024-12-09T01:34:01.149+0000] {processor.py:186} INFO - Started process (PID=178) to work on /home/airflow/.local/lib/python3.12/site-packages/airflow/example_dags/example_latest_only_with_trigger.py
[2024-12-09T01:34:01.150+0000] {processor.py:914} INFO - Processing file /home/airflow/.local/lib/python3.12/site-packages/airflow/example_dags/example_latest_only_with_trigger.py for tasks to queue
[2024-12-09T01:34:01.153+0000] {logging_mixin.py:190} INFO - [2024-12-09T01:34:01.152+0000] {dagbag.py:588} INFO - Filling up the DagBag from /home/airflow/.local/lib/python3.12/site-packages/airflow/example_dags/example_latest_only_with_trigger.py
[2024-12-09T01:34:01.161+0000] {processor.py:925} INFO - DAG(s) 'latest_only_with_trigger' retrieved from /home/airflow/.local/lib/python3.12/site-packages/airflow/example_dags/example_latest_only_with_trigger.py
[2024-12-09T01:34:01.183+0000] {logging_mixin.py:190} INFO - [2024-12-09T01:34:01.182+0000] {dag.py:3239} INFO - Sync 1 DAGs
[2024-12-09T01:34:01.206+0000] {logging_mixin.py:190} INFO - [2024-12-09T01:34:01.206+0000] {dag.py:4180} INFO - Setting next_dagrun for latest_only_with_trigger to 2024-12-08 20:00:00+00:00, run_after=2024-12-09 00:00:00+00:00
[2024-12-09T01:34:01.231+0000] {processor.py:208} INFO - Processing /home/airflow/.local/lib/python3.12/site-packages/airflow/example_dags/example_latest_only_with_trigger.py took 0.088 seconds
[2024-12-09T01:34:32.026+0000] {processor.py:186} INFO - Started process (PID=241) to work on /home/airflow/.local/lib/python3.12/site-packages/airflow/example_dags/example_latest_only_with_trigger.py
[2024-12-09T01:34:32.028+0000] {processor.py:914} INFO - Processing file /home/airflow/.local/lib/python3.12/site-packages/airflow/example_dags/example_latest_only_with_trigger.py for tasks to queue
[2024-12-09T01:34:32.030+0000] {logging_mixin.py:190} INFO - [2024-12-09T01:34:32.030+0000] {dagbag.py:588} INFO - Filling up the DagBag from /home/airflow/.local/lib/python3.12/site-packages/airflow/example_dags/example_latest_only_with_trigger.py
[2024-12-09T01:34:32.038+0000] {processor.py:925} INFO - DAG(s) 'latest_only_with_trigger' retrieved from /home/airflow/.local/lib/python3.12/site-packages/airflow/example_dags/example_latest_only_with_trigger.py
[2024-12-09T01:34:32.058+0000] {logging_mixin.py:190} INFO - [2024-12-09T01:34:32.058+0000] {dag.py:3239} INFO - Sync 1 DAGs
[2024-12-09T01:34:32.079+0000] {logging_mixin.py:190} INFO - [2024-12-09T01:34:32.079+0000] {dag.py:4180} INFO - Setting next_dagrun for latest_only_with_trigger to 2024-12-08 20:00:00+00:00, run_after=2024-12-09 00:00:00+00:00
[2024-12-09T01:34:32.103+0000] {processor.py:208} INFO - Processing /home/airflow/.local/lib/python3.12/site-packages/airflow/example_dags/example_latest_only_with_trigger.py took 0.082 seconds
