[2024-12-09T01:33:26.004+0000] {processor.py:186} INFO - Started process (PID=98) to work on /home/airflow/.local/lib/python3.12/site-packages/airflow/example_dags/example_branch_labels.py
[2024-12-09T01:33:26.005+0000] {processor.py:914} INFO - Processing file /home/airflow/.local/lib/python3.12/site-packages/airflow/example_dags/example_branch_labels.py for tasks to queue
[2024-12-09T01:33:26.007+0000] {logging_mixin.py:190} INFO - [2024-12-09T01:33:26.007+0000] {dagbag.py:588} INFO - Filling up the DagBag from /home/airflow/.local/lib/python3.12/site-packages/airflow/example_dags/example_branch_labels.py
[2024-12-09T01:33:26.020+0000] {processor.py:925} INFO - DAG(s) 'example_branch_labels' retrieved from /home/airflow/.local/lib/python3.12/site-packages/airflow/example_dags/example_branch_labels.py
[2024-12-09T01:33:26.149+0000] {logging_mixin.py:190} INFO - [2024-12-09T01:33:26.149+0000] {override.py:1911} INFO - Created Permission View: can edit on DAG:example_branch_labels
[2024-12-09T01:33:26.161+0000] {logging_mixin.py:190} INFO - [2024-12-09T01:33:26.161+0000] {override.py:1911} INFO - Created Permission View: can delete on DAG:example_branch_labels
[2024-12-09T01:33:26.170+0000] {logging_mixin.py:190} INFO - [2024-12-09T01:33:26.170+0000] {override.py:1911} INFO - Created Permission View: can read on DAG:example_branch_labels
[2024-12-09T01:33:26.180+0000] {logging_mixin.py:190} INFO - [2024-12-09T01:33:26.180+0000] {override.py:1911} INFO - Created Permission View: can delete on DAG Run:example_branch_labels
[2024-12-09T01:33:26.189+0000] {logging_mixin.py:190} INFO - [2024-12-09T01:33:26.188+0000] {override.py:1911} INFO - Created Permission View: menu access on DAG Run:example_branch_labels
[2024-12-09T01:33:26.197+0000] {logging_mixin.py:190} INFO - [2024-12-09T01:33:26.197+0000] {override.py:1911} INFO - Created Permission View: can create on DAG Run:example_branch_labels
[2024-12-09T01:33:26.206+0000] {logging_mixin.py:190} INFO - [2024-12-09T01:33:26.206+0000] {override.py:1911} INFO - Created Permission View: can read on DAG Run:example_branch_labels
[2024-12-09T01:33:26.207+0000] {logging_mixin.py:190} INFO - [2024-12-09T01:33:26.207+0000] {dag.py:3239} INFO - Sync 1 DAGs
[2024-12-09T01:33:26.222+0000] {logging_mixin.py:190} INFO - [2024-12-09T01:33:26.222+0000] {dag.py:3262} INFO - Creating ORM DAG for example_branch_labels
[2024-12-09T01:33:26.234+0000] {logging_mixin.py:190} INFO - [2024-12-09T01:33:26.233+0000] {dag.py:4180} INFO - Setting next_dagrun for example_branch_labels to 2024-12-08 00:00:00+00:00, run_after=2024-12-09 00:00:00+00:00
[2024-12-09T01:33:26.251+0000] {processor.py:208} INFO - Processing /home/airflow/.local/lib/python3.12/site-packages/airflow/example_dags/example_branch_labels.py took 0.255 seconds
[2024-12-09T01:33:56.952+0000] {processor.py:186} INFO - Started process (PID=161) to work on /home/airflow/.local/lib/python3.12/site-packages/airflow/example_dags/example_branch_labels.py
[2024-12-09T01:33:56.953+0000] {processor.py:914} INFO - Processing file /home/airflow/.local/lib/python3.12/site-packages/airflow/example_dags/example_branch_labels.py for tasks to queue
[2024-12-09T01:33:56.955+0000] {logging_mixin.py:190} INFO - [2024-12-09T01:33:56.955+0000] {dagbag.py:588} INFO - Filling up the DagBag from /home/airflow/.local/lib/python3.12/site-packages/airflow/example_dags/example_branch_labels.py
[2024-12-09T01:33:56.965+0000] {processor.py:925} INFO - DAG(s) 'example_branch_labels' retrieved from /home/airflow/.local/lib/python3.12/site-packages/airflow/example_dags/example_branch_labels.py
[2024-12-09T01:33:56.985+0000] {logging_mixin.py:190} INFO - [2024-12-09T01:33:56.985+0000] {dag.py:3239} INFO - Sync 1 DAGs
[2024-12-09T01:33:57.007+0000] {logging_mixin.py:190} INFO - [2024-12-09T01:33:57.006+0000] {dag.py:4180} INFO - Setting next_dagrun for example_branch_labels to 2024-12-08 00:00:00+00:00, run_after=2024-12-09 00:00:00+00:00
[2024-12-09T01:33:57.028+0000] {processor.py:208} INFO - Processing /home/airflow/.local/lib/python3.12/site-packages/airflow/example_dags/example_branch_labels.py took 0.082 seconds
[2024-12-09T01:34:27.259+0000] {processor.py:186} INFO - Started process (PID=224) to work on /home/airflow/.local/lib/python3.12/site-packages/airflow/example_dags/example_branch_labels.py
[2024-12-09T01:34:27.261+0000] {processor.py:914} INFO - Processing file /home/airflow/.local/lib/python3.12/site-packages/airflow/example_dags/example_branch_labels.py for tasks to queue
[2024-12-09T01:34:27.264+0000] {logging_mixin.py:190} INFO - [2024-12-09T01:34:27.263+0000] {dagbag.py:588} INFO - Filling up the DagBag from /home/airflow/.local/lib/python3.12/site-packages/airflow/example_dags/example_branch_labels.py
[2024-12-09T01:34:27.276+0000] {processor.py:925} INFO - DAG(s) 'example_branch_labels' retrieved from /home/airflow/.local/lib/python3.12/site-packages/airflow/example_dags/example_branch_labels.py
[2024-12-09T01:34:27.300+0000] {logging_mixin.py:190} INFO - [2024-12-09T01:34:27.300+0000] {dag.py:3239} INFO - Sync 1 DAGs
[2024-12-09T01:34:27.327+0000] {logging_mixin.py:190} INFO - [2024-12-09T01:34:27.327+0000] {dag.py:4180} INFO - Setting next_dagrun for example_branch_labels to 2024-12-08 00:00:00+00:00, run_after=2024-12-09 00:00:00+00:00
[2024-12-09T01:34:27.354+0000] {processor.py:208} INFO - Processing /home/airflow/.local/lib/python3.12/site-packages/airflow/example_dags/example_branch_labels.py took 0.102 seconds
