[2024-12-09T01:33:29.900+0000] {processor.py:186} INFO - Started process (PID=111) to work on /home/airflow/.local/lib/python3.12/site-packages/airflow/example_dags/example_sla_dag.py
[2024-12-09T01:33:29.901+0000] {processor.py:914} INFO - Processing file /home/airflow/.local/lib/python3.12/site-packages/airflow/example_dags/example_sla_dag.py for tasks to queue
[2024-12-09T01:33:29.904+0000] {logging_mixin.py:190} INFO - [2024-12-09T01:33:29.904+0000] {dagbag.py:588} INFO - Filling up the DagBag from /home/airflow/.local/lib/python3.12/site-packages/airflow/example_dags/example_sla_dag.py
[2024-12-09T01:33:29.917+0000] {processor.py:925} INFO - DAG(s) 'example_sla_dag' retrieved from /home/airflow/.local/lib/python3.12/site-packages/airflow/example_dags/example_sla_dag.py
[2024-12-09T01:33:30.049+0000] {logging_mixin.py:190} INFO - [2024-12-09T01:33:30.048+0000] {override.py:1911} INFO - Created Permission View: can edit on DAG:example_sla_dag
[2024-12-09T01:33:30.063+0000] {logging_mixin.py:190} INFO - [2024-12-09T01:33:30.063+0000] {override.py:1911} INFO - Created Permission View: can delete on DAG:example_sla_dag
[2024-12-09T01:33:30.072+0000] {logging_mixin.py:190} INFO - [2024-12-09T01:33:30.072+0000] {override.py:1911} INFO - Created Permission View: can read on DAG:example_sla_dag
[2024-12-09T01:33:30.082+0000] {logging_mixin.py:190} INFO - [2024-12-09T01:33:30.082+0000] {override.py:1911} INFO - Created Permission View: can delete on DAG Run:example_sla_dag
[2024-12-09T01:33:30.092+0000] {logging_mixin.py:190} INFO - [2024-12-09T01:33:30.092+0000] {override.py:1911} INFO - Created Permission View: menu access on DAG Run:example_sla_dag
[2024-12-09T01:33:30.101+0000] {logging_mixin.py:190} INFO - [2024-12-09T01:33:30.101+0000] {override.py:1911} INFO - Created Permission View: can create on DAG Run:example_sla_dag
[2024-12-09T01:33:30.112+0000] {logging_mixin.py:190} INFO - [2024-12-09T01:33:30.112+0000] {override.py:1911} INFO - Created Permission View: can read on DAG Run:example_sla_dag
[2024-12-09T01:33:30.113+0000] {logging_mixin.py:190} INFO - [2024-12-09T01:33:30.113+0000] {dag.py:3239} INFO - Sync 1 DAGs
[2024-12-09T01:33:30.134+0000] {logging_mixin.py:190} INFO - [2024-12-09T01:33:30.134+0000] {dag.py:3262} INFO - Creating ORM DAG for example_sla_dag
[2024-12-09T01:33:30.153+0000] {logging_mixin.py:190} INFO - [2024-12-09T01:33:30.153+0000] {dag.py:4180} INFO - Setting next_dagrun for example_sla_dag to 2024-12-09 01:30:00+00:00, run_after=2024-12-09 01:32:00+00:00
[2024-12-09T01:33:30.175+0000] {processor.py:208} INFO - Processing /home/airflow/.local/lib/python3.12/site-packages/airflow/example_dags/example_sla_dag.py took 0.287 seconds
[2024-12-09T01:34:00.475+0000] {processor.py:186} INFO - Started process (PID=174) to work on /home/airflow/.local/lib/python3.12/site-packages/airflow/example_dags/example_sla_dag.py
[2024-12-09T01:34:00.476+0000] {processor.py:914} INFO - Processing file /home/airflow/.local/lib/python3.12/site-packages/airflow/example_dags/example_sla_dag.py for tasks to queue
[2024-12-09T01:34:00.479+0000] {logging_mixin.py:190} INFO - [2024-12-09T01:34:00.478+0000] {dagbag.py:588} INFO - Filling up the DagBag from /home/airflow/.local/lib/python3.12/site-packages/airflow/example_dags/example_sla_dag.py
[2024-12-09T01:34:00.490+0000] {processor.py:925} INFO - DAG(s) 'example_sla_dag' retrieved from /home/airflow/.local/lib/python3.12/site-packages/airflow/example_dags/example_sla_dag.py
[2024-12-09T01:34:00.510+0000] {logging_mixin.py:190} INFO - [2024-12-09T01:34:00.510+0000] {dag.py:3239} INFO - Sync 1 DAGs
[2024-12-09T01:34:00.536+0000] {logging_mixin.py:190} INFO - [2024-12-09T01:34:00.536+0000] {dag.py:4180} INFO - Setting next_dagrun for example_sla_dag to 2024-12-09 01:32:00+00:00, run_after=2024-12-09 01:34:00+00:00
[2024-12-09T01:34:00.560+0000] {processor.py:208} INFO - Processing /home/airflow/.local/lib/python3.12/site-packages/airflow/example_dags/example_sla_dag.py took 0.092 seconds
[2024-12-09T01:34:31.476+0000] {processor.py:186} INFO - Started process (PID=237) to work on /home/airflow/.local/lib/python3.12/site-packages/airflow/example_dags/example_sla_dag.py
[2024-12-09T01:34:31.477+0000] {processor.py:914} INFO - Processing file /home/airflow/.local/lib/python3.12/site-packages/airflow/example_dags/example_sla_dag.py for tasks to queue
[2024-12-09T01:34:31.480+0000] {logging_mixin.py:190} INFO - [2024-12-09T01:34:31.479+0000] {dagbag.py:588} INFO - Filling up the DagBag from /home/airflow/.local/lib/python3.12/site-packages/airflow/example_dags/example_sla_dag.py
[2024-12-09T01:34:31.492+0000] {processor.py:925} INFO - DAG(s) 'example_sla_dag' retrieved from /home/airflow/.local/lib/python3.12/site-packages/airflow/example_dags/example_sla_dag.py
[2024-12-09T01:34:31.512+0000] {logging_mixin.py:190} INFO - [2024-12-09T01:34:31.512+0000] {dag.py:3239} INFO - Sync 1 DAGs
[2024-12-09T01:34:31.539+0000] {logging_mixin.py:190} INFO - [2024-12-09T01:34:31.538+0000] {dag.py:4180} INFO - Setting next_dagrun for example_sla_dag to 2024-12-09 01:32:00+00:00, run_after=2024-12-09 01:34:00+00:00
[2024-12-09T01:34:31.570+0000] {processor.py:208} INFO - Processing /home/airflow/.local/lib/python3.12/site-packages/airflow/example_dags/example_sla_dag.py took 0.099 seconds
