[2024-12-09T01:33:31.575+0000] {processor.py:186} INFO - Started process (PID=120) to work on /home/airflow/.local/lib/python3.12/site-packages/airflow/example_dags/example_latest_only.py
[2024-12-09T01:33:31.576+0000] {processor.py:914} INFO - Processing file /home/airflow/.local/lib/python3.12/site-packages/airflow/example_dags/example_latest_only.py for tasks to queue
[2024-12-09T01:33:31.579+0000] {logging_mixin.py:190} INFO - [2024-12-09T01:33:31.579+0000] {dagbag.py:588} INFO - Filling up the DagBag from /home/airflow/.local/lib/python3.12/site-packages/airflow/example_dags/example_latest_only.py
[2024-12-09T01:33:31.589+0000] {processor.py:925} INFO - DAG(s) 'latest_only' retrieved from /home/airflow/.local/lib/python3.12/site-packages/airflow/example_dags/example_latest_only.py
[2024-12-09T01:33:31.715+0000] {logging_mixin.py:190} INFO - [2024-12-09T01:33:31.714+0000] {override.py:1911} INFO - Created Permission View: can edit on DAG:latest_only
[2024-12-09T01:33:31.727+0000] {logging_mixin.py:190} INFO - [2024-12-09T01:33:31.726+0000] {override.py:1911} INFO - Created Permission View: can delete on DAG:latest_only
[2024-12-09T01:33:31.737+0000] {logging_mixin.py:190} INFO - [2024-12-09T01:33:31.737+0000] {override.py:1911} INFO - Created Permission View: can read on DAG:latest_only
[2024-12-09T01:33:31.750+0000] {logging_mixin.py:190} INFO - [2024-12-09T01:33:31.749+0000] {override.py:1911} INFO - Created Permission View: can delete on DAG Run:latest_only
[2024-12-09T01:33:31.758+0000] {logging_mixin.py:190} INFO - [2024-12-09T01:33:31.757+0000] {override.py:1911} INFO - Created Permission View: menu access on DAG Run:latest_only
[2024-12-09T01:33:31.766+0000] {logging_mixin.py:190} INFO - [2024-12-09T01:33:31.766+0000] {override.py:1911} INFO - Created Permission View: can create on DAG Run:latest_only
[2024-12-09T01:33:31.774+0000] {logging_mixin.py:190} INFO - [2024-12-09T01:33:31.774+0000] {override.py:1911} INFO - Created Permission View: can read on DAG Run:latest_only
[2024-12-09T01:33:31.775+0000] {logging_mixin.py:190} INFO - [2024-12-09T01:33:31.775+0000] {dag.py:3239} INFO - Sync 1 DAGs
[2024-12-09T01:33:31.798+0000] {logging_mixin.py:190} INFO - [2024-12-09T01:33:31.798+0000] {dag.py:3262} INFO - Creating ORM DAG for latest_only
[2024-12-09T01:33:31.812+0000] {logging_mixin.py:190} INFO - [2024-12-09T01:33:31.811+0000] {dag.py:4180} INFO - Setting next_dagrun for latest_only to 2024-12-08 20:00:00+00:00, run_after=2024-12-09 00:00:00+00:00
[2024-12-09T01:33:31.831+0000] {processor.py:208} INFO - Processing /home/airflow/.local/lib/python3.12/site-packages/airflow/example_dags/example_latest_only.py took 0.263 seconds
[2024-12-09T01:34:02.753+0000] {processor.py:186} INFO - Started process (PID=183) to work on /home/airflow/.local/lib/python3.12/site-packages/airflow/example_dags/example_latest_only.py
[2024-12-09T01:34:02.754+0000] {processor.py:914} INFO - Processing file /home/airflow/.local/lib/python3.12/site-packages/airflow/example_dags/example_latest_only.py for tasks to queue
[2024-12-09T01:34:02.758+0000] {logging_mixin.py:190} INFO - [2024-12-09T01:34:02.757+0000] {dagbag.py:588} INFO - Filling up the DagBag from /home/airflow/.local/lib/python3.12/site-packages/airflow/example_dags/example_latest_only.py
[2024-12-09T01:34:02.789+0000] {processor.py:925} INFO - DAG(s) 'latest_only' retrieved from /home/airflow/.local/lib/python3.12/site-packages/airflow/example_dags/example_latest_only.py
[2024-12-09T01:34:02.811+0000] {logging_mixin.py:190} INFO - [2024-12-09T01:34:02.811+0000] {dag.py:3239} INFO - Sync 1 DAGs
[2024-12-09T01:34:02.844+0000] {logging_mixin.py:190} INFO - [2024-12-09T01:34:02.844+0000] {dag.py:4180} INFO - Setting next_dagrun for latest_only to 2024-12-08 20:00:00+00:00, run_after=2024-12-09 00:00:00+00:00
[2024-12-09T01:34:02.882+0000] {processor.py:208} INFO - Processing /home/airflow/.local/lib/python3.12/site-packages/airflow/example_dags/example_latest_only.py took 0.138 seconds
[2024-12-09T01:34:33.423+0000] {processor.py:186} INFO - Started process (PID=246) to work on /home/airflow/.local/lib/python3.12/site-packages/airflow/example_dags/example_latest_only.py
[2024-12-09T01:34:33.424+0000] {processor.py:914} INFO - Processing file /home/airflow/.local/lib/python3.12/site-packages/airflow/example_dags/example_latest_only.py for tasks to queue
[2024-12-09T01:34:33.428+0000] {logging_mixin.py:190} INFO - [2024-12-09T01:34:33.427+0000] {dagbag.py:588} INFO - Filling up the DagBag from /home/airflow/.local/lib/python3.12/site-packages/airflow/example_dags/example_latest_only.py
[2024-12-09T01:34:33.437+0000] {processor.py:925} INFO - DAG(s) 'latest_only' retrieved from /home/airflow/.local/lib/python3.12/site-packages/airflow/example_dags/example_latest_only.py
[2024-12-09T01:34:33.457+0000] {logging_mixin.py:190} INFO - [2024-12-09T01:34:33.457+0000] {dag.py:3239} INFO - Sync 1 DAGs
[2024-12-09T01:34:33.486+0000] {logging_mixin.py:190} INFO - [2024-12-09T01:34:33.486+0000] {dag.py:4180} INFO - Setting next_dagrun for latest_only to 2024-12-08 20:00:00+00:00, run_after=2024-12-09 00:00:00+00:00
[2024-12-09T01:34:33.524+0000] {processor.py:208} INFO - Processing /home/airflow/.local/lib/python3.12/site-packages/airflow/example_dags/example_latest_only.py took 0.108 seconds
