[2024-12-09T01:33:20.639+0000] {processor.py:186} INFO - Started process (PID=81) to work on /home/airflow/.local/lib/python3.12/site-packages/airflow/example_dags/example_short_circuit_decorator.py
[2024-12-09T01:33:20.641+0000] {processor.py:914} INFO - Processing file /home/airflow/.local/lib/python3.12/site-packages/airflow/example_dags/example_short_circuit_decorator.py for tasks to queue
[2024-12-09T01:33:20.643+0000] {logging_mixin.py:190} INFO - [2024-12-09T01:33:20.643+0000] {dagbag.py:588} INFO - Filling up the DagBag from /home/airflow/.local/lib/python3.12/site-packages/airflow/example_dags/example_short_circuit_decorator.py
[2024-12-09T01:33:20.656+0000] {processor.py:925} INFO - DAG(s) 'example_short_circuit_decorator' retrieved from /home/airflow/.local/lib/python3.12/site-packages/airflow/example_dags/example_short_circuit_decorator.py
[2024-12-09T01:33:20.800+0000] {logging_mixin.py:190} INFO - [2024-12-09T01:33:20.800+0000] {override.py:1911} INFO - Created Permission View: can edit on DAG:example_short_circuit_decorator
[2024-12-09T01:33:20.815+0000] {logging_mixin.py:190} INFO - [2024-12-09T01:33:20.815+0000] {override.py:1911} INFO - Created Permission View: can delete on DAG:example_short_circuit_decorator
[2024-12-09T01:33:20.825+0000] {logging_mixin.py:190} INFO - [2024-12-09T01:33:20.825+0000] {override.py:1911} INFO - Created Permission View: can read on DAG:example_short_circuit_decorator
[2024-12-09T01:33:20.839+0000] {logging_mixin.py:190} INFO - [2024-12-09T01:33:20.838+0000] {override.py:1911} INFO - Created Permission View: can delete on DAG Run:example_short_circuit_decorator
[2024-12-09T01:33:20.852+0000] {logging_mixin.py:190} INFO - [2024-12-09T01:33:20.852+0000] {override.py:1911} INFO - Created Permission View: menu access on DAG Run:example_short_circuit_decorator
[2024-12-09T01:33:20.862+0000] {logging_mixin.py:190} INFO - [2024-12-09T01:33:20.862+0000] {override.py:1911} INFO - Created Permission View: can create on DAG Run:example_short_circuit_decorator
[2024-12-09T01:33:20.869+0000] {logging_mixin.py:190} INFO - [2024-12-09T01:33:20.869+0000] {override.py:1911} INFO - Created Permission View: can read on DAG Run:example_short_circuit_decorator
[2024-12-09T01:33:20.870+0000] {logging_mixin.py:190} INFO - [2024-12-09T01:33:20.870+0000] {dag.py:3239} INFO - Sync 1 DAGs
[2024-12-09T01:33:20.883+0000] {logging_mixin.py:190} INFO - [2024-12-09T01:33:20.883+0000] {dag.py:3262} INFO - Creating ORM DAG for example_short_circuit_decorator
[2024-12-09T01:33:20.884+0000] {logging_mixin.py:190} INFO - [2024-12-09T01:33:20.884+0000] {dag.py:4180} INFO - Setting next_dagrun for example_short_circuit_decorator to None, run_after=None
[2024-12-09T01:33:20.901+0000] {processor.py:208} INFO - Processing /home/airflow/.local/lib/python3.12/site-packages/airflow/example_dags/example_short_circuit_decorator.py took 0.269 seconds
[2024-12-09T01:33:51.626+0000] {processor.py:186} INFO - Started process (PID=143) to work on /home/airflow/.local/lib/python3.12/site-packages/airflow/example_dags/example_short_circuit_decorator.py
[2024-12-09T01:33:51.627+0000] {processor.py:914} INFO - Processing file /home/airflow/.local/lib/python3.12/site-packages/airflow/example_dags/example_short_circuit_decorator.py for tasks to queue
[2024-12-09T01:33:51.630+0000] {logging_mixin.py:190} INFO - [2024-12-09T01:33:51.629+0000] {dagbag.py:588} INFO - Filling up the DagBag from /home/airflow/.local/lib/python3.12/site-packages/airflow/example_dags/example_short_circuit_decorator.py
[2024-12-09T01:33:51.642+0000] {processor.py:925} INFO - DAG(s) 'example_short_circuit_decorator' retrieved from /home/airflow/.local/lib/python3.12/site-packages/airflow/example_dags/example_short_circuit_decorator.py
[2024-12-09T01:33:51.667+0000] {logging_mixin.py:190} INFO - [2024-12-09T01:33:51.667+0000] {dag.py:3239} INFO - Sync 1 DAGs
[2024-12-09T01:33:51.683+0000] {logging_mixin.py:190} INFO - [2024-12-09T01:33:51.683+0000] {dag.py:4180} INFO - Setting next_dagrun for example_short_circuit_decorator to None, run_after=None
[2024-12-09T01:33:51.711+0000] {processor.py:208} INFO - Processing /home/airflow/.local/lib/python3.12/site-packages/airflow/example_dags/example_short_circuit_decorator.py took 0.091 seconds
[2024-12-09T01:34:22.904+0000] {processor.py:186} INFO - Started process (PID=206) to work on /home/airflow/.local/lib/python3.12/site-packages/airflow/example_dags/example_short_circuit_decorator.py
[2024-12-09T01:34:22.914+0000] {processor.py:914} INFO - Processing file /home/airflow/.local/lib/python3.12/site-packages/airflow/example_dags/example_short_circuit_decorator.py for tasks to queue
[2024-12-09T01:34:22.917+0000] {logging_mixin.py:190} INFO - [2024-12-09T01:34:22.917+0000] {dagbag.py:588} INFO - Filling up the DagBag from /home/airflow/.local/lib/python3.12/site-packages/airflow/example_dags/example_short_circuit_decorator.py
[2024-12-09T01:34:22.935+0000] {processor.py:925} INFO - DAG(s) 'example_short_circuit_decorator' retrieved from /home/airflow/.local/lib/python3.12/site-packages/airflow/example_dags/example_short_circuit_decorator.py
[2024-12-09T01:34:22.967+0000] {logging_mixin.py:190} INFO - [2024-12-09T01:34:22.966+0000] {dag.py:3239} INFO - Sync 1 DAGs
[2024-12-09T01:34:22.988+0000] {logging_mixin.py:190} INFO - [2024-12-09T01:34:22.987+0000] {dag.py:4180} INFO - Setting next_dagrun for example_short_circuit_decorator to None, run_after=None
[2024-12-09T01:34:23.011+0000] {processor.py:208} INFO - Processing /home/airflow/.local/lib/python3.12/site-packages/airflow/example_dags/example_short_circuit_decorator.py took 0.117 seconds
[2024-12-09T01:34:53.420+0000] {processor.py:186} INFO - Started process (PID=269) to work on /home/airflow/.local/lib/python3.12/site-packages/airflow/example_dags/example_short_circuit_decorator.py
[2024-12-09T01:34:53.421+0000] {processor.py:914} INFO - Processing file /home/airflow/.local/lib/python3.12/site-packages/airflow/example_dags/example_short_circuit_decorator.py for tasks to queue
[2024-12-09T01:34:53.424+0000] {logging_mixin.py:190} INFO - [2024-12-09T01:34:53.424+0000] {dagbag.py:588} INFO - Filling up the DagBag from /home/airflow/.local/lib/python3.12/site-packages/airflow/example_dags/example_short_circuit_decorator.py
[2024-12-09T01:34:53.439+0000] {processor.py:925} INFO - DAG(s) 'example_short_circuit_decorator' retrieved from /home/airflow/.local/lib/python3.12/site-packages/airflow/example_dags/example_short_circuit_decorator.py
[2024-12-09T01:34:53.471+0000] {logging_mixin.py:190} INFO - [2024-12-09T01:34:53.470+0000] {dag.py:3239} INFO - Sync 1 DAGs
[2024-12-09T01:34:53.492+0000] {logging_mixin.py:190} INFO - [2024-12-09T01:34:53.492+0000] {dag.py:4180} INFO - Setting next_dagrun for example_short_circuit_decorator to None, run_after=None
[2024-12-09T01:34:53.517+0000] {processor.py:208} INFO - Processing /home/airflow/.local/lib/python3.12/site-packages/airflow/example_dags/example_short_circuit_decorator.py took 0.112 seconds
