[2024-12-09T01:33:22.650+0000] {processor.py:186} INFO - Started process (PID=83) to work on /home/airflow/.local/lib/python3.12/site-packages/airflow/example_dags/example_bash_operator.py
[2024-12-09T01:33:22.651+0000] {processor.py:914} INFO - Processing file /home/airflow/.local/lib/python3.12/site-packages/airflow/example_dags/example_bash_operator.py for tasks to queue
[2024-12-09T01:33:22.655+0000] {logging_mixin.py:190} INFO - [2024-12-09T01:33:22.654+0000] {dagbag.py:588} INFO - Filling up the DagBag from /home/airflow/.local/lib/python3.12/site-packages/airflow/example_dags/example_bash_operator.py
[2024-12-09T01:33:22.686+0000] {processor.py:925} INFO - DAG(s) 'example_bash_operator' retrieved from /home/airflow/.local/lib/python3.12/site-packages/airflow/example_dags/example_bash_operator.py
[2024-12-09T01:33:22.820+0000] {logging_mixin.py:190} INFO - [2024-12-09T01:33:22.819+0000] {override.py:1911} INFO - Created Permission View: can edit on DAG:example_bash_operator
[2024-12-09T01:33:22.830+0000] {logging_mixin.py:190} INFO - [2024-12-09T01:33:22.830+0000] {override.py:1911} INFO - Created Permission View: can delete on DAG:example_bash_operator
[2024-12-09T01:33:22.838+0000] {logging_mixin.py:190} INFO - [2024-12-09T01:33:22.838+0000] {override.py:1911} INFO - Created Permission View: can read on DAG:example_bash_operator
[2024-12-09T01:33:22.848+0000] {logging_mixin.py:190} INFO - [2024-12-09T01:33:22.848+0000] {override.py:1911} INFO - Created Permission View: can delete on DAG Run:example_bash_operator
[2024-12-09T01:33:22.856+0000] {logging_mixin.py:190} INFO - [2024-12-09T01:33:22.856+0000] {override.py:1911} INFO - Created Permission View: menu access on DAG Run:example_bash_operator
[2024-12-09T01:33:22.864+0000] {logging_mixin.py:190} INFO - [2024-12-09T01:33:22.864+0000] {override.py:1911} INFO - Created Permission View: can create on DAG Run:example_bash_operator
[2024-12-09T01:33:22.872+0000] {logging_mixin.py:190} INFO - [2024-12-09T01:33:22.872+0000] {override.py:1911} INFO - Created Permission View: can read on DAG Run:example_bash_operator
[2024-12-09T01:33:22.873+0000] {logging_mixin.py:190} INFO - [2024-12-09T01:33:22.873+0000] {dag.py:3239} INFO - Sync 1 DAGs
[2024-12-09T01:33:22.885+0000] {logging_mixin.py:190} INFO - [2024-12-09T01:33:22.885+0000] {dag.py:3262} INFO - Creating ORM DAG for example_bash_operator
[2024-12-09T01:33:22.897+0000] {logging_mixin.py:190} INFO - [2024-12-09T01:33:22.897+0000] {dag.py:4180} INFO - Setting next_dagrun for example_bash_operator to 2024-12-08 00:00:00+00:00, run_after=2024-12-09 00:00:00+00:00
[2024-12-09T01:33:22.915+0000] {processor.py:208} INFO - Processing /home/airflow/.local/lib/python3.12/site-packages/airflow/example_dags/example_bash_operator.py took 0.273 seconds
[2024-12-09T01:33:53.539+0000] {processor.py:186} INFO - Started process (PID=146) to work on /home/airflow/.local/lib/python3.12/site-packages/airflow/example_dags/example_bash_operator.py
[2024-12-09T01:33:53.540+0000] {processor.py:914} INFO - Processing file /home/airflow/.local/lib/python3.12/site-packages/airflow/example_dags/example_bash_operator.py for tasks to queue
[2024-12-09T01:33:53.543+0000] {logging_mixin.py:190} INFO - [2024-12-09T01:33:53.543+0000] {dagbag.py:588} INFO - Filling up the DagBag from /home/airflow/.local/lib/python3.12/site-packages/airflow/example_dags/example_bash_operator.py
[2024-12-09T01:33:53.556+0000] {processor.py:925} INFO - DAG(s) 'example_bash_operator' retrieved from /home/airflow/.local/lib/python3.12/site-packages/airflow/example_dags/example_bash_operator.py
[2024-12-09T01:33:53.583+0000] {logging_mixin.py:190} INFO - [2024-12-09T01:33:53.583+0000] {dag.py:3239} INFO - Sync 1 DAGs
[2024-12-09T01:33:53.606+0000] {logging_mixin.py:190} INFO - [2024-12-09T01:33:53.606+0000] {dag.py:4180} INFO - Setting next_dagrun for example_bash_operator to 2024-12-08 00:00:00+00:00, run_after=2024-12-09 00:00:00+00:00
[2024-12-09T01:33:53.631+0000] {processor.py:208} INFO - Processing /home/airflow/.local/lib/python3.12/site-packages/airflow/example_dags/example_bash_operator.py took 0.098 seconds
[2024-12-09T01:34:23.931+0000] {processor.py:186} INFO - Started process (PID=208) to work on /home/airflow/.local/lib/python3.12/site-packages/airflow/example_dags/example_bash_operator.py
[2024-12-09T01:34:23.944+0000] {processor.py:914} INFO - Processing file /home/airflow/.local/lib/python3.12/site-packages/airflow/example_dags/example_bash_operator.py for tasks to queue
[2024-12-09T01:34:23.947+0000] {logging_mixin.py:190} INFO - [2024-12-09T01:34:23.947+0000] {dagbag.py:588} INFO - Filling up the DagBag from /home/airflow/.local/lib/python3.12/site-packages/airflow/example_dags/example_bash_operator.py
[2024-12-09T01:34:23.963+0000] {processor.py:925} INFO - DAG(s) 'example_bash_operator' retrieved from /home/airflow/.local/lib/python3.12/site-packages/airflow/example_dags/example_bash_operator.py
[2024-12-09T01:34:23.992+0000] {logging_mixin.py:190} INFO - [2024-12-09T01:34:23.992+0000] {dag.py:3239} INFO - Sync 1 DAGs
[2024-12-09T01:34:24.015+0000] {logging_mixin.py:190} INFO - [2024-12-09T01:34:24.015+0000] {dag.py:4180} INFO - Setting next_dagrun for example_bash_operator to 2024-12-08 00:00:00+00:00, run_after=2024-12-09 00:00:00+00:00
[2024-12-09T01:34:24.040+0000] {processor.py:208} INFO - Processing /home/airflow/.local/lib/python3.12/site-packages/airflow/example_dags/example_bash_operator.py took 0.114 seconds
[2024-12-09T01:34:54.449+0000] {processor.py:186} INFO - Started process (PID=270) to work on /home/airflow/.local/lib/python3.12/site-packages/airflow/example_dags/example_bash_operator.py
[2024-12-09T01:34:54.451+0000] {processor.py:914} INFO - Processing file /home/airflow/.local/lib/python3.12/site-packages/airflow/example_dags/example_bash_operator.py for tasks to queue
[2024-12-09T01:34:54.455+0000] {logging_mixin.py:190} INFO - [2024-12-09T01:34:54.454+0000] {dagbag.py:588} INFO - Filling up the DagBag from /home/airflow/.local/lib/python3.12/site-packages/airflow/example_dags/example_bash_operator.py
[2024-12-09T01:34:54.482+0000] {processor.py:925} INFO - DAG(s) 'example_bash_operator' retrieved from /home/airflow/.local/lib/python3.12/site-packages/airflow/example_dags/example_bash_operator.py
[2024-12-09T01:34:54.522+0000] {logging_mixin.py:190} INFO - [2024-12-09T01:34:54.522+0000] {dag.py:3239} INFO - Sync 1 DAGs
[2024-12-09T01:34:54.562+0000] {logging_mixin.py:190} INFO - [2024-12-09T01:34:54.562+0000] {dag.py:4180} INFO - Setting next_dagrun for example_bash_operator to 2024-12-08 00:00:00+00:00, run_after=2024-12-09 00:00:00+00:00
[2024-12-09T01:34:54.592+0000] {processor.py:208} INFO - Processing /home/airflow/.local/lib/python3.12/site-packages/airflow/example_dags/example_bash_operator.py took 0.153 seconds
