[2024-12-09T01:33:24.998+0000] {processor.py:186} INFO - Started process (PID=92) to work on /home/airflow/.local/lib/python3.12/site-packages/airflow/example_dags/example_setup_teardown.py
[2024-12-09T01:33:24.999+0000] {processor.py:914} INFO - Processing file /home/airflow/.local/lib/python3.12/site-packages/airflow/example_dags/example_setup_teardown.py for tasks to queue
[2024-12-09T01:33:25.002+0000] {logging_mixin.py:190} INFO - [2024-12-09T01:33:25.002+0000] {dagbag.py:588} INFO - Filling up the DagBag from /home/airflow/.local/lib/python3.12/site-packages/airflow/example_dags/example_setup_teardown.py
[2024-12-09T01:33:25.013+0000] {processor.py:925} INFO - DAG(s) 'example_setup_teardown' retrieved from /home/airflow/.local/lib/python3.12/site-packages/airflow/example_dags/example_setup_teardown.py
[2024-12-09T01:33:25.150+0000] {logging_mixin.py:190} INFO - [2024-12-09T01:33:25.150+0000] {override.py:1911} INFO - Created Permission View: can edit on DAG:example_setup_teardown
[2024-12-09T01:33:25.162+0000] {logging_mixin.py:190} INFO - [2024-12-09T01:33:25.161+0000] {override.py:1911} INFO - Created Permission View: can delete on DAG:example_setup_teardown
[2024-12-09T01:33:25.169+0000] {logging_mixin.py:190} INFO - [2024-12-09T01:33:25.169+0000] {override.py:1911} INFO - Created Permission View: can read on DAG:example_setup_teardown
[2024-12-09T01:33:25.177+0000] {logging_mixin.py:190} INFO - [2024-12-09T01:33:25.176+0000] {override.py:1911} INFO - Created Permission View: can delete on DAG Run:example_setup_teardown
[2024-12-09T01:33:25.184+0000] {logging_mixin.py:190} INFO - [2024-12-09T01:33:25.183+0000] {override.py:1911} INFO - Created Permission View: menu access on DAG Run:example_setup_teardown
[2024-12-09T01:33:25.191+0000] {logging_mixin.py:190} INFO - [2024-12-09T01:33:25.191+0000] {override.py:1911} INFO - Created Permission View: can create on DAG Run:example_setup_teardown
[2024-12-09T01:33:25.197+0000] {logging_mixin.py:190} INFO - [2024-12-09T01:33:25.197+0000] {override.py:1911} INFO - Created Permission View: can read on DAG Run:example_setup_teardown
[2024-12-09T01:33:25.198+0000] {logging_mixin.py:190} INFO - [2024-12-09T01:33:25.198+0000] {dag.py:3239} INFO - Sync 1 DAGs
[2024-12-09T01:33:25.212+0000] {logging_mixin.py:190} INFO - [2024-12-09T01:33:25.212+0000] {dag.py:3262} INFO - Creating ORM DAG for example_setup_teardown
[2024-12-09T01:33:25.213+0000] {logging_mixin.py:190} INFO - [2024-12-09T01:33:25.213+0000] {dag.py:4180} INFO - Setting next_dagrun for example_setup_teardown to None, run_after=None
[2024-12-09T01:33:25.232+0000] {processor.py:208} INFO - Processing /home/airflow/.local/lib/python3.12/site-packages/airflow/example_dags/example_setup_teardown.py took 0.241 seconds
[2024-12-09T01:33:56.560+0000] {processor.py:186} INFO - Started process (PID=155) to work on /home/airflow/.local/lib/python3.12/site-packages/airflow/example_dags/example_setup_teardown.py
[2024-12-09T01:33:56.561+0000] {processor.py:914} INFO - Processing file /home/airflow/.local/lib/python3.12/site-packages/airflow/example_dags/example_setup_teardown.py for tasks to queue
[2024-12-09T01:33:56.564+0000] {logging_mixin.py:190} INFO - [2024-12-09T01:33:56.564+0000] {dagbag.py:588} INFO - Filling up the DagBag from /home/airflow/.local/lib/python3.12/site-packages/airflow/example_dags/example_setup_teardown.py
[2024-12-09T01:33:56.574+0000] {processor.py:925} INFO - DAG(s) 'example_setup_teardown' retrieved from /home/airflow/.local/lib/python3.12/site-packages/airflow/example_dags/example_setup_teardown.py
[2024-12-09T01:33:56.596+0000] {logging_mixin.py:190} INFO - [2024-12-09T01:33:56.596+0000] {dag.py:3239} INFO - Sync 1 DAGs
[2024-12-09T01:33:56.611+0000] {logging_mixin.py:190} INFO - [2024-12-09T01:33:56.610+0000] {dag.py:4180} INFO - Setting next_dagrun for example_setup_teardown to None, run_after=None
[2024-12-09T01:33:56.637+0000] {processor.py:208} INFO - Processing /home/airflow/.local/lib/python3.12/site-packages/airflow/example_dags/example_setup_teardown.py took 0.083 seconds
[2024-12-09T01:34:26.696+0000] {processor.py:186} INFO - Started process (PID=218) to work on /home/airflow/.local/lib/python3.12/site-packages/airflow/example_dags/example_setup_teardown.py
[2024-12-09T01:34:26.698+0000] {processor.py:914} INFO - Processing file /home/airflow/.local/lib/python3.12/site-packages/airflow/example_dags/example_setup_teardown.py for tasks to queue
[2024-12-09T01:34:26.700+0000] {logging_mixin.py:190} INFO - [2024-12-09T01:34:26.700+0000] {dagbag.py:588} INFO - Filling up the DagBag from /home/airflow/.local/lib/python3.12/site-packages/airflow/example_dags/example_setup_teardown.py
[2024-12-09T01:34:26.709+0000] {processor.py:925} INFO - DAG(s) 'example_setup_teardown' retrieved from /home/airflow/.local/lib/python3.12/site-packages/airflow/example_dags/example_setup_teardown.py
[2024-12-09T01:34:26.732+0000] {logging_mixin.py:190} INFO - [2024-12-09T01:34:26.732+0000] {dag.py:3239} INFO - Sync 1 DAGs
[2024-12-09T01:34:26.746+0000] {logging_mixin.py:190} INFO - [2024-12-09T01:34:26.746+0000] {dag.py:4180} INFO - Setting next_dagrun for example_setup_teardown to None, run_after=None
[2024-12-09T01:34:26.771+0000] {processor.py:208} INFO - Processing /home/airflow/.local/lib/python3.12/site-packages/airflow/example_dags/example_setup_teardown.py took 0.083 seconds
