[2024-12-09T01:33:32.443+0000] {processor.py:186} INFO - Started process (PID=124) to work on /home/airflow/.local/lib/python3.12/site-packages/airflow/example_dags/example_xcom.py
[2024-12-09T01:33:32.444+0000] {processor.py:914} INFO - Processing file /home/airflow/.local/lib/python3.12/site-packages/airflow/example_dags/example_xcom.py for tasks to queue
[2024-12-09T01:33:32.449+0000] {logging_mixin.py:190} INFO - [2024-12-09T01:33:32.448+0000] {dagbag.py:588} INFO - Filling up the DagBag from /home/airflow/.local/lib/python3.12/site-packages/airflow/example_dags/example_xcom.py
[2024-12-09T01:33:32.461+0000] {processor.py:925} INFO - DAG(s) 'example_xcom' retrieved from /home/airflow/.local/lib/python3.12/site-packages/airflow/example_dags/example_xcom.py
[2024-12-09T01:33:32.684+0000] {logging_mixin.py:190} INFO - [2024-12-09T01:33:32.682+0000] {override.py:1911} INFO - Created Permission View: can edit on DAG:example_xcom
[2024-12-09T01:33:32.719+0000] {logging_mixin.py:190} INFO - [2024-12-09T01:33:32.719+0000] {override.py:1911} INFO - Created Permission View: can delete on DAG:example_xcom
[2024-12-09T01:33:32.806+0000] {logging_mixin.py:190} INFO - [2024-12-09T01:33:32.805+0000] {override.py:1911} INFO - Created Permission View: can read on DAG:example_xcom
[2024-12-09T01:33:32.852+0000] {logging_mixin.py:190} INFO - [2024-12-09T01:33:32.852+0000] {override.py:1911} INFO - Created Permission View: can delete on DAG Run:example_xcom
[2024-12-09T01:33:32.899+0000] {logging_mixin.py:190} INFO - [2024-12-09T01:33:32.898+0000] {override.py:1911} INFO - Created Permission View: menu access on DAG Run:example_xcom
[2024-12-09T01:33:32.930+0000] {logging_mixin.py:190} INFO - [2024-12-09T01:33:32.929+0000] {override.py:1911} INFO - Created Permission View: can create on DAG Run:example_xcom
[2024-12-09T01:33:32.967+0000] {logging_mixin.py:190} INFO - [2024-12-09T01:33:32.966+0000] {override.py:1911} INFO - Created Permission View: can read on DAG Run:example_xcom
[2024-12-09T01:33:32.968+0000] {logging_mixin.py:190} INFO - [2024-12-09T01:33:32.968+0000] {dag.py:3239} INFO - Sync 1 DAGs
[2024-12-09T01:33:32.986+0000] {logging_mixin.py:190} INFO - [2024-12-09T01:33:32.986+0000] {dag.py:3262} INFO - Creating ORM DAG for example_xcom
[2024-12-09T01:33:32.998+0000] {logging_mixin.py:190} INFO - [2024-12-09T01:33:32.998+0000] {dag.py:4180} INFO - Setting next_dagrun for example_xcom to 2021-01-01 00:00:00+00:00, run_after=2021-01-01 00:00:00+00:00
[2024-12-09T01:33:33.076+0000] {processor.py:208} INFO - Processing /home/airflow/.local/lib/python3.12/site-packages/airflow/example_dags/example_xcom.py took 0.640 seconds
[2024-12-09T01:34:03.165+0000] {processor.py:186} INFO - Started process (PID=186) to work on /home/airflow/.local/lib/python3.12/site-packages/airflow/example_dags/example_xcom.py
[2024-12-09T01:34:03.167+0000] {processor.py:914} INFO - Processing file /home/airflow/.local/lib/python3.12/site-packages/airflow/example_dags/example_xcom.py for tasks to queue
[2024-12-09T01:34:03.170+0000] {logging_mixin.py:190} INFO - [2024-12-09T01:34:03.170+0000] {dagbag.py:588} INFO - Filling up the DagBag from /home/airflow/.local/lib/python3.12/site-packages/airflow/example_dags/example_xcom.py
[2024-12-09T01:34:03.182+0000] {processor.py:925} INFO - DAG(s) 'example_xcom' retrieved from /home/airflow/.local/lib/python3.12/site-packages/airflow/example_dags/example_xcom.py
[2024-12-09T01:34:03.213+0000] {logging_mixin.py:190} INFO - [2024-12-09T01:34:03.213+0000] {dag.py:3239} INFO - Sync 1 DAGs
[2024-12-09T01:34:03.257+0000] {logging_mixin.py:190} INFO - [2024-12-09T01:34:03.257+0000] {dag.py:4180} INFO - Setting next_dagrun for example_xcom to 2021-01-01 00:00:00+00:00, run_after=2021-01-01 00:00:00+00:00
[2024-12-09T01:34:03.296+0000] {processor.py:208} INFO - Processing /home/airflow/.local/lib/python3.12/site-packages/airflow/example_dags/example_xcom.py took 0.142 seconds
[2024-12-09T01:34:33.608+0000] {processor.py:186} INFO - Started process (PID=249) to work on /home/airflow/.local/lib/python3.12/site-packages/airflow/example_dags/example_xcom.py
[2024-12-09T01:34:33.610+0000] {processor.py:914} INFO - Processing file /home/airflow/.local/lib/python3.12/site-packages/airflow/example_dags/example_xcom.py for tasks to queue
[2024-12-09T01:34:33.614+0000] {logging_mixin.py:190} INFO - [2024-12-09T01:34:33.614+0000] {dagbag.py:588} INFO - Filling up the DagBag from /home/airflow/.local/lib/python3.12/site-packages/airflow/example_dags/example_xcom.py
[2024-12-09T01:34:33.636+0000] {processor.py:925} INFO - DAG(s) 'example_xcom' retrieved from /home/airflow/.local/lib/python3.12/site-packages/airflow/example_dags/example_xcom.py
[2024-12-09T01:34:33.682+0000] {logging_mixin.py:190} INFO - [2024-12-09T01:34:33.681+0000] {dag.py:3239} INFO - Sync 1 DAGs
[2024-12-09T01:34:33.746+0000] {logging_mixin.py:190} INFO - [2024-12-09T01:34:33.745+0000] {dag.py:4180} INFO - Setting next_dagrun for example_xcom to 2021-01-01 00:00:00+00:00, run_after=2021-01-01 00:00:00+00:00
[2024-12-09T01:34:33.793+0000] {processor.py:208} INFO - Processing /home/airflow/.local/lib/python3.12/site-packages/airflow/example_dags/example_xcom.py took 0.193 seconds
