[2024-12-09T01:33:20.264+0000] {processor.py:186} INFO - Started process (PID=80) to work on /home/airflow/.local/lib/python3.12/site-packages/airflow/example_dags/example_time_delta_sensor_async.py
[2024-12-09T01:33:20.265+0000] {processor.py:914} INFO - Processing file /home/airflow/.local/lib/python3.12/site-packages/airflow/example_dags/example_time_delta_sensor_async.py for tasks to queue
[2024-12-09T01:33:20.269+0000] {logging_mixin.py:190} INFO - [2024-12-09T01:33:20.269+0000] {dagbag.py:588} INFO - Filling up the DagBag from /home/airflow/.local/lib/python3.12/site-packages/airflow/example_dags/example_time_delta_sensor_async.py
[2024-12-09T01:33:20.284+0000] {processor.py:925} INFO - DAG(s) 'example_time_delta_sensor_async' retrieved from /home/airflow/.local/lib/python3.12/site-packages/airflow/example_dags/example_time_delta_sensor_async.py
[2024-12-09T01:33:20.428+0000] {logging_mixin.py:190} INFO - [2024-12-09T01:33:20.427+0000] {override.py:1911} INFO - Created Permission View: can edit on DAG:example_time_delta_sensor_async
[2024-12-09T01:33:20.439+0000] {logging_mixin.py:190} INFO - [2024-12-09T01:33:20.438+0000] {override.py:1911} INFO - Created Permission View: can delete on DAG:example_time_delta_sensor_async
[2024-12-09T01:33:20.445+0000] {logging_mixin.py:190} INFO - [2024-12-09T01:33:20.445+0000] {override.py:1911} INFO - Created Permission View: can read on DAG:example_time_delta_sensor_async
[2024-12-09T01:33:20.453+0000] {logging_mixin.py:190} INFO - [2024-12-09T01:33:20.453+0000] {override.py:1911} INFO - Created Permission View: can delete on DAG Run:example_time_delta_sensor_async
[2024-12-09T01:33:20.460+0000] {logging_mixin.py:190} INFO - [2024-12-09T01:33:20.460+0000] {override.py:1911} INFO - Created Permission View: menu access on DAG Run:example_time_delta_sensor_async
[2024-12-09T01:33:20.467+0000] {logging_mixin.py:190} INFO - [2024-12-09T01:33:20.466+0000] {override.py:1911} INFO - Created Permission View: can create on DAG Run:example_time_delta_sensor_async
[2024-12-09T01:33:20.474+0000] {logging_mixin.py:190} INFO - [2024-12-09T01:33:20.473+0000] {override.py:1911} INFO - Created Permission View: can read on DAG Run:example_time_delta_sensor_async
[2024-12-09T01:33:20.474+0000] {logging_mixin.py:190} INFO - [2024-12-09T01:33:20.474+0000] {dag.py:3239} INFO - Sync 1 DAGs
[2024-12-09T01:33:20.490+0000] {logging_mixin.py:190} INFO - [2024-12-09T01:33:20.490+0000] {dag.py:3262} INFO - Creating ORM DAG for example_time_delta_sensor_async
[2024-12-09T01:33:20.491+0000] {logging_mixin.py:190} INFO - [2024-12-09T01:33:20.491+0000] {dag.py:4180} INFO - Setting next_dagrun for example_time_delta_sensor_async to None, run_after=None
[2024-12-09T01:33:20.510+0000] {processor.py:208} INFO - Processing /home/airflow/.local/lib/python3.12/site-packages/airflow/example_dags/example_time_delta_sensor_async.py took 0.257 seconds
[2024-12-09T01:33:50.608+0000] {processor.py:186} INFO - Started process (PID=142) to work on /home/airflow/.local/lib/python3.12/site-packages/airflow/example_dags/example_time_delta_sensor_async.py
[2024-12-09T01:33:50.609+0000] {processor.py:914} INFO - Processing file /home/airflow/.local/lib/python3.12/site-packages/airflow/example_dags/example_time_delta_sensor_async.py for tasks to queue
[2024-12-09T01:33:50.612+0000] {logging_mixin.py:190} INFO - [2024-12-09T01:33:50.612+0000] {dagbag.py:588} INFO - Filling up the DagBag from /home/airflow/.local/lib/python3.12/site-packages/airflow/example_dags/example_time_delta_sensor_async.py
[2024-12-09T01:33:50.621+0000] {processor.py:925} INFO - DAG(s) 'example_time_delta_sensor_async' retrieved from /home/airflow/.local/lib/python3.12/site-packages/airflow/example_dags/example_time_delta_sensor_async.py
[2024-12-09T01:33:50.648+0000] {logging_mixin.py:190} INFO - [2024-12-09T01:33:50.648+0000] {dag.py:3239} INFO - Sync 1 DAGs
[2024-12-09T01:33:50.672+0000] {logging_mixin.py:190} INFO - [2024-12-09T01:33:50.671+0000] {dag.py:4180} INFO - Setting next_dagrun for example_time_delta_sensor_async to None, run_after=None
[2024-12-09T01:33:50.704+0000] {processor.py:208} INFO - Processing /home/airflow/.local/lib/python3.12/site-packages/airflow/example_dags/example_time_delta_sensor_async.py took 0.104 seconds
[2024-12-09T01:34:22.725+0000] {processor.py:186} INFO - Started process (PID=205) to work on /home/airflow/.local/lib/python3.12/site-packages/airflow/example_dags/example_time_delta_sensor_async.py
[2024-12-09T01:34:22.727+0000] {processor.py:914} INFO - Processing file /home/airflow/.local/lib/python3.12/site-packages/airflow/example_dags/example_time_delta_sensor_async.py for tasks to queue
[2024-12-09T01:34:22.731+0000] {logging_mixin.py:190} INFO - [2024-12-09T01:34:22.730+0000] {dagbag.py:588} INFO - Filling up the DagBag from /home/airflow/.local/lib/python3.12/site-packages/airflow/example_dags/example_time_delta_sensor_async.py
[2024-12-09T01:34:22.745+0000] {processor.py:925} INFO - DAG(s) 'example_time_delta_sensor_async' retrieved from /home/airflow/.local/lib/python3.12/site-packages/airflow/example_dags/example_time_delta_sensor_async.py
[2024-12-09T01:34:22.784+0000] {logging_mixin.py:190} INFO - [2024-12-09T01:34:22.783+0000] {dag.py:3239} INFO - Sync 1 DAGs
[2024-12-09T01:34:22.810+0000] {logging_mixin.py:190} INFO - [2024-12-09T01:34:22.810+0000] {dag.py:4180} INFO - Setting next_dagrun for example_time_delta_sensor_async to None, run_after=None
[2024-12-09T01:34:22.845+0000] {processor.py:208} INFO - Processing /home/airflow/.local/lib/python3.12/site-packages/airflow/example_dags/example_time_delta_sensor_async.py took 0.134 seconds
[2024-12-09T01:34:53.414+0000] {processor.py:186} INFO - Started process (PID=268) to work on /home/airflow/.local/lib/python3.12/site-packages/airflow/example_dags/example_time_delta_sensor_async.py
[2024-12-09T01:34:53.416+0000] {processor.py:914} INFO - Processing file /home/airflow/.local/lib/python3.12/site-packages/airflow/example_dags/example_time_delta_sensor_async.py for tasks to queue
[2024-12-09T01:34:53.421+0000] {logging_mixin.py:190} INFO - [2024-12-09T01:34:53.420+0000] {dagbag.py:588} INFO - Filling up the DagBag from /home/airflow/.local/lib/python3.12/site-packages/airflow/example_dags/example_time_delta_sensor_async.py
[2024-12-09T01:34:53.430+0000] {processor.py:925} INFO - DAG(s) 'example_time_delta_sensor_async' retrieved from /home/airflow/.local/lib/python3.12/site-packages/airflow/example_dags/example_time_delta_sensor_async.py
[2024-12-09T01:34:53.459+0000] {logging_mixin.py:190} INFO - [2024-12-09T01:34:53.458+0000] {dag.py:3239} INFO - Sync 1 DAGs
[2024-12-09T01:34:53.481+0000] {logging_mixin.py:190} INFO - [2024-12-09T01:34:53.481+0000] {dag.py:4180} INFO - Setting next_dagrun for example_time_delta_sensor_async to None, run_after=None
[2024-12-09T01:34:53.513+0000] {processor.py:208} INFO - Processing /home/airflow/.local/lib/python3.12/site-packages/airflow/example_dags/example_time_delta_sensor_async.py took 0.113 seconds
