[2024-12-09T01:33:26.224+0000] {processor.py:186} INFO - Started process (PID=99) to work on /home/airflow/.local/lib/python3.12/site-packages/airflow/example_dags/example_skip_dag.py
[2024-12-09T01:33:26.225+0000] {processor.py:914} INFO - Processing file /home/airflow/.local/lib/python3.12/site-packages/airflow/example_dags/example_skip_dag.py for tasks to queue
[2024-12-09T01:33:26.227+0000] {logging_mixin.py:190} INFO - [2024-12-09T01:33:26.227+0000] {dagbag.py:588} INFO - Filling up the DagBag from /home/airflow/.local/lib/python3.12/site-packages/airflow/example_dags/example_skip_dag.py
[2024-12-09T01:33:26.238+0000] {processor.py:925} INFO - DAG(s) 'example_skip_dag' retrieved from /home/airflow/.local/lib/python3.12/site-packages/airflow/example_dags/example_skip_dag.py
[2024-12-09T01:33:26.367+0000] {logging_mixin.py:190} INFO - [2024-12-09T01:33:26.366+0000] {override.py:1911} INFO - Created Permission View: can edit on DAG:example_skip_dag
[2024-12-09T01:33:26.379+0000] {logging_mixin.py:190} INFO - [2024-12-09T01:33:26.379+0000] {override.py:1911} INFO - Created Permission View: can delete on DAG:example_skip_dag
[2024-12-09T01:33:26.388+0000] {logging_mixin.py:190} INFO - [2024-12-09T01:33:26.387+0000] {override.py:1911} INFO - Created Permission View: can read on DAG:example_skip_dag
[2024-12-09T01:33:26.399+0000] {logging_mixin.py:190} INFO - [2024-12-09T01:33:26.398+0000] {override.py:1911} INFO - Created Permission View: can delete on DAG Run:example_skip_dag
[2024-12-09T01:33:26.408+0000] {logging_mixin.py:190} INFO - [2024-12-09T01:33:26.408+0000] {override.py:1911} INFO - Created Permission View: menu access on DAG Run:example_skip_dag
[2024-12-09T01:33:26.416+0000] {logging_mixin.py:190} INFO - [2024-12-09T01:33:26.416+0000] {override.py:1911} INFO - Created Permission View: can create on DAG Run:example_skip_dag
[2024-12-09T01:33:26.424+0000] {logging_mixin.py:190} INFO - [2024-12-09T01:33:26.424+0000] {override.py:1911} INFO - Created Permission View: can read on DAG Run:example_skip_dag
[2024-12-09T01:33:26.425+0000] {logging_mixin.py:190} INFO - [2024-12-09T01:33:26.425+0000] {dag.py:3239} INFO - Sync 1 DAGs
[2024-12-09T01:33:26.439+0000] {logging_mixin.py:190} INFO - [2024-12-09T01:33:26.439+0000] {dag.py:3262} INFO - Creating ORM DAG for example_skip_dag
[2024-12-09T01:33:26.451+0000] {logging_mixin.py:190} INFO - [2024-12-09T01:33:26.451+0000] {dag.py:4180} INFO - Setting next_dagrun for example_skip_dag to 2024-12-08 00:00:00+00:00, run_after=2024-12-09 00:00:00+00:00
[2024-12-09T01:33:26.471+0000] {processor.py:208} INFO - Processing /home/airflow/.local/lib/python3.12/site-packages/airflow/example_dags/example_skip_dag.py took 0.253 seconds
[2024-12-09T01:33:57.075+0000] {processor.py:186} INFO - Started process (PID=162) to work on /home/airflow/.local/lib/python3.12/site-packages/airflow/example_dags/example_skip_dag.py
[2024-12-09T01:33:57.076+0000] {processor.py:914} INFO - Processing file /home/airflow/.local/lib/python3.12/site-packages/airflow/example_dags/example_skip_dag.py for tasks to queue
[2024-12-09T01:33:57.078+0000] {logging_mixin.py:190} INFO - [2024-12-09T01:33:57.078+0000] {dagbag.py:588} INFO - Filling up the DagBag from /home/airflow/.local/lib/python3.12/site-packages/airflow/example_dags/example_skip_dag.py
[2024-12-09T01:33:57.086+0000] {processor.py:925} INFO - DAG(s) 'example_skip_dag' retrieved from /home/airflow/.local/lib/python3.12/site-packages/airflow/example_dags/example_skip_dag.py
[2024-12-09T01:33:57.109+0000] {logging_mixin.py:190} INFO - [2024-12-09T01:33:57.109+0000] {dag.py:3239} INFO - Sync 1 DAGs
[2024-12-09T01:33:57.131+0000] {logging_mixin.py:190} INFO - [2024-12-09T01:33:57.130+0000] {dag.py:4180} INFO - Setting next_dagrun for example_skip_dag to 2024-12-08 00:00:00+00:00, run_after=2024-12-09 00:00:00+00:00
[2024-12-09T01:33:57.151+0000] {processor.py:208} INFO - Processing /home/airflow/.local/lib/python3.12/site-packages/airflow/example_dags/example_skip_dag.py took 0.082 seconds
[2024-12-09T01:34:27.297+0000] {processor.py:186} INFO - Started process (PID=225) to work on /home/airflow/.local/lib/python3.12/site-packages/airflow/example_dags/example_skip_dag.py
[2024-12-09T01:34:27.315+0000] {processor.py:914} INFO - Processing file /home/airflow/.local/lib/python3.12/site-packages/airflow/example_dags/example_skip_dag.py for tasks to queue
[2024-12-09T01:34:27.318+0000] {logging_mixin.py:190} INFO - [2024-12-09T01:34:27.317+0000] {dagbag.py:588} INFO - Filling up the DagBag from /home/airflow/.local/lib/python3.12/site-packages/airflow/example_dags/example_skip_dag.py
[2024-12-09T01:34:27.327+0000] {processor.py:925} INFO - DAG(s) 'example_skip_dag' retrieved from /home/airflow/.local/lib/python3.12/site-packages/airflow/example_dags/example_skip_dag.py
[2024-12-09T01:34:27.351+0000] {logging_mixin.py:190} INFO - [2024-12-09T01:34:27.350+0000] {dag.py:3239} INFO - Sync 1 DAGs
[2024-12-09T01:34:27.376+0000] {logging_mixin.py:190} INFO - [2024-12-09T01:34:27.376+0000] {dag.py:4180} INFO - Setting next_dagrun for example_skip_dag to 2024-12-08 00:00:00+00:00, run_after=2024-12-09 00:00:00+00:00
[2024-12-09T01:34:27.400+0000] {processor.py:208} INFO - Processing /home/airflow/.local/lib/python3.12/site-packages/airflow/example_dags/example_skip_dag.py took 0.110 seconds
