[2024-12-09T01:33:25.262+0000] {processor.py:186} INFO - Started process (PID=93) to work on /home/airflow/.local/lib/python3.12/site-packages/airflow/example_dags/example_params_trigger_ui.py
[2024-12-09T01:33:25.263+0000] {processor.py:914} INFO - Processing file /home/airflow/.local/lib/python3.12/site-packages/airflow/example_dags/example_params_trigger_ui.py for tasks to queue
[2024-12-09T01:33:25.266+0000] {logging_mixin.py:190} INFO - [2024-12-09T01:33:25.265+0000] {dagbag.py:588} INFO - Filling up the DagBag from /home/airflow/.local/lib/python3.12/site-packages/airflow/example_dags/example_params_trigger_ui.py
[2024-12-09T01:33:25.279+0000] {processor.py:925} INFO - DAG(s) 'example_params_trigger_ui' retrieved from /home/airflow/.local/lib/python3.12/site-packages/airflow/example_dags/example_params_trigger_ui.py
[2024-12-09T01:33:25.447+0000] {logging_mixin.py:190} INFO - [2024-12-09T01:33:25.447+0000] {override.py:1911} INFO - Created Permission View: can edit on DAG:example_params_trigger_ui
[2024-12-09T01:33:25.460+0000] {logging_mixin.py:190} INFO - [2024-12-09T01:33:25.459+0000] {override.py:1911} INFO - Created Permission View: can delete on DAG:example_params_trigger_ui
[2024-12-09T01:33:25.468+0000] {logging_mixin.py:190} INFO - [2024-12-09T01:33:25.468+0000] {override.py:1911} INFO - Created Permission View: can read on DAG:example_params_trigger_ui
[2024-12-09T01:33:25.478+0000] {logging_mixin.py:190} INFO - [2024-12-09T01:33:25.478+0000] {override.py:1911} INFO - Created Permission View: can delete on DAG Run:example_params_trigger_ui
[2024-12-09T01:33:25.486+0000] {logging_mixin.py:190} INFO - [2024-12-09T01:33:25.485+0000] {override.py:1911} INFO - Created Permission View: menu access on DAG Run:example_params_trigger_ui
[2024-12-09T01:33:25.493+0000] {logging_mixin.py:190} INFO - [2024-12-09T01:33:25.493+0000] {override.py:1911} INFO - Created Permission View: can create on DAG Run:example_params_trigger_ui
[2024-12-09T01:33:25.502+0000] {logging_mixin.py:190} INFO - [2024-12-09T01:33:25.501+0000] {override.py:1911} INFO - Created Permission View: can read on DAG Run:example_params_trigger_ui
[2024-12-09T01:33:25.503+0000] {logging_mixin.py:190} INFO - [2024-12-09T01:33:25.502+0000] {dag.py:3239} INFO - Sync 1 DAGs
[2024-12-09T01:33:25.517+0000] {logging_mixin.py:190} INFO - [2024-12-09T01:33:25.517+0000] {dag.py:3262} INFO - Creating ORM DAG for example_params_trigger_ui
[2024-12-09T01:33:25.518+0000] {logging_mixin.py:190} INFO - [2024-12-09T01:33:25.518+0000] {dag.py:4180} INFO - Setting next_dagrun for example_params_trigger_ui to None, run_after=None
[2024-12-09T01:33:25.540+0000] {processor.py:208} INFO - Processing /home/airflow/.local/lib/python3.12/site-packages/airflow/example_dags/example_params_trigger_ui.py took 0.285 seconds
[2024-12-09T01:33:56.560+0000] {processor.py:186} INFO - Started process (PID=156) to work on /home/airflow/.local/lib/python3.12/site-packages/airflow/example_dags/example_params_trigger_ui.py
[2024-12-09T01:33:56.561+0000] {processor.py:914} INFO - Processing file /home/airflow/.local/lib/python3.12/site-packages/airflow/example_dags/example_params_trigger_ui.py for tasks to queue
[2024-12-09T01:33:56.564+0000] {logging_mixin.py:190} INFO - [2024-12-09T01:33:56.564+0000] {dagbag.py:588} INFO - Filling up the DagBag from /home/airflow/.local/lib/python3.12/site-packages/airflow/example_dags/example_params_trigger_ui.py
[2024-12-09T01:33:56.576+0000] {processor.py:925} INFO - DAG(s) 'example_params_trigger_ui' retrieved from /home/airflow/.local/lib/python3.12/site-packages/airflow/example_dags/example_params_trigger_ui.py
[2024-12-09T01:33:56.624+0000] {logging_mixin.py:190} INFO - [2024-12-09T01:33:56.623+0000] {dag.py:3239} INFO - Sync 1 DAGs
[2024-12-09T01:33:56.638+0000] {logging_mixin.py:190} INFO - [2024-12-09T01:33:56.638+0000] {dag.py:4180} INFO - Setting next_dagrun for example_params_trigger_ui to None, run_after=None
[2024-12-09T01:33:56.665+0000] {processor.py:208} INFO - Processing /home/airflow/.local/lib/python3.12/site-packages/airflow/example_dags/example_params_trigger_ui.py took 0.111 seconds
[2024-12-09T01:34:26.821+0000] {processor.py:186} INFO - Started process (PID=219) to work on /home/airflow/.local/lib/python3.12/site-packages/airflow/example_dags/example_params_trigger_ui.py
[2024-12-09T01:34:26.823+0000] {processor.py:914} INFO - Processing file /home/airflow/.local/lib/python3.12/site-packages/airflow/example_dags/example_params_trigger_ui.py for tasks to queue
[2024-12-09T01:34:26.825+0000] {logging_mixin.py:190} INFO - [2024-12-09T01:34:26.825+0000] {dagbag.py:588} INFO - Filling up the DagBag from /home/airflow/.local/lib/python3.12/site-packages/airflow/example_dags/example_params_trigger_ui.py
[2024-12-09T01:34:26.837+0000] {processor.py:925} INFO - DAG(s) 'example_params_trigger_ui' retrieved from /home/airflow/.local/lib/python3.12/site-packages/airflow/example_dags/example_params_trigger_ui.py
[2024-12-09T01:34:26.905+0000] {logging_mixin.py:190} INFO - [2024-12-09T01:34:26.905+0000] {dag.py:3239} INFO - Sync 1 DAGs
[2024-12-09T01:34:26.926+0000] {logging_mixin.py:190} INFO - [2024-12-09T01:34:26.925+0000] {dag.py:4180} INFO - Setting next_dagrun for example_params_trigger_ui to None, run_after=None
[2024-12-09T01:34:26.959+0000] {processor.py:208} INFO - Processing /home/airflow/.local/lib/python3.12/site-packages/airflow/example_dags/example_params_trigger_ui.py took 0.144 seconds
