[2024-12-09T01:33:25.597+0000] {processor.py:186} INFO - Started process (PID=96) to work on /home/airflow/.local/lib/python3.12/site-packages/airflow/example_dags/example_branch_day_of_week_operator.py
[2024-12-09T01:33:25.598+0000] {processor.py:914} INFO - Processing file /home/airflow/.local/lib/python3.12/site-packages/airflow/example_dags/example_branch_day_of_week_operator.py for tasks to queue
[2024-12-09T01:33:25.601+0000] {logging_mixin.py:190} INFO - [2024-12-09T01:33:25.601+0000] {dagbag.py:588} INFO - Filling up the DagBag from /home/airflow/.local/lib/python3.12/site-packages/airflow/example_dags/example_branch_day_of_week_operator.py
[2024-12-09T01:33:25.649+0000] {processor.py:925} INFO - DAG(s) 'example_weekday_branch_operator' retrieved from /home/airflow/.local/lib/python3.12/site-packages/airflow/example_dags/example_branch_day_of_week_operator.py
[2024-12-09T01:33:25.831+0000] {logging_mixin.py:190} INFO - [2024-12-09T01:33:25.830+0000] {override.py:1911} INFO - Created Permission View: can edit on DAG:example_weekday_branch_operator
[2024-12-09T01:33:25.847+0000] {logging_mixin.py:190} INFO - [2024-12-09T01:33:25.847+0000] {override.py:1911} INFO - Created Permission View: can delete on DAG:example_weekday_branch_operator
[2024-12-09T01:33:25.859+0000] {logging_mixin.py:190} INFO - [2024-12-09T01:33:25.858+0000] {override.py:1911} INFO - Created Permission View: can read on DAG:example_weekday_branch_operator
[2024-12-09T01:33:25.873+0000] {logging_mixin.py:190} INFO - [2024-12-09T01:33:25.872+0000] {override.py:1911} INFO - Created Permission View: can delete on DAG Run:example_weekday_branch_operator
[2024-12-09T01:33:25.885+0000] {logging_mixin.py:190} INFO - [2024-12-09T01:33:25.885+0000] {override.py:1911} INFO - Created Permission View: menu access on DAG Run:example_weekday_branch_operator
[2024-12-09T01:33:25.897+0000] {logging_mixin.py:190} INFO - [2024-12-09T01:33:25.897+0000] {override.py:1911} INFO - Created Permission View: can create on DAG Run:example_weekday_branch_operator
[2024-12-09T01:33:25.910+0000] {logging_mixin.py:190} INFO - [2024-12-09T01:33:25.910+0000] {override.py:1911} INFO - Created Permission View: can read on DAG Run:example_weekday_branch_operator
[2024-12-09T01:33:25.911+0000] {logging_mixin.py:190} INFO - [2024-12-09T01:33:25.911+0000] {dag.py:3239} INFO - Sync 1 DAGs
[2024-12-09T01:33:25.931+0000] {logging_mixin.py:190} INFO - [2024-12-09T01:33:25.930+0000] {dag.py:3262} INFO - Creating ORM DAG for example_weekday_branch_operator
[2024-12-09T01:33:25.944+0000] {logging_mixin.py:190} INFO - [2024-12-09T01:33:25.944+0000] {dag.py:4180} INFO - Setting next_dagrun for example_weekday_branch_operator to 2024-12-08 00:00:00+00:00, run_after=2024-12-09 00:00:00+00:00
[2024-12-09T01:33:25.965+0000] {processor.py:208} INFO - Processing /home/airflow/.local/lib/python3.12/site-packages/airflow/example_dags/example_branch_day_of_week_operator.py took 0.374 seconds
[2024-12-09T01:33:56.830+0000] {processor.py:186} INFO - Started process (PID=159) to work on /home/airflow/.local/lib/python3.12/site-packages/airflow/example_dags/example_branch_day_of_week_operator.py
[2024-12-09T01:33:56.831+0000] {processor.py:914} INFO - Processing file /home/airflow/.local/lib/python3.12/site-packages/airflow/example_dags/example_branch_day_of_week_operator.py for tasks to queue
[2024-12-09T01:33:56.833+0000] {logging_mixin.py:190} INFO - [2024-12-09T01:33:56.833+0000] {dagbag.py:588} INFO - Filling up the DagBag from /home/airflow/.local/lib/python3.12/site-packages/airflow/example_dags/example_branch_day_of_week_operator.py
[2024-12-09T01:33:56.843+0000] {processor.py:925} INFO - DAG(s) 'example_weekday_branch_operator' retrieved from /home/airflow/.local/lib/python3.12/site-packages/airflow/example_dags/example_branch_day_of_week_operator.py
[2024-12-09T01:33:56.863+0000] {logging_mixin.py:190} INFO - [2024-12-09T01:33:56.863+0000] {dag.py:3239} INFO - Sync 1 DAGs
[2024-12-09T01:33:56.885+0000] {logging_mixin.py:190} INFO - [2024-12-09T01:33:56.885+0000] {dag.py:4180} INFO - Setting next_dagrun for example_weekday_branch_operator to 2024-12-08 00:00:00+00:00, run_after=2024-12-09 00:00:00+00:00
[2024-12-09T01:33:56.909+0000] {processor.py:208} INFO - Processing /home/airflow/.local/lib/python3.12/site-packages/airflow/example_dags/example_branch_day_of_week_operator.py took 0.085 seconds
[2024-12-09T01:34:27.126+0000] {processor.py:186} INFO - Started process (PID=222) to work on /home/airflow/.local/lib/python3.12/site-packages/airflow/example_dags/example_branch_day_of_week_operator.py
[2024-12-09T01:34:27.127+0000] {processor.py:914} INFO - Processing file /home/airflow/.local/lib/python3.12/site-packages/airflow/example_dags/example_branch_day_of_week_operator.py for tasks to queue
[2024-12-09T01:34:27.131+0000] {logging_mixin.py:190} INFO - [2024-12-09T01:34:27.130+0000] {dagbag.py:588} INFO - Filling up the DagBag from /home/airflow/.local/lib/python3.12/site-packages/airflow/example_dags/example_branch_day_of_week_operator.py
[2024-12-09T01:34:27.144+0000] {processor.py:925} INFO - DAG(s) 'example_weekday_branch_operator' retrieved from /home/airflow/.local/lib/python3.12/site-packages/airflow/example_dags/example_branch_day_of_week_operator.py
[2024-12-09T01:34:27.167+0000] {logging_mixin.py:190} INFO - [2024-12-09T01:34:27.167+0000] {dag.py:3239} INFO - Sync 1 DAGs
[2024-12-09T01:34:27.194+0000] {logging_mixin.py:190} INFO - [2024-12-09T01:34:27.194+0000] {dag.py:4180} INFO - Setting next_dagrun for example_weekday_branch_operator to 2024-12-08 00:00:00+00:00, run_after=2024-12-09 00:00:00+00:00
[2024-12-09T01:34:27.221+0000] {processor.py:208} INFO - Processing /home/airflow/.local/lib/python3.12/site-packages/airflow/example_dags/example_branch_day_of_week_operator.py took 0.104 seconds
