[2024-12-09T01:33:33.115+0000] {processor.py:186} INFO - Started process (PID=125) to work on /home/airflow/.local/lib/python3.12/site-packages/airflow/example_dags/example_short_circuit_operator.py
[2024-12-09T01:33:33.117+0000] {processor.py:914} INFO - Processing file /home/airflow/.local/lib/python3.12/site-packages/airflow/example_dags/example_short_circuit_operator.py for tasks to queue
[2024-12-09T01:33:33.120+0000] {logging_mixin.py:190} INFO - [2024-12-09T01:33:33.120+0000] {dagbag.py:588} INFO - Filling up the DagBag from /home/airflow/.local/lib/python3.12/site-packages/airflow/example_dags/example_short_circuit_operator.py
[2024-12-09T01:33:33.131+0000] {processor.py:925} INFO - DAG(s) 'example_short_circuit_operator' retrieved from /home/airflow/.local/lib/python3.12/site-packages/airflow/example_dags/example_short_circuit_operator.py
[2024-12-09T01:33:33.346+0000] {logging_mixin.py:190} INFO - [2024-12-09T01:33:33.345+0000] {override.py:1911} INFO - Created Permission View: can edit on DAG:example_short_circuit_operator
[2024-12-09T01:33:33.400+0000] {logging_mixin.py:190} INFO - [2024-12-09T01:33:33.400+0000] {override.py:1911} INFO - Created Permission View: can delete on DAG:example_short_circuit_operator
[2024-12-09T01:33:33.440+0000] {logging_mixin.py:190} INFO - [2024-12-09T01:33:33.440+0000] {override.py:1911} INFO - Created Permission View: can read on DAG:example_short_circuit_operator
[2024-12-09T01:33:33.514+0000] {logging_mixin.py:190} INFO - [2024-12-09T01:33:33.513+0000] {override.py:1911} INFO - Created Permission View: can delete on DAG Run:example_short_circuit_operator
[2024-12-09T01:33:33.544+0000] {logging_mixin.py:190} INFO - [2024-12-09T01:33:33.544+0000] {override.py:1911} INFO - Created Permission View: menu access on DAG Run:example_short_circuit_operator
[2024-12-09T01:33:33.587+0000] {logging_mixin.py:190} INFO - [2024-12-09T01:33:33.587+0000] {override.py:1911} INFO - Created Permission View: can create on DAG Run:example_short_circuit_operator
[2024-12-09T01:33:33.623+0000] {logging_mixin.py:190} INFO - [2024-12-09T01:33:33.622+0000] {override.py:1911} INFO - Created Permission View: can read on DAG Run:example_short_circuit_operator
[2024-12-09T01:33:33.626+0000] {logging_mixin.py:190} INFO - [2024-12-09T01:33:33.626+0000] {dag.py:3239} INFO - Sync 1 DAGs
[2024-12-09T01:33:33.674+0000] {logging_mixin.py:190} INFO - [2024-12-09T01:33:33.673+0000] {dag.py:3262} INFO - Creating ORM DAG for example_short_circuit_operator
[2024-12-09T01:33:33.675+0000] {logging_mixin.py:190} INFO - [2024-12-09T01:33:33.675+0000] {dag.py:4180} INFO - Setting next_dagrun for example_short_circuit_operator to None, run_after=None
[2024-12-09T01:33:33.701+0000] {processor.py:208} INFO - Processing /home/airflow/.local/lib/python3.12/site-packages/airflow/example_dags/example_short_circuit_operator.py took 0.592 seconds
[2024-12-09T01:34:04.179+0000] {processor.py:186} INFO - Started process (PID=188) to work on /home/airflow/.local/lib/python3.12/site-packages/airflow/example_dags/example_short_circuit_operator.py
[2024-12-09T01:34:04.181+0000] {processor.py:914} INFO - Processing file /home/airflow/.local/lib/python3.12/site-packages/airflow/example_dags/example_short_circuit_operator.py for tasks to queue
[2024-12-09T01:34:04.185+0000] {logging_mixin.py:190} INFO - [2024-12-09T01:34:04.185+0000] {dagbag.py:588} INFO - Filling up the DagBag from /home/airflow/.local/lib/python3.12/site-packages/airflow/example_dags/example_short_circuit_operator.py
[2024-12-09T01:34:04.196+0000] {processor.py:925} INFO - DAG(s) 'example_short_circuit_operator' retrieved from /home/airflow/.local/lib/python3.12/site-packages/airflow/example_dags/example_short_circuit_operator.py
[2024-12-09T01:34:04.227+0000] {logging_mixin.py:190} INFO - [2024-12-09T01:34:04.226+0000] {dag.py:3239} INFO - Sync 1 DAGs
[2024-12-09T01:34:04.244+0000] {logging_mixin.py:190} INFO - [2024-12-09T01:34:04.243+0000] {dag.py:4180} INFO - Setting next_dagrun for example_short_circuit_operator to None, run_after=None
[2024-12-09T01:34:04.265+0000] {processor.py:208} INFO - Processing /home/airflow/.local/lib/python3.12/site-packages/airflow/example_dags/example_short_circuit_operator.py took 0.095 seconds
[2024-12-09T01:34:34.795+0000] {processor.py:186} INFO - Started process (PID=250) to work on /home/airflow/.local/lib/python3.12/site-packages/airflow/example_dags/example_short_circuit_operator.py
[2024-12-09T01:34:34.796+0000] {processor.py:914} INFO - Processing file /home/airflow/.local/lib/python3.12/site-packages/airflow/example_dags/example_short_circuit_operator.py for tasks to queue
[2024-12-09T01:34:34.800+0000] {logging_mixin.py:190} INFO - [2024-12-09T01:34:34.799+0000] {dagbag.py:588} INFO - Filling up the DagBag from /home/airflow/.local/lib/python3.12/site-packages/airflow/example_dags/example_short_circuit_operator.py
[2024-12-09T01:34:34.811+0000] {processor.py:925} INFO - DAG(s) 'example_short_circuit_operator' retrieved from /home/airflow/.local/lib/python3.12/site-packages/airflow/example_dags/example_short_circuit_operator.py
[2024-12-09T01:34:34.843+0000] {logging_mixin.py:190} INFO - [2024-12-09T01:34:34.843+0000] {dag.py:3239} INFO - Sync 1 DAGs
[2024-12-09T01:34:34.861+0000] {logging_mixin.py:190} INFO - [2024-12-09T01:34:34.860+0000] {dag.py:4180} INFO - Setting next_dagrun for example_short_circuit_operator to None, run_after=None
[2024-12-09T01:34:34.888+0000] {processor.py:208} INFO - Processing /home/airflow/.local/lib/python3.12/site-packages/airflow/example_dags/example_short_circuit_operator.py took 0.100 seconds
