[2024-12-09T01:33:27.939+0000] {processor.py:186} INFO - Started process (PID=106) to work on /home/airflow/.local/lib/python3.12/site-packages/airflow/example_dags/example_workday_timetable.py
[2024-12-09T01:33:27.940+0000] {processor.py:914} INFO - Processing file /home/airflow/.local/lib/python3.12/site-packages/airflow/example_dags/example_workday_timetable.py for tasks to queue
[2024-12-09T01:33:27.943+0000] {logging_mixin.py:190} INFO - [2024-12-09T01:33:27.942+0000] {dagbag.py:588} INFO - Filling up the DagBag from /home/airflow/.local/lib/python3.12/site-packages/airflow/example_dags/example_workday_timetable.py
[2024-12-09T01:33:27.968+0000] {processor.py:925} INFO - DAG(s) 'example_workday_timetable' retrieved from /home/airflow/.local/lib/python3.12/site-packages/airflow/example_dags/example_workday_timetable.py
[2024-12-09T01:33:28.094+0000] {logging_mixin.py:190} INFO - [2024-12-09T01:33:28.093+0000] {override.py:1911} INFO - Created Permission View: can edit on DAG:example_workday_timetable
[2024-12-09T01:33:28.116+0000] {logging_mixin.py:190} INFO - [2024-12-09T01:33:28.115+0000] {override.py:1911} INFO - Created Permission View: can delete on DAG:example_workday_timetable
[2024-12-09T01:33:28.131+0000] {logging_mixin.py:190} INFO - [2024-12-09T01:33:28.130+0000] {override.py:1911} INFO - Created Permission View: can read on DAG:example_workday_timetable
[2024-12-09T01:33:28.144+0000] {logging_mixin.py:190} INFO - [2024-12-09T01:33:28.144+0000] {override.py:1911} INFO - Created Permission View: can delete on DAG Run:example_workday_timetable
[2024-12-09T01:33:28.159+0000] {logging_mixin.py:190} INFO - [2024-12-09T01:33:28.159+0000] {override.py:1911} INFO - Created Permission View: menu access on DAG Run:example_workday_timetable
[2024-12-09T01:33:28.168+0000] {logging_mixin.py:190} INFO - [2024-12-09T01:33:28.168+0000] {override.py:1911} INFO - Created Permission View: can create on DAG Run:example_workday_timetable
[2024-12-09T01:33:28.179+0000] {logging_mixin.py:190} INFO - [2024-12-09T01:33:28.179+0000] {override.py:1911} INFO - Created Permission View: can read on DAG Run:example_workday_timetable
[2024-12-09T01:33:28.180+0000] {logging_mixin.py:190} INFO - [2024-12-09T01:33:28.180+0000] {dag.py:3239} INFO - Sync 1 DAGs
[2024-12-09T01:33:28.203+0000] {logging_mixin.py:190} INFO - [2024-12-09T01:33:28.203+0000] {dag.py:3262} INFO - Creating ORM DAG for example_workday_timetable
[2024-12-09T01:33:28.319+0000] {logging_mixin.py:190} INFO - [2024-12-09T01:33:28.319+0000] {dag.py:4180} INFO - Setting next_dagrun for example_workday_timetable to 2021-01-04 00:00:00+00:00, run_after=2021-01-05 00:00:00+00:00
[2024-12-09T01:33:28.349+0000] {processor.py:208} INFO - Processing /home/airflow/.local/lib/python3.12/site-packages/airflow/example_dags/example_workday_timetable.py took 0.418 seconds
[2024-12-09T01:33:58.855+0000] {processor.py:186} INFO - Started process (PID=169) to work on /home/airflow/.local/lib/python3.12/site-packages/airflow/example_dags/example_workday_timetable.py
[2024-12-09T01:33:58.856+0000] {processor.py:914} INFO - Processing file /home/airflow/.local/lib/python3.12/site-packages/airflow/example_dags/example_workday_timetable.py for tasks to queue
[2024-12-09T01:33:58.859+0000] {logging_mixin.py:190} INFO - [2024-12-09T01:33:58.858+0000] {dagbag.py:588} INFO - Filling up the DagBag from /home/airflow/.local/lib/python3.12/site-packages/airflow/example_dags/example_workday_timetable.py
[2024-12-09T01:33:58.865+0000] {processor.py:925} INFO - DAG(s) 'example_workday_timetable' retrieved from /home/airflow/.local/lib/python3.12/site-packages/airflow/example_dags/example_workday_timetable.py
[2024-12-09T01:33:58.884+0000] {logging_mixin.py:190} INFO - [2024-12-09T01:33:58.884+0000] {dag.py:3239} INFO - Sync 1 DAGs
[2024-12-09T01:33:58.979+0000] {logging_mixin.py:190} INFO - [2024-12-09T01:33:58.979+0000] {dag.py:4180} INFO - Setting next_dagrun for example_workday_timetable to 2021-01-04 00:00:00+00:00, run_after=2021-01-05 00:00:00+00:00
[2024-12-09T01:33:59.004+0000] {processor.py:208} INFO - Processing /home/airflow/.local/lib/python3.12/site-packages/airflow/example_dags/example_workday_timetable.py took 0.156 seconds
[2024-12-09T01:34:30.024+0000] {processor.py:186} INFO - Started process (PID=232) to work on /home/airflow/.local/lib/python3.12/site-packages/airflow/example_dags/example_workday_timetable.py
[2024-12-09T01:34:30.026+0000] {processor.py:914} INFO - Processing file /home/airflow/.local/lib/python3.12/site-packages/airflow/example_dags/example_workday_timetable.py for tasks to queue
[2024-12-09T01:34:30.029+0000] {logging_mixin.py:190} INFO - [2024-12-09T01:34:30.028+0000] {dagbag.py:588} INFO - Filling up the DagBag from /home/airflow/.local/lib/python3.12/site-packages/airflow/example_dags/example_workday_timetable.py
[2024-12-09T01:34:30.038+0000] {processor.py:925} INFO - DAG(s) 'example_workday_timetable' retrieved from /home/airflow/.local/lib/python3.12/site-packages/airflow/example_dags/example_workday_timetable.py
[2024-12-09T01:34:30.060+0000] {logging_mixin.py:190} INFO - [2024-12-09T01:34:30.060+0000] {dag.py:3239} INFO - Sync 1 DAGs
[2024-12-09T01:34:30.225+0000] {logging_mixin.py:190} INFO - [2024-12-09T01:34:30.225+0000] {dag.py:4180} INFO - Setting next_dagrun for example_workday_timetable to 2021-01-04 00:00:00+00:00, run_after=2021-01-05 00:00:00+00:00
[2024-12-09T01:34:30.254+0000] {processor.py:208} INFO - Processing /home/airflow/.local/lib/python3.12/site-packages/airflow/example_dags/example_workday_timetable.py took 0.236 seconds
