[2024-12-09T01:33:28.028+0000] {processor.py:186} INFO - Started process (PID=107) to work on /home/airflow/.local/lib/python3.12/site-packages/airflow/example_dags/example_trigger_controller_dag.py
[2024-12-09T01:33:28.029+0000] {processor.py:914} INFO - Processing file /home/airflow/.local/lib/python3.12/site-packages/airflow/example_dags/example_trigger_controller_dag.py for tasks to queue
[2024-12-09T01:33:28.032+0000] {logging_mixin.py:190} INFO - [2024-12-09T01:33:28.032+0000] {dagbag.py:588} INFO - Filling up the DagBag from /home/airflow/.local/lib/python3.12/site-packages/airflow/example_dags/example_trigger_controller_dag.py
[2024-12-09T01:33:28.041+0000] {processor.py:925} INFO - DAG(s) 'example_trigger_controller_dag' retrieved from /home/airflow/.local/lib/python3.12/site-packages/airflow/example_dags/example_trigger_controller_dag.py
[2024-12-09T01:33:28.218+0000] {logging_mixin.py:190} INFO - [2024-12-09T01:33:28.217+0000] {override.py:1911} INFO - Created Permission View: can edit on DAG:example_trigger_controller_dag
[2024-12-09T01:33:28.234+0000] {logging_mixin.py:190} INFO - [2024-12-09T01:33:28.233+0000] {override.py:1911} INFO - Created Permission View: can delete on DAG:example_trigger_controller_dag
[2024-12-09T01:33:28.245+0000] {logging_mixin.py:190} INFO - [2024-12-09T01:33:28.245+0000] {override.py:1911} INFO - Created Permission View: can read on DAG:example_trigger_controller_dag
[2024-12-09T01:33:28.257+0000] {logging_mixin.py:190} INFO - [2024-12-09T01:33:28.256+0000] {override.py:1911} INFO - Created Permission View: can delete on DAG Run:example_trigger_controller_dag
[2024-12-09T01:33:28.267+0000] {logging_mixin.py:190} INFO - [2024-12-09T01:33:28.267+0000] {override.py:1911} INFO - Created Permission View: menu access on DAG Run:example_trigger_controller_dag
[2024-12-09T01:33:28.279+0000] {logging_mixin.py:190} INFO - [2024-12-09T01:33:28.279+0000] {override.py:1911} INFO - Created Permission View: can create on DAG Run:example_trigger_controller_dag
[2024-12-09T01:33:28.290+0000] {logging_mixin.py:190} INFO - [2024-12-09T01:33:28.289+0000] {override.py:1911} INFO - Created Permission View: can read on DAG Run:example_trigger_controller_dag
[2024-12-09T01:33:28.291+0000] {logging_mixin.py:190} INFO - [2024-12-09T01:33:28.290+0000] {dag.py:3239} INFO - Sync 1 DAGs
[2024-12-09T01:33:28.312+0000] {logging_mixin.py:190} INFO - [2024-12-09T01:33:28.311+0000] {dag.py:3262} INFO - Creating ORM DAG for example_trigger_controller_dag
[2024-12-09T01:33:28.330+0000] {logging_mixin.py:190} INFO - [2024-12-09T01:33:28.330+0000] {dag.py:4180} INFO - Setting next_dagrun for example_trigger_controller_dag to 2021-01-01 00:00:00+00:00, run_after=2021-01-01 00:00:00+00:00
[2024-12-09T01:33:28.359+0000] {processor.py:208} INFO - Processing /home/airflow/.local/lib/python3.12/site-packages/airflow/example_dags/example_trigger_controller_dag.py took 0.337 seconds
[2024-12-09T01:33:59.039+0000] {processor.py:186} INFO - Started process (PID=170) to work on /home/airflow/.local/lib/python3.12/site-packages/airflow/example_dags/example_trigger_controller_dag.py
[2024-12-09T01:33:59.042+0000] {processor.py:914} INFO - Processing file /home/airflow/.local/lib/python3.12/site-packages/airflow/example_dags/example_trigger_controller_dag.py for tasks to queue
[2024-12-09T01:33:59.047+0000] {logging_mixin.py:190} INFO - [2024-12-09T01:33:59.046+0000] {dagbag.py:588} INFO - Filling up the DagBag from /home/airflow/.local/lib/python3.12/site-packages/airflow/example_dags/example_trigger_controller_dag.py
[2024-12-09T01:33:59.059+0000] {processor.py:925} INFO - DAG(s) 'example_trigger_controller_dag' retrieved from /home/airflow/.local/lib/python3.12/site-packages/airflow/example_dags/example_trigger_controller_dag.py
[2024-12-09T01:33:59.084+0000] {logging_mixin.py:190} INFO - [2024-12-09T01:33:59.084+0000] {dag.py:3239} INFO - Sync 1 DAGs
[2024-12-09T01:33:59.106+0000] {logging_mixin.py:190} INFO - [2024-12-09T01:33:59.106+0000] {dag.py:4180} INFO - Setting next_dagrun for example_trigger_controller_dag to 2021-01-01 00:00:00+00:00, run_after=2021-01-01 00:00:00+00:00
[2024-12-09T01:33:59.128+0000] {processor.py:208} INFO - Processing /home/airflow/.local/lib/python3.12/site-packages/airflow/example_dags/example_trigger_controller_dag.py took 0.095 seconds
[2024-12-09T01:34:30.086+0000] {processor.py:186} INFO - Started process (PID=233) to work on /home/airflow/.local/lib/python3.12/site-packages/airflow/example_dags/example_trigger_controller_dag.py
[2024-12-09T01:34:30.087+0000] {processor.py:914} INFO - Processing file /home/airflow/.local/lib/python3.12/site-packages/airflow/example_dags/example_trigger_controller_dag.py for tasks to queue
[2024-12-09T01:34:30.090+0000] {logging_mixin.py:190} INFO - [2024-12-09T01:34:30.090+0000] {dagbag.py:588} INFO - Filling up the DagBag from /home/airflow/.local/lib/python3.12/site-packages/airflow/example_dags/example_trigger_controller_dag.py
[2024-12-09T01:34:30.099+0000] {processor.py:925} INFO - DAG(s) 'example_trigger_controller_dag' retrieved from /home/airflow/.local/lib/python3.12/site-packages/airflow/example_dags/example_trigger_controller_dag.py
[2024-12-09T01:34:30.122+0000] {logging_mixin.py:190} INFO - [2024-12-09T01:34:30.122+0000] {dag.py:3239} INFO - Sync 1 DAGs
[2024-12-09T01:34:30.150+0000] {logging_mixin.py:190} INFO - [2024-12-09T01:34:30.150+0000] {dag.py:4180} INFO - Setting next_dagrun for example_trigger_controller_dag to 2021-01-01 00:00:00+00:00, run_after=2021-01-01 00:00:00+00:00
[2024-12-09T01:34:30.176+0000] {processor.py:208} INFO - Processing /home/airflow/.local/lib/python3.12/site-packages/airflow/example_dags/example_trigger_controller_dag.py took 0.097 seconds
