[2024-12-09T01:33:27.736+0000] {processor.py:186} INFO - Started process (PID=105) to work on /home/airflow/.local/lib/python3.12/site-packages/airflow/example_dags/example_setup_teardown_taskflow.py
[2024-12-09T01:33:27.737+0000] {processor.py:914} INFO - Processing file /home/airflow/.local/lib/python3.12/site-packages/airflow/example_dags/example_setup_teardown_taskflow.py for tasks to queue
[2024-12-09T01:33:27.740+0000] {logging_mixin.py:190} INFO - [2024-12-09T01:33:27.740+0000] {dagbag.py:588} INFO - Filling up the DagBag from /home/airflow/.local/lib/python3.12/site-packages/airflow/example_dags/example_setup_teardown_taskflow.py
[2024-12-09T01:33:27.755+0000] {processor.py:925} INFO - DAG(s) 'example_setup_teardown_taskflow' retrieved from /home/airflow/.local/lib/python3.12/site-packages/airflow/example_dags/example_setup_teardown_taskflow.py
[2024-12-09T01:33:27.894+0000] {logging_mixin.py:190} INFO - [2024-12-09T01:33:27.893+0000] {override.py:1911} INFO - Created Permission View: can edit on DAG:example_setup_teardown_taskflow
[2024-12-09T01:33:27.907+0000] {logging_mixin.py:190} INFO - [2024-12-09T01:33:27.906+0000] {override.py:1911} INFO - Created Permission View: can delete on DAG:example_setup_teardown_taskflow
[2024-12-09T01:33:27.915+0000] {logging_mixin.py:190} INFO - [2024-12-09T01:33:27.915+0000] {override.py:1911} INFO - Created Permission View: can read on DAG:example_setup_teardown_taskflow
[2024-12-09T01:33:27.925+0000] {logging_mixin.py:190} INFO - [2024-12-09T01:33:27.925+0000] {override.py:1911} INFO - Created Permission View: can delete on DAG Run:example_setup_teardown_taskflow
[2024-12-09T01:33:27.934+0000] {logging_mixin.py:190} INFO - [2024-12-09T01:33:27.933+0000] {override.py:1911} INFO - Created Permission View: menu access on DAG Run:example_setup_teardown_taskflow
[2024-12-09T01:33:27.941+0000] {logging_mixin.py:190} INFO - [2024-12-09T01:33:27.941+0000] {override.py:1911} INFO - Created Permission View: can create on DAG Run:example_setup_teardown_taskflow
[2024-12-09T01:33:27.949+0000] {logging_mixin.py:190} INFO - [2024-12-09T01:33:27.949+0000] {override.py:1911} INFO - Created Permission View: can read on DAG Run:example_setup_teardown_taskflow
[2024-12-09T01:33:27.950+0000] {logging_mixin.py:190} INFO - [2024-12-09T01:33:27.950+0000] {dag.py:3239} INFO - Sync 1 DAGs
[2024-12-09T01:33:27.964+0000] {logging_mixin.py:190} INFO - [2024-12-09T01:33:27.964+0000] {dag.py:3262} INFO - Creating ORM DAG for example_setup_teardown_taskflow
[2024-12-09T01:33:27.965+0000] {logging_mixin.py:190} INFO - [2024-12-09T01:33:27.965+0000] {dag.py:4180} INFO - Setting next_dagrun for example_setup_teardown_taskflow to None, run_after=None
[2024-12-09T01:33:27.984+0000] {processor.py:208} INFO - Processing /home/airflow/.local/lib/python3.12/site-packages/airflow/example_dags/example_setup_teardown_taskflow.py took 0.257 seconds
[2024-12-09T01:33:58.744+0000] {processor.py:186} INFO - Started process (PID=168) to work on /home/airflow/.local/lib/python3.12/site-packages/airflow/example_dags/example_setup_teardown_taskflow.py
[2024-12-09T01:33:58.745+0000] {processor.py:914} INFO - Processing file /home/airflow/.local/lib/python3.12/site-packages/airflow/example_dags/example_setup_teardown_taskflow.py for tasks to queue
[2024-12-09T01:33:58.748+0000] {logging_mixin.py:190} INFO - [2024-12-09T01:33:58.747+0000] {dagbag.py:588} INFO - Filling up the DagBag from /home/airflow/.local/lib/python3.12/site-packages/airflow/example_dags/example_setup_teardown_taskflow.py
[2024-12-09T01:33:58.758+0000] {processor.py:925} INFO - DAG(s) 'example_setup_teardown_taskflow' retrieved from /home/airflow/.local/lib/python3.12/site-packages/airflow/example_dags/example_setup_teardown_taskflow.py
[2024-12-09T01:33:58.780+0000] {logging_mixin.py:190} INFO - [2024-12-09T01:33:58.780+0000] {dag.py:3239} INFO - Sync 1 DAGs
[2024-12-09T01:33:58.795+0000] {logging_mixin.py:190} INFO - [2024-12-09T01:33:58.794+0000] {dag.py:4180} INFO - Setting next_dagrun for example_setup_teardown_taskflow to None, run_after=None
[2024-12-09T01:33:58.819+0000] {processor.py:208} INFO - Processing /home/airflow/.local/lib/python3.12/site-packages/airflow/example_dags/example_setup_teardown_taskflow.py took 0.081 seconds
[2024-12-09T01:34:29.012+0000] {processor.py:186} INFO - Started process (PID=230) to work on /home/airflow/.local/lib/python3.12/site-packages/airflow/example_dags/example_setup_teardown_taskflow.py
[2024-12-09T01:34:29.102+0000] {processor.py:914} INFO - Processing file /home/airflow/.local/lib/python3.12/site-packages/airflow/example_dags/example_setup_teardown_taskflow.py for tasks to queue
[2024-12-09T01:34:29.105+0000] {logging_mixin.py:190} INFO - [2024-12-09T01:34:29.105+0000] {dagbag.py:588} INFO - Filling up the DagBag from /home/airflow/.local/lib/python3.12/site-packages/airflow/example_dags/example_setup_teardown_taskflow.py
[2024-12-09T01:34:29.117+0000] {processor.py:925} INFO - DAG(s) 'example_setup_teardown_taskflow' retrieved from /home/airflow/.local/lib/python3.12/site-packages/airflow/example_dags/example_setup_teardown_taskflow.py
[2024-12-09T01:34:29.140+0000] {logging_mixin.py:190} INFO - [2024-12-09T01:34:29.140+0000] {dag.py:3239} INFO - Sync 1 DAGs
[2024-12-09T01:34:29.154+0000] {logging_mixin.py:190} INFO - [2024-12-09T01:34:29.154+0000] {dag.py:4180} INFO - Setting next_dagrun for example_setup_teardown_taskflow to None, run_after=None
[2024-12-09T01:34:29.177+0000] {processor.py:208} INFO - Processing /home/airflow/.local/lib/python3.12/site-packages/airflow/example_dags/example_setup_teardown_taskflow.py took 0.171 seconds
