[2024-12-09T01:33:29.063+0000] {processor.py:186} INFO - Started process (PID=109) to work on /home/airflow/.local/lib/python3.12/site-packages/airflow/example_dags/example_branch_operator.py
[2024-12-09T01:33:29.066+0000] {processor.py:914} INFO - Processing file /home/airflow/.local/lib/python3.12/site-packages/airflow/example_dags/example_branch_operator.py for tasks to queue
[2024-12-09T01:33:29.073+0000] {logging_mixin.py:190} INFO - [2024-12-09T01:33:29.070+0000] {dagbag.py:588} INFO - Filling up the DagBag from /home/airflow/.local/lib/python3.12/site-packages/airflow/example_dags/example_branch_operator.py
[2024-12-09T01:33:29.128+0000] {processor.py:925} INFO - DAG(s) 'example_branch_operator' retrieved from /home/airflow/.local/lib/python3.12/site-packages/airflow/example_dags/example_branch_operator.py
[2024-12-09T01:33:29.344+0000] {logging_mixin.py:190} INFO - [2024-12-09T01:33:29.342+0000] {override.py:1911} INFO - Created Permission View: can edit on DAG:example_branch_operator
[2024-12-09T01:33:29.366+0000] {logging_mixin.py:190} INFO - [2024-12-09T01:33:29.365+0000] {override.py:1911} INFO - Created Permission View: can delete on DAG:example_branch_operator
[2024-12-09T01:33:29.381+0000] {logging_mixin.py:190} INFO - [2024-12-09T01:33:29.381+0000] {override.py:1911} INFO - Created Permission View: can read on DAG:example_branch_operator
[2024-12-09T01:33:29.396+0000] {logging_mixin.py:190} INFO - [2024-12-09T01:33:29.395+0000] {override.py:1911} INFO - Created Permission View: can delete on DAG Run:example_branch_operator
[2024-12-09T01:33:29.404+0000] {logging_mixin.py:190} INFO - [2024-12-09T01:33:29.404+0000] {override.py:1911} INFO - Created Permission View: menu access on DAG Run:example_branch_operator
[2024-12-09T01:33:29.419+0000] {logging_mixin.py:190} INFO - [2024-12-09T01:33:29.419+0000] {override.py:1911} INFO - Created Permission View: can create on DAG Run:example_branch_operator
[2024-12-09T01:33:29.435+0000] {logging_mixin.py:190} INFO - [2024-12-09T01:33:29.435+0000] {override.py:1911} INFO - Created Permission View: can read on DAG Run:example_branch_operator
[2024-12-09T01:33:29.436+0000] {logging_mixin.py:190} INFO - [2024-12-09T01:33:29.436+0000] {dag.py:3239} INFO - Sync 1 DAGs
[2024-12-09T01:33:29.468+0000] {logging_mixin.py:190} INFO - [2024-12-09T01:33:29.467+0000] {dag.py:3262} INFO - Creating ORM DAG for example_branch_operator
[2024-12-09T01:33:29.493+0000] {logging_mixin.py:190} INFO - [2024-12-09T01:33:29.492+0000] {dag.py:4180} INFO - Setting next_dagrun for example_branch_operator to 2024-12-08 00:00:00+00:00, run_after=2024-12-09 00:00:00+00:00
[2024-12-09T01:33:29.522+0000] {processor.py:208} INFO - Processing /home/airflow/.local/lib/python3.12/site-packages/airflow/example_dags/example_branch_operator.py took 0.472 seconds
[2024-12-09T01:34:00.183+0000] {processor.py:186} INFO - Started process (PID=172) to work on /home/airflow/.local/lib/python3.12/site-packages/airflow/example_dags/example_branch_operator.py
[2024-12-09T01:34:00.184+0000] {processor.py:914} INFO - Processing file /home/airflow/.local/lib/python3.12/site-packages/airflow/example_dags/example_branch_operator.py for tasks to queue
[2024-12-09T01:34:00.187+0000] {logging_mixin.py:190} INFO - [2024-12-09T01:34:00.187+0000] {dagbag.py:588} INFO - Filling up the DagBag from /home/airflow/.local/lib/python3.12/site-packages/airflow/example_dags/example_branch_operator.py
[2024-12-09T01:34:00.216+0000] {processor.py:925} INFO - DAG(s) 'example_branch_operator' retrieved from /home/airflow/.local/lib/python3.12/site-packages/airflow/example_dags/example_branch_operator.py
[2024-12-09T01:34:00.257+0000] {logging_mixin.py:190} INFO - [2024-12-09T01:34:00.257+0000] {dag.py:3239} INFO - Sync 1 DAGs
[2024-12-09T01:34:00.285+0000] {logging_mixin.py:190} INFO - [2024-12-09T01:34:00.285+0000] {dag.py:4180} INFO - Setting next_dagrun for example_branch_operator to 2024-12-08 00:00:00+00:00, run_after=2024-12-09 00:00:00+00:00
[2024-12-09T01:34:00.314+0000] {processor.py:208} INFO - Processing /home/airflow/.local/lib/python3.12/site-packages/airflow/example_dags/example_branch_operator.py took 0.138 seconds
[2024-12-09T01:34:31.227+0000] {processor.py:186} INFO - Started process (PID=235) to work on /home/airflow/.local/lib/python3.12/site-packages/airflow/example_dags/example_branch_operator.py
[2024-12-09T01:34:31.228+0000] {processor.py:914} INFO - Processing file /home/airflow/.local/lib/python3.12/site-packages/airflow/example_dags/example_branch_operator.py for tasks to queue
[2024-12-09T01:34:31.230+0000] {logging_mixin.py:190} INFO - [2024-12-09T01:34:31.230+0000] {dagbag.py:588} INFO - Filling up the DagBag from /home/airflow/.local/lib/python3.12/site-packages/airflow/example_dags/example_branch_operator.py
[2024-12-09T01:34:31.250+0000] {processor.py:925} INFO - DAG(s) 'example_branch_operator' retrieved from /home/airflow/.local/lib/python3.12/site-packages/airflow/example_dags/example_branch_operator.py
[2024-12-09T01:34:31.282+0000] {logging_mixin.py:190} INFO - [2024-12-09T01:34:31.281+0000] {dag.py:3239} INFO - Sync 1 DAGs
[2024-12-09T01:34:31.308+0000] {logging_mixin.py:190} INFO - [2024-12-09T01:34:31.308+0000] {dag.py:4180} INFO - Setting next_dagrun for example_branch_operator to 2024-12-08 00:00:00+00:00, run_after=2024-12-09 00:00:00+00:00
[2024-12-09T01:34:31.333+0000] {processor.py:208} INFO - Processing /home/airflow/.local/lib/python3.12/site-packages/airflow/example_dags/example_branch_operator.py took 0.113 seconds
