[2024-12-09T01:33:29.928+0000] {processor.py:186} INFO - Started process (PID=112) to work on /home/airflow/.local/lib/python3.12/site-packages/airflow/example_dags/example_branch_datetime_operator.py
[2024-12-09T01:33:29.930+0000] {processor.py:914} INFO - Processing file /home/airflow/.local/lib/python3.12/site-packages/airflow/example_dags/example_branch_datetime_operator.py for tasks to queue
[2024-12-09T01:33:29.933+0000] {logging_mixin.py:190} INFO - [2024-12-09T01:33:29.932+0000] {dagbag.py:588} INFO - Filling up the DagBag from /home/airflow/.local/lib/python3.12/site-packages/airflow/example_dags/example_branch_datetime_operator.py
[2024-12-09T01:33:29.953+0000] {processor.py:925} INFO - DAG(s) 'example_branch_datetime_operator_2', 'example_branch_datetime_operator', 'example_branch_datetime_operator_3' retrieved from /home/airflow/.local/lib/python3.12/site-packages/airflow/example_dags/example_branch_datetime_operator.py
[2024-12-09T01:33:30.081+0000] {logging_mixin.py:190} INFO - [2024-12-09T01:33:30.081+0000] {override.py:1911} INFO - Created Permission View: can edit on DAG:example_branch_datetime_operator_2
[2024-12-09T01:33:30.094+0000] {logging_mixin.py:190} INFO - [2024-12-09T01:33:30.093+0000] {override.py:1911} INFO - Created Permission View: can delete on DAG:example_branch_datetime_operator_2
[2024-12-09T01:33:30.103+0000] {logging_mixin.py:190} INFO - [2024-12-09T01:33:30.102+0000] {override.py:1911} INFO - Created Permission View: can read on DAG:example_branch_datetime_operator_2
[2024-12-09T01:33:30.114+0000] {logging_mixin.py:190} INFO - [2024-12-09T01:33:30.113+0000] {override.py:1911} INFO - Created Permission View: can delete on DAG Run:example_branch_datetime_operator_2
[2024-12-09T01:33:30.125+0000] {logging_mixin.py:190} INFO - [2024-12-09T01:33:30.124+0000] {override.py:1911} INFO - Created Permission View: menu access on DAG Run:example_branch_datetime_operator_2
[2024-12-09T01:33:30.134+0000] {logging_mixin.py:190} INFO - [2024-12-09T01:33:30.134+0000] {override.py:1911} INFO - Created Permission View: can create on DAG Run:example_branch_datetime_operator_2
[2024-12-09T01:33:30.145+0000] {logging_mixin.py:190} INFO - [2024-12-09T01:33:30.145+0000] {override.py:1911} INFO - Created Permission View: can read on DAG Run:example_branch_datetime_operator_2
[2024-12-09T01:33:30.168+0000] {logging_mixin.py:190} INFO - [2024-12-09T01:33:30.167+0000] {override.py:1911} INFO - Created Permission View: can edit on DAG:example_branch_datetime_operator
[2024-12-09T01:33:30.178+0000] {logging_mixin.py:190} INFO - [2024-12-09T01:33:30.178+0000] {override.py:1911} INFO - Created Permission View: can delete on DAG:example_branch_datetime_operator
[2024-12-09T01:33:30.188+0000] {logging_mixin.py:190} INFO - [2024-12-09T01:33:30.187+0000] {override.py:1911} INFO - Created Permission View: can read on DAG:example_branch_datetime_operator
[2024-12-09T01:33:30.205+0000] {logging_mixin.py:190} INFO - [2024-12-09T01:33:30.205+0000] {override.py:1911} INFO - Created Permission View: can delete on DAG Run:example_branch_datetime_operator
[2024-12-09T01:33:30.214+0000] {logging_mixin.py:190} INFO - [2024-12-09T01:33:30.214+0000] {override.py:1911} INFO - Created Permission View: menu access on DAG Run:example_branch_datetime_operator
[2024-12-09T01:33:30.228+0000] {logging_mixin.py:190} INFO - [2024-12-09T01:33:30.228+0000] {override.py:1911} INFO - Created Permission View: can create on DAG Run:example_branch_datetime_operator
[2024-12-09T01:33:30.237+0000] {logging_mixin.py:190} INFO - [2024-12-09T01:33:30.237+0000] {override.py:1911} INFO - Created Permission View: can read on DAG Run:example_branch_datetime_operator
[2024-12-09T01:33:30.253+0000] {logging_mixin.py:190} INFO - [2024-12-09T01:33:30.253+0000] {override.py:1911} INFO - Created Permission View: can edit on DAG:example_branch_datetime_operator_3
[2024-12-09T01:33:30.262+0000] {logging_mixin.py:190} INFO - [2024-12-09T01:33:30.262+0000] {override.py:1911} INFO - Created Permission View: can delete on DAG:example_branch_datetime_operator_3
[2024-12-09T01:33:30.272+0000] {logging_mixin.py:190} INFO - [2024-12-09T01:33:30.272+0000] {override.py:1911} INFO - Created Permission View: can read on DAG:example_branch_datetime_operator_3
[2024-12-09T01:33:30.283+0000] {logging_mixin.py:190} INFO - [2024-12-09T01:33:30.283+0000] {override.py:1911} INFO - Created Permission View: can delete on DAG Run:example_branch_datetime_operator_3
[2024-12-09T01:33:30.293+0000] {logging_mixin.py:190} INFO - [2024-12-09T01:33:30.292+0000] {override.py:1911} INFO - Created Permission View: menu access on DAG Run:example_branch_datetime_operator_3
[2024-12-09T01:33:30.303+0000] {logging_mixin.py:190} INFO - [2024-12-09T01:33:30.303+0000] {override.py:1911} INFO - Created Permission View: can create on DAG Run:example_branch_datetime_operator_3
[2024-12-09T01:33:30.312+0000] {logging_mixin.py:190} INFO - [2024-12-09T01:33:30.312+0000] {override.py:1911} INFO - Created Permission View: can read on DAG Run:example_branch_datetime_operator_3
[2024-12-09T01:33:30.313+0000] {logging_mixin.py:190} INFO - [2024-12-09T01:33:30.313+0000] {dag.py:3239} INFO - Sync 3 DAGs
[2024-12-09T01:33:30.334+0000] {logging_mixin.py:190} INFO - [2024-12-09T01:33:30.334+0000] {dag.py:3262} INFO - Creating ORM DAG for example_branch_datetime_operator_3
[2024-12-09T01:33:30.335+0000] {logging_mixin.py:190} INFO - [2024-12-09T01:33:30.335+0000] {dag.py:3262} INFO - Creating ORM DAG for example_branch_datetime_operator_2
[2024-12-09T01:33:30.336+0000] {logging_mixin.py:190} INFO - [2024-12-09T01:33:30.336+0000] {dag.py:3262} INFO - Creating ORM DAG for example_branch_datetime_operator
[2024-12-09T01:33:30.349+0000] {logging_mixin.py:190} INFO - [2024-12-09T01:33:30.349+0000] {dag.py:4180} INFO - Setting next_dagrun for example_branch_datetime_operator to 2024-12-08 00:00:00+00:00, run_after=2024-12-09 00:00:00+00:00
[2024-12-09T01:33:30.353+0000] {logging_mixin.py:190} INFO - [2024-12-09T01:33:30.352+0000] {dag.py:4180} INFO - Setting next_dagrun for example_branch_datetime_operator_2 to 2024-12-08 00:00:00+00:00, run_after=2024-12-09 00:00:00+00:00
[2024-12-09T01:33:30.355+0000] {logging_mixin.py:190} INFO - [2024-12-09T01:33:30.355+0000] {dag.py:4180} INFO - Setting next_dagrun for example_branch_datetime_operator_3 to 2024-12-08 00:00:00+00:00, run_after=2024-12-09 00:00:00+00:00
[2024-12-09T01:33:30.382+0000] {processor.py:208} INFO - Processing /home/airflow/.local/lib/python3.12/site-packages/airflow/example_dags/example_branch_datetime_operator.py took 0.461 seconds
[2024-12-09T01:34:00.594+0000] {processor.py:186} INFO - Started process (PID=175) to work on /home/airflow/.local/lib/python3.12/site-packages/airflow/example_dags/example_branch_datetime_operator.py
[2024-12-09T01:34:00.595+0000] {processor.py:914} INFO - Processing file /home/airflow/.local/lib/python3.12/site-packages/airflow/example_dags/example_branch_datetime_operator.py for tasks to queue
[2024-12-09T01:34:00.597+0000] {logging_mixin.py:190} INFO - [2024-12-09T01:34:00.597+0000] {dagbag.py:588} INFO - Filling up the DagBag from /home/airflow/.local/lib/python3.12/site-packages/airflow/example_dags/example_branch_datetime_operator.py
[2024-12-09T01:34:00.609+0000] {processor.py:925} INFO - DAG(s) 'example_branch_datetime_operator_2', 'example_branch_datetime_operator', 'example_branch_datetime_operator_3' retrieved from /home/airflow/.local/lib/python3.12/site-packages/airflow/example_dags/example_branch_datetime_operator.py
[2024-12-09T01:34:00.636+0000] {logging_mixin.py:190} INFO - [2024-12-09T01:34:00.636+0000] {dag.py:3239} INFO - Sync 3 DAGs
[2024-12-09T01:34:00.660+0000] {logging_mixin.py:190} INFO - [2024-12-09T01:34:00.660+0000] {dag.py:4180} INFO - Setting next_dagrun for example_branch_datetime_operator to 2024-12-08 00:00:00+00:00, run_after=2024-12-09 00:00:00+00:00
[2024-12-09T01:34:00.666+0000] {logging_mixin.py:190} INFO - [2024-12-09T01:34:00.666+0000] {dag.py:4180} INFO - Setting next_dagrun for example_branch_datetime_operator_2 to 2024-12-08 00:00:00+00:00, run_after=2024-12-09 00:00:00+00:00
[2024-12-09T01:34:00.669+0000] {logging_mixin.py:190} INFO - [2024-12-09T01:34:00.669+0000] {dag.py:4180} INFO - Setting next_dagrun for example_branch_datetime_operator_3 to 2024-12-08 00:00:00+00:00, run_after=2024-12-09 00:00:00+00:00
[2024-12-09T01:34:00.692+0000] {processor.py:208} INFO - Processing /home/airflow/.local/lib/python3.12/site-packages/airflow/example_dags/example_branch_datetime_operator.py took 0.104 seconds
[2024-12-09T01:34:31.617+0000] {processor.py:186} INFO - Started process (PID=238) to work on /home/airflow/.local/lib/python3.12/site-packages/airflow/example_dags/example_branch_datetime_operator.py
[2024-12-09T01:34:31.619+0000] {processor.py:914} INFO - Processing file /home/airflow/.local/lib/python3.12/site-packages/airflow/example_dags/example_branch_datetime_operator.py for tasks to queue
[2024-12-09T01:34:31.624+0000] {logging_mixin.py:190} INFO - [2024-12-09T01:34:31.623+0000] {dagbag.py:588} INFO - Filling up the DagBag from /home/airflow/.local/lib/python3.12/site-packages/airflow/example_dags/example_branch_datetime_operator.py
[2024-12-09T01:34:31.646+0000] {processor.py:925} INFO - DAG(s) 'example_branch_datetime_operator', 'example_branch_datetime_operator_2', 'example_branch_datetime_operator_3' retrieved from /home/airflow/.local/lib/python3.12/site-packages/airflow/example_dags/example_branch_datetime_operator.py
[2024-12-09T01:34:31.684+0000] {logging_mixin.py:190} INFO - [2024-12-09T01:34:31.684+0000] {dag.py:3239} INFO - Sync 3 DAGs
[2024-12-09T01:34:31.717+0000] {logging_mixin.py:190} INFO - [2024-12-09T01:34:31.717+0000] {dag.py:4180} INFO - Setting next_dagrun for example_branch_datetime_operator to 2024-12-08 00:00:00+00:00, run_after=2024-12-09 00:00:00+00:00
[2024-12-09T01:34:31.724+0000] {logging_mixin.py:190} INFO - [2024-12-09T01:34:31.723+0000] {dag.py:4180} INFO - Setting next_dagrun for example_branch_datetime_operator_2 to 2024-12-08 00:00:00+00:00, run_after=2024-12-09 00:00:00+00:00
[2024-12-09T01:34:31.728+0000] {logging_mixin.py:190} INFO - [2024-12-09T01:34:31.727+0000] {dag.py:4180} INFO - Setting next_dagrun for example_branch_datetime_operator_3 to 2024-12-08 00:00:00+00:00, run_after=2024-12-09 00:00:00+00:00
[2024-12-09T01:34:31.751+0000] {processor.py:208} INFO - Processing /home/airflow/.local/lib/python3.12/site-packages/airflow/example_dags/example_branch_datetime_operator.py took 0.142 seconds
