[2024-12-09T01:33:32.105+0000] {processor.py:186} INFO - Started process (PID=123) to work on /home/airflow/.local/lib/python3.12/site-packages/airflow/example_dags/example_dataset_alias_with_no_taskflow.py
[2024-12-09T01:33:32.108+0000] {processor.py:914} INFO - Processing file /home/airflow/.local/lib/python3.12/site-packages/airflow/example_dags/example_dataset_alias_with_no_taskflow.py for tasks to queue
[2024-12-09T01:33:32.113+0000] {logging_mixin.py:190} INFO - [2024-12-09T01:33:32.112+0000] {dagbag.py:588} INFO - Filling up the DagBag from /home/airflow/.local/lib/python3.12/site-packages/airflow/example_dags/example_dataset_alias_with_no_taskflow.py
[2024-12-09T01:33:32.968+0000] {processor.py:925} INFO - DAG(s) 'dataset_s3_bucket_producer_with_no_taskflow', 'dataset_s3_bucket_consumer_with_no_taskflow', 'dataset_alias_example_alias_consumer_with_no_taskflow', 'dataset_alias_example_alias_producer_with_no_taskflow' retrieved from /home/airflow/.local/lib/python3.12/site-packages/airflow/example_dags/example_dataset_alias_with_no_taskflow.py
[2024-12-09T01:33:33.130+0000] {logging_mixin.py:190} INFO - [2024-12-09T01:33:33.129+0000] {override.py:1911} INFO - Created Permission View: can edit on DAG:dataset_s3_bucket_producer_with_no_taskflow
[2024-12-09T01:33:33.202+0000] {logging_mixin.py:190} INFO - [2024-12-09T01:33:33.201+0000] {override.py:1911} INFO - Created Permission View: can delete on DAG:dataset_s3_bucket_producer_with_no_taskflow
[2024-12-09T01:33:33.240+0000] {logging_mixin.py:190} INFO - [2024-12-09T01:33:33.239+0000] {override.py:1911} INFO - Created Permission View: can read on DAG:dataset_s3_bucket_producer_with_no_taskflow
[2024-12-09T01:33:33.322+0000] {logging_mixin.py:190} INFO - [2024-12-09T01:33:33.321+0000] {override.py:1911} INFO - Created Permission View: can delete on DAG Run:dataset_s3_bucket_producer_with_no_taskflow
[2024-12-09T01:33:33.383+0000] {logging_mixin.py:190} INFO - [2024-12-09T01:33:33.382+0000] {override.py:1911} INFO - Created Permission View: menu access on DAG Run:dataset_s3_bucket_producer_with_no_taskflow
[2024-12-09T01:33:33.426+0000] {logging_mixin.py:190} INFO - [2024-12-09T01:33:33.426+0000] {override.py:1911} INFO - Created Permission View: can create on DAG Run:dataset_s3_bucket_producer_with_no_taskflow
[2024-12-09T01:33:33.459+0000] {logging_mixin.py:190} INFO - [2024-12-09T01:33:33.459+0000] {override.py:1911} INFO - Created Permission View: can read on DAG Run:dataset_s3_bucket_producer_with_no_taskflow
[2024-12-09T01:33:33.525+0000] {logging_mixin.py:190} INFO - [2024-12-09T01:33:33.524+0000] {override.py:1911} INFO - Created Permission View: can edit on DAG:dataset_s3_bucket_consumer_with_no_taskflow
[2024-12-09T01:33:33.573+0000] {logging_mixin.py:190} INFO - [2024-12-09T01:33:33.572+0000] {override.py:1911} INFO - Created Permission View: can delete on DAG:dataset_s3_bucket_consumer_with_no_taskflow
[2024-12-09T01:33:33.610+0000] {logging_mixin.py:190} INFO - [2024-12-09T01:33:33.609+0000] {override.py:1911} INFO - Created Permission View: can read on DAG:dataset_s3_bucket_consumer_with_no_taskflow
[2024-12-09T01:33:33.654+0000] {logging_mixin.py:190} INFO - [2024-12-09T01:33:33.654+0000] {override.py:1911} INFO - Created Permission View: can delete on DAG Run:dataset_s3_bucket_consumer_with_no_taskflow
[2024-12-09T01:33:33.670+0000] {logging_mixin.py:190} INFO - [2024-12-09T01:33:33.670+0000] {override.py:1911} INFO - Created Permission View: menu access on DAG Run:dataset_s3_bucket_consumer_with_no_taskflow
[2024-12-09T01:33:33.688+0000] {logging_mixin.py:190} INFO - [2024-12-09T01:33:33.688+0000] {override.py:1911} INFO - Created Permission View: can create on DAG Run:dataset_s3_bucket_consumer_with_no_taskflow
[2024-12-09T01:33:33.702+0000] {logging_mixin.py:190} INFO - [2024-12-09T01:33:33.702+0000] {override.py:1911} INFO - Created Permission View: can read on DAG Run:dataset_s3_bucket_consumer_with_no_taskflow
[2024-12-09T01:33:33.731+0000] {logging_mixin.py:190} INFO - [2024-12-09T01:33:33.731+0000] {override.py:1911} INFO - Created Permission View: can edit on DAG:dataset_alias_example_alias_consumer_with_no_taskflow
[2024-12-09T01:33:33.746+0000] {logging_mixin.py:190} INFO - [2024-12-09T01:33:33.745+0000] {override.py:1911} INFO - Created Permission View: can delete on DAG:dataset_alias_example_alias_consumer_with_no_taskflow
[2024-12-09T01:33:33.759+0000] {logging_mixin.py:190} INFO - [2024-12-09T01:33:33.758+0000] {override.py:1911} INFO - Created Permission View: can read on DAG:dataset_alias_example_alias_consumer_with_no_taskflow
[2024-12-09T01:33:33.777+0000] {logging_mixin.py:190} INFO - [2024-12-09T01:33:33.776+0000] {override.py:1911} INFO - Created Permission View: can delete on DAG Run:dataset_alias_example_alias_consumer_with_no_taskflow
[2024-12-09T01:33:33.793+0000] {logging_mixin.py:190} INFO - [2024-12-09T01:33:33.792+0000] {override.py:1911} INFO - Created Permission View: menu access on DAG Run:dataset_alias_example_alias_consumer_with_no_taskflow
[2024-12-09T01:33:33.809+0000] {logging_mixin.py:190} INFO - [2024-12-09T01:33:33.809+0000] {override.py:1911} INFO - Created Permission View: can create on DAG Run:dataset_alias_example_alias_consumer_with_no_taskflow
[2024-12-09T01:33:33.819+0000] {logging_mixin.py:190} INFO - [2024-12-09T01:33:33.818+0000] {override.py:1911} INFO - Created Permission View: can read on DAG Run:dataset_alias_example_alias_consumer_with_no_taskflow
[2024-12-09T01:33:33.844+0000] {logging_mixin.py:190} INFO - [2024-12-09T01:33:33.843+0000] {override.py:1911} INFO - Created Permission View: can edit on DAG:dataset_alias_example_alias_producer_with_no_taskflow
[2024-12-09T01:33:33.855+0000] {logging_mixin.py:190} INFO - [2024-12-09T01:33:33.855+0000] {override.py:1911} INFO - Created Permission View: can delete on DAG:dataset_alias_example_alias_producer_with_no_taskflow
[2024-12-09T01:33:33.872+0000] {logging_mixin.py:190} INFO - [2024-12-09T01:33:33.871+0000] {override.py:1911} INFO - Created Permission View: can read on DAG:dataset_alias_example_alias_producer_with_no_taskflow
[2024-12-09T01:33:33.891+0000] {logging_mixin.py:190} INFO - [2024-12-09T01:33:33.891+0000] {override.py:1911} INFO - Created Permission View: can delete on DAG Run:dataset_alias_example_alias_producer_with_no_taskflow
[2024-12-09T01:33:33.902+0000] {logging_mixin.py:190} INFO - [2024-12-09T01:33:33.902+0000] {override.py:1911} INFO - Created Permission View: menu access on DAG Run:dataset_alias_example_alias_producer_with_no_taskflow
[2024-12-09T01:33:33.919+0000] {logging_mixin.py:190} INFO - [2024-12-09T01:33:33.918+0000] {override.py:1911} INFO - Created Permission View: can create on DAG Run:dataset_alias_example_alias_producer_with_no_taskflow
[2024-12-09T01:33:33.938+0000] {logging_mixin.py:190} INFO - [2024-12-09T01:33:33.937+0000] {override.py:1911} INFO - Created Permission View: can read on DAG Run:dataset_alias_example_alias_producer_with_no_taskflow
[2024-12-09T01:33:33.939+0000] {logging_mixin.py:190} INFO - [2024-12-09T01:33:33.939+0000] {dag.py:3239} INFO - Sync 4 DAGs
[2024-12-09T01:33:33.968+0000] {logging_mixin.py:190} INFO - [2024-12-09T01:33:33.967+0000] {dag.py:3262} INFO - Creating ORM DAG for dataset_s3_bucket_consumer_with_no_taskflow
[2024-12-09T01:33:33.969+0000] {logging_mixin.py:190} INFO - [2024-12-09T01:33:33.969+0000] {dag.py:3262} INFO - Creating ORM DAG for dataset_s3_bucket_producer_with_no_taskflow
[2024-12-09T01:33:33.971+0000] {logging_mixin.py:190} INFO - [2024-12-09T01:33:33.970+0000] {dag.py:3262} INFO - Creating ORM DAG for dataset_alias_example_alias_producer_with_no_taskflow
[2024-12-09T01:33:33.973+0000] {logging_mixin.py:190} INFO - [2024-12-09T01:33:33.973+0000] {dag.py:3262} INFO - Creating ORM DAG for dataset_alias_example_alias_consumer_with_no_taskflow
[2024-12-09T01:33:33.992+0000] {logging_mixin.py:190} INFO - [2024-12-09T01:33:33.992+0000] {dag.py:4180} INFO - Setting next_dagrun for dataset_alias_example_alias_consumer_with_no_taskflow to None, run_after=None
[2024-12-09T01:33:33.994+0000] {logging_mixin.py:190} INFO - [2024-12-09T01:33:33.993+0000] {dag.py:4180} INFO - Setting next_dagrun for dataset_alias_example_alias_producer_with_no_taskflow to None, run_after=None
[2024-12-09T01:33:33.995+0000] {logging_mixin.py:190} INFO - [2024-12-09T01:33:33.995+0000] {dag.py:4180} INFO - Setting next_dagrun for dataset_s3_bucket_consumer_with_no_taskflow to None, run_after=None
[2024-12-09T01:33:33.997+0000] {logging_mixin.py:190} INFO - [2024-12-09T01:33:33.997+0000] {dag.py:4180} INFO - Setting next_dagrun for dataset_s3_bucket_producer_with_no_taskflow to None, run_after=None
[2024-12-09T01:33:34.069+0000] {processor.py:208} INFO - Processing /home/airflow/.local/lib/python3.12/site-packages/airflow/example_dags/example_dataset_alias_with_no_taskflow.py took 1.978 seconds
[2024-12-09T01:34:04.179+0000] {processor.py:186} INFO - Started process (PID=187) to work on /home/airflow/.local/lib/python3.12/site-packages/airflow/example_dags/example_dataset_alias_with_no_taskflow.py
[2024-12-09T01:34:04.274+0000] {processor.py:914} INFO - Processing file /home/airflow/.local/lib/python3.12/site-packages/airflow/example_dags/example_dataset_alias_with_no_taskflow.py for tasks to queue
[2024-12-09T01:34:04.279+0000] {logging_mixin.py:190} INFO - [2024-12-09T01:34:04.278+0000] {dagbag.py:588} INFO - Filling up the DagBag from /home/airflow/.local/lib/python3.12/site-packages/airflow/example_dags/example_dataset_alias_with_no_taskflow.py
[2024-12-09T01:34:04.947+0000] {processor.py:925} INFO - DAG(s) 'dataset_s3_bucket_consumer_with_no_taskflow', 'dataset_alias_example_alias_consumer_with_no_taskflow', 'dataset_alias_example_alias_producer_with_no_taskflow', 'dataset_s3_bucket_producer_with_no_taskflow' retrieved from /home/airflow/.local/lib/python3.12/site-packages/airflow/example_dags/example_dataset_alias_with_no_taskflow.py
[2024-12-09T01:34:04.966+0000] {logging_mixin.py:190} INFO - [2024-12-09T01:34:04.965+0000] {dag.py:3239} INFO - Sync 4 DAGs
[2024-12-09T01:34:04.986+0000] {logging_mixin.py:190} INFO - [2024-12-09T01:34:04.986+0000] {dag.py:4180} INFO - Setting next_dagrun for dataset_alias_example_alias_consumer_with_no_taskflow to None, run_after=None
[2024-12-09T01:34:04.989+0000] {logging_mixin.py:190} INFO - [2024-12-09T01:34:04.989+0000] {dag.py:4180} INFO - Setting next_dagrun for dataset_alias_example_alias_producer_with_no_taskflow to None, run_after=None
[2024-12-09T01:34:04.990+0000] {logging_mixin.py:190} INFO - [2024-12-09T01:34:04.990+0000] {dag.py:4180} INFO - Setting next_dagrun for dataset_s3_bucket_consumer_with_no_taskflow to None, run_after=None
[2024-12-09T01:34:04.992+0000] {logging_mixin.py:190} INFO - [2024-12-09T01:34:04.991+0000] {dag.py:4180} INFO - Setting next_dagrun for dataset_s3_bucket_producer_with_no_taskflow to None, run_after=None
[2024-12-09T01:34:05.019+0000] {processor.py:208} INFO - Processing /home/airflow/.local/lib/python3.12/site-packages/airflow/example_dags/example_dataset_alias_with_no_taskflow.py took 0.849 seconds
[2024-12-09T01:34:35.074+0000] {processor.py:186} INFO - Started process (PID=256) to work on /home/airflow/.local/lib/python3.12/site-packages/airflow/example_dags/example_dataset_alias_with_no_taskflow.py
[2024-12-09T01:34:35.075+0000] {processor.py:914} INFO - Processing file /home/airflow/.local/lib/python3.12/site-packages/airflow/example_dags/example_dataset_alias_with_no_taskflow.py for tasks to queue
[2024-12-09T01:34:35.077+0000] {logging_mixin.py:190} INFO - [2024-12-09T01:34:35.077+0000] {dagbag.py:588} INFO - Filling up the DagBag from /home/airflow/.local/lib/python3.12/site-packages/airflow/example_dags/example_dataset_alias_with_no_taskflow.py
[2024-12-09T01:34:35.742+0000] {processor.py:925} INFO - DAG(s) 'dataset_alias_example_alias_consumer_with_no_taskflow', 'dataset_s3_bucket_consumer_with_no_taskflow', 'dataset_alias_example_alias_producer_with_no_taskflow', 'dataset_s3_bucket_producer_with_no_taskflow' retrieved from /home/airflow/.local/lib/python3.12/site-packages/airflow/example_dags/example_dataset_alias_with_no_taskflow.py
[2024-12-09T01:34:35.771+0000] {logging_mixin.py:190} INFO - [2024-12-09T01:34:35.770+0000] {dag.py:3239} INFO - Sync 4 DAGs
[2024-12-09T01:34:35.793+0000] {logging_mixin.py:190} INFO - [2024-12-09T01:34:35.793+0000] {dag.py:4180} INFO - Setting next_dagrun for dataset_alias_example_alias_consumer_with_no_taskflow to None, run_after=None
[2024-12-09T01:34:35.797+0000] {logging_mixin.py:190} INFO - [2024-12-09T01:34:35.796+0000] {dag.py:4180} INFO - Setting next_dagrun for dataset_alias_example_alias_producer_with_no_taskflow to None, run_after=None
[2024-12-09T01:34:35.798+0000] {logging_mixin.py:190} INFO - [2024-12-09T01:34:35.798+0000] {dag.py:4180} INFO - Setting next_dagrun for dataset_s3_bucket_consumer_with_no_taskflow to None, run_after=None
[2024-12-09T01:34:35.800+0000] {logging_mixin.py:190} INFO - [2024-12-09T01:34:35.800+0000] {dag.py:4180} INFO - Setting next_dagrun for dataset_s3_bucket_producer_with_no_taskflow to None, run_after=None
[2024-12-09T01:34:35.826+0000] {processor.py:208} INFO - Processing /home/airflow/.local/lib/python3.12/site-packages/airflow/example_dags/example_dataset_alias_with_no_taskflow.py took 0.758 seconds
