[2024-12-09T01:33:20.940+0000] {processor.py:186} INFO - Started process (PID=82) to work on /home/airflow/.local/lib/python3.12/site-packages/airflow/example_dags/example_outlet_event_extra.py
[2024-12-09T01:33:20.941+0000] {processor.py:914} INFO - Processing file /home/airflow/.local/lib/python3.12/site-packages/airflow/example_dags/example_outlet_event_extra.py for tasks to queue
[2024-12-09T01:33:20.945+0000] {logging_mixin.py:190} INFO - [2024-12-09T01:33:20.944+0000] {dagbag.py:588} INFO - Filling up the DagBag from /home/airflow/.local/lib/python3.12/site-packages/airflow/example_dags/example_outlet_event_extra.py
[2024-12-09T01:33:22.193+0000] {processor.py:925} INFO - DAG(s) 'dataset_with_extra_from_classic_operator', 'dataset_with_extra_by_yield', 'dataset_with_extra_by_context' retrieved from /home/airflow/.local/lib/python3.12/site-packages/airflow/example_dags/example_outlet_event_extra.py
[2024-12-09T01:33:22.309+0000] {logging_mixin.py:190} INFO - [2024-12-09T01:33:22.309+0000] {override.py:1911} INFO - Created Permission View: can edit on DAG:dataset_with_extra_from_classic_operator
[2024-12-09T01:33:22.321+0000] {logging_mixin.py:190} INFO - [2024-12-09T01:33:22.321+0000] {override.py:1911} INFO - Created Permission View: can delete on DAG:dataset_with_extra_from_classic_operator
[2024-12-09T01:33:22.330+0000] {logging_mixin.py:190} INFO - [2024-12-09T01:33:22.330+0000] {override.py:1911} INFO - Created Permission View: can read on DAG:dataset_with_extra_from_classic_operator
[2024-12-09T01:33:22.340+0000] {logging_mixin.py:190} INFO - [2024-12-09T01:33:22.340+0000] {override.py:1911} INFO - Created Permission View: can delete on DAG Run:dataset_with_extra_from_classic_operator
[2024-12-09T01:33:22.350+0000] {logging_mixin.py:190} INFO - [2024-12-09T01:33:22.349+0000] {override.py:1911} INFO - Created Permission View: menu access on DAG Run:dataset_with_extra_from_classic_operator
[2024-12-09T01:33:22.361+0000] {logging_mixin.py:190} INFO - [2024-12-09T01:33:22.361+0000] {override.py:1911} INFO - Created Permission View: can create on DAG Run:dataset_with_extra_from_classic_operator
[2024-12-09T01:33:22.371+0000] {logging_mixin.py:190} INFO - [2024-12-09T01:33:22.370+0000] {override.py:1911} INFO - Created Permission View: can read on DAG Run:dataset_with_extra_from_classic_operator
[2024-12-09T01:33:22.389+0000] {logging_mixin.py:190} INFO - [2024-12-09T01:33:22.389+0000] {override.py:1911} INFO - Created Permission View: can edit on DAG:dataset_with_extra_by_yield
[2024-12-09T01:33:22.399+0000] {logging_mixin.py:190} INFO - [2024-12-09T01:33:22.398+0000] {override.py:1911} INFO - Created Permission View: can delete on DAG:dataset_with_extra_by_yield
[2024-12-09T01:33:22.409+0000] {logging_mixin.py:190} INFO - [2024-12-09T01:33:22.409+0000] {override.py:1911} INFO - Created Permission View: can read on DAG:dataset_with_extra_by_yield
[2024-12-09T01:33:22.422+0000] {logging_mixin.py:190} INFO - [2024-12-09T01:33:22.422+0000] {override.py:1911} INFO - Created Permission View: can delete on DAG Run:dataset_with_extra_by_yield
[2024-12-09T01:33:22.432+0000] {logging_mixin.py:190} INFO - [2024-12-09T01:33:22.431+0000] {override.py:1911} INFO - Created Permission View: menu access on DAG Run:dataset_with_extra_by_yield
[2024-12-09T01:33:22.441+0000] {logging_mixin.py:190} INFO - [2024-12-09T01:33:22.441+0000] {override.py:1911} INFO - Created Permission View: can create on DAG Run:dataset_with_extra_by_yield
[2024-12-09T01:33:22.451+0000] {logging_mixin.py:190} INFO - [2024-12-09T01:33:22.451+0000] {override.py:1911} INFO - Created Permission View: can read on DAG Run:dataset_with_extra_by_yield
[2024-12-09T01:33:22.469+0000] {logging_mixin.py:190} INFO - [2024-12-09T01:33:22.468+0000] {override.py:1911} INFO - Created Permission View: can edit on DAG:dataset_with_extra_by_context
[2024-12-09T01:33:22.482+0000] {logging_mixin.py:190} INFO - [2024-12-09T01:33:22.481+0000] {override.py:1911} INFO - Created Permission View: can delete on DAG:dataset_with_extra_by_context
[2024-12-09T01:33:22.490+0000] {logging_mixin.py:190} INFO - [2024-12-09T01:33:22.490+0000] {override.py:1911} INFO - Created Permission View: can read on DAG:dataset_with_extra_by_context
[2024-12-09T01:33:22.502+0000] {logging_mixin.py:190} INFO - [2024-12-09T01:33:22.502+0000] {override.py:1911} INFO - Created Permission View: can delete on DAG Run:dataset_with_extra_by_context
[2024-12-09T01:33:22.510+0000] {logging_mixin.py:190} INFO - [2024-12-09T01:33:22.510+0000] {override.py:1911} INFO - Created Permission View: menu access on DAG Run:dataset_with_extra_by_context
[2024-12-09T01:33:22.518+0000] {logging_mixin.py:190} INFO - [2024-12-09T01:33:22.518+0000] {override.py:1911} INFO - Created Permission View: can create on DAG Run:dataset_with_extra_by_context
[2024-12-09T01:33:22.526+0000] {logging_mixin.py:190} INFO - [2024-12-09T01:33:22.526+0000] {override.py:1911} INFO - Created Permission View: can read on DAG Run:dataset_with_extra_by_context
[2024-12-09T01:33:22.527+0000] {logging_mixin.py:190} INFO - [2024-12-09T01:33:22.527+0000] {dag.py:3239} INFO - Sync 3 DAGs
[2024-12-09T01:33:22.543+0000] {logging_mixin.py:190} INFO - [2024-12-09T01:33:22.542+0000] {dag.py:3262} INFO - Creating ORM DAG for dataset_with_extra_by_yield
[2024-12-09T01:33:22.544+0000] {logging_mixin.py:190} INFO - [2024-12-09T01:33:22.544+0000] {dag.py:3262} INFO - Creating ORM DAG for dataset_with_extra_by_context
[2024-12-09T01:33:22.546+0000] {logging_mixin.py:190} INFO - [2024-12-09T01:33:22.545+0000] {dag.py:3262} INFO - Creating ORM DAG for dataset_with_extra_from_classic_operator
[2024-12-09T01:33:22.559+0000] {logging_mixin.py:190} INFO - [2024-12-09T01:33:22.559+0000] {dag.py:4180} INFO - Setting next_dagrun for dataset_with_extra_by_context to 2024-12-08 00:00:00+00:00, run_after=2024-12-09 00:00:00+00:00
[2024-12-09T01:33:22.562+0000] {logging_mixin.py:190} INFO - [2024-12-09T01:33:22.562+0000] {dag.py:4180} INFO - Setting next_dagrun for dataset_with_extra_by_yield to 2024-12-08 00:00:00+00:00, run_after=2024-12-09 00:00:00+00:00
[2024-12-09T01:33:22.565+0000] {logging_mixin.py:190} INFO - [2024-12-09T01:33:22.565+0000] {dag.py:4180} INFO - Setting next_dagrun for dataset_with_extra_from_classic_operator to 2024-12-08 00:00:00+00:00, run_after=2024-12-09 00:00:00+00:00
[2024-12-09T01:33:22.599+0000] {processor.py:208} INFO - Processing /home/airflow/.local/lib/python3.12/site-packages/airflow/example_dags/example_outlet_event_extra.py took 1.666 seconds
[2024-12-09T01:33:52.771+0000] {processor.py:186} INFO - Started process (PID=144) to work on /home/airflow/.local/lib/python3.12/site-packages/airflow/example_dags/example_outlet_event_extra.py
[2024-12-09T01:33:52.772+0000] {processor.py:914} INFO - Processing file /home/airflow/.local/lib/python3.12/site-packages/airflow/example_dags/example_outlet_event_extra.py for tasks to queue
[2024-12-09T01:33:52.774+0000] {logging_mixin.py:190} INFO - [2024-12-09T01:33:52.774+0000] {dagbag.py:588} INFO - Filling up the DagBag from /home/airflow/.local/lib/python3.12/site-packages/airflow/example_dags/example_outlet_event_extra.py
[2024-12-09T01:33:53.404+0000] {processor.py:925} INFO - DAG(s) 'dataset_with_extra_by_yield', 'dataset_with_extra_by_context', 'dataset_with_extra_from_classic_operator' retrieved from /home/airflow/.local/lib/python3.12/site-packages/airflow/example_dags/example_outlet_event_extra.py
[2024-12-09T01:33:53.427+0000] {logging_mixin.py:190} INFO - [2024-12-09T01:33:53.427+0000] {dag.py:3239} INFO - Sync 3 DAGs
[2024-12-09T01:33:53.450+0000] {logging_mixin.py:190} INFO - [2024-12-09T01:33:53.450+0000] {dag.py:4180} INFO - Setting next_dagrun for dataset_with_extra_by_context to 2024-12-08 00:00:00+00:00, run_after=2024-12-09 00:00:00+00:00
[2024-12-09T01:33:53.455+0000] {logging_mixin.py:190} INFO - [2024-12-09T01:33:53.454+0000] {dag.py:4180} INFO - Setting next_dagrun for dataset_with_extra_by_yield to 2024-12-08 00:00:00+00:00, run_after=2024-12-09 00:00:00+00:00
[2024-12-09T01:33:53.457+0000] {logging_mixin.py:190} INFO - [2024-12-09T01:33:53.457+0000] {dag.py:4180} INFO - Setting next_dagrun for dataset_with_extra_from_classic_operator to 2024-12-08 00:00:00+00:00, run_after=2024-12-09 00:00:00+00:00
[2024-12-09T01:33:53.487+0000] {processor.py:208} INFO - Processing /home/airflow/.local/lib/python3.12/site-packages/airflow/example_dags/example_outlet_event_extra.py took 0.723 seconds
[2024-12-09T01:34:23.930+0000] {processor.py:186} INFO - Started process (PID=207) to work on /home/airflow/.local/lib/python3.12/site-packages/airflow/example_dags/example_outlet_event_extra.py
[2024-12-09T01:34:23.944+0000] {processor.py:914} INFO - Processing file /home/airflow/.local/lib/python3.12/site-packages/airflow/example_dags/example_outlet_event_extra.py for tasks to queue
[2024-12-09T01:34:23.947+0000] {logging_mixin.py:190} INFO - [2024-12-09T01:34:23.947+0000] {dagbag.py:588} INFO - Filling up the DagBag from /home/airflow/.local/lib/python3.12/site-packages/airflow/example_dags/example_outlet_event_extra.py
[2024-12-09T01:34:25.188+0000] {processor.py:925} INFO - DAG(s) 'dataset_with_extra_from_classic_operator', 'dataset_with_extra_by_yield', 'dataset_with_extra_by_context' retrieved from /home/airflow/.local/lib/python3.12/site-packages/airflow/example_dags/example_outlet_event_extra.py
[2024-12-09T01:34:25.248+0000] {logging_mixin.py:190} INFO - [2024-12-09T01:34:25.247+0000] {dag.py:3239} INFO - Sync 3 DAGs
[2024-12-09T01:34:25.296+0000] {logging_mixin.py:190} INFO - [2024-12-09T01:34:25.296+0000] {dag.py:4180} INFO - Setting next_dagrun for dataset_with_extra_by_context to 2024-12-08 00:00:00+00:00, run_after=2024-12-09 00:00:00+00:00
[2024-12-09T01:34:25.304+0000] {logging_mixin.py:190} INFO - [2024-12-09T01:34:25.303+0000] {dag.py:4180} INFO - Setting next_dagrun for dataset_with_extra_by_yield to 2024-12-08 00:00:00+00:00, run_after=2024-12-09 00:00:00+00:00
[2024-12-09T01:34:25.308+0000] {logging_mixin.py:190} INFO - [2024-12-09T01:34:25.308+0000] {dag.py:4180} INFO - Setting next_dagrun for dataset_with_extra_from_classic_operator to 2024-12-08 00:00:00+00:00, run_after=2024-12-09 00:00:00+00:00
[2024-12-09T01:34:25.343+0000] {processor.py:208} INFO - Processing /home/airflow/.local/lib/python3.12/site-packages/airflow/example_dags/example_outlet_event_extra.py took 1.418 seconds
[2024-12-09T01:34:55.784+0000] {processor.py:186} INFO - Started process (PID=274) to work on /home/airflow/.local/lib/python3.12/site-packages/airflow/example_dags/example_outlet_event_extra.py
[2024-12-09T01:34:55.786+0000] {processor.py:914} INFO - Processing file /home/airflow/.local/lib/python3.12/site-packages/airflow/example_dags/example_outlet_event_extra.py for tasks to queue
[2024-12-09T01:34:55.790+0000] {logging_mixin.py:190} INFO - [2024-12-09T01:34:55.789+0000] {dagbag.py:588} INFO - Filling up the DagBag from /home/airflow/.local/lib/python3.12/site-packages/airflow/example_dags/example_outlet_event_extra.py
[2024-12-09T01:35:26.527+0000] {processor.py:925} INFO - DAG(s) 'dataset_with_extra_from_classic_operator', 'dataset_with_extra_by_context', 'dataset_with_extra_by_yield' retrieved from /home/airflow/.local/lib/python3.12/site-packages/airflow/example_dags/example_outlet_event_extra.py
