[2024-12-09T01:33:23.195+0000] {processor.py:186} INFO - Started process (PID=85) to work on /home/airflow/.local/lib/python3.12/site-packages/airflow/example_dags/example_bash_decorator.py
[2024-12-09T01:33:23.196+0000] {processor.py:914} INFO - Processing file /home/airflow/.local/lib/python3.12/site-packages/airflow/example_dags/example_bash_decorator.py for tasks to queue
[2024-12-09T01:33:23.199+0000] {logging_mixin.py:190} INFO - [2024-12-09T01:33:23.199+0000] {dagbag.py:588} INFO - Filling up the DagBag from /home/airflow/.local/lib/python3.12/site-packages/airflow/example_dags/example_bash_decorator.py
[2024-12-09T01:33:23.230+0000] {processor.py:925} INFO - DAG(s) 'example_bash_decorator' retrieved from /home/airflow/.local/lib/python3.12/site-packages/airflow/example_dags/example_bash_decorator.py
[2024-12-09T01:33:23.344+0000] {logging_mixin.py:190} INFO - [2024-12-09T01:33:23.343+0000] {override.py:1911} INFO - Created Permission View: can edit on DAG:example_bash_decorator
[2024-12-09T01:33:23.359+0000] {logging_mixin.py:190} INFO - [2024-12-09T01:33:23.359+0000] {override.py:1911} INFO - Created Permission View: can delete on DAG:example_bash_decorator
[2024-12-09T01:33:23.368+0000] {logging_mixin.py:190} INFO - [2024-12-09T01:33:23.368+0000] {override.py:1911} INFO - Created Permission View: can read on DAG:example_bash_decorator
[2024-12-09T01:33:23.378+0000] {logging_mixin.py:190} INFO - [2024-12-09T01:33:23.378+0000] {override.py:1911} INFO - Created Permission View: can delete on DAG Run:example_bash_decorator
[2024-12-09T01:33:23.386+0000] {logging_mixin.py:190} INFO - [2024-12-09T01:33:23.386+0000] {override.py:1911} INFO - Created Permission View: menu access on DAG Run:example_bash_decorator
[2024-12-09T01:33:23.394+0000] {logging_mixin.py:190} INFO - [2024-12-09T01:33:23.394+0000] {override.py:1911} INFO - Created Permission View: can create on DAG Run:example_bash_decorator
[2024-12-09T01:33:23.402+0000] {logging_mixin.py:190} INFO - [2024-12-09T01:33:23.402+0000] {override.py:1911} INFO - Created Permission View: can read on DAG Run:example_bash_decorator
[2024-12-09T01:33:23.403+0000] {logging_mixin.py:190} INFO - [2024-12-09T01:33:23.403+0000] {dag.py:3239} INFO - Sync 1 DAGs
[2024-12-09T01:33:23.414+0000] {logging_mixin.py:190} INFO - [2024-12-09T01:33:23.414+0000] {dag.py:3262} INFO - Creating ORM DAG for example_bash_decorator
[2024-12-09T01:33:23.415+0000] {logging_mixin.py:190} INFO - [2024-12-09T01:33:23.415+0000] {dag.py:4180} INFO - Setting next_dagrun for example_bash_decorator to None, run_after=None
[2024-12-09T01:33:23.435+0000] {processor.py:208} INFO - Processing /home/airflow/.local/lib/python3.12/site-packages/airflow/example_dags/example_bash_decorator.py took 0.247 seconds
[2024-12-09T01:33:53.772+0000] {processor.py:186} INFO - Started process (PID=148) to work on /home/airflow/.local/lib/python3.12/site-packages/airflow/example_dags/example_bash_decorator.py
[2024-12-09T01:33:53.773+0000] {processor.py:914} INFO - Processing file /home/airflow/.local/lib/python3.12/site-packages/airflow/example_dags/example_bash_decorator.py for tasks to queue
[2024-12-09T01:33:53.776+0000] {logging_mixin.py:190} INFO - [2024-12-09T01:33:53.775+0000] {dagbag.py:588} INFO - Filling up the DagBag from /home/airflow/.local/lib/python3.12/site-packages/airflow/example_dags/example_bash_decorator.py
[2024-12-09T01:33:53.792+0000] {processor.py:925} INFO - DAG(s) 'example_bash_decorator' retrieved from /home/airflow/.local/lib/python3.12/site-packages/airflow/example_dags/example_bash_decorator.py
[2024-12-09T01:33:53.815+0000] {logging_mixin.py:190} INFO - [2024-12-09T01:33:53.815+0000] {dag.py:3239} INFO - Sync 1 DAGs
[2024-12-09T01:33:53.830+0000] {logging_mixin.py:190} INFO - [2024-12-09T01:33:53.830+0000] {dag.py:4180} INFO - Setting next_dagrun for example_bash_decorator to None, run_after=None
[2024-12-09T01:33:53.854+0000] {processor.py:208} INFO - Processing /home/airflow/.local/lib/python3.12/site-packages/airflow/example_dags/example_bash_decorator.py took 0.088 seconds
[2024-12-09T01:34:24.189+0000] {processor.py:186} INFO - Started process (PID=210) to work on /home/airflow/.local/lib/python3.12/site-packages/airflow/example_dags/example_bash_decorator.py
[2024-12-09T01:34:24.193+0000] {processor.py:914} INFO - Processing file /home/airflow/.local/lib/python3.12/site-packages/airflow/example_dags/example_bash_decorator.py for tasks to queue
[2024-12-09T01:34:24.195+0000] {logging_mixin.py:190} INFO - [2024-12-09T01:34:24.195+0000] {dagbag.py:588} INFO - Filling up the DagBag from /home/airflow/.local/lib/python3.12/site-packages/airflow/example_dags/example_bash_decorator.py
[2024-12-09T01:34:24.213+0000] {processor.py:925} INFO - DAG(s) 'example_bash_decorator' retrieved from /home/airflow/.local/lib/python3.12/site-packages/airflow/example_dags/example_bash_decorator.py
[2024-12-09T01:34:24.235+0000] {logging_mixin.py:190} INFO - [2024-12-09T01:34:24.235+0000] {dag.py:3239} INFO - Sync 1 DAGs
[2024-12-09T01:34:24.249+0000] {logging_mixin.py:190} INFO - [2024-12-09T01:34:24.248+0000] {dag.py:4180} INFO - Setting next_dagrun for example_bash_decorator to None, run_after=None
[2024-12-09T01:34:24.270+0000] {processor.py:208} INFO - Processing /home/airflow/.local/lib/python3.12/site-packages/airflow/example_dags/example_bash_decorator.py took 0.087 seconds
[2024-12-09T01:34:54.596+0000] {processor.py:186} INFO - Started process (PID=272) to work on /home/airflow/.local/lib/python3.12/site-packages/airflow/example_dags/example_bash_decorator.py
[2024-12-09T01:34:54.597+0000] {processor.py:914} INFO - Processing file /home/airflow/.local/lib/python3.12/site-packages/airflow/example_dags/example_bash_decorator.py for tasks to queue
[2024-12-09T01:34:54.601+0000] {logging_mixin.py:190} INFO - [2024-12-09T01:34:54.601+0000] {dagbag.py:588} INFO - Filling up the DagBag from /home/airflow/.local/lib/python3.12/site-packages/airflow/example_dags/example_bash_decorator.py
[2024-12-09T01:34:54.625+0000] {processor.py:925} INFO - DAG(s) 'example_bash_decorator' retrieved from /home/airflow/.local/lib/python3.12/site-packages/airflow/example_dags/example_bash_decorator.py
[2024-12-09T01:34:54.661+0000] {logging_mixin.py:190} INFO - [2024-12-09T01:34:54.661+0000] {dag.py:3239} INFO - Sync 1 DAGs
[2024-12-09T01:34:54.686+0000] {logging_mixin.py:190} INFO - [2024-12-09T01:34:54.686+0000] {dag.py:4180} INFO - Setting next_dagrun for example_bash_decorator to None, run_after=None
[2024-12-09T01:34:54.719+0000] {processor.py:208} INFO - Processing /home/airflow/.local/lib/python3.12/site-packages/airflow/example_dags/example_bash_decorator.py took 0.131 seconds
