[2024-12-09T01:33:23.539+0000] {processor.py:186} INFO - Started process (PID=88) to work on /home/airflow/.local/lib/python3.12/site-packages/airflow/example_dags/example_python_decorator.py
[2024-12-09T01:33:23.540+0000] {processor.py:914} INFO - Processing file /home/airflow/.local/lib/python3.12/site-packages/airflow/example_dags/example_python_decorator.py for tasks to queue
[2024-12-09T01:33:23.543+0000] {logging_mixin.py:190} INFO - [2024-12-09T01:33:23.543+0000] {dagbag.py:588} INFO - Filling up the DagBag from /home/airflow/.local/lib/python3.12/site-packages/airflow/example_dags/example_python_decorator.py
[2024-12-09T01:33:23.560+0000] {processor.py:925} INFO - DAG(s) 'example_python_decorator' retrieved from /home/airflow/.local/lib/python3.12/site-packages/airflow/example_dags/example_python_decorator.py
[2024-12-09T01:33:23.681+0000] {logging_mixin.py:190} INFO - [2024-12-09T01:33:23.681+0000] {override.py:1911} INFO - Created Permission View: can edit on DAG:example_python_decorator
[2024-12-09T01:33:23.694+0000] {logging_mixin.py:190} INFO - [2024-12-09T01:33:23.693+0000] {override.py:1911} INFO - Created Permission View: can delete on DAG:example_python_decorator
[2024-12-09T01:33:23.702+0000] {logging_mixin.py:190} INFO - [2024-12-09T01:33:23.702+0000] {override.py:1911} INFO - Created Permission View: can read on DAG:example_python_decorator
[2024-12-09T01:33:23.712+0000] {logging_mixin.py:190} INFO - [2024-12-09T01:33:23.711+0000] {override.py:1911} INFO - Created Permission View: can delete on DAG Run:example_python_decorator
[2024-12-09T01:33:23.723+0000] {logging_mixin.py:190} INFO - [2024-12-09T01:33:23.723+0000] {override.py:1911} INFO - Created Permission View: menu access on DAG Run:example_python_decorator
[2024-12-09T01:33:23.734+0000] {logging_mixin.py:190} INFO - [2024-12-09T01:33:23.734+0000] {override.py:1911} INFO - Created Permission View: can create on DAG Run:example_python_decorator
[2024-12-09T01:33:23.744+0000] {logging_mixin.py:190} INFO - [2024-12-09T01:33:23.743+0000] {override.py:1911} INFO - Created Permission View: can read on DAG Run:example_python_decorator
[2024-12-09T01:33:23.745+0000] {logging_mixin.py:190} INFO - [2024-12-09T01:33:23.745+0000] {dag.py:3239} INFO - Sync 1 DAGs
[2024-12-09T01:33:24.111+0000] {logging_mixin.py:190} INFO - [2024-12-09T01:33:24.111+0000] {dag.py:3262} INFO - Creating ORM DAG for example_python_decorator
[2024-12-09T01:33:24.112+0000] {logging_mixin.py:190} INFO - [2024-12-09T01:33:24.112+0000] {dag.py:4180} INFO - Setting next_dagrun for example_python_decorator to None, run_after=None
[2024-12-09T01:33:24.137+0000] {processor.py:208} INFO - Processing /home/airflow/.local/lib/python3.12/site-packages/airflow/example_dags/example_python_decorator.py took 0.262 seconds
[2024-12-09T01:33:54.385+0000] {processor.py:186} INFO - Started process (PID=151) to work on /home/airflow/.local/lib/python3.12/site-packages/airflow/example_dags/example_python_decorator.py
[2024-12-09T01:33:54.386+0000] {processor.py:914} INFO - Processing file /home/airflow/.local/lib/python3.12/site-packages/airflow/example_dags/example_python_decorator.py for tasks to queue
[2024-12-09T01:33:54.389+0000] {logging_mixin.py:190} INFO - [2024-12-09T01:33:54.389+0000] {dagbag.py:588} INFO - Filling up the DagBag from /home/airflow/.local/lib/python3.12/site-packages/airflow/example_dags/example_python_decorator.py
[2024-12-09T01:33:54.407+0000] {processor.py:925} INFO - DAG(s) 'example_python_decorator' retrieved from /home/airflow/.local/lib/python3.12/site-packages/airflow/example_dags/example_python_decorator.py
[2024-12-09T01:33:54.434+0000] {logging_mixin.py:190} INFO - [2024-12-09T01:33:54.434+0000] {dag.py:3239} INFO - Sync 1 DAGs
[2024-12-09T01:33:54.451+0000] {logging_mixin.py:190} INFO - [2024-12-09T01:33:54.451+0000] {dag.py:4180} INFO - Setting next_dagrun for example_python_decorator to None, run_after=None
[2024-12-09T01:33:54.478+0000] {processor.py:208} INFO - Processing /home/airflow/.local/lib/python3.12/site-packages/airflow/example_dags/example_python_decorator.py took 0.100 seconds
[2024-12-09T01:34:26.381+0000] {processor.py:186} INFO - Started process (PID=214) to work on /home/airflow/.local/lib/python3.12/site-packages/airflow/example_dags/example_python_decorator.py
[2024-12-09T01:34:26.393+0000] {processor.py:914} INFO - Processing file /home/airflow/.local/lib/python3.12/site-packages/airflow/example_dags/example_python_decorator.py for tasks to queue
[2024-12-09T01:34:26.396+0000] {logging_mixin.py:190} INFO - [2024-12-09T01:34:26.396+0000] {dagbag.py:588} INFO - Filling up the DagBag from /home/airflow/.local/lib/python3.12/site-packages/airflow/example_dags/example_python_decorator.py
[2024-12-09T01:34:26.422+0000] {processor.py:925} INFO - DAG(s) 'example_python_decorator' retrieved from /home/airflow/.local/lib/python3.12/site-packages/airflow/example_dags/example_python_decorator.py
[2024-12-09T01:34:26.448+0000] {logging_mixin.py:190} INFO - [2024-12-09T01:34:26.447+0000] {dag.py:3239} INFO - Sync 1 DAGs
[2024-12-09T01:34:26.465+0000] {logging_mixin.py:190} INFO - [2024-12-09T01:34:26.465+0000] {dag.py:4180} INFO - Setting next_dagrun for example_python_decorator to None, run_after=None
[2024-12-09T01:34:26.488+0000] {processor.py:208} INFO - Processing /home/airflow/.local/lib/python3.12/site-packages/airflow/example_dags/example_python_decorator.py took 0.116 seconds
[2024-12-09T01:36:00.985+0000] {processor.py:186} INFO - Started process (PID=277) to work on /home/airflow/.local/lib/python3.12/site-packages/airflow/example_dags/example_python_decorator.py
[2024-12-09T01:36:00.986+0000] {processor.py:914} INFO - Processing file /home/airflow/.local/lib/python3.12/site-packages/airflow/example_dags/example_python_decorator.py for tasks to queue
[2024-12-09T01:36:00.991+0000] {logging_mixin.py:190} INFO - [2024-12-09T01:36:00.990+0000] {dagbag.py:588} INFO - Filling up the DagBag from /home/airflow/.local/lib/python3.12/site-packages/airflow/example_dags/example_python_decorator.py
[2024-12-09T01:36:01.204+0000] {processor.py:925} INFO - DAG(s) 'example_python_decorator' retrieved from /home/airflow/.local/lib/python3.12/site-packages/airflow/example_dags/example_python_decorator.py
