[2024-12-09T01:33:24.700+0000] {processor.py:186} INFO - Started process (PID=89) to work on /home/airflow/.local/lib/python3.12/site-packages/airflow/example_dags/tutorial_taskflow_api_virtualenv.py
[2024-12-09T01:33:24.701+0000] {processor.py:914} INFO - Processing file /home/airflow/.local/lib/python3.12/site-packages/airflow/example_dags/tutorial_taskflow_api_virtualenv.py for tasks to queue
[2024-12-09T01:33:24.705+0000] {logging_mixin.py:190} INFO - [2024-12-09T01:33:24.704+0000] {dagbag.py:588} INFO - Filling up the DagBag from /home/airflow/.local/lib/python3.12/site-packages/airflow/example_dags/tutorial_taskflow_api_virtualenv.py
[2024-12-09T01:33:24.725+0000] {processor.py:925} INFO - DAG(s) 'tutorial_taskflow_api_virtualenv' retrieved from /home/airflow/.local/lib/python3.12/site-packages/airflow/example_dags/tutorial_taskflow_api_virtualenv.py
[2024-12-09T01:33:24.851+0000] {logging_mixin.py:190} INFO - [2024-12-09T01:33:24.850+0000] {override.py:1911} INFO - Created Permission View: can edit on DAG:tutorial_taskflow_api_virtualenv
[2024-12-09T01:33:24.861+0000] {logging_mixin.py:190} INFO - [2024-12-09T01:33:24.860+0000] {override.py:1911} INFO - Created Permission View: can delete on DAG:tutorial_taskflow_api_virtualenv
[2024-12-09T01:33:24.868+0000] {logging_mixin.py:190} INFO - [2024-12-09T01:33:24.867+0000] {override.py:1911} INFO - Created Permission View: can read on DAG:tutorial_taskflow_api_virtualenv
[2024-12-09T01:33:24.876+0000] {logging_mixin.py:190} INFO - [2024-12-09T01:33:24.875+0000] {override.py:1911} INFO - Created Permission View: can delete on DAG Run:tutorial_taskflow_api_virtualenv
[2024-12-09T01:33:24.883+0000] {logging_mixin.py:190} INFO - [2024-12-09T01:33:24.883+0000] {override.py:1911} INFO - Created Permission View: menu access on DAG Run:tutorial_taskflow_api_virtualenv
[2024-12-09T01:33:24.890+0000] {logging_mixin.py:190} INFO - [2024-12-09T01:33:24.890+0000] {override.py:1911} INFO - Created Permission View: can create on DAG Run:tutorial_taskflow_api_virtualenv
[2024-12-09T01:33:24.897+0000] {logging_mixin.py:190} INFO - [2024-12-09T01:33:24.897+0000] {override.py:1911} INFO - Created Permission View: can read on DAG Run:tutorial_taskflow_api_virtualenv
[2024-12-09T01:33:24.898+0000] {logging_mixin.py:190} INFO - [2024-12-09T01:33:24.898+0000] {dag.py:3239} INFO - Sync 1 DAGs
[2024-12-09T01:33:24.913+0000] {logging_mixin.py:190} INFO - [2024-12-09T01:33:24.913+0000] {dag.py:3262} INFO - Creating ORM DAG for tutorial_taskflow_api_virtualenv
[2024-12-09T01:33:24.914+0000] {logging_mixin.py:190} INFO - [2024-12-09T01:33:24.914+0000] {dag.py:4180} INFO - Setting next_dagrun for tutorial_taskflow_api_virtualenv to None, run_after=None
[2024-12-09T01:33:24.933+0000] {processor.py:208} INFO - Processing /home/airflow/.local/lib/python3.12/site-packages/airflow/example_dags/tutorial_taskflow_api_virtualenv.py took 0.241 seconds
[2024-12-09T01:33:56.329+0000] {processor.py:186} INFO - Started process (PID=152) to work on /home/airflow/.local/lib/python3.12/site-packages/airflow/example_dags/tutorial_taskflow_api_virtualenv.py
[2024-12-09T01:33:56.331+0000] {processor.py:914} INFO - Processing file /home/airflow/.local/lib/python3.12/site-packages/airflow/example_dags/tutorial_taskflow_api_virtualenv.py for tasks to queue
[2024-12-09T01:33:56.333+0000] {logging_mixin.py:190} INFO - [2024-12-09T01:33:56.333+0000] {dagbag.py:588} INFO - Filling up the DagBag from /home/airflow/.local/lib/python3.12/site-packages/airflow/example_dags/tutorial_taskflow_api_virtualenv.py
[2024-12-09T01:33:56.347+0000] {processor.py:925} INFO - DAG(s) 'tutorial_taskflow_api_virtualenv' retrieved from /home/airflow/.local/lib/python3.12/site-packages/airflow/example_dags/tutorial_taskflow_api_virtualenv.py
[2024-12-09T01:33:56.366+0000] {logging_mixin.py:190} INFO - [2024-12-09T01:33:56.366+0000] {dag.py:3239} INFO - Sync 1 DAGs
[2024-12-09T01:33:56.381+0000] {logging_mixin.py:190} INFO - [2024-12-09T01:33:56.381+0000] {dag.py:4180} INFO - Setting next_dagrun for tutorial_taskflow_api_virtualenv to None, run_after=None
[2024-12-09T01:33:56.411+0000] {processor.py:208} INFO - Processing /home/airflow/.local/lib/python3.12/site-packages/airflow/example_dags/tutorial_taskflow_api_virtualenv.py took 0.088 seconds
[2024-12-09T01:34:26.526+0000] {processor.py:186} INFO - Started process (PID=216) to work on /home/airflow/.local/lib/python3.12/site-packages/airflow/example_dags/tutorial_taskflow_api_virtualenv.py
[2024-12-09T01:34:26.528+0000] {processor.py:914} INFO - Processing file /home/airflow/.local/lib/python3.12/site-packages/airflow/example_dags/tutorial_taskflow_api_virtualenv.py for tasks to queue
[2024-12-09T01:34:26.531+0000] {logging_mixin.py:190} INFO - [2024-12-09T01:34:26.530+0000] {dagbag.py:588} INFO - Filling up the DagBag from /home/airflow/.local/lib/python3.12/site-packages/airflow/example_dags/tutorial_taskflow_api_virtualenv.py
[2024-12-09T01:34:26.549+0000] {processor.py:925} INFO - DAG(s) 'tutorial_taskflow_api_virtualenv' retrieved from /home/airflow/.local/lib/python3.12/site-packages/airflow/example_dags/tutorial_taskflow_api_virtualenv.py
[2024-12-09T01:34:26.572+0000] {logging_mixin.py:190} INFO - [2024-12-09T01:34:26.572+0000] {dag.py:3239} INFO - Sync 1 DAGs
[2024-12-09T01:34:26.587+0000] {logging_mixin.py:190} INFO - [2024-12-09T01:34:26.587+0000] {dag.py:4180} INFO - Setting next_dagrun for tutorial_taskflow_api_virtualenv to None, run_after=None
[2024-12-09T01:34:26.609+0000] {processor.py:208} INFO - Processing /home/airflow/.local/lib/python3.12/site-packages/airflow/example_dags/tutorial_taskflow_api_virtualenv.py took 0.091 seconds
