[2024-12-09T01:33:24.720+0000] {processor.py:186} INFO - Started process (PID=90) to work on /home/airflow/.local/lib/python3.12/site-packages/airflow/example_dags/tutorial_objectstorage.py
[2024-12-09T01:33:24.722+0000] {processor.py:914} INFO - Processing file /home/airflow/.local/lib/python3.12/site-packages/airflow/example_dags/tutorial_objectstorage.py for tasks to queue
[2024-12-09T01:33:24.725+0000] {logging_mixin.py:190} INFO - [2024-12-09T01:33:24.724+0000] {dagbag.py:588} INFO - Filling up the DagBag from /home/airflow/.local/lib/python3.12/site-packages/airflow/example_dags/tutorial_objectstorage.py
[2024-12-09T01:33:24.740+0000] {processor.py:925} INFO - DAG(s) 'tutorial_objectstorage' retrieved from /home/airflow/.local/lib/python3.12/site-packages/airflow/example_dags/tutorial_objectstorage.py
[2024-12-09T01:33:24.871+0000] {logging_mixin.py:190} INFO - [2024-12-09T01:33:24.870+0000] {override.py:1911} INFO - Created Permission View: can edit on DAG:tutorial_objectstorage
[2024-12-09T01:33:24.882+0000] {logging_mixin.py:190} INFO - [2024-12-09T01:33:24.881+0000] {override.py:1911} INFO - Created Permission View: can delete on DAG:tutorial_objectstorage
[2024-12-09T01:33:24.889+0000] {logging_mixin.py:190} INFO - [2024-12-09T01:33:24.889+0000] {override.py:1911} INFO - Created Permission View: can read on DAG:tutorial_objectstorage
[2024-12-09T01:33:24.899+0000] {logging_mixin.py:190} INFO - [2024-12-09T01:33:24.898+0000] {override.py:1911} INFO - Created Permission View: can delete on DAG Run:tutorial_objectstorage
[2024-12-09T01:33:24.908+0000] {logging_mixin.py:190} INFO - [2024-12-09T01:33:24.907+0000] {override.py:1911} INFO - Created Permission View: menu access on DAG Run:tutorial_objectstorage
[2024-12-09T01:33:24.916+0000] {logging_mixin.py:190} INFO - [2024-12-09T01:33:24.916+0000] {override.py:1911} INFO - Created Permission View: can create on DAG Run:tutorial_objectstorage
[2024-12-09T01:33:24.924+0000] {logging_mixin.py:190} INFO - [2024-12-09T01:33:24.924+0000] {override.py:1911} INFO - Created Permission View: can read on DAG Run:tutorial_objectstorage
[2024-12-09T01:33:24.925+0000] {logging_mixin.py:190} INFO - [2024-12-09T01:33:24.925+0000] {dag.py:3239} INFO - Sync 1 DAGs
[2024-12-09T01:33:24.938+0000] {logging_mixin.py:190} INFO - [2024-12-09T01:33:24.938+0000] {dag.py:3262} INFO - Creating ORM DAG for tutorial_objectstorage
[2024-12-09T01:33:24.939+0000] {logging_mixin.py:190} INFO - [2024-12-09T01:33:24.939+0000] {dag.py:4180} INFO - Setting next_dagrun for tutorial_objectstorage to None, run_after=None
[2024-12-09T01:33:24.958+0000] {processor.py:208} INFO - Processing /home/airflow/.local/lib/python3.12/site-packages/airflow/example_dags/tutorial_objectstorage.py took 0.247 seconds
[2024-12-09T01:33:56.329+0000] {processor.py:186} INFO - Started process (PID=153) to work on /home/airflow/.local/lib/python3.12/site-packages/airflow/example_dags/tutorial_objectstorage.py
[2024-12-09T01:33:56.331+0000] {processor.py:914} INFO - Processing file /home/airflow/.local/lib/python3.12/site-packages/airflow/example_dags/tutorial_objectstorage.py for tasks to queue
[2024-12-09T01:33:56.333+0000] {logging_mixin.py:190} INFO - [2024-12-09T01:33:56.333+0000] {dagbag.py:588} INFO - Filling up the DagBag from /home/airflow/.local/lib/python3.12/site-packages/airflow/example_dags/tutorial_objectstorage.py
[2024-12-09T01:33:56.343+0000] {processor.py:925} INFO - DAG(s) 'tutorial_objectstorage' retrieved from /home/airflow/.local/lib/python3.12/site-packages/airflow/example_dags/tutorial_objectstorage.py
[2024-12-09T01:33:56.363+0000] {logging_mixin.py:190} INFO - [2024-12-09T01:33:56.363+0000] {dag.py:3239} INFO - Sync 1 DAGs
[2024-12-09T01:33:56.378+0000] {logging_mixin.py:190} INFO - [2024-12-09T01:33:56.378+0000] {dag.py:4180} INFO - Setting next_dagrun for tutorial_objectstorage to None, run_after=None
[2024-12-09T01:33:56.407+0000] {processor.py:208} INFO - Processing /home/airflow/.local/lib/python3.12/site-packages/airflow/example_dags/tutorial_objectstorage.py took 0.084 seconds
[2024-12-09T01:34:26.447+0000] {processor.py:186} INFO - Started process (PID=215) to work on /home/airflow/.local/lib/python3.12/site-packages/airflow/example_dags/tutorial_objectstorage.py
[2024-12-09T01:34:26.448+0000] {processor.py:914} INFO - Processing file /home/airflow/.local/lib/python3.12/site-packages/airflow/example_dags/tutorial_objectstorage.py for tasks to queue
[2024-12-09T01:34:26.451+0000] {logging_mixin.py:190} INFO - [2024-12-09T01:34:26.451+0000] {dagbag.py:588} INFO - Filling up the DagBag from /home/airflow/.local/lib/python3.12/site-packages/airflow/example_dags/tutorial_objectstorage.py
[2024-12-09T01:34:26.463+0000] {processor.py:925} INFO - DAG(s) 'tutorial_objectstorage' retrieved from /home/airflow/.local/lib/python3.12/site-packages/airflow/example_dags/tutorial_objectstorage.py
[2024-12-09T01:34:26.483+0000] {logging_mixin.py:190} INFO - [2024-12-09T01:34:26.483+0000] {dag.py:3239} INFO - Sync 1 DAGs
[2024-12-09T01:34:26.499+0000] {logging_mixin.py:190} INFO - [2024-12-09T01:34:26.499+0000] {dag.py:4180} INFO - Setting next_dagrun for tutorial_objectstorage to None, run_after=None
[2024-12-09T01:34:26.527+0000] {processor.py:208} INFO - Processing /home/airflow/.local/lib/python3.12/site-packages/airflow/example_dags/tutorial_objectstorage.py took 0.088 seconds
