[2024-12-09T01:33:31.693+0000] {processor.py:186} INFO - Started process (PID=121) to work on /home/airflow/.local/lib/python3.12/site-packages/airflow/example_dags/tutorial_taskflow_templates.py
[2024-12-09T01:33:31.694+0000] {processor.py:914} INFO - Processing file /home/airflow/.local/lib/python3.12/site-packages/airflow/example_dags/tutorial_taskflow_templates.py for tasks to queue
[2024-12-09T01:33:31.697+0000] {logging_mixin.py:190} INFO - [2024-12-09T01:33:31.696+0000] {dagbag.py:588} INFO - Filling up the DagBag from /home/airflow/.local/lib/python3.12/site-packages/airflow/example_dags/tutorial_taskflow_templates.py
[2024-12-09T01:33:31.713+0000] {processor.py:925} INFO - DAG(s) 'tutorial_taskflow_templates' retrieved from /home/airflow/.local/lib/python3.12/site-packages/airflow/example_dags/tutorial_taskflow_templates.py
[2024-12-09T01:33:31.847+0000] {logging_mixin.py:190} INFO - [2024-12-09T01:33:31.846+0000] {override.py:1911} INFO - Created Permission View: can edit on DAG:tutorial_taskflow_templates
[2024-12-09T01:33:31.860+0000] {logging_mixin.py:190} INFO - [2024-12-09T01:33:31.859+0000] {override.py:1911} INFO - Created Permission View: can delete on DAG:tutorial_taskflow_templates
[2024-12-09T01:33:31.867+0000] {logging_mixin.py:190} INFO - [2024-12-09T01:33:31.867+0000] {override.py:1911} INFO - Created Permission View: can read on DAG:tutorial_taskflow_templates
[2024-12-09T01:33:31.878+0000] {logging_mixin.py:190} INFO - [2024-12-09T01:33:31.877+0000] {override.py:1911} INFO - Created Permission View: can delete on DAG Run:tutorial_taskflow_templates
[2024-12-09T01:33:31.886+0000] {logging_mixin.py:190} INFO - [2024-12-09T01:33:31.886+0000] {override.py:1911} INFO - Created Permission View: menu access on DAG Run:tutorial_taskflow_templates
[2024-12-09T01:33:31.901+0000] {logging_mixin.py:190} INFO - [2024-12-09T01:33:31.900+0000] {override.py:1911} INFO - Created Permission View: can create on DAG Run:tutorial_taskflow_templates
[2024-12-09T01:33:31.914+0000] {logging_mixin.py:190} INFO - [2024-12-09T01:33:31.913+0000] {override.py:1911} INFO - Created Permission View: can read on DAG Run:tutorial_taskflow_templates
[2024-12-09T01:33:31.915+0000] {logging_mixin.py:190} INFO - [2024-12-09T01:33:31.914+0000] {dag.py:3239} INFO - Sync 1 DAGs
[2024-12-09T01:33:31.936+0000] {logging_mixin.py:190} INFO - [2024-12-09T01:33:31.935+0000] {dag.py:3262} INFO - Creating ORM DAG for tutorial_taskflow_templates
[2024-12-09T01:33:31.953+0000] {logging_mixin.py:190} INFO - [2024-12-09T01:33:31.953+0000] {dag.py:4180} INFO - Setting next_dagrun for tutorial_taskflow_templates to 2024-12-08 00:00:00+00:00, run_after=2024-12-09 00:00:00+00:00
[2024-12-09T01:33:31.992+0000] {processor.py:208} INFO - Processing /home/airflow/.local/lib/python3.12/site-packages/airflow/example_dags/tutorial_taskflow_templates.py took 0.309 seconds
[2024-12-09T01:34:02.754+0000] {processor.py:186} INFO - Started process (PID=184) to work on /home/airflow/.local/lib/python3.12/site-packages/airflow/example_dags/tutorial_taskflow_templates.py
[2024-12-09T01:34:02.755+0000] {processor.py:914} INFO - Processing file /home/airflow/.local/lib/python3.12/site-packages/airflow/example_dags/tutorial_taskflow_templates.py for tasks to queue
[2024-12-09T01:34:02.759+0000] {logging_mixin.py:190} INFO - [2024-12-09T01:34:02.758+0000] {dagbag.py:588} INFO - Filling up the DagBag from /home/airflow/.local/lib/python3.12/site-packages/airflow/example_dags/tutorial_taskflow_templates.py
[2024-12-09T01:34:02.797+0000] {processor.py:925} INFO - DAG(s) 'tutorial_taskflow_templates' retrieved from /home/airflow/.local/lib/python3.12/site-packages/airflow/example_dags/tutorial_taskflow_templates.py
[2024-12-09T01:34:02.820+0000] {logging_mixin.py:190} INFO - [2024-12-09T01:34:02.819+0000] {dag.py:3239} INFO - Sync 1 DAGs
[2024-12-09T01:34:02.856+0000] {logging_mixin.py:190} INFO - [2024-12-09T01:34:02.856+0000] {dag.py:4180} INFO - Setting next_dagrun for tutorial_taskflow_templates to 2024-12-08 00:00:00+00:00, run_after=2024-12-09 00:00:00+00:00
[2024-12-09T01:34:02.890+0000] {processor.py:208} INFO - Processing /home/airflow/.local/lib/python3.12/site-packages/airflow/example_dags/tutorial_taskflow_templates.py took 0.145 seconds
[2024-12-09T01:34:33.423+0000] {processor.py:186} INFO - Started process (PID=247) to work on /home/airflow/.local/lib/python3.12/site-packages/airflow/example_dags/tutorial_taskflow_templates.py
[2024-12-09T01:34:33.424+0000] {processor.py:914} INFO - Processing file /home/airflow/.local/lib/python3.12/site-packages/airflow/example_dags/tutorial_taskflow_templates.py for tasks to queue
[2024-12-09T01:34:33.428+0000] {logging_mixin.py:190} INFO - [2024-12-09T01:34:33.427+0000] {dagbag.py:588} INFO - Filling up the DagBag from /home/airflow/.local/lib/python3.12/site-packages/airflow/example_dags/tutorial_taskflow_templates.py
[2024-12-09T01:34:33.446+0000] {processor.py:925} INFO - DAG(s) 'tutorial_taskflow_templates' retrieved from /home/airflow/.local/lib/python3.12/site-packages/airflow/example_dags/tutorial_taskflow_templates.py
[2024-12-09T01:34:33.468+0000] {logging_mixin.py:190} INFO - [2024-12-09T01:34:33.467+0000] {dag.py:3239} INFO - Sync 1 DAGs
[2024-12-09T01:34:33.516+0000] {logging_mixin.py:190} INFO - [2024-12-09T01:34:33.515+0000] {dag.py:4180} INFO - Setting next_dagrun for tutorial_taskflow_templates to 2024-12-08 00:00:00+00:00, run_after=2024-12-09 00:00:00+00:00
[2024-12-09T01:34:33.558+0000] {processor.py:208} INFO - Processing /home/airflow/.local/lib/python3.12/site-packages/airflow/example_dags/tutorial_taskflow_templates.py took 0.141 seconds
