[2025-01-16T05:15:56.754+0000] {processor.py:186} INFO - Started process (PID=80) to work on /home/airflow/.local/lib/python3.12/site-packages/airflow/example_dags/example_datasets.py
[2025-01-16T05:15:56.756+0000] {processor.py:914} INFO - Processing file /home/airflow/.local/lib/python3.12/site-packages/airflow/example_dags/example_datasets.py for tasks to queue
[2025-01-16T05:15:56.760+0000] {logging_mixin.py:190} INFO - [2025-01-16T05:15:56.759+0000] {dagbag.py:588} INFO - Filling up the DagBag from /home/airflow/.local/lib/python3.12/site-packages/airflow/example_dags/example_datasets.py
[2025-01-16T05:16:01.120+0000] {logging_mixin.py:190} INFO - [2025-01-16T05:16:01.120+0000] {process_utils.py:266} INFO - Waiting up to 5 seconds for processes to exit...
[2025-01-16T05:16:01.122+0000] {logging_mixin.py:190} WARNING - Exception ignored in: <function WeakKeyDictionary.__init__.<locals>.remove at 0x7fe3eb5d3a60>
[2025-01-16T05:16:01.123+0000] {logging_mixin.py:190} WARNING - Traceback (most recent call last):
[2025-01-16T05:16:01.123+0000] {logging_mixin.py:190} WARNING -   File "/usr/local/lib/python3.12/weakref.py", line 369, in remove
[2025-01-16T05:16:01.124+0000] {logging_mixin.py:190} WARNING -     def remove(k, selfref=ref(self)):
[2025-01-16T05:16:01.125+0000] {logging_mixin.py:190} WARNING -   File "/home/airflow/.local/lib/python3.12/site-packages/airflow/dag_processing/manager.py", line 466, in _exit_gracefully
[2025-01-16T05:16:01.126+0000] {logging_mixin.py:190} WARNING -     self.log.debug("Current Stacktrace is: %s", "\n".join(map(str, inspect.stack())))
[2025-01-16T05:16:01.126+0000] {logging_mixin.py:190} WARNING -                                                                    ^^^^^^^^^^^^^^^
[2025-01-16T05:16:01.127+0000] {logging_mixin.py:190} WARNING -   File "/usr/local/lib/python3.12/inspect.py", line 1777, in stack
[2025-01-16T05:16:01.129+0000] {logging_mixin.py:190} WARNING -     return getouterframes(sys._getframe(1), context)
[2025-01-16T05:16:01.129+0000] {logging_mixin.py:190} WARNING -            ^^^^^^^^^^^^^^^^^^^^^^^^^^^^^^^^^^^^^^^^^
[2025-01-16T05:16:01.130+0000] {logging_mixin.py:190} WARNING -   File "/usr/local/lib/python3.12/inspect.py", line 1752, in getouterframes
[2025-01-16T05:16:01.131+0000] {logging_mixin.py:190} WARNING -     traceback_info = getframeinfo(frame, context)
[2025-01-16T05:16:01.132+0000] {logging_mixin.py:190} WARNING -                      ^^^^^^^^^^^^^^^^^^^^^^^^^^^^
[2025-01-16T05:16:01.133+0000] {logging_mixin.py:190} WARNING -   File "/usr/local/lib/python3.12/inspect.py", line 1714, in getframeinfo
[2025-01-16T05:16:01.134+0000] {logging_mixin.py:190} WARNING -     lines, lnum = findsource(frame)
[2025-01-16T05:16:01.135+0000] {logging_mixin.py:190} WARNING -                   ^^^^^^^^^^^^^^^^^
[2025-01-16T05:16:01.136+0000] {logging_mixin.py:190} WARNING -   File "/usr/local/lib/python3.12/inspect.py", line 1090, in findsource
[2025-01-16T05:16:01.137+0000] {logging_mixin.py:190} WARNING -     module = getmodule(object, file)
[2025-01-16T05:16:01.138+0000] {logging_mixin.py:190} WARNING -              ^^^^^^^^^^^^^^^^^^^^^^^
[2025-01-16T05:16:01.139+0000] {logging_mixin.py:190} WARNING -   File "/usr/local/lib/python3.12/inspect.py", line 1013, in getmodule
[2025-01-16T05:16:01.140+0000] {logging_mixin.py:190} WARNING -     f = getabsfile(module)
[2025-01-16T05:16:01.144+0000] {logging_mixin.py:190} WARNING -         ^^^^^^^^^^^^^^^^^^
[2025-01-16T05:16:01.145+0000] {logging_mixin.py:190} WARNING -   File "/usr/local/lib/python3.12/inspect.py", line 982, in getabsfile
[2025-01-16T05:16:01.146+0000] {logging_mixin.py:190} WARNING -     _filename = getsourcefile(object) or getfile(object)
[2025-01-16T05:16:01.147+0000] {logging_mixin.py:190} WARNING -                 ^^^^^^^^^^^^^^^^^^^^^
[2025-01-16T05:16:01.147+0000] {logging_mixin.py:190} WARNING -   File "/usr/local/lib/python3.12/inspect.py", line 967, in getsourcefile
[2025-01-16T05:16:01.148+0000] {logging_mixin.py:190} WARNING -     if os.path.exists(filename):
[2025-01-16T05:16:01.149+0000] {logging_mixin.py:190} WARNING -        ^^^^^^^^^^^^^^^^^^^^^^^^
[2025-01-16T05:16:01.149+0000] {logging_mixin.py:190} WARNING -   File "<frozen genericpath>", line 19, in exists
[2025-01-16T05:16:01.150+0000] {logging_mixin.py:190} WARNING -   File "/home/airflow/.local/lib/python3.12/site-packages/airflow/dag_processing/manager.py", line 466, in _exit_gracefully
[2025-01-16T05:16:01.151+0000] {logging_mixin.py:190} WARNING -     self.log.debug("Current Stacktrace is: %s", "\n".join(map(str, inspect.stack())))
[2025-01-16T05:16:01.152+0000] {logging_mixin.py:190} WARNING -                                                                    ^^^^^^^^^^^^^^^
[2025-01-16T05:16:01.152+0000] {logging_mixin.py:190} WARNING -   File "/usr/local/lib/python3.12/inspect.py", line 1777, in stack
[2025-01-16T05:16:01.153+0000] {logging_mixin.py:190} WARNING -     return getouterframes(sys._getframe(1), context)
[2025-01-16T05:16:01.154+0000] {logging_mixin.py:190} WARNING -            ^^^^^^^^^^^^^^^^^^^^^^^^^^^^^^^^^^^^^^^^^
[2025-01-16T05:16:01.154+0000] {logging_mixin.py:190} WARNING -   File "/usr/local/lib/python3.12/inspect.py", line 1752, in getouterframes
[2025-01-16T05:16:01.155+0000] {logging_mixin.py:190} WARNING -     traceback_info = getframeinfo(frame, context)
[2025-01-16T05:16:01.156+0000] {logging_mixin.py:190} WARNING -                      ^^^^^^^^^^^^^^^^^^^^^^^^^^^^
[2025-01-16T05:16:01.157+0000] {logging_mixin.py:190} WARNING -   File "/usr/local/lib/python3.12/inspect.py", line 1714, in getframeinfo
[2025-01-16T05:16:01.158+0000] {logging_mixin.py:190} WARNING -     lines, lnum = findsource(frame)
[2025-01-16T05:16:01.159+0000] {logging_mixin.py:190} WARNING -                   ^^^^^^^^^^^^^^^^^
[2025-01-16T05:16:01.159+0000] {logging_mixin.py:190} WARNING -   File "/usr/local/lib/python3.12/inspect.py", line 1078, in findsource
[2025-01-16T05:16:01.160+0000] {logging_mixin.py:190} WARNING -     file = getsourcefile(object)
[2025-01-16T05:16:01.161+0000] {logging_mixin.py:190} WARNING -            ^^^^^^^^^^^^^^^^^^^^^
[2025-01-16T05:16:01.161+0000] {logging_mixin.py:190} WARNING -   File "/usr/local/lib/python3.12/inspect.py", line 970, in getsourcefile
[2025-01-16T05:16:01.162+0000] {logging_mixin.py:190} WARNING -     module = getmodule(object, filename)
[2025-01-16T05:16:01.162+0000] {logging_mixin.py:190} WARNING -              ^^^^^^^^^^^^^^^^^^^^^^^^^^^
[2025-01-16T05:16:01.163+0000] {logging_mixin.py:190} WARNING -   File "/usr/local/lib/python3.12/inspect.py", line 1007, in getmodule
[2025-01-16T05:16:01.164+0000] {logging_mixin.py:190} WARNING -     if ismodule(module) and hasattr(module, '__file__'):
[2025-01-16T05:16:01.164+0000] {logging_mixin.py:190} WARNING -                             ^^^^^^^^^^^^^^^^^^^^^^^^^^^
[2025-01-16T05:16:01.165+0000] {logging_mixin.py:190} WARNING -   File "/home/airflow/.local/lib/python3.12/site-packages/airflow/utils/deprecation_tools.py", line 46, in getattr_with_deprecation
[2025-01-16T05:16:01.165+0000] {logging_mixin.py:190} WARNING -     raise AttributeError(f"The module `{module!r}` has no attribute `{name!r}`")
[2025-01-16T05:16:01.166+0000] {logging_mixin.py:190} WARNING -                                                                      ^^^^^^^^
[2025-01-16T05:16:01.166+0000] {logging_mixin.py:190} WARNING -   File "/home/airflow/.local/lib/python3.12/site-packages/airflow/dag_processing/manager.py", line 470, in _exit_gracefully
[2025-01-16T05:16:01.167+0000] {logging_mixin.py:190} WARNING -     sys.exit(os.EX_OK)
[2025-01-16T05:16:01.168+0000] {logging_mixin.py:190} WARNING - SystemExit: 0
[2025-01-16T05:16:01.293+0000] {processor.py:925} INFO - DAG(s) 'dataset_consumes_1', 'dataset_produces_2', 'dataset_consumes_unknown_never_scheduled', 'conditional_dataset_and_time_based_timetable', 'dataset_produces_1', 'consume_1_or_both_2_and_3_with_dataset_expressions', 'dataset_consumes_1_never_scheduled', 'dataset_consumes_1_and_2', 'consume_1_or_2_with_dataset_expressions', 'consume_1_and_2_with_dataset_expressions' retrieved from /home/airflow/.local/lib/python3.12/site-packages/airflow/example_dags/example_datasets.py
[2025-01-16T05:16:01.372+0000] {logging_mixin.py:190} INFO - [2025-01-16T05:16:01.372+0000] {dag.py:3239} INFO - Sync 10 DAGs
[2025-01-16T05:16:01.406+0000] {logging_mixin.py:190} INFO - [2025-01-16T05:16:01.406+0000] {dag.py:4180} INFO - Setting next_dagrun for conditional_dataset_and_time_based_timetable to 2025-01-15 01:00:00+00:00, run_after=2025-01-15 01:00:00+00:00
[2025-01-16T05:16:01.410+0000] {logging_mixin.py:190} INFO - [2025-01-16T05:16:01.410+0000] {dag.py:4180} INFO - Setting next_dagrun for consume_1_and_2_with_dataset_expressions to None, run_after=None
[2025-01-16T05:16:01.412+0000] {logging_mixin.py:190} INFO - [2025-01-16T05:16:01.412+0000] {dag.py:4180} INFO - Setting next_dagrun for consume_1_or_2_with_dataset_expressions to None, run_after=None
[2025-01-16T05:16:01.414+0000] {logging_mixin.py:190} INFO - [2025-01-16T05:16:01.414+0000] {dag.py:4180} INFO - Setting next_dagrun for consume_1_or_both_2_and_3_with_dataset_expressions to None, run_after=None
[2025-01-16T05:16:01.416+0000] {logging_mixin.py:190} INFO - [2025-01-16T05:16:01.415+0000] {dag.py:4180} INFO - Setting next_dagrun for dataset_consumes_1 to None, run_after=None
[2025-01-16T05:16:01.418+0000] {logging_mixin.py:190} INFO - [2025-01-16T05:16:01.417+0000] {dag.py:4180} INFO - Setting next_dagrun for dataset_consumes_1_and_2 to None, run_after=None
[2025-01-16T05:16:01.420+0000] {logging_mixin.py:190} INFO - [2025-01-16T05:16:01.419+0000] {dag.py:4180} INFO - Setting next_dagrun for dataset_consumes_1_never_scheduled to None, run_after=None
[2025-01-16T05:16:01.422+0000] {logging_mixin.py:190} INFO - [2025-01-16T05:16:01.421+0000] {dag.py:4180} INFO - Setting next_dagrun for dataset_consumes_unknown_never_scheduled to None, run_after=None
[2025-01-16T05:16:01.425+0000] {logging_mixin.py:190} INFO - [2025-01-16T05:16:01.425+0000] {dag.py:4180} INFO - Setting next_dagrun for dataset_produces_1 to 2025-01-15 00:00:00+00:00, run_after=2025-01-16 00:00:00+00:00
[2025-01-16T05:16:01.427+0000] {logging_mixin.py:190} INFO - [2025-01-16T05:16:01.427+0000] {dag.py:4180} INFO - Setting next_dagrun for dataset_produces_2 to None, run_after=None
[2025-01-16T05:16:01.480+0000] {processor.py:208} INFO - Processing /home/airflow/.local/lib/python3.12/site-packages/airflow/example_dags/example_datasets.py took 4.745 seconds
